(base) idris@idris-ThinkPad-T14-Gen-1:~/final_ws/src/sentry_chassis_controller$ rosnode list
/dual_mode_chassis_controller
/forward_kinematics
/gazebo
/gazebo_gui
/joint_state_publisher
/map2base
/robot_state_publisher
/rosout
/rviz
/sentry_control_node
/spawner_wheel_pid
/velocity_command_relay
(base) idris@idris-ThinkPad-T14-Gen-1:~/final_ws/src/sentry_chassis_controller$ rostopic list
/clicked_point
/clock
/cmd_vel
/cmd_vel_angular
/cmd_vel_angular_direct
/cmd_vel_linear
/cmd_vel_linear_absolute
/cmd_vel_merged
/desired_wheel_states
/gazebo/link_states
/gazebo/model_states
/gazebo/parameter_descriptions
/gazebo/parameter_updates
/gazebo/performance_metrics
/gazebo/set_link_state
/gazebo/set_model_state
/initialpose
/joint_states
/move_base_simple/goal
/odom
/rosout
/rosout_agg
/tf
/tf_static
/wheel_pid_controller/parameter_descriptions
/wheel_pid_controller/parameter_updates
(base) idris@idris-ThinkPad-T14-Gen-1:~/final_ws/src/sentry_chassis_controller$ rosnode list | grep keyboard
