(base) idris@idris-ThinkPad-T14-Gen-1:~/final_ws$ /bin/bash -lc 'source /opt/ros/noetic/setup.bash && source /home/idris/final_ws/devel/setup.bash && roslaunch sentry_chassis_controller sentry_pid_test_fixed.launch'
... logging to /home/idris/.ros/log/938b9732-c82f-11f0-8314-b1cdc7d648bc/roslaunch-idris-ThinkPad-T14-Gen-1-76795.log
Checking log directory for disk usage. This may take a while.
Press Ctrl-C to interrupt
Done checking log file disk usage. Usage is <1GB.

started roslaunch server http://idris-ThinkPad-T14-Gen-1:43113/

SUMMARY
========

CLEAR PARAMETERS
 * /spawn_urdf/

PARAMETERS
 * /gazebo/enable_ros_network: True
 * /robot_description: <?xml version="1....
 * /robot_state_publisher/publish_frequency: 30.0
 * /rosdistro: noetic
 * /rosversion: 1.17.4
 * /use_sim_time: True
 * /wheel_pid_controller/pivot/antiwindup: 0.0
 * /wheel_pid_controller/pivot/d: 0.0
 * /wheel_pid_controller/pivot/i: 0.0
 * /wheel_pid_controller/pivot/i_clamp: 0.0
 * /wheel_pid_controller/pivot/p: 1.0
 * /wheel_pid_controller/type: sentry_chassis_co...
 * /wheel_pid_controller/wheel/antiwindup: 0.0
 * /wheel_pid_controller/wheel/d: 0.0
 * /wheel_pid_controller/wheel/i: 0.1
 * /wheel_pid_controller/wheel/i_clamp: 0.0
 * /wheel_pid_controller/wheel/p: 2.0
 * /wheel_pid_controller/wheel_base: 0.36
 * /wheel_pid_controller/wheel_names: ['wheel_fl', 'whe...
 * /wheel_pid_controller/wheel_track: 0.36
 * /wheel_pid_controller/wheels/pivot_fl/d: 0.0
 * /wheel_pid_controller/wheels/pivot_fl/i: 0.0
 * /wheel_pid_controller/wheels/pivot_fl/i_clamp: 0.0
 * /wheel_pid_controller/wheels/pivot_fl/output_max: 5.0
 * /wheel_pid_controller/wheels/pivot_fl/output_min: -5.0
 * /wheel_pid_controller/wheels/pivot_fl/p: 1.0
 * /wheel_pid_controller/wheels/pivot_fr/d: 0.0
 * /wheel_pid_controller/wheels/pivot_fr/i: 0.0
 * /wheel_pid_controller/wheels/pivot_fr/i_clamp: 0.0
 * /wheel_pid_controller/wheels/pivot_fr/output_max: 5.0
 * /wheel_pid_controller/wheels/pivot_fr/output_min: -5.0
 * /wheel_pid_controller/wheels/pivot_fr/p: 1.0
 * /wheel_pid_controller/wheels/pivot_rl/d: 0.0
 * /wheel_pid_controller/wheels/pivot_rl/i: 0.0
 * /wheel_pid_controller/wheels/pivot_rl/i_clamp: 0.0
 * /wheel_pid_controller/wheels/pivot_rl/output_max: 5.0
 * /wheel_pid_controller/wheels/pivot_rl/output_min: -5.0
 * /wheel_pid_controller/wheels/pivot_rl/p: 1.0
 * /wheel_pid_controller/wheels/pivot_rr/d: 0.0
 * /wheel_pid_controller/wheels/pivot_rr/i: 0.0
 * /wheel_pid_controller/wheels/pivot_rr/i_clamp: 0.0
 * /wheel_pid_controller/wheels/pivot_rr/output_max: 5.0
 * /wheel_pid_controller/wheels/pivot_rr/output_min: -5.0
 * /wheel_pid_controller/wheels/pivot_rr/p: 1.0
 * /wheel_pid_controller/wheels/wheel_fl/d: 0.0
 * /wheel_pid_controller/wheels/wheel_fl/i: 0.1
 * /wheel_pid_controller/wheels/wheel_fl/i_clamp: 0.5
 * /wheel_pid_controller/wheels/wheel_fl/output_max: 10.0
 * /wheel_pid_controller/wheels/wheel_fl/output_min: -10.0
 * /wheel_pid_controller/wheels/wheel_fl/p: 2.0
 * /wheel_pid_controller/wheels/wheel_fr/d: 0.0
 * /wheel_pid_controller/wheels/wheel_fr/i: 0.1
 * /wheel_pid_controller/wheels/wheel_fr/i_clamp: 0.5
 * /wheel_pid_controller/wheels/wheel_fr/output_max: 10.0
 * /wheel_pid_controller/wheels/wheel_fr/output_min: -10.0
 * /wheel_pid_controller/wheels/wheel_fr/p: 2.0
 * /wheel_pid_controller/wheels/wheel_rl/d: 0.0
 * /wheel_pid_controller/wheels/wheel_rl/i: 0.1
 * /wheel_pid_controller/wheels/wheel_rl/i_clamp: 0.5
 * /wheel_pid_controller/wheels/wheel_rl/output_max: 10.0
 * /wheel_pid_controller/wheels/wheel_rl/output_min: -10.0
 * /wheel_pid_controller/wheels/wheel_rl/p: 2.0
 * /wheel_pid_controller/wheels/wheel_rr/d: 0.0
 * /wheel_pid_controller/wheels/wheel_rr/i: 0.1
 * /wheel_pid_controller/wheels/wheel_rr/i_clamp: 0.5
 * /wheel_pid_controller/wheels/wheel_rr/output_max: 10.0
 * /wheel_pid_controller/wheels/wheel_rr/output_min: -10.0
 * /wheel_pid_controller/wheels/wheel_rr/p: 2.0

NODES
  /
    gazebo (gazebo_ros/gzserver)
    gazebo_gui (gazebo_ros/gzclient)
    joint_state_publisher (joint_state_publisher/joint_state_publisher)
    map2base (tf/static_transform_publisher)
    robot_state_publisher (robot_state_publisher/robot_state_publisher)
    rqt_gui (rqt_gui/rqt_gui)
    rqt_reconfigure (rqt_reconfigure/rqt_reconfigure)
    rviz (rviz/rviz)
    spawn_urdf (gazebo_ros/spawn_model)
    spawner_wheel_pid (controller_manager/spawner)

ROS_MASTER_URI=http://localhost:11311

process[gazebo-1]: started with pid [76876]
process[gazebo_gui-2]: started with pid [76881]
process[spawn_urdf-3]: started with pid [76886]
process[robot_state_publisher-4]: started with pid [76887]
process[joint_state_publisher-5]: started with pid [76888]
[WARN] [1763881083.319258212]: The root link base_link has an inertia specified in the URDF, but KDL does not support a root link with an inertia.  As a workaround, you can add an extra dummy link to your URDF.
process[map2base-6]: started with pid [76893]
process[rviz-7]: started with pid [76901]
process[spawner_wheel_pid-8]: started with pid [76904]
process[rqt_reconfigure-9]: started with pid [76907]
process[rqt_gui-10]: started with pid [76908]
Traceback (most recent call last):
  File "/opt/ros/noetic/lib/rqt_reconfigure/rqt_reconfigure", line 5, in <module>
    from rqt_reconfigure.__main__ import main
  File "/opt/ros/noetic/lib/python3/dist-packages/rqt_reconfigure/__main__.py", line 36, in <module>
    from rqt_reconfigure.param_plugin import ParamPlugin
  File "/opt/ros/noetic/lib/python3/dist-packages/rqt_reconfigure/param_plugin.py", line 35, in <module>
    from rqt_gui_py.plugin import Plugin
  File "/opt/ros/noetic/lib/python3/dist-packages/rqt_gui_py/plugin.py", line 33, in <module>
    from qt_gui.plugin import Plugin as Base
  File "/opt/ros/noetic/lib/python3/dist-packages/qt_gui/plugin.py", line 31, in <module>
    from python_qt_binding.QtCore import QObject
  File "/opt/ros/noetic/lib/python3/dist-packages/python_qt_binding/__init__.py", line 55, in <module>
    from .binding_helper import loadUi, QT_BINDING, QT_BINDING_MODULES, QT_BINDING_VERSION  # @UnusedImport
    ^^^^^^^^^^^^^^^^^^^^^^^^^^^^^^^^^^^^^^^^^^^^^^^^^^^^^^^^^^^^^^^^^^^^^^^^^^^^^^^^^^^^^^
  File "/opt/ros/noetic/lib/python3/dist-packages/python_qt_binding/binding_helper.py", line 274, in <module>
    _select_qt_binding(
    ~~~~~~~~~~~~~~~~~~^
        getattr(sys, 'SELECT_QT_BINDING', None),
        ^^^^^^^^^^^^^^^^^^^^^^^^^^^^^^^^^^^^^^^^
        getattr(sys, 'SELECT_QT_BINDING_ORDER', None),
        ^^^^^^^^^^^^^^^^^^^^^^^^^^^^^^^^^^^^^^^^^^^^^^
    )
    ^
  File "/opt/ros/noetic/lib/python3/dist-packages/python_qt_binding/binding_helper.py", line 118, in _select_qt_binding
    raise ImportError(
        "Could not find Qt binding (looked for: %s):\n%s" %
        (', '.join(["'%s'" % b for b in binding_order]), '\n'.join(error_msgs)))
ImportError: Could not find Qt binding (looked for: 'pyqt', 'pyside'):
  ImportError for 'pyqt': No module named 'PyQt5'
Traceback (most recent call last):
  File "/opt/ros/noetic/lib/python3/dist-packages/python_qt_binding/binding_helper.py", line 108, in _select_qt_binding
    QT_BINDING_VERSION = binding_loader(required_modules, optional_modules)
  File "/opt/ros/noetic/lib/python3/dist-packages/python_qt_binding/binding_helper.py", line 153, in _load_pyqt
    _named_import('PyQt5.%s' % module_name)
    ~~~~~~~~~~~~~^^^^^^^^^^^^^^^^^^^^^^^^^^
  File "/opt/ros/noetic/lib/python3/dist-packages/python_qt_binding/binding_helper.py", line 133, in _named_import
    module = builtins.__import__(name)
ModuleNotFoundError: No module named 'PyQt5'

  ImportError for 'pyside': No module named 'PySide2'
Traceback (most recent call last):
  File "/opt/ros/noetic/lib/python3/dist-packages/python_qt_binding/binding_helper.py", line 108, in _select_qt_binding
    QT_BINDING_VERSION = binding_loader(required_modules, optional_modules)
  File "/opt/ros/noetic/lib/python3/dist-packages/python_qt_binding/binding_helper.py", line 185, in _load_pyside
    _named_import('PySide2.%s' % module_name)
    ~~~~~~~~~~~~~^^^^^^^^^^^^^^^^^^^^^^^^^^^^
  File "/opt/ros/noetic/lib/python3/dist-packages/python_qt_binding/binding_helper.py", line 133, in _named_import
    module = builtins.__import__(name)
ModuleNotFoundError: No module named 'PySide2'

Gazebo multi-robot simulator, version 11.15.1
Copyright (C) 2012 Open Source Robotics Foundation.
Released under the Apache 2 License.
http://gazebosim.org


#     # ####### ####### ###  #####  #######
##    # #     #    #     #  #     # #
# #   # #     #    #     #  #       #
#  #  # #     #    #     #  #       #####
#   # # #     #    #     #  #       #
#    ## #     #    #     #  #     # #
#     # #######    #    ###  #####  #######

This version of Gazebo, now called Gazebo classic, reaches end-of-life
in January 2025. Users are highly encouraged to migrate to the new Gazebo
using our migration guides (https://gazebosim.org/docs/latest/gazebo_classic_migration/)


[Wrn] [GuiIface.cc:194] g/gui-plugin is really loading a SystemPlugin. To load a GUI plugin please use --gui-client-plugin 
Traceback (most recent call last):
  File "/opt/ros/noetic/lib/rqt_gui/rqt_gui", line 13, in <module>
    sys.exit(main.main())
             ~~~~~~~~~^^
  File "/opt/ros/noetic/lib/python3/dist-packages/rqt_gui/main.py", line 62, in main
    Main, self).main(argv, standalone=standalone,
                ~~~~^^^^^^^^^^^^^^^^^^^^^^^^^^^^^
                     plugin_argument_provider=plugin_argument_provider,
                     ^^^^^^^^^^^^^^^^^^^^^^^^^^^^^^^^^^^^^^^^^^^^^^^^^^
                     plugin_manager_settings_prefix=str(
                     ^^^^^^^^^^^^^^^^^^^^^^^^^^^^^^^^^^^
                        hash(os.environ['ROS_PACKAGE_PATH'])))
                        ^^^^^^^^^^^^^^^^^^^^^^^^^^^^^^^^^^^^^^
  File "/opt/ros/noetic/lib/python3/dist-packages/qt_gui/main.py", line 406, in main
    from python_qt_binding import QT_BINDING
  File "/opt/ros/noetic/lib/python3/dist-packages/python_qt_binding/__init__.py", line 55, in <module>
    from .binding_helper import loadUi, QT_BINDING, QT_BINDING_MODULES, QT_BINDING_VERSION  # @UnusedImport
    ^^^^^^^^^^^^^^^^^^^^^^^^^^^^^^^^^^^^^^^^^^^^^^^^^^^^^^^^^^^^^^^^^^^^^^^^^^^^^^^^^^^^^^
  File "/opt/ros/noetic/lib/python3/dist-packages/python_qt_binding/binding_helper.py", line 274, in <module>
    _select_qt_binding(
    ~~~~~~~~~~~~~~~~~~^
        getattr(sys, 'SELECT_QT_BINDING', None),
        ^^^^^^^^^^^^^^^^^^^^^^^^^^^^^^^^^^^^^^^^
        getattr(sys, 'SELECT_QT_BINDING_ORDER', None),
        ^^^^^^^^^^^^^^^^^^^^^^^^^^^^^^^^^^^^^^^^^^^^^^
    )
    ^
  File "/opt/ros/noetic/lib/python3/dist-packages/python_qt_binding/binding_helper.py", line 118, in _select_qt_binding
    raise ImportError(
        "Could not find Qt binding (looked for: %s):\n%s" %
        (', '.join(["'%s'" % b for b in binding_order]), '\n'.join(error_msgs)))
ImportError: Could not find Qt binding (looked for: 'pyqt', 'pyside'):
  ImportError for 'pyqt': No module named 'PyQt5'
Traceback (most recent call last):
  File "/opt/ros/noetic/lib/python3/dist-packages/python_qt_binding/binding_helper.py", line 108, in _select_qt_binding
    QT_BINDING_VERSION = binding_loader(required_modules, optional_modules)
  File "/opt/ros/noetic/lib/python3/dist-packages/python_qt_binding/binding_helper.py", line 153, in _load_pyqt
    _named_import('PyQt5.%s' % module_name)
    ~~~~~~~~~~~~~^^^^^^^^^^^^^^^^^^^^^^^^^^
  File "/opt/ros/noetic/lib/python3/dist-packages/python_qt_binding/binding_helper.py", line 133, in _named_import
    module = builtins.__import__(name)
ModuleNotFoundError: No module named 'PyQt5'

  ImportError for 'pyside': No module named 'PySide2'
Traceback (most recent call last):
  File "/opt/ros/noetic/lib/python3/dist-packages/python_qt_binding/binding_helper.py", line 108, in _select_qt_binding
    QT_BINDING_VERSION = binding_loader(required_modules, optional_modules)
  File "/opt/ros/noetic/lib/python3/dist-packages/python_qt_binding/binding_helper.py", line 185, in _load_pyside
    _named_import('PySide2.%s' % module_name)
    ~~~~~~~~~~~~~^^^^^^^^^^^^^^^^^^^^^^^^^^^^
  File "/opt/ros/noetic/lib/python3/dist-packages/python_qt_binding/binding_helper.py", line 133, in _named_import
    module = builtins.__import__(name)
ModuleNotFoundError: No module named 'PySide2'

/opt/ros/noetic/lib/python3/dist-packages/actionlib/goal_id_generator.py:46: SyntaxWarning: invalid escape sequence '\p'
  * \param name Unique name to prepend to the goal id. This will
/opt/ros/noetic/lib/python3/dist-packages/actionlib/goal_id_generator.py:56: SyntaxWarning: invalid escape sequence '\p'
  * \param name Set the name to prepend to the goal id. This will
[INFO] [1763881084.738475, 0.000000]: Controller Spawner: Waiting for service controller_manager/load_controller
[WARN] [1763881084.744978, 0.000000]: wait_for_service(/controller_manager/load_controller): failed to contact, will keep trying
[rqt_reconfigure-9] process has died [pid 76907, exit code 1, cmd /opt/ros/noetic/lib/rqt_reconfigure/rqt_reconfigure __name:=rqt_reconfigure __log:=/home/idris/.ros/log/938b9732-c82f-11f0-8314-b1cdc7d648bc/rqt_reconfigure-9.log].
log file: /home/idris/.ros/log/938b9732-c82f-11f0-8314-b1cdc7d648bc/rqt_reconfigure-9*.log
Gazebo multi-robot simulator, version 11.15.1
Copyright (C) 2012 Open Source Robotics Foundation.
Released under the Apache 2 License.
http://gazebosim.org


#     # ####### ####### ###  #####  #######
##    # #     #    #     #  #     # #
# #   # #     #    #     #  #       #
#  #  # #     #    #     #  #       #####
#   # # #     #    #     #  #       #
#    ## #     #    #     #  #     # #
#     # #######    #    ###  #####  #######

This version of Gazebo, now called Gazebo classic, reaches end-of-life
in January 2025. Users are highly encouraged to migrate to the new Gazebo
using our migration guides (https://gazebosim.org/docs/latest/gazebo_classic_migration/)


/opt/ros/noetic/lib/python3/dist-packages/tf/transformations.py:59: SyntaxWarning: invalid escape sequence '\*'
  numpy.dot(M, v) for shape (4, \*) "point of arrays", respectively
/opt/ros/noetic/lib/python3/dist-packages/tf/transformations.py:869: SyntaxWarning: invalid escape sequence '\*'
  v0 and v1 are shape (3, \*) or (4, \*) arrays of at least 3 vectors.
[rqt_gui-10] process has died [pid 76908, exit code 1, cmd /opt/ros/noetic/lib/rqt_gui/rqt_gui __name:=rqt_gui __log:=/home/idris/.ros/log/938b9732-c82f-11f0-8314-b1cdc7d648bc/rqt_gui-10.log].
log file: /home/idris/.ros/log/938b9732-c82f-11f0-8314-b1cdc7d648bc/rqt_gui-10*.log
[INFO] [1763881085.032996625]: Finished loading Gazebo ROS API Plugin.
[INFO] [1763881085.038212768]: waitForService: Service [/gazebo/set_physics_properties] has not been advertised, waiting...
[Msg] Waiting for master.
[Msg] Connected to gazebo master @ http://127.0.0.1:11345
[Msg] Publicized address: 192.168.1.122
[INFO] [1763881085.137444, 0.000000]: Loading model XML from ros parameter robot_description
[INFO] [1763881085.146204, 0.000000]: Waiting for service /gazebo/spawn_urdf_model
[INFO] [1763881085.309451520]: Finished loading Gazebo ROS API Plugin.
[INFO] [1763881085.310419178]: waitForService: Service [/gazebo_gui/set_physics_properties] has not been advertised, waiting...
[Msg] Waiting for master.
[Msg] Connected to gazebo master @ http://127.0.0.1:11345
[Msg] Publicized address: 192.168.1.122
[Msg] Loading world file [/usr/share/gazebo-11/worlds/empty.world]
[INFO] [1763881085.778971253]: waitForService: Service [/gazebo/set_physics_properties] is now available.
[INFO] [1763881085.847937986, 0.018000000]: Physics dynamic reconfigure ready.
[INFO] [1763881086.058479, 0.221000]: Calling service /gazebo/spawn_urdf_model
[INFO] [1763881086.254947, 0.315000]: Spawn status: SpawnModel: Successfully spawned entity
[INFO] [1763881086.257626, 0.315000]: Unpausing physics
[INFO] [1763881086.301024909, 0.315000000]: Loading gazebo_ros_control plugin
[INFO] [1763881086.301220176, 0.315000000]: Starting gazebo_ros_control plugin in namespace: /
[INFO] [1763881086.303297688, 0.315000000]: gazebo_ros_control plugin is waiting for model URDF in parameter [robot_description] on the ROS param server.
[INFO] [1763881086.436939769, 0.315000000]: Loaded gazebo_ros_control.
[INFO] [1763881086.556962, 0.433000]: wait_for_service(/controller_manager/load_controller): finally were able to contact [rosrpc://idris-ThinkPad-T14-Gen-1:59175]
[INFO] [1763881086.558461, 0.435000]: Controller Spawner: Waiting for service controller_manager/switch_controller
[INFO] [1763881086.561012, 0.437000]: Controller Spawner: Waiting for service controller_manager/unload_controller
[INFO] [1763881086.565847, 0.441000]: Loading controller: wheel_pid_controller
[INFO] [1763881086.603223401, 0.479000000]: WheelPidController: init pivot 'pivot_fl' p=1.000 i=0.000 d=0.000 i_clamp=0.000
[INFO] [1763881086.607728590, 0.484000000]: WheelPidController: init pivot 'pivot_fr' p=1.000 i=0.000 d=0.000 i_clamp=0.000
[INFO] [1763881086.611449828, 0.488000000]: WheelPidController: init pivot 'pivot_rl' p=1.000 i=0.000 d=0.000 i_clamp=0.000
[INFO] [1763881086.616987209, 0.493000000]: WheelPidController: init pivot 'pivot_rr' p=1.000 i=0.000 d=0.000 i_clamp=0.000
[INFO] [1763881086.620518036, 0.497000000]: WheelPidController: init wheel 'wheel_fl' p=2.000 i=0.100 d=0.000 i_clamp=0.500
[INFO] [1763881086.627151392, 0.504000000]: WheelPidController: init wheel 'wheel_fr' p=2.000 i=0.100 d=0.000 i_clamp=0.500
[INFO] [1763881086.630030199, 0.506000000]: WheelPidController: init wheel 'wheel_rl' p=2.000 i=0.100 d=0.000 i_clamp=0.500
[INFO] [1763881086.639988672, 0.516000000]: WheelPidController: init wheel 'wheel_rr' p=2.000 i=0.100 d=0.000 i_clamp=0.500
[INFO] [1763881086.712701146, 0.588000000]: WheelPidController: dynamic_reconfigure updated PID gains
[INFO] [1763881086.750191054, 0.625000000]: WheelPidController initialized
[INFO] [1763881086.753409, 0.628000]: Controller Spawner: Loaded controllers: wheel_pid_controller
[INFO] [1763881086.759058, 0.634000]: Started controllers: wheel_pid_controller
[spawn_urdf-3] process has finished cleanly
log file: /home/idris/.ros/log/938b9732-c82f-11f0-8314-b1cdc7d648bc/spawn_urdf-3*.log