[33m[WARN] [1763888844.303677167]: The root link base_link has an inertia specified in the URDF, but KDL does not support a root link with an inertia.  As a workaround, you can add an extra dummy link to your URDF.[0m
Gazebo multi-robot simulator, version 11.15.1
Copyright (C) 2012 Open Source Robotics Foundation.
Released under the Apache 2 License.
http://gazebosim.org

[1;33m
#     # ####### ####### ###  #####  #######
##    # #     #    #     #  #     # #
# #   # #     #    #     #  #       #
#  #  # #     #    #     #  #       #####
#   # # #     #    #     #  #       #
#    ## #     #    #     #  #     # #
#     # #######    #    ###  #####  #######

This version of Gazebo, now called Gazebo classic, reaches end-of-life
in January 2025. Users are highly encouraged to migrate to the new Gazebo
using our migration guides (https://gazebosim.org/docs/latest/gazebo_classic_migration/)


[0m[1;33m[Wrn] [GuiIface.cc:194] [0m[1;33mg/gui-plugin is really loading a SystemPlugin. [0m[1;33mTo load a GUI plugin please use --gui-client-plugin 
[0mGazebo multi-robot simulator, version 11.15.1
Copyright (C) 2012 Open Source Robotics Foundation.
Released under the Apache 2 License.
http://gazebosim.org

[1;33m
#     # ####### ####### ###  #####  #######
##    # #     #    #     #  #     # #
# #   # #     #    #     #  #       #
#  #  # #     #    #     #  #       #####
#   # # #     #    #     #  #       #
#    ## #     #    #     #  #     # #
#     # #######    #    ###  #####  #######

This version of Gazebo, now called Gazebo classic, reaches end-of-life
in January 2025. Users are highly encouraged to migrate to the new Gazebo
using our migration guides (https://gazebosim.org/docs/latest/gazebo_classic_migration/)


[0m[WARN] [1763888845.053577, 0.000000]: wait_for_service(/gazebo/spawn_urdf_model): failed to contact, will keep trying
[INFO] [1763888845.035889, 0.000000]: Loading model XML from ros parameter robot_description
[INFO] [1763888845.049028, 0.000000]: Waiting for service /gazebo/spawn_urdf_model
[INFO] [1763888846.568353, 0.204000]: wait_for_service(/gazebo/spawn_urdf_model): finally were able to contact [rosrpc://idris-ThinkPad-T14-Gen-1:39369]
[INFO] [1763888846.570483, 0.205000]: Calling service /gazebo/spawn_urdf_model
[INFO] [1763888846.817607, 0.281000]: Spawn status: SpawnModel: Successfully spawned entity
[INFO] [1763888846.819622, 0.281000]: Unpausing physics
[WARN] [1763888845.027501, 0.000000]: wait_for_service(/controller_manager/load_controller): failed to contact, will keep trying
[WARN] [1763888889.786641, 42.546000]: Controller Spawner error while taking down controllers: unable to connect to service: [Errno 104] Connection reset by peer
[INFO] [1763888845.018192, 0.000000]: Controller Spawner: Waiting for service controller_manager/load_controller
[INFO] [1763888847.148842, 0.400000]: wait_for_service(/controller_manager/load_controller): finally were able to contact [rosrpc://idris-ThinkPad-T14-Gen-1:39369]
[INFO] [1763888847.154265, 0.405000]: Controller Spawner: Waiting for service controller_manager/switch_controller
[INFO] [1763888847.159412, 0.410000]: Controller Spawner: Waiting for service controller_manager/unload_controller
[INFO] [1763888847.167708, 0.416000]: Loading controller: wheel_pid_controller
[INFO] [1763888847.331033, 0.578000]: Controller Spawner: Loaded controllers: wheel_pid_controller
[INFO] [1763888847.334585, 0.582000]: Started controllers: wheel_pid_controller
[INFO] [1763888889.769340, 42.546000]: Shutting down spawner. Stopping and unloading controllers...
[INFO] [1763888889.770863, 42.546000]: Stopping all controllers...
... logging to /home/idris/.ros/log/938b9732-c82f-11f0-8314-b1cdc7d648bc/roslaunch-idris-ThinkPad-T14-Gen-1-98284.log
Checking log directory for disk usage. This may take a while.
Press Ctrl-C to interrupt
Done checking log file disk usage. Usage is <1GB.
]2;/home/idris/final_ws/src/sentry_chassis_controller/launch/sentry_pid_test_fixed.launch
[1mstarted roslaunch server http://idris-ThinkPad-T14-Gen-1:43769/[0m

SUMMARY
========

CLEAR PARAMETERS
 * /spawn_urdf/

PARAMETERS
 * /gazebo/enable_ros_network: True
 * /robot_description: <?xml version="1....
 * /robot_state_publisher/publish_frequency: 30.0
 * /rosdistro: noetic
 * /rosversion: 1.17.4
 * /use_sim_time: True
 * /wheel_pid_controller/pivot/antiwindup: 0.0
 * /wheel_pid_controller/pivot/d: 0.0
 * /wheel_pid_controller/pivot/i: 0.0
 * /wheel_pid_controller/pivot/i_clamp: 0.0
 * /wheel_pid_controller/pivot/p: 1.0
 * /wheel_pid_controller/type: sentry_chassis_co...
 * /wheel_pid_controller/wheel/antiwindup: 0.0
 * /wheel_pid_controller/wheel/d: 0.0
 * /wheel_pid_controller/wheel/i: 0.1
 * /wheel_pid_controller/wheel/i_clamp: 0.0
 * /wheel_pid_controller/wheel/p: 2.0
 * /wheel_pid_controller/wheel_base: 0.36
 * /wheel_pid_controller/wheel_names: ['wheel_fl', 'whe...
 * /wheel_pid_controller/wheel_track: 0.36
 * /wheel_pid_controller/wheels/pivot_fl/d: 0.0
 * /wheel_pid_controller/wheels/pivot_fl/i: 0.0
 * /wheel_pid_controller/wheels/pivot_fl/i_clamp: 0.0
 * /wheel_pid_controller/wheels/pivot_fl/output_max: 5.0
 * /wheel_pid_controller/wheels/pivot_fl/output_min: -5.0
 * /wheel_pid_controller/wheels/pivot_fl/p: 1.0
 * /wheel_pid_controller/wheels/pivot_fr/d: 0.0
 * /wheel_pid_controller/wheels/pivot_fr/i: 0.0
 * /wheel_pid_controller/wheels/pivot_fr/i_clamp: 0.0
 * /wheel_pid_controller/wheels/pivot_fr/output_max: 5.0
 * /wheel_pid_controller/wheels/pivot_fr/output_min: -5.0
 * /wheel_pid_controller/wheels/pivot_fr/p: 1.0
 * /wheel_pid_controller/wheels/pivot_rl/d: 0.0
 * /wheel_pid_controller/wheels/pivot_rl/i: 0.0
 * /wheel_pid_controller/wheels/pivot_rl/i_clamp: 0.0
 * /wheel_pid_controller/wheels/pivot_rl/output_max: 5.0
 * /wheel_pid_controller/wheels/pivot_rl/output_min: -5.0
 * /wheel_pid_controller/wheels/pivot_rl/p: 1.0
 * /wheel_pid_controller/wheels/pivot_rr/d: 0.0
 * /wheel_pid_controller/wheels/pivot_rr/i: 0.0
 * /wheel_pid_controller/wheels/pivot_rr/i_clamp: 0.0
 * /wheel_pid_controller/wheels/pivot_rr/output_max: 5.0
 * /wheel_pid_controller/wheels/pivot_rr/output_min: -5.0
 * /wheel_pid_controller/wheels/pivot_rr/p: 1.0
 * /wheel_pid_controller/wheels/wheel_fl/d: 0.0
 * /wheel_pid_controller/wheels/wheel_fl/i: 0.1
 * /wheel_pid_controller/wheels/wheel_fl/i_clamp: 0.5
 * /wheel_pid_controller/wheels/wheel_fl/output_max: 10.0
 * /wheel_pid_controller/wheels/wheel_fl/output_min: -10.0
 * /wheel_pid_controller/wheels/wheel_fl/p: 2.0
 * /wheel_pid_controller/wheels/wheel_fr/d: 0.0
 * /wheel_pid_controller/wheels/wheel_fr/i: 0.1
 * /wheel_pid_controller/wheels/wheel_fr/i_clamp: 0.5
 * /wheel_pid_controller/wheels/wheel_fr/output_max: 10.0
 * /wheel_pid_controller/wheels/wheel_fr/output_min: -10.0
 * /wheel_pid_controller/wheels/wheel_fr/p: 2.0
 * /wheel_pid_controller/wheels/wheel_rl/d: 0.0
 * /wheel_pid_controller/wheels/wheel_rl/i: 0.1
 * /wheel_pid_controller/wheels/wheel_rl/i_clamp: 0.5
 * /wheel_pid_controller/wheels/wheel_rl/output_max: 10.0
 * /wheel_pid_controller/wheels/wheel_rl/output_min: -10.0
 * /wheel_pid_controller/wheels/wheel_rl/p: 2.0
 * /wheel_pid_controller/wheels/wheel_rr/d: 0.0
 * /wheel_pid_controller/wheels/wheel_rr/i: 0.1
 * /wheel_pid_controller/wheels/wheel_rr/i_clamp: 0.5
 * /wheel_pid_controller/wheels/wheel_rr/output_max: 10.0
 * /wheel_pid_controller/wheels/wheel_rr/output_min: -10.0
 * /wheel_pid_controller/wheels/wheel_rr/p: 2.0

NODES
  /
    gazebo (gazebo_ros/gzserver)
    gazebo_gui (gazebo_ros/gzclient)
    joint_state_publisher (joint_state_publisher/joint_state_publisher)
    map2base (tf/static_transform_publisher)
    robot_state_publisher (robot_state_publisher/robot_state_publisher)
    rqt_gui (rqt_gui/rqt_gui)
    rqt_reconfigure (rqt_reconfigure/rqt_reconfigure)
    rviz (rviz/rviz)
    spawn_urdf (gazebo_ros/spawn_model)
    spawner_wheel_pid (controller_manager/spawner)

[1mROS_MASTER_URI=http://localhost:11311[0m
]2;/home/idris/final_ws/src/sentry_chassis_controller/launch/sentry_pid_test_fixed.launch http://localhost:11311
[1mprocess[gazebo-1]: started with pid [98305][0m
[1mprocess[gazebo_gui-2]: started with pid [98310][0m
[1mprocess[spawn_urdf-3]: started with pid [98315][0m
[1mprocess[robot_state_publisher-4]: started with pid [98316][0m
[1mprocess[joint_state_publisher-5]: started with pid [98317][0m
[1mprocess[map2base-6]: started with pid [98322][0m
[1mprocess[rviz-7]: started with pid [98324][0m
[1mprocess[spawner_wheel_pid-8]: started with pid [98329][0m
[1mprocess[rqt_reconfigure-9]: started with pid [98332][0m
[1mprocess[rqt_gui-10]: started with pid [98333][0m
[1m[spawn_urdf-3] process has finished cleanly
log file: /home/idris/.ros/log/938b9732-c82f-11f0-8314-b1cdc7d648bc/spawn_urdf-3*.log[0m
[rqt_gui-10] killing on exit
[rqt_reconfigure-9] killing on exit
[spawner_wheel_pid-8] killing on exit
[rviz-7] killing on exit
[map2base-6] killing on exit
[robot_state_publisher-4] killing on exit
[gazebo_gui-2] killing on exit
[gazebo-1] killing on exit
[joint_state_publisher-5] killing on exit
shutting down processing monitor...
... shutting down processing monitor complete
[1mdone[0m
