(base) idris@idris-ThinkPad-T14-Gen-1:~/final_ws$ rosrun rqt_reconfigure rqt_reconfigure 
Traceback (most recent call last):
  File "/opt/ros/noetic/lib/rqt_reconfigure/rqt_reconfigure", line 5, in <module>
    from rqt_reconfigure.__main__ import main
  File "/opt/ros/noetic/lib/python3/dist-packages/rqt_reconfigure/__main__.py", line 36, in <module>
    from rqt_reconfigure.param_plugin import ParamPlugin
  File "/opt/ros/noetic/lib/python3/dist-packages/rqt_reconfigure/param_plugin.py", line 35, in <module>
    from rqt_gui_py.plugin import Plugin
  File "/opt/ros/noetic/lib/python3/dist-packages/rqt_gui_py/plugin.py", line 33, in <module>
    from qt_gui.plugin import Plugin as Base
  File "/opt/ros/noetic/lib/python3/dist-packages/qt_gui/plugin.py", line 31, in <module>
    from python_qt_binding.QtCore import QObject
  File "/opt/ros/noetic/lib/python3/dist-packages/python_qt_binding/__init__.py", line 55, in <module>
    from .binding_helper import loadUi, QT_BINDING, QT_BINDING_MODULES, QT_BINDING_VERSION  # @UnusedImport
    ^^^^^^^^^^^^^^^^^^^^^^^^^^^^^^^^^^^^^^^^^^^^^^^^^^^^^^^^^^^^^^^^^^^^^^^^^^^^^^^^^^^^^^
  File "/opt/ros/noetic/lib/python3/dist-packages/python_qt_binding/binding_helper.py", line 274, in <module>
    _select_qt_binding(
    ~~~~~~~~~~~~~~~~~~^
        getattr(sys, 'SELECT_QT_BINDING', None),
        ^^^^^^^^^^^^^^^^^^^^^^^^^^^^^^^^^^^^^^^^
        getattr(sys, 'SELECT_QT_BINDING_ORDER', None),
        ^^^^^^^^^^^^^^^^^^^^^^^^^^^^^^^^^^^^^^^^^^^^^^
    )
    ^
  File "/opt/ros/noetic/lib/python3/dist-packages/python_qt_binding/binding_helper.py", line 118, in _select_qt_binding
    raise ImportError(
        "Could not find Qt binding (looked for: %s):\n%s" %
        (', '.join(["'%s'" % b for b in binding_order]), '\n'.join(error_msgs)))
ImportError: Could not find Qt binding (looked for: 'pyqt', 'pyside'):
  ImportError for 'pyqt': No module named 'PyQt5'
Traceback (most recent call last):
  File "/opt/ros/noetic/lib/python3/dist-packages/python_qt_binding/binding_helper.py", line 108, in _select_qt_binding
    QT_BINDING_VERSION = binding_loader(required_modules, optional_modules)
  File "/opt/ros/noetic/lib/python3/dist-packages/python_qt_binding/binding_helper.py", line 153, in _load_pyqt
    _named_import('PyQt5.%s' % module_name)
    ~~~~~~~~~~~~~^^^^^^^^^^^^^^^^^^^^^^^^^^
  File "/opt/ros/noetic/lib/python3/dist-packages/python_qt_binding/binding_helper.py", line 133, in _named_import
    module = builtins.__import__(name)
ModuleNotFoundError: No module named 'PyQt5'

  ImportError for 'pyside': No module named 'PySide2'
Traceback (most recent call last):
  File "/opt/ros/noetic/lib/python3/dist-packages/python_qt_binding/binding_helper.py", line 108, in _select_qt_binding
    QT_BINDING_VERSION = binding_loader(required_modules, optional_modules)
  File "/opt/ros/noetic/lib/python3/dist-packages/python_qt_binding/binding_helper.py", line 185, in _load_pyside
    _named_import('PySide2.%s' % module_name)
    ~~~~~~~~~~~~~^^^^^^^^^^^^^^^^^^^^^^^^^^^^
  File "/opt/ros/noetic/lib/python3/dist-packages/python_qt_binding/binding_helper.py", line 133, in _named_import
    module = builtins.__import__(name)
ModuleNotFoundError: No module named 'PySide2'

(base) idris@idris-ThinkPad-T14-Gen-1:~/final_ws$ rosrun rqt_plot rqt_plot 
Traceback (most recent call last):
  File "/opt/ros/noetic/lib/rqt_plot/rqt_plot", line 6, in <module>
    from rqt_plot.plot import Plot
  File "/opt/ros/noetic/lib/python3/dist-packages/rqt_plot/plot.py", line 35, in <module>
    from python_qt_binding import QT_BINDING
  File "/opt/ros/noetic/lib/python3/dist-packages/python_qt_binding/__init__.py", line 55, in <module>
    from .binding_helper import loadUi, QT_BINDING, QT_BINDING_MODULES, QT_BINDING_VERSION  # @UnusedImport
    ^^^^^^^^^^^^^^^^^^^^^^^^^^^^^^^^^^^^^^^^^^^^^^^^^^^^^^^^^^^^^^^^^^^^^^^^^^^^^^^^^^^^^^
  File "/opt/ros/noetic/lib/python3/dist-packages/python_qt_binding/binding_helper.py", line 274, in <module>
    _select_qt_binding(
    ~~~~~~~~~~~~~~~~~~^
        getattr(sys, 'SELECT_QT_BINDING', None),
        ^^^^^^^^^^^^^^^^^^^^^^^^^^^^^^^^^^^^^^^^
        getattr(sys, 'SELECT_QT_BINDING_ORDER', None),
        ^^^^^^^^^^^^^^^^^^^^^^^^^^^^^^^^^^^^^^^^^^^^^^
    )
    ^
  File "/opt/ros/noetic/lib/python3/dist-packages/python_qt_binding/binding_helper.py", line 118, in _select_qt_binding
    raise ImportError(
        "Could not find Qt binding (looked for: %s):\n%s" %
        (', '.join(["'%s'" % b for b in binding_order]), '\n'.join(error_msgs)))
ImportError: Could not find Qt binding (looked for: 'pyqt', 'pyside'):
  ImportError for 'pyqt': No module named 'PyQt5'
Traceback (most recent call last):
  File "/opt/ros/noetic/lib/python3/dist-packages/python_qt_binding/binding_helper.py", line 108, in _select_qt_binding
    QT_BINDING_VERSION = binding_loader(required_modules, optional_modules)
  File "/opt/ros/noetic/lib/python3/dist-packages/python_qt_binding/binding_helper.py", line 153, in _load_pyqt
    _named_import('PyQt5.%s' % module_name)
    ~~~~~~~~~~~~~^^^^^^^^^^^^^^^^^^^^^^^^^^
  File "/opt/ros/noetic/lib/python3/dist-packages/python_qt_binding/binding_helper.py", line 133, in _named_import
    module = builtins.__import__(name)
ModuleNotFoundError: No module named 'PyQt5'

  ImportError for 'pyside': No module named 'PySide2'
Traceback (most recent call last):
  File "/opt/ros/noetic/lib/python3/dist-packages/python_qt_binding/binding_helper.py", line 108, in _select_qt_binding
    QT_BINDING_VERSION = binding_loader(required_modules, optional_modules)
  File "/opt/ros/noetic/lib/python3/dist-packages/python_qt_binding/binding_helper.py", line 185, in _load_pyside
    _named_import('PySide2.%s' % module_name)
    ~~~~~~~~~~~~~^^^^^^^^^^^^^^^^^^^^^^^^^^^^
  File "/opt/ros/noetic/lib/python3/dist-packages/python_qt_binding/binding_helper.py", line 133, in _named_import
    module = builtins.__import__(name)
ModuleNotFoundError: No module named 'PySide2'
