[33m[WARN] [1764592960.211663979]: The root link base_link has an inertia specified in the URDF, but KDL does not support a root link with an inertia.  As a workaround, you can add an extra dummy link to your URDF.[0m
Traceback (most recent call last):
  File "/opt/ros/noetic/lib/rqt_gui/rqt_gui", line 13, in <module>
    sys.exit(main.main())
             ~~~~~~~~~^^
  File "/opt/ros/noetic/lib/python3/dist-packages/rqt_gui/main.py", line 62, in main
    Main, self).main(argv, standalone=standalone,
                ~~~~^^^^^^^^^^^^^^^^^^^^^^^^^^^^^
                     plugin_argument_provider=plugin_argument_provider,
                     ^^^^^^^^^^^^^^^^^^^^^^^^^^^^^^^^^^^^^^^^^^^^^^^^^^
                     plugin_manager_settings_prefix=str(
                     ^^^^^^^^^^^^^^^^^^^^^^^^^^^^^^^^^^^
                        hash(os.environ['ROS_PACKAGE_PATH'])))
                        ^^^^^^^^^^^^^^^^^^^^^^^^^^^^^^^^^^^^^^
  File "/opt/ros/noetic/lib/python3/dist-packages/qt_gui/main.py", line 406, in main
    from python_qt_binding import QT_BINDING
  File "/opt/ros/noetic/lib/python3/dist-packages/python_qt_binding/__init__.py", line 55, in <module>
    from .binding_helper import loadUi, QT_BINDING, QT_BINDING_MODULES, QT_BINDING_VERSION  # @UnusedImport
    ^^^^^^^^^^^^^^^^^^^^^^^^^^^^^^^^^^^^^^^^^^^^^^^^^^^^^^^^^^^^^^^^^^^^^^^^^^^^^^^^^^^^^^
  File "/opt/ros/noetic/lib/python3/dist-packages/python_qt_binding/binding_helper.py", line 274, in <module>
    _select_qt_binding(
    ~~~~~~~~~~~~~~~~~~^
        getattr(sys, 'SELECT_QT_BINDING', None),
        ^^^^^^^^^^^^^^^^^^^^^^^^^^^^^^^^^^^^^^^^
        getattr(sys, 'SELECT_QT_BINDING_ORDER', None),
        ^^^^^^^^^^^^^^^^^^^^^^^^^^^^^^^^^^^^^^^^^^^^^^
    )
    ^
  File "/opt/ros/noetic/lib/python3/dist-packages/python_qt_binding/binding_helper.py", line 118, in _select_qt_binding
    raise ImportError(
        "Could not find Qt binding (looked for: %s):\n%s" %
        (', '.join(["'%s'" % b for b in binding_order]), '\n'.join(error_msgs)))
ImportError: Could not find Qt binding (looked for: 'pyqt', 'pyside'):
  ImportError for 'pyqt': No module named 'PyQt5'
Traceback (most recent call last):
  File "/opt/ros/noetic/lib/python3/dist-packages/python_qt_binding/binding_helper.py", line 108, in _select_qt_binding
    QT_BINDING_VERSION = binding_loader(required_modules, optional_modules)
  File "/opt/ros/noetic/lib/python3/dist-packages/python_qt_binding/binding_helper.py", line 153, in _load_pyqt
    _named_import('PyQt5.%s' % module_name)
    ~~~~~~~~~~~~~^^^^^^^^^^^^^^^^^^^^^^^^^^
  File "/opt/ros/noetic/lib/python3/dist-packages/python_qt_binding/binding_helper.py", line 133, in _named_import
    module = builtins.__import__(name)
ModuleNotFoundError: No module named 'PyQt5'

  ImportError for 'pyside': No module named 'PySide2'
Traceback (most recent call last):
  File "/opt/ros/noetic/lib/python3/dist-packages/python_qt_binding/binding_helper.py", line 108, in _select_qt_binding
    QT_BINDING_VERSION = binding_loader(required_modules, optional_modules)
  File "/opt/ros/noetic/lib/python3/dist-packages/python_qt_binding/binding_helper.py", line 185, in _load_pyside
    _named_import('PySide2.%s' % module_name)
    ~~~~~~~~~~~~~^^^^^^^^^^^^^^^^^^^^^^^^^^^^
  File "/opt/ros/noetic/lib/python3/dist-packages/python_qt_binding/binding_helper.py", line 133, in _named_import
    module = builtins.__import__(name)
ModuleNotFoundError: No module named 'PySide2'

Traceback (most recent call last):
  File "/opt/ros/noetic/lib/rqt_reconfigure/rqt_reconfigure", line 5, in <module>
    from rqt_reconfigure.__main__ import main
  File "/opt/ros/noetic/lib/python3/dist-packages/rqt_reconfigure/__main__.py", line 36, in <module>
    from rqt_reconfigure.param_plugin import ParamPlugin
  File "/opt/ros/noetic/lib/python3/dist-packages/rqt_reconfigure/param_plugin.py", line 35, in <module>
    from rqt_gui_py.plugin import Plugin
  File "/opt/ros/noetic/lib/python3/dist-packages/rqt_gui_py/plugin.py", line 33, in <module>
    from qt_gui.plugin import Plugin as Base
  File "/opt/ros/noetic/lib/python3/dist-packages/qt_gui/plugin.py", line 31, in <module>
    from python_qt_binding.QtCore import QObject
  File "/opt/ros/noetic/lib/python3/dist-packages/python_qt_binding/__init__.py", line 55, in <module>
    from .binding_helper import loadUi, QT_BINDING, QT_BINDING_MODULES, QT_BINDING_VERSION  # @UnusedImport
    ^^^^^^^^^^^^^^^^^^^^^^^^^^^^^^^^^^^^^^^^^^^^^^^^^^^^^^^^^^^^^^^^^^^^^^^^^^^^^^^^^^^^^^
  File "/opt/ros/noetic/lib/python3/dist-packages/python_qt_binding/binding_helper.py", line 274, in <module>
    _select_qt_binding(
    ~~~~~~~~~~~~~~~~~~^
        getattr(sys, 'SELECT_QT_BINDING', None),
        ^^^^^^^^^^^^^^^^^^^^^^^^^^^^^^^^^^^^^^^^
        getattr(sys, 'SELECT_QT_BINDING_ORDER', None),
        ^^^^^^^^^^^^^^^^^^^^^^^^^^^^^^^^^^^^^^^^^^^^^^
    )
    ^
  File "/opt/ros/noetic/lib/python3/dist-packages/python_qt_binding/binding_helper.py", line 118, in _select_qt_binding
    raise ImportError(
        "Could not find Qt binding (looked for: %s):\n%s" %
        (', '.join(["'%s'" % b for b in binding_order]), '\n'.join(error_msgs)))
ImportError: Could not find Qt binding (looked for: 'pyqt', 'pyside'):
  ImportError for 'pyqt': No module named 'PyQt5'
Traceback (most recent call last):
  File "/opt/ros/noetic/lib/python3/dist-packages/python_qt_binding/binding_helper.py", line 108, in _select_qt_binding
    QT_BINDING_VERSION = binding_loader(required_modules, optional_modules)
  File "/opt/ros/noetic/lib/python3/dist-packages/python_qt_binding/binding_helper.py", line 153, in _load_pyqt
    _named_import('PyQt5.%s' % module_name)
    ~~~~~~~~~~~~~^^^^^^^^^^^^^^^^^^^^^^^^^^
  File "/opt/ros/noetic/lib/python3/dist-packages/python_qt_binding/binding_helper.py", line 133, in _named_import
    module = builtins.__import__(name)
ModuleNotFoundError: No module named 'PyQt5'

  ImportError for 'pyside': No module named 'PySide2'
Traceback (most recent call last):
  File "/opt/ros/noetic/lib/python3/dist-packages/python_qt_binding/binding_helper.py", line 108, in _select_qt_binding
    QT_BINDING_VERSION = binding_loader(required_modules, optional_modules)
  File "/opt/ros/noetic/lib/python3/dist-packages/python_qt_binding/binding_helper.py", line 185, in _load_pyside
    _named_import('PySide2.%s' % module_name)
    ~~~~~~~~~~~~~^^^^^^^^^^^^^^^^^^^^^^^^^^^^
  File "/opt/ros/noetic/lib/python3/dist-packages/python_qt_binding/binding_helper.py", line 133, in _named_import
    module = builtins.__import__(name)
ModuleNotFoundError: No module named 'PySide2'

Gazebo multi-robot simulator, version 11.15.1
Copyright (C) 2012 Open Source Robotics Foundation.
Released under the Apache 2 License.
http://gazebosim.org

[1;33m
#     # ####### ####### ###  #####  #######
##    # #     #    #     #  #     # #
# #   # #     #    #     #  #       #
#  #  # #     #    #     #  #       #####
#   # # #     #    #     #  #       #
#    ## #     #    #     #  #     # #
#     # #######    #    ###  #####  #######

This version of Gazebo, now called Gazebo classic, reaches end-of-life
in January 2025. Users are highly encouraged to migrate to the new Gazebo
using our migration guides (https://gazebosim.org/docs/latest/gazebo_classic_migration/)


[0m[1;33m[Wrn] [GuiIface.cc:194] [0m[1;33mg/gui-plugin is really loading a SystemPlugin. [0m[1;33mTo load a GUI plugin please use --gui-client-plugin 
[0mGazebo multi-robot simulator, version 11.15.1
Copyright (C) 2012 Open Source Robotics Foundation.
Released under the Apache 2 License.
http://gazebosim.org

[1;33m
#     # ####### ####### ###  #####  #######
##    # #     #    #     #  #     # #
# #   # #     #    #     #  #       #
#  #  # #     #    #     #  #       #####
#   # # #     #    #     #  #       #
#    ## #     #    #     #  #     # #
#     # #######    #    ###  #####  #######

This version of Gazebo, now called Gazebo classic, reaches end-of-life
in January 2025. Users are highly encouraged to migrate to the new Gazebo
using our migration guides (https://gazebosim.org/docs/latest/gazebo_classic_migration/)


[0m/opt/ros/noetic/lib/python3/dist-packages/actionlib/goal_id_generator.py:46: SyntaxWarning: invalid escape sequence '\p'
  * \param name Unique name to prepend to the goal id. This will
/opt/ros/noetic/lib/python3/dist-packages/actionlib/goal_id_generator.py:56: SyntaxWarning: invalid escape sequence '\p'
  * \param name Set the name to prepend to the goal id. This will
/opt/ros/noetic/lib/python3/dist-packages/tf/transformations.py:59: SyntaxWarning: invalid escape sequence '\*'
  numpy.dot(M, v) for shape (4, \*) "point of arrays", respectively
/opt/ros/noetic/lib/python3/dist-packages/tf/transformations.py:869: SyntaxWarning: invalid escape sequence '\*'
  v0 and v1 are shape (3, \*) or (4, \*) arrays of at least 3 vectors.
[0m[INFO] [1764592960.352369320]: Yaw monitor started: source=auto, TF(odom->base_link), odom=/odom_controller, rate=50.0Hz (monitor only)[0m
Warning: TF_REPEATED_DATA ignoring data with redundant timestamp for frame left_back_pivot (parent base_link) at time 318.160000 according to authority unknown_publisher
         at line 277 in /tmp/binarydeb/ros-noetic-tf2-0.7.10/src/buffer_core.cpp
Warning: TF_REPEATED_DATA ignoring data with redundant timestamp for frame left_back_wheel (parent left_back_pivot) at time 318.160000 according to authority unknown_publisher
         at line 277 in /tmp/binarydeb/ros-noetic-tf2-0.7.10/src/buffer_core.cpp
Warning: TF_REPEATED_DATA ignoring data with redundant timestamp for frame left_front_pivot (parent base_link) at time 318.160000 according to authority unknown_publisher
         at line 277 in /tmp/binarydeb/ros-noetic-tf2-0.7.10/src/buffer_core.cpp
Warning: TF_REPEATED_DATA ignoring data with redundant timestamp for frame left_front_wheel (parent left_front_pivot) at time 318.160000 according to authority unknown_publisher
         at line 277 in /tmp/binarydeb/ros-noetic-tf2-0.7.10/src/buffer_core.cpp
Warning: TF_REPEATED_DATA ignoring data with redundant timestamp for frame right_back_pivot (parent base_link) at time 318.160000 according to authority unknown_publisher
         at line 277 in /tmp/binarydeb/ros-noetic-tf2-0.7.10/src/buffer_core.cpp
Warning: TF_REPEATED_DATA ignoring data with redundant timestamp for frame right_back_wheel (parent right_back_pivot) at time 318.160000 according to authority unknown_publisher
         at line 277[33m[WARN] [1764592962.384993259]: TF_REPEATED_DATA ignoring data with redundant timestamp for frame left_back_pivot (parent base_link) at time 318.160000 according to authority unknown_publisher[0m
 in /tmp/binarydeb/ros-noetic-tf2-0.7.10/src/buffer_core.cpp
Warning: TF_REPEATED_DATA ignoring data with redundant timestamp for frame right_front_pivot (parent base_link) at time 318.160000 according to authority unknown_publisher
         at line 277 in /tmp/binarydeb/ros-noetic-tf2-0.7.10/src/buffer_core.cpp
Warning: TF_REPEATED_DATA ignoring data with redundant timestamp for frame right_front_wheel (parent right_front_pivot) at time 318.160000 according to authority unknown_publisher
         at line 277 in /tmp/binarydeb/ros-noetic-tf2-0.7.10/src/buffer_core.cpp
[33m[WARN] [1764592962.385039760]: TF_REPEATED_DATA ignoring data with redundant timestamp for frame left_back_wheel (parent left_back_pivot) at time 318.160000 according to authority unknown_publisher[0m
[33m[WARN] [1764592962.385058004]: TF_REPEATED_DATA ignoring data with redundant timestamp for frame left_front_pivot (parent base_link) at time 318.160000 according to authority unknown_publisher[0m
[33m[WARN] [1764592962.385068534]: TF_REPEATED_DATA ignoring data with redundant timestamp for frame left_front_wheel (parent left_front_pivot) at time 318.160000 according to authority unknown_publisher[0m
[33m[WARN] [1764592962.385080528]: TF_REPEATED_DATA ignoring data with redundant timestamp for frame right_back_pivot (parent base_link) at time 318.160000 according to authority unknown_publisher[0m
[33m[WARN] [1764592962.385089324]: TF_REPEATED_DATA ignoring data with redundant timestamp for frame right_back_wheel (parent right_back_pivot) at time 318.160000 according to authority unknown_publisher[0m
[33m[WARN] [1764592962.385097839]: TF_REPEATED_DATA ignoring data with redundant timestamp for frame right_front_pivot (parent base_link) at time 318.160000 according to authority unknown_publisher[0m
[33m[WARN] [1764592962.385106050]: TF_REPEATED_DATA ignoring data with redundant timestamp for frame right_front_wheel (parent right_front_pivot) at time 318.160000 according to authority unknown_publisher[0m
[33m[WARN] [1764592962.569207987, 319.258000000]: yaw_publisher: TF lookup odom->base_link failed: "odom" passed to lookupTransform argument target_frame does not exist. [0m
[INFO] [1764592961.340044, 0.000000]: Loading model XML from ros parameter robot_description
[INFO] [1764592961.345975, 0.000000]: Waiting for service /gazebo/spawn_urdf_model
[INFO] [1764592962.552409, 319.156000]: Calling service /gazebo/spawn_urdf_model
[INFO] [1764592962.767498, 319.948000]: Spawn status: SpawnModel: Successfully spawned entity
[INFO] [1764592962.768610, 319.948000]: Unpausing physics
[33m[WARN] [1764592962.912079550, 319.948000000]: No imu specified[0m
[33m[WARN] [1764592963.647779043, 324.274000000]: yaw_publisher: fallback to odom yaw (tf stale=1 ok=1)[0m
[0m[INFO] [1764592961.149719569]: Finished loading Gazebo ROS API Plugin.[0m
[0m[INFO] [1764592961.151264242]: waitForService: Service [/gazebo/set_physics_properties] has not been advertised, waiting...[0m
[1;32m[Msg] [0m[1;32mWaiting for master.[0m[1;32m
[0m[1;32m[0m[1;32m[Msg] [0m[1;32mConnected to gazebo master @ [0m[1;32mhttp://127.0.0.1:11345[0m[1;32m
[0m[1;32m[0m[1;32m[Msg] [0m[1;32mPublicized address: [0m[1;32m10.33.104.131[0m[1;32m
[0m[1;32m[0m[1;32m[Msg] [0m[1;32mLoading world file [[0m[1;32m/home/idris/final_ws/src/sentry_chassis_controller/worlds/2023_v_4_1.world[0m[1;32m][0m[1;32m
[0m[1;32m[0m[0m[INFO] [1764592962.319126658]: waitForService: Service [/gazebo/set_physics_properties] is now available.[0m
[0m[INFO] [1764592962.340819088, 317.914000000]: Physics dynamic reconfigure ready.[0m
[0m[INFO] [1764592962.800121952, 319.948000000]: Loading gazebo_ros_control plugin[0m
[0m[INFO] [1764592962.800219385, 319.948000000]: Starting gazebo_ros_control plugin in namespace: /[0m
[0m[INFO] [1764592962.801176340, 319.948000000]: gazebo_ros_control plugin is waiting for model URDF in parameter [robot_description] on the ROS param server.[0m
[0m[INFO] [1764592962.916972613, 319.948000000]: Loaded gazebo_ros_control.[0m
[0m[INFO] [1764592963.218330038, 321.754000000]: WheelPidController: Init pivot PID 'pivot_fl' p=2.000 i=0.000 d=0.000 i_clamp=0.000[0m
[0m[INFO] [1764592963.221231397, 321.772000000]: WheelPidController: Init pivot PID 'pivot_fr' p=2.000 i=0.000 d=0.000 i_clamp=0.000[0m
[0m[INFO] [1764592963.223287595, 321.784000000]: WheelPidController: Init pivot PID 'pivot_rl' p=2.000 i=0.000 d=0.000 i_clamp=0.000[0m
[0m[INFO] [1764592963.225873956, 321.802000000]: WheelPidController: Init pivot PID 'pivot_rr' p=2.000 i=0.000 d=0.000 i_clamp=0.000[0m
[0m[INFO] [1764592963.228489673, 321.820000000]: WheelPidController: Init wheel PID 'wheel_fl' p=4.000 i=0.200 d=0.000 i_clamp=1.000[0m
[0m[INFO] [1764592963.230834288, 321.832000000]: WheelPidController: Init wheel PID 'wheel_fr' p=4.000 i=0.200 d=0.000 i_clamp=1.000[0m
[0m[INFO] [1764592963.233513178, 321.850000000]: WheelPidController: Init wheel PID 'wheel_rl' p=4.000 i=0.200 d=0.000 i_clamp=1.000[0m
[0m[INFO] [1764592963.235480368, 321.862000000]: WheelPidController: Init wheel PID 'wheel_rr' p=4.000 i=0.200 d=0.000 i_clamp=1.000[0m
[0m[INFO] [1764592963.294477919, 322.210000000]: WheelPidController: dynamic_reconfigure updated PID gains, mirrored to wheels/* params[0m
[0m[INFO] [1764592963.318234956, 322.354000000]: Geo-lock pivot angles: FL=135.00?? FR=45.00?? RL=-135.00?? RR=-45.00??[0m
[0m[INFO] [1764592963.318284994, 322.354000000]: Self-lock: enabled, idle_timeout=0.50s, velocity_deadband=0.050[0m
[0m[INFO] [1764592963.318302728, 322.354000000]:   Position lock=disabled (P=8.0 D=1.00), Geo-lock=enabled (wheel_brake=yes)[0m
[0m[INFO] [1764592963.320717725, 322.372000000]: WheelPidController initialized (enhanced state feedback)[0m
[0m[INFO] [1764592963.320738198, 322.372000000]: Velocity mode: global (local=base_link, global=odom)[0m
[0m[INFO] [1764592963.328665415, 322.420000000]: Joint state: LF pos=0.269741 v=0.00671762 RF pos=-0.0514107 v=0.00430889 LB pos=-0.468506 v=-0.00113212 RB pos=-0.176056 v=0.00447518[0m
[0m[INFO] [1764592963.329541587, 322.426000000]: Power limit triggered: scaling=0.711 (a=531.245, b=44.270, c=-299.894)[0m
[0m[INFO] [1764592963.401692742, 322.858000000]: Self-lock activated (geo-lock): pivot angles [135.0??, 45.0??, -135.0??, -45.0??], wheel_brake=yes[0m
[0m[INFO] [1764592963.507745567, 323.422000000]: Joint state: LF pos=1.18903 v=-0.000596968 RF pos=0.182113 v=-0.00255381 LB pos=-0.460144 v=-0.0046791 RB pos=-1.31839 v=-0.000382687[0m
[0m[INFO] [1764592963.674313554, 324.424000000]: Joint state: LF pos=1.18616 v=-0.00487817 RF pos=0.183955 v=0.00192399 LB pos=-0.460026 v=0.00373107 RB pos=-1.31989 v=-0.00221086[0m
[0m[INFO] [1764592963.847984272, 325.426000000]: Joint state: LF pos=1.18007 v=-0.00678605 RF pos=0.185615 v=0.0011786 LB [33m[WARN] [1764592963.989305674, 326.284000000]: yaw_publisher: fallback to odom yaw (tf stale=1 ok=1)[0m
[33m[WARN] [1764592964.388242510, 328.294000000]: yaw_publisher: fallback to odom yaw (tf stale=1 ok=1)[0m
[33m[WARN] [1764592965.186200881, 330.298000000]: yaw_publisher: fallback to odom yaw (tf stale=1 ok=1)[0m
[33m[WARN] [1764592965.687014123, 332.302000000]: yaw_publisher: fallback to odom yaw (tf stale=1 ok=1)[0m
[33m[WARN] [1764592966.190490921, 334.318000000]: yaw_publisher: fallback to odom yaw (tf stale=1 ok=1)[0m
[33m[WARN] [1764592966.685870440, 336.340000000]: yaw_publisher: fallback to odom yaw (tf stale=1 ok=1)[0m
[33m[WARN] [1764592967.188985347, 338.356000000]: yaw_publisher: fallback to odom yaw (tf stale=1 ok=1)[0m
[33m[WARN] [1764592967.667857606, 340.378000000]: yaw_publisher: fallback to odom yaw (tf stale=1 ok=1)[0m
[33m[WARN] [1764592968.179485710, 342.394000000]: yaw_publisher: fallback to odom yaw (tf stale=1 ok=1)[0m
[33m[WARN] [1764592968.690833993, 344.398000000]: yaw_publisher: fallback to odom yaw (tf stale=1 ok=1)[0m
[33m[WARN] [1764592969.168645998, 346.414000000]: yaw_publisher: fallback to odom yaw (tf stale=1 ok=1)[0m
[0m[INFO] [1764592962.569249732, 319.258000000]: Yaw monitor: src=auto yaw=0.000 (tf_ok=0 tf_stale=1 yaw_tf=0.000 have_odom=0 yaw_odom=0.000)[0m
[0m[INFO] [1764592962.972246615, 320.284000000]: Yaw monitor: src=auto yaw=0.000 (tf_ok=0 tf_stale=1 yaw_tf=0.000 have_odom=0 yaw_odom=0.000)[0m
[0m[INFO] [1764592963.143466771, 321.310000000]: Yaw monitor: src=auto yaw=0.000 (tf_ok=0 tf_stale=1 yaw_tf=0.000 have_odom=0 yaw_odom=0.000)[0m
[0m[INFO] [1764592963.315722639, 322.342000000]: Yaw monitor: src=auto yaw=0.000 (tf_ok=0 tf_stale=1 yaw_tf=0.000 have_odom=0 yaw_odom=0.000)[0m
[0m[INFO] [1764592963.496807708, 323.356000000]: Yaw monitor: src=auto yaw=-0.092 (tf_ok=1 tf_stale=0 yaw_tf=-0.092 have_odom=0 yaw_odom=0.000)[0m
[0m[INFO] [1764592963.664333623, 324.364000000]: Yaw monitor: src=auto yaw=-0.092 (tf_ok=1 tf_stale=1 yaw_tf=-0.092 have_odom=1 yaw_odom=-0.092)[0m
[0m[INFO] [1764592963.841751114, 325.384000000]: Yaw monitor: src=auto yaw=-0.092 (tf_ok=1 tf_stale=1 yaw_tf=-0.092 have_odom=1 yaw_odom=-0.092)[0m
[0m[INFO] [1764592964.008958321, 326.398000000]: Yaw monitor: src=auto yaw=-0.092 (tf_ok=1 tf_stale=1 yaw_tf=-0.092 have_odom=1 yaw_odom=-0.092)[0m
[0m[INFO] [1764592964.184067229, 327.418000000]: Yaw monitor: src=auto yaw=-0.092 (tf_ok=1 tf_stale=1 yaw_tf=-0.092 have_odom=1 yaw_odom=-0.092)[0m
[0m[INFO] [1764592964.418398442, 328.438000000]: Yaw monitor: src=auto yaw=-0.092 (tf_ok=1 tf_stale=1 yaw_tf=-0.092 have_odom=1 yaw_odom=-0.092)[0m
[0m[INFO] [1764592964.790051128, 329.458000000]: Yaw monitor: src=auto yaw=-0.092 (tf_ok=1 tf_stale=1 yaw_tf=-0.092 have_odom=1 yaw_odom=-0.092)[0m
[0m[INFO] [1764592965.231336285, 330.478000000]: Yaw monitor: src=auto yaw=-0.092 (tf_ok=1 tf_stale=1 yaw_tf=-0.092 have_odom=1 yaw_odom=-0.092)[0m
[0m[INFO] [1764592965.503133048, 331.498000000]: Yaw monitor: src=auto yaw=-0.092 (tf_ok=1 tf_stale=1 yaw_tf=-0.092 have_odom=1 yaw_odom=-0.092)[0m
[0m[INFO] [1764592965.747062213, 332.530000000]: Yaw monitor: src=auto yaw=-0.092 (tf_ok=1 tf_stale=1 yaw_tf=-0.092 have_odom=1 yaw_odom=-0.092)[0m
[0m[INFO] [1764592966.007653791, 333.538000000]: Yaw monitor: src=auto yaw=-0.092 (tf_ok=1 tf_stale=1 yaw_tf=-0.092 have_odom=1 yaw_odom=-0.092)[0m
[0m[INFO] [1764592966.256055248, 334.558000000]: Yaw monitor: src=auto yaw=-0.092 (tf_ok=1 tf_stale=1 yaw_tf=-0.092 have_odom=1 yaw_odom=-0.092)[0m
[0m[INFO] [1764592966.501698568, 335.578000000]: Yaw monitor: src=auto yaw=-0.092 (tf_ok=1 tf_stale=1 yaw_tf=-0.092 have_odom=1 yaw_odom=-0.092)[0m
[0m[INFO] [1764592966.746503135, 336.604000000]: Yaw monitor: src=auto yaw=-0.092 (tf_ok=1 tf_stale=1 yaw_tf=-0.092 have_odom=1 yaw_odom=-0.092)[0m
[0m[INFO] [1764592967.014361751, 337.618000000]: Yaw monitor: src=auto yaw=-0.092 (tf_ok=1 tf_stale=1 yaw_tf=-0.092 have_odom=1 yaw_odom=-0.092)[0m
[0m[INFO] [1764592967.254908190, 338.644000000]: Yaw monitor: src=auto yaw=-0.092 (tf_ok=1 tf_stale=1 yaw_tf=-0.092 have_odom=1 yaw_odom=-0.092)[0m
[0m[INFO] [1764592967.493718911, 339.658000000]: Yaw monitor: src=auto yaw=-0.092 (tf_ok=1 tf_stale=1 yaw_tf=-0.092 have_odom=1 yaw_odom=-0.092)[0m
[0m[INFO] [1764592967.745605615, 340.690000000]: Yaw monitor: src=auto yaw=-0.092 (tf_ok=1 tf_stale=1 yaw_tf=-0.092 have_odom=1 yaw_odom=-0.092)[0m
[0m[INFO] [1764592968.001615842, 341.698000000]: Yaw monitor: src=auto yaw=-0.092 (tf_ok=1 tf_stale=1 yaw_tf=-0.092 have_odom=1 yaw_odom=-0.092)[0m
[0m[INFO] [1764592968.264336528, 342.718000000]: Yaw monitor: src=auto yaw=-0.092 (tf_ok=1 tf_stale=1 yaw_tf=-0.092 have_odom=1 yaw_odom=-0.092)[0m
[0m[INFO] [1764592968.526651107, 343.738000000]: Yaw monitor: src=auto yaw=-0.092 (tf_ok=1 tf_stale=1 yaw_tf=-0.092 have_odom=1 yaw_odom=-0.092)[0m
[0m[INFO] [1764592968.763537010, 344.758000000]: Yaw monitor: src=auto yaw=-0.092 (tf_ok=1 tf_stale=1 yaw_tf=-0.092 have_odom=1 yaw_odom=-0.092)[0m
[0m[INFO] [1764592969.015610469, 345.760000000]: Yaw monitor: src=auto yaw=-0.092 (tf_ok=1 tf_stale=1 yaw_tf=-0.092 have_odom=1 yaw_odom=-0.092)[0m
[0m[INFO] [1764592969.251911009, 346.774000000]: Yaw monit[33m[WARN] [1764592969.700600476, 348.418000000]: yaw_publisher: fallback to odom yaw (tf stale=1 ok=1)[0m
[33m[WARN] [1764592970.173545468, 350.434000000]: yaw_publisher: fallback to odom yaw (tf stale=1 ok=1)[0m
pos=-0.454379 v=0.00675267 RB pos=-1.32245 v=-0.00263816[0m
[0m[INFO] [1764592964.013139035, 326.428000000]: Joint state: LF pos=1.17483 v=-0.00335767 RF pos=0.18575 v=-7.19232e-05 LB pos=-0.448661 v=0.00429317 RB pos=-1.3249 v=-0.00202781[0m
[0m[INFO] [1764592964.185718146, 327.430000000]: Joint state: LF pos=1.174 v=-0.000110935 RF pos=0.185552 v=-0.000410217 LB pos=-0.448116 v=-0.000208162 RB pos=-1.32627 v=-0.000734851[0m
[0m[INFO] [1764592964.413743522, 328.432000000]: Joint state: LF pos=1.17386 v=-0.000137064 RF pos=0.185241 v=-0.000382168 LB pos=-0.448382 v=-0.000219807 RB pos=-1.32657 v=6.9203e-05[0m
[0m[INFO] [1764592964.763306198, 329.434000000]: Joint state: LF pos=1.17374 v=-0.000107572 RF pos=0.18504 v=-0.000232279 LB pos=-0.448583 v=-0.000137635 RB pos=-1.32631 v=0.000388404[0m
[0m[INFO] [1764592965.488272569, 331.438000000]: Joint state: LF pos=1.17361 v=-4.29753e-05 RF pos=0.184978 v=-2.5738e-05 LB pos=-0.448731 v=4.43192e-06 RB pos=-1.32565 v=0.000191174[0m
[0m[INFO] [1764592965.718814048, 332.434000000]: Joint state: LF pos=1.17359 v=-3.04718e-05 RF pos=0.185039 v=3.11325e-06 LB pos=-0.44873 v=2.72678e-05 RB pos=-1.32555 v=3.37475e-05[0m
[0m[INFO] [1764592965.983555602, 333.436000000]: Joint state: LF pos=1.17356 v=-2.91683e-05 RF pos=0.185109 v=-2.14753e-06 LB pos=-0.448719 v=2.59076e-05 RB pos=-1.32557 v=-5.81945e-05[0m
[0m[INFO] [1764592966.224089783, 334.444000000]: Joint state: LF pos=1.17354 v=-3.26497e-05 RF pos=0.185168 v=-1.93966e-05 LB pos=-0.448716 v=1.53857e-05 RB pos=-1.32566 v=-8.89169e-05[0m
[0m[INFO] [1764592966.467646906, 335.446000000]: Joint state: LF pos=1.17351 v=-3.65219e-05 RF pos=0.185211 v=-3.51873e-05 LB pos=-0.448723 v=5.20052e-06 RB pos=-1.32575 v=-8.31382e-05[0m
[0m[INFO] [1764592966.711083397, 336.448000000]: Joint state: LF pos=1.17348 v=-3.88819e-05 RF pos=0.185243 v=-4.46734e-05 LB pos=-0.448739 v=-9.98218e-07 RB pos=-1.32583 v=-6.45058e-05[0m
[0m[INFO] [1764592966.972723117, 337.450000000]: Joint state: LF pos=1.17345 v=-3.95675e-05 RF pos=0.18527 v=-4.82788e-05 LB pos=-0.448759 v=-3.21762e-06 RB pos=-1.32589 v=-4.79258e-05[0m
[0m[INFO] [1764592967.209092491, 338.446000000]: Joint state: LF pos=1.17342 v=-3.90312e-05 RF pos=0.185295 v=-4.80893e-05 LB pos=-0.448779 v=-2.83342e-06 RB pos=-1.32594 v=-3.75824e-05[0m
[0m[INFO] [1764592967.446193664, 339.454000000]: Joint state: LF pos=1.17339 v=-3.80345e-05 RF pos=0.18532 v=-4.67099e-05 LB pos=-0.448799 v=-1.54896e-06 RB pos=-1.32598 v=-3.33926e-05[0m
[0m[INFO] [1764592967.684303062, 340.456000000]: Joint state: LF pos=1.17336 v=-3.69835e-05 RF pos=0.185347 v=-4.5712e-05 LB pos=-0.448817 v=-3.03755e-07 RB pos=-1.32602 v=-3.30043e-05[0m
[0m[INFO] [1764592967.939066676, 341.458000000]: Joint state: LF pos=1.17333 v=-3.61586e-05 RF pos=0.185375 v=-4.50612e-05 LB pos=-0.448834 v=5.43083e-07 RB pos=-1.32606 v=-3.41569e-05[0m
[0m[INFO] [1764592968.449457786, 343.444000000]: Joint state: LF pos=1.17328 v=-3.5009e-05 RF pos=0.18543 v=-4.53501e-05 LB pos=-0.448866 v=1.14615e-06 RB pos=-1.32615 v=-3.58473e-05[0m
[0m[INFO] [1764592968.701392834, 344.464000000]: Joint state: LF pos=1.17325 v=-3.45651e-05 RF pos=0.185457 v=-4.58263e-05 LB pos=-0.448882 v=1.19999e-06 RB pos=-1.32619 v=-3.57021e-05[0m
[0m[INFO] [1764592968.940627430, 345.466000000]: Joint state: LF pos=1.17322 v=-3.41372e-05 RF pos=0.185484 v=-4.62924e-05 LB pos=-0.448898 v=1.24686e-06 RB pos=-1.32623 v=-3.51222e-05[0m
[0m[INFO] [1764592969.178798115, 346.468000000]: Joint state: LF pos=1.1732 v=-3.37019e-05 RF pos=0.18551 v=-4.66866e-05 LB pos=-0.448914 v=1.33251e-06 RB pos=-1.32627 v=-3.4369e-05[0m
[0m[INFO] [1764592969.437636239, 347.464000000]: Joint state: LF pos=1.17317 v=-3.32552e-05 RF pos=0.185536 v=-4.70079e-05 LB pos=-0.448929 v=1.46082e-06 RB pos=-1.32631 v=-3.36183e-05[0m
[0m[INFO] [1764592969.709251926, 348.472000000]: Joint state: LF pos=1.17314 v=-3.28024e-05 RF pos=0.185561 v=-4.72811e-05 LB pos=-0.448944 v=1.61683e-06 RB pos=-1.32635 v=-3.29458e-05[0m
[0m[INFO] [1764592970.182728947, 350.476000000]: Joint state[33m[WARN] [1764592970.675572940, 352.438000000]: yaw_publisher: fallback to odom yaw (tf stale=1 ok=1)[0m
: LF pos=1.1731 v=-3.19054e-05 RF pos=0.185611 v=-4.77797e-05 LB pos=-0.448975 v=1.94811e-06 RB pos=-1.32643 v=-3.18268e-05[0m
[0m[INFO] [1764592970.416918290, 351.472000000]: Joint state: LF pos=1.17307 v=-3.14692e-05 RF pos=0.185635 v=-4.80298e-05 LB pos=-0.448989 v=2.10618e-06 RB pos=-1.32647 v=-3.13257e-05[0m
[0m[INFO] [1764592970.684277646, 352.480000000]: Joint state: LF pos=1.17305 v=-3.10424e-05 RF pos=0.18566 v=-4.82833e-05 LB pos=-0.449004 v=2.2569e-06 RB pos=-1.32651 v=-3.08336e-05[0m
[0m[INFO] [1764592970.926503106, 353.482000000]: Joint state: LF pos=1.17302 v=-3.06242e-05 RF pos=0.185684 v=-4.85378e-05 LB pos=-0.449019 v=2.40189e-06 RB pos=-1.32655 v=-3.03415e-05[0m
[0m[INFO] [1764592971.081761342, 354.196000000]: Self-lock released[0m
[0m[INFO] [1764592971.081824492, 354.196000000]: Power limit triggered: scaling=0.006 (a=7321620.977, b=0.054, c=-300.000)[0m
[0m[INFO] [1764592971.149988698, 354.484000000]: Joint state: LF pos=2.98424 v=0.0503238 RF pos=2.04058 v=1.90992 LB pos=-0.238034 v=7.06843 RB pos=-0.621313 v=-0.797006[0m
[0m[INFO] [1764592971.206347695, 354.706000000]: Power limit triggered: scaling=0.987 (a=276.689, b=30.545, c=-299.679)[0m
[0m[INFO] [1764592971.322027469, 355.210000000]: Power limit triggered: scaling=0.915 (a=323.388, b=31.425, c=-299.654)[0m
[0m[INFO] [1764592971.445550227, 355.720000000]: Power limit triggered: scaling=0.764 (a=472.581, b=31.331, c=-299.599)[0m
[0m[INFO] [1764592971.561876427, 356.224000000]: Power limit triggered: scaling=0.800 (a=429.452, b=31.321, c=-299.641)[0m
[0m[INFO] [1764592971.624400196, 356.488000000]: Joint state: LF pos=13.7865 v=5.48569 RF pos=12.2017 v=5.74799 LB pos=10.1554 v=6.46897 RB pos=9.83924 v=7.88228[0m
[0m[INFO] [1764592971.678101686, 356.734000000]: Power limit triggered: scaling=0.205 (a=5426.741, b=348.787, c=-299.025)[0m
[0m[INFO] [1764592971.790917750, 357.238000000]: Power limit triggered: scaling=0.953 (a=296.539, b=31.755, c=-299.655)[0m
[0m[INFO] [1764592971.849515809, 357.490000000]: Joint state: LF pos=19.1651 v=5.45408 RF pos=17.1596 v=3.77617 LB pos=15.4731 v=3.7419 RB pos=15.2439 v=0.818934[0m
[0m[INFO] [1764592971.911877528, 357.742000000]: Power limit triggered: scaling=0.986 (a=271.780, b=35.834, c=-299.618)[0m
[0m[INFO] [1764592972.029671606, 358.246000000]: Power limit triggered: scaling=0.588 (a=571.383, b=171.178, c=-297.871)[0m
[0m[INFO] [1764592972.089176279, 358.492000000]: Joint state: LF pos=24.8189 v=10.8455 RF pos=23.2696 v=8.65226 LB pos=21.6582 v=9.1239 RB pos=21.752 v=7.69272[0m
[0m[INFO] [1764592972.145141043, 358.744000000]: Power limit triggered: scaling=0.072 (a=21270.302, b=2498.525, c=-290.293)[0m
[0m[INFO] [1764592972.264701691, 359.248000000]: Power limit triggered: scaling=0.717 (a=400.879, b=128.727, c=-298.729)[0m
[0m[INFO] [1764592972.318461481, 359.494000000]: Joint state: LF pos=34.955 v=8.33511 RF pos=33.6864 v=8.52281 LB pos=31.5753 v=8.05511 RB pos=32.1928 v=8.26026[0m
[0m[INFO] [1764592972.380286676, 359.764000000]: Power limit triggered: scaling=0.543 (a=564.051, b=241.355, c=-296.986)[0m
[0m[INFO] [1764592972.497760311, 360.262000000]: Power limit triggered: scaling=0.976 (a=213.831, b=97.408, c=-298.542)[0m
[0m[INFO] [1764592972.552312012, 360.496000000]: Joint state: LF pos=45.7554 v=12.5019 RF pos=44.3337 v=11.8734 LB pos=42.0341 v=12.5408 RB pos=42.5849 v=12.6698[0m
[0m[INFO] [1764592972.614657088, 360.772000000]: Power limit triggered: scaling=0.629 (a=428.628, b=203.343, c=-297.141)[0m
[0m[INFO] [1764592972.729713976, 361.294000000]: Power limit triggered: scaling=0.940 (a=231.144, b=100.427, c=-298.560)[0m
[0m[INFO] [1764592972.774364789, 361.498000000]: Joint state: LF pos=56.4461 v=9.09711 RF pos=54.6398 v=9.19372 LB pos=51.496 v=8.92826 RB pos=52.4736 v=7.65546[0m
[0m[INFO] [1764592972.839795279, 361.798000000]: Power limit triggered: scaling=0.635 (a=520.656, b=140.490, c=-298.810)[0m
[0m[INFO] [1764592972.955279061, 362.302000000]: Power limit triggered: scaling=0.762 (a=297.386, b=163.698, c=-297.305)[0m
[0m[INFO] [1764592973.003042818, 362.500000000]: Joint state: LF pos=67.45 v=8.78718 RF pos=64.6749 v=8.08896 LB pos=61.3497 v=8.23698 RB pos=61.8939 v=6.93406[0m
[0m[INFO] [1764592973.083003586, 362.812000000]: Power limit triggered: scaling=0.639 (a=417.624, b=198.640, c=-297.161)[0m
[0m[INFO] [1764592973.210461701, 363.322000000]: Power limit triggered: scaling=0.265 (a=2351.110, b=493.299, c=-296.134)[0m
[0m[INFO] [1764592973.256963547, 363.502000000]: Joint state: LF pos=78.1687 v=6.19791 RF pos=74.7499 v=4.67198 LB pos=70.2872 v=6.80896 RB pos=71.4666 v=3.45381[0m
[0m[INFO] [1764592973.334745752, 363.826000000]: Power limit triggered: scaling=0.876 (a=265.298, b=108.192, c=-298.604)[0m
[0m[INFO] [1764592973.451626123, 364.342000000]: Power limit triggered: scaling=0.927 (a=241.268, b=98.196, c=-298.551)[0m
[0m[INFO] [1764592973.486843672, 364.504000000]: Joint state: LF pos=88.5575 v=12.6546 RF pos=85.1809 v=11.5899 LB pos=80.674 v=12.3977 RB pos=82.1603 v=12.2829[0m
[0m[INFO] [1764592973.561192893, 364.852000000]: Power limit triggered: scaling=0.627 (a=431.542, b=202.811, c=-297.144)[0m
[0m[INFO] [1764592973.674086719, 365.362000000]: Power limit triggered: scaling=0.827 (a=305.632, b=108.320, c=-298.612)[0m
[0m[INFO] [1764592973.799393628, 365.872000000]: Power limit triggered: scaling=0.652 (a=402.943, b=192.839, c=-297.186)[0m
[0m[INFO] [1764592973.913845544, 366.382000000]: Power limit triggered: scaling=0.903 (a=253.855, b=101.140, c=-298.568)[0m
[0m[INFO] [1764592973.942214438, 366.508000000]: Joint state: LF pos=108.865 v=12.4481 RF pos=104.904 v=11.2959 LB pos=102.299 v=12.4921 RB pos=103.281 v=12.1582[0m
[0m[INFO] [1764592974.028791173, 366.892000000]: Power limit triggered: scaling=0.622 (a=438.517, b=204.827, c=-297.136)[0m
[0m[INFO] [1764592974.151653509, 367.402000000]: Power limit triggered: scaling=0.872 (a=272.662, b=104.330, c=-298.587)[0m
[0m[INFO] [1764592974.174309817, 367.510000000]: Joint state: LF pos=119.159 v=8.02039 RF pos=114.884 v=8.4167 LB pos=113.089 v=9.32339 RB pos=113.788 v=8.95188[0m
[0m[INFO] [1764592974.271143118, 367.918000000]: Power limit triggered: scaling=0.755 (a=310.865, b=158.892, c=-297.331)[0m
[0m[INFO] [1764592974.398123366, 368.440000000]: Power limit triggered: scaling=0.980 (a=210.279, b=98.779, c=-298.548)[0m
[0m[INFO] [1764592974.413849618, 368.512000000]: Joint state: LF pos=129.058 v=12.1666 RF pos=124.653 v=10.6613 LB pos=124.384 v=10.9613 RB pos=123.486 v=10.5616[0m
[0m[INFO] [1764592974.522696721, 368.956000000]: Power limit triggered: scaling=0.554 (a=543.645, b=235.557, c=-297.009)[0m
[0m[INFO] [1764592974.639185392, 369.454000000]: Power limit triggered: scaling=0.557 (a=537.575, b=234.019, c=-297.016)[0m
[0m[INFO] [1764592974.654436096, 369.514000000]: Joint state: LF pos=139.473 v=8.637 RF pos=135.258 v=9.00635 LB pos=135.311 v=9.27545 RB pos=133.934 v=8.29201[0m
[0m[INFO] [1764592974.755135744, 369.958000000]: Power limit triggered: scaling=0.556 (a=538.246, b=234.820, c=-297.012)[0m
[0m[INFO] [1764592974.871393604, 370.468000000]: Power limit triggered: scaling=0.554 (a=542.406, b=236.257, c=-297.006)[0m
[0m[INFO] [1764592974.881992449, 370.510000000]: Joint state: LF pos=150.204 v=12.9136 RF pos=145.866 v=12.2336 LB pos=145.974 v=12.1621 RB pos=144.487 v=12.6541[0m
[0m[INFO] [1764592974.983504800, 370.972000000]: Power limit triggered: scaling=0.554 (a=540.902, b=235.762, c=-297.008)[0m
[0m[INFO] [1764592975.106016585, 371.488000000]: Power limit triggered: scaling=0.786 (a=331.723, b=119.622, c=-298.672)[0m
[0m[INFO] [1764592975.114254210, 371.518000000]: Joint state: LF pos=160.531 v=12.189 RF pos=156.519 v=11.9506 LB pos=156.522 v=11.753 RB pos=154.728 v=11.5637[0m
[0m[INFO] [1764592975.222535560, 371.992000000]: Power limit triggered: scaling=0.641 (a=409.221, b=200.843, c=-297.149)[0m
[0m[INFO] [1764592975.337478144, 372.502000000]: Power limit triggered: scaling=0.853 (a=280.526, b=110.851, c=-298.620)[0m
[0m[INFO] [1764592975.340803620, 372.520000000]: Joint state: LF pos=170.817 v=10.0418 RF pos=or: src=auto yaw=-0.092 (tf_ok=1 tf_stale=1 yaw_tf=-0.092 have_odom=1 yaw_odom=-0.092)[0m
[0m[INFO] [1764592969.521813991, 347.776000000]: Yaw monitor: src=auto yaw=-0.092 (tf_ok=1 tf_stale=1 yaw_tf=-0.092 have_odom=1 yaw_odom=-0.092)[0m
[0m[INFO] [1764592969.784690113, 348.778000000]: Yaw monitor: src=auto yaw=-0.092 (tf_ok=1 tf_stale=1 yaw_tf=-0.092 have_odom=1 yaw_odom=-0.092)[0m
[0m[INFO] [1764592970.031497473, 349.804000000]: Yaw monitor: src=auto yaw=-0.092 (tf_ok=1 tf_stale=1 yaw_tf=-0.092 have_odom=1 yaw_odom=-0.092)[0m
[0m[INFO] [1764592970.260573015, 350.818000000]: Yaw monitor: src=auto yaw=-0.092 (tf_ok=1 tf_stale=1 yaw_tf=-0.092 have_odom=1 yaw_odom=-0.092)[0m
[0m[INFO] [1764592970.518916077, 351.820000000]: Yaw monitor: src=auto yaw=-0.092 (tf_ok=1 tf_stale=1 yaw_tf=-0.092 have_odom=1 yaw_odom=-0.092)[0m
[0m[INFO] [1764592970.774221597, 352.834000000]: Yaw monitor: src=auto yaw=-0.092 (tf_ok=1 tf_stale=1 yaw_tf=-0.092 have_odom=1 yaw_odom=-0.092)[0m
[0m[INFO] [1764592971.005723464, 353.836000000]: Yaw monitor: src=auto yaw=-0.092 (tf_ok=1 tf_stale=1 yaw_tf=-0.092 have_odom=1 yaw_odom=-0.092)[0m
[0m[INFO] [1764592971.237213416, 354.838000000]: Yaw monitor: src=auto yaw=-0.482 (tf_ok=1 tf_stale=0 yaw_tf=-0.482 have_odom=1 yaw_odom=-0.371)[0m
[0m[INFO] [1764592971.471461391, 355.840000000]: Yaw monitor: src=auto yaw=-1.525 (tf_ok=1 tf_stale=0 yaw_tf=-1.525 have_odom=1 yaw_odom=-1.521)[0m
[0m[INFO] [1764592971.707631792, 356.854000000]: Yaw monitor: src=auto yaw=-2.567 (tf_ok=1 tf_stale=0 yaw_tf=-2.567 have_odom=1 yaw_odom=-2.493)[0m
[0m[INFO] [1764592971.940541113, 357.856000000]: Yaw monitor: src=auto yaw=2.687 (tf_ok=1 tf_stale=0 yaw_tf=2.687 have_odom=1 yaw_odom=2.738)[0m
[0m[INFO] [1764592972.171263641, 358.858000000]: Yaw monitor: src=auto yaw=2.344 (tf_ok=1 tf_stale=0 yaw_tf=2.344 have_odom=1 yaw_odom=2.344)[0m
[0m[INFO] [1764592972.422223852, 359.920000000]: Yaw monitor: src=auto yaw=2.348 (tf_ok=1 tf_stale=0 yaw_tf=2.348 have_odom=1 yaw_odom=2.349)[0m
[0m[INFO] [1764592972.650253755, 360.934000000]: Yaw monitor: src=auto yaw=2.277 (tf_ok=1 tf_stale=0 yaw_tf=2.277 have_odom=1 yaw_odom=2.277)[0m
[0m[INFO] [1764592972.871874992, 361.942000000]: Yaw monitor: src=auto yaw=2.126 (tf_ok=1 tf_stale=0 yaw_tf=2.126 have_odom=1 yaw_odom=2.130)[0m
[0m[INFO] [1764592973.117430100, 362.944000000]: Yaw monitor: src=auto yaw=2.010 (tf_ok=1 tf_stale=0 yaw_tf=2.010 have_odom=1 yaw_odom=2.014)[0m
[0m[INFO] [1764592973.366584609, 363.964000000]: Yaw monitor: src=auto yaw=1.802 (tf_ok=1 tf_stale=0 yaw_tf=1.802 have_odom=1 yaw_odom=1.801)[0m
[0m[INFO] [1764592973.589898443, 364.984000000]: Yaw monitor: src=auto yaw=1.877 (tf_ok=1 tf_stale=0 yaw_tf=1.877 have_odom=1 yaw_odom=1.876)[0m
[0m[INFO] [1764592973.831074231, 366.004000000]: Yaw monitor: src=auto yaw=1.988 (tf_ok=1 tf_stale=0 yaw_tf=1.988 have_odom=1 yaw_odom=1.988)[0m
[0m[INFO] [1764592974.061154002, 367.024000000]: Yaw monitor: src=auto yaw=2.090 (tf_ok=1 tf_stale=0 yaw_tf=2.090 have_odom=1 yaw_odom=2.089)[0m
[0m[INFO] [1764592974.298266401, 368.026000000]: Yaw monitor: src=auto yaw=2.109 (tf_ok=1 tf_stale=0 yaw_tf=2.109 have_odom=1 yaw_odom=2.109)[0m
[0m[INFO] [1764592974.544961507, 369.040000000]: Yaw monitor: src=auto yaw=2.088 (tf_ok=1 tf_stale=0 yaw_tf=2.088 have_odom=1 yaw_odom=2.054)[0m
[0m[INFO] [1764592974.773960590, 370.048000000]: Yaw monitor: src=auto yaw=2.146 (tf_ok=1 tf_stale=0 yaw_tf=2.146 have_odom=1 yaw_odom=2.145)[0m
[0m[INFO] [1764592975.008844761, 371.062000000]: Yaw monitor: src=auto yaw=2.211 (tf_ok=1 tf_stale=0 yaw_tf=2.211 have_odom=1 yaw_odom=2.212)[0m
[0m[INFO] [1764592975.239448098, 372.064000000]: Yaw monitor: src=auto yaw=2.350 (tf_ok=1 tf_stale=0 yaw_tf=2.350 have_odom=1 yaw_odom=2.347)[0m
[0m[INFO] [1764592975.470989466, 373.084000000]: Yaw monitor: src=auto yaw=2.387 (tf_ok=1 tf_stale=0 yaw_tf=2.387 have_odom=1 yaw_odom=2.387)[0m
[0m[INFO] [1764592975.708967258, 374.104000000]: Yaw monitor: src=auto yaw=2.353 (tf_ok=1 tf_stale=0 yaw_tf=2.353 have_odom=1 yaw_odom=2.356)[0m
[0m[I167.773 v=30.0074 LB pos=165.07 v=10.2442 RB pos=165.205 v=9.69816[0m
[0m[INFO] [1764592975.455078441, 373.024000000]: Power limit triggered: scaling=0.974 (a=210.328, b=101.580, c=-298.561)[0m
[0m[INFO] [1764592975.574944556, 373.522000000]: Joint state: LF pos=181.154 v=12.7234 RF pos=179.275 v=12.3107 LB pos=174.606 v=12.9699 RB pos=175.702 v=11.9402[0m
[0m[INFO] [1764592975.576897522, 373.534000000]: Power limit triggered: scaling=0.551 (a=549.497, b=236.722, c=-297.005)[0m
[0m[INFO] [1764592975.692004905, 374.038000000]: Power limit triggered: scaling=0.543 (a=563.687, b=241.216, c=-296.986)[0m
[0m[INFO] [1764592975.798927737, 374.524000000]: Joint state: LF pos=191.995 v=8.80965 RF pos=189.937 v=9.05868 LB pos=185.255 v=8.44912 RB pos=186.174 v=8.80449[0m
[0m[INFO] [1764592975.801948553, 374.542000000]: Power limit triggered: scaling=0.546 (a=557.615, b=239.649, c=-296.993)[0m
[0m[INFO] [1764592975.918892862, 375.058000000]: Power limit triggered: scaling=0.542 (a=566.226, b=241.721, c=-296.984)[0m
[0m[INFO] [1764592976.045372748, 375.526000000]: Joint state: LF pos=202.667 v=7.41189 RF pos=200.618 v=8.13366 LB pos=195.968 v=7.04137 RB pos=196.707 v=6.94952[0m
[0m[INFO] [1764592976.058180987, 375.556000000]: Power limit triggered: scaling=0.814 (a=286.559, b=132.367, c=-297.453)[0m
[0m[INFO] [1764592976.177104744, 376.072000000]: Power limit triggered: scaling=0.568 (a=521.691, b=226.041, c=-297.051)[0m
[0m[INFO] [1764592976.287413247, 376.528000000]: Joint state: LF pos=214.088 v=8.27142 RF pos=210.727 v=8.97875 LB pos=206.445 v=7.91271 RB pos=206.376 v=8.47808[0m
[0m[INFO] [1764592976.299592852, 376.576000000]: Power limit triggered: scaling=0.081 (a=18097.299, b=2113.409, c=-291.849)[0m
[0m[INFO] [1764592976.421868200, 377.080000000]: Power limit triggered: scaling=0.370 (a=1672.538, b=188.485, c=-299.271)[0m
[0m[INFO] [1764592976.541081274, 377.608000000]: Power limit triggered: scaling=0.359 (a=1810.687, b=184.458, c=-299.279)[0m
[0m[INFO] [1764592976.663888186, 378.112000000]: Power limit triggered: scaling=0.867 (a=283.540, b=98.615, c=-298.561)[0m
[0m[INFO] [1764592976.764396432, 378.532000000]: Joint state: LF pos=237.44 v=12.2429 RF pos=231.268 v=11.9344 LB pos=227.72 v=11.5757 RB pos=226.267 v=11.1521[0m
[0m[INFO] [1764592976.790180063, 378.622000000]: Power limit triggered: scaling=0.168 (a=8507.359, b=354.442, c=-298.102)[0m
[0m[INFO] [1764592976.904524958, 379.132000000]: Power limit triggered: scaling=0.724 (a=328.301, b=172.511, c=-297.269)[0m
[0m[INFO] [1764592976.997266802, 379.534000000]: Joint state: LF pos=248.86 v=8.46697 RF pos=241.43 v=9.00033 LB pos=238.088 v=8.53148 RB pos=235.401 v=8.28218[0m
[0m[INFO] [1764592977.020507578, 379.642000000]: Power limit triggered: scaling=0.142 (a=10986.560, b=542.832, c=-297.623)[0m
[0m[INFO] [1764592977.137639632, 380.152000000]: Power limit triggered: scaling=0.900 (a=215.809, b=136.214, c=-297.421)[0m
[0m[INFO] [1764592977.224887426, 380.536000000]: Joint state: LF pos=257.78 v=2.70581 RF pos=250.389 v=3.50209 LB pos=246.796 v=4.59898 RB pos=243.143 v=3.99003[0m
[0m[INFO] [1764592977.257797818, 380.692000000]: Power limit triggered: scaling=0.988 (a=280.336, b=26.174, c=-299.651)[0m
[0m[INFO] [1764592977.371585398, 381.208000000]: Power limit triggered: scaling=0.634 (a=550.910, b=122.181, c=-299.074)[0m
[0m[INFO] [1764592977.451442722, 381.538000000]: Joint state: LF pos=263.238 v=2.71359 RF pos=255.793 v=2.38404 LB pos=251.849 v=4.93671 RB pos=248.557 v=5.46184[0m
[0m[INFO] [1764592977.495090974, 381.724000000]: Power limit triggered: scaling=0.949 (a=291.491, b=39.433, c=-299.725)[0m
[0m[INFO] [1764592977.603776187, 382.222000000]: Power limit triggered: scaling=0.840 (a=318.172, b=88.925, c=-299.127)[0m
[0m[INFO] [1764592977.684337521, 382.534000000]: Joint state: LF pos=268.761 v=5.56702 RF pos=261.637 v=6.66712 LB pos=257.53 v=7.45702 RB pos=254.362 v=9.37884[0m
[0m[INFO] [1764592977.731088678, 382.726000000]: Power limit triggered: scaling=0.946 (a=255.984, b=73.944, c=-299.174)[0m
[0m[INFO] [1764592977.849799919, 383.236000000]: Power limit triggered: scaling=0.121 (a=10775.734, b=1155.706, c=-296.085)[0m
[0m[INFO] [1764592977.923185930, 383.542000000]: Joint state: LF pos=274.881 v=5.64026 RF pos=268.045 v=7.20623 LB pos=262.962 v=6.2525 RB pos=259.889 v=8.1834[0m
[0m[INFO] [1764592977.978271412, 383.746000000]: Power limit triggered: scaling=0.099 (a=19457.543, b=1082.615, c=-298.156)[0m
[0m[INFO] [1764592978.093739827, 384.256000000]: Power limit triggered: scaling=0.564 (a=525.258, b=230.403, c=-297.031)[0m
[0m[INFO] [1764592978.163576768, 384.544000000]: Joint state: LF pos=284.912 v=13.0091 RF pos=278.111 v=11.5744 LB pos=273.002 v=12.9249 RB pos=269.667 v=12.1273[0m
[0m[INFO] [1764592978.215624893, 384.760000000]: Power limit triggered: scaling=0.671 (a=377.986, b=189.767, c=-297.196)[0m
[0m[INFO] [1764592978.329285206, 385.264000000]: Power limit triggered: scaling=0.848 (a=242.199, b=145.418, c=-297.382)[0m
[0m[INFO] [1764592978.440718906, 385.768000000]: Power limit triggered: scaling=0.535 (a=581.846, b=243.238, c=-296.980)[0m
[0m[INFO] [1764592978.556211446, 386.278000000]: Power limit triggered: scaling=0.526 (a=604.497, b=247.146, c=-296.966)[0m
[0m[INFO] [1764592978.620707355, 386.548000000]: Joint state: LF pos=306.005 v=8.06637 RF pos=299.528 v=8.61846 LB pos=292.253 v=7.60688 RB pos=289.468 v=8.25158[0m
[0m[INFO] [1764592978.673824585, 386.782000000]: Power limit triggered: scaling=0.782 (a=292.932, b=151.629, c=-297.499)[0m
[0m[INFO] [1764592978.782418800, 387.292000000]: Power limit triggered: scaling=0.631 (a=427.559, b=201.568, c=-297.149)[0m
[0m[INFO] [1764592978.839904363, 387.550000000]: Joint state: LF pos=317.315 v=8.37261 RF pos=309.734 v=8.76405 LB pos=302.122 v=7.84429 RB pos=298.687 v=8.46134[0m
[0m[INFO] [1764592978.902423788, 387.796000000]: Power limit triggered: scaling=0.657 (a=396.011, b=192.394, c=-297.187)[0m
[0m[INFO] [1764592979.020715676, 388.306000000]: Power limit triggered: scaling=0.753 (a=326.155, b=149.537, c=-297.379)[0m
[0m[INFO] [1764592979.079723949, 388.552000000]: Joint state: LF pos=327.442 v=8.60126 RF pos=319.948 v=8.46283 LB pos=311.421 v=8.21351 RB pos=309.206 v=8.25406[0m
[0m[INFO] [1764592979.134967588, 388.810000000]: Power limit triggered: scaling=0.595 (a=473.151, b=218.367, c=-297.078)[0m
[0m[INFO] [1764592979.252150675, 389.314000000]: Power limit triggered: scaling=0.590 (a=479.530, b=220.429, c=-297.069)[0m
[0m[INFO] [1764592979.304736534, 389.554000000]: Joint state: LF pos=338.156 v=12.7999 RF pos=330.584 v=12.3006 LB pos=321.952 v=12.3119 RB pos=319.654 v=12.1542[0m
[0m[INFO] [1764592979.366650379, 389.830000000]: Power limit triggered: scaling=0.584 (a=490.637, b=222.664, c=-297.061)[0m
[0m[INFO] [1764592979.473478034, 390.334000000]: Power limit triggered: scaling=0.580 (a=496.174, b=224.886, c=-297.051)[0m
[0m[INFO] [1764592979.525099957, 390.556000000]: Joint state: LF pos=348.845 v=8.57592 RF pos=341.211 v=8.95723 LB pos=332.498 v=8.7634 RB pos=330.128 v=8.71132[0m
[0m[INFO] [1764592979.587904328, 390.838000000]: Power limit triggered: scaling=0.582 (a=492.917, b=223.881, c=-297.055)[0m
[0m[INFO] [1764592979.705331664, 391.348000000]: Power limit triggered: scaling=0.579 (a=497.391, b=225.275, c=-297.050)[0m
[0m[INFO] [1764592979.752329800, 391.558000000]: Joint state: LF pos=359.572 v=12.8105 RF pos=351.815 v=12.3019 LB pos=343.066 v=12.2887 RB pos=340.614 v=12.1629[0m
[0m[INFO] [1764592979.823033809, 391.858000000]: Power limit triggered: scaling=0.579 (a=496.984, b=225.037, c=-297.051)[0m
[0m[INFO] [1764592979.942738444, 392.362000000]: Power limit triggered: scaling=0.163 (a=5848.184, b=858.081, c=-295.082)[0m
[0m[INFO] [1764592979.988725046, 392.560000000]: Joint state: LF pos=369.176 v=-11.8456 RF pos=361.52 v=10.8486 LB pos=353.706 v=11.7069 RB pos=351.031 v=10.5736[0m
[0m[INFO] [1764592980.066702374, 392.878000000]: Power limit triggered: scaling=0.582 (a=496.503, b=221.207, c=-297.069)[0m
[0m[INFO] [1764592980.186755981, 393.394000000]: Power limit triggered: s[33m[WARN] [1764592980.401547746, 394.264000000]: yaw_publisher: fallback to odom yaw (tf stale=1 ok=1)[0m
NFO] [1764592975.938035157, 375.124000000]: Yaw monitor: src=auto yaw=2.314 (tf_ok=1 tf_stale=0 yaw_tf=2.314 have_odom=1 yaw_odom=2.317)[0m
[0m[INFO] [1764592976.194977118, 376.144000000]: Yaw monitor: src=auto yaw=2.299 (tf_ok=1 tf_stale=0 yaw_tf=2.299 have_odom=1 yaw_odom=2.304)[0m
[0m[INFO] [1764592976.439392608, 377.164000000]: Yaw monitor: src=auto yaw=2.233 (tf_ok=1 tf_stale=0 yaw_tf=2.233 have_odom=1 yaw_odom=2.267)[0m
[0m[INFO] [1764592976.682682172, 378.184000000]: Yaw monitor: src=auto yaw=2.243 (tf_ok=1 tf_stale=0 yaw_tf=2.243 have_odom=1 yaw_odom=2.240)[0m
[0m[INFO] [1764592976.919149821, 379.186000000]: Yaw monitor: src=auto yaw=2.324 (tf_ok=1 tf_stale=0 yaw_tf=2.324 have_odom=1 yaw_odom=2.323)[0m
[0m[INFO] [1764592977.149649623, 380.200000000]: Yaw monitor: src=auto yaw=2.240 (tf_ok=1 tf_stale=0 yaw_tf=2.240 have_odom=1 yaw_odom=2.241)[0m
[0m[INFO] [1764592977.370749884, 381.202000000]: Yaw monitor: src=auto yaw=-3.094 (tf_ok=1 tf_stale=0 yaw_tf=-3.094 have_odom=1 yaw_odom=3.091)[0m
[0m[INFO] [1764592977.599467130, 382.204000000]: Yaw monitor: src=auto yaw=-2.008 (tf_ok=1 tf_stale=0 yaw_tf=-2.008 have_odom=1 yaw_odom=-2.095)[0m
[0m[INFO] [1764592977.848917612, 383.230000000]: Yaw monitor: src=auto yaw=-0.836 (tf_ok=1 tf_stale=0 yaw_tf=-0.836 have_odom=1 yaw_odom=-0.894)[0m
[0m[INFO] [1764592978.092381136, 384.244000000]: Yaw monitor: src=auto yaw=-0.486 (tf_ok=1 tf_stale=0 yaw_tf=-0.486 have_odom=1 yaw_odom=-0.482)[0m
[0m[INFO] [1764592978.329583233, 385.264000000]: Yaw monitor: src=auto yaw=-0.443 (tf_ok=1 tf_stale=0 yaw_tf=-0.443 have_odom=1 yaw_odom=-0.450)[0m
[0m[INFO] [1764592978.558994120, 386.284000000]: Yaw monitor: src=auto yaw=-0.454 (tf_ok=1 tf_stale=0 yaw_tf=-0.454 have_odom=1 yaw_odom=-0.448)[0m
[0m[INFO] [1764592978.786927499, 387.304000000]: Yaw monitor: src=auto yaw=-0.505 (tf_ok=1 tf_stale=0 yaw_tf=-0.505 have_odom=1 yaw_odom=-0.504)[0m
[0m[INFO] [1764592979.027862318, 388.330000000]: Yaw monitor: src=auto yaw=-0.407 (tf_ok=1 tf_stale=0 yaw_tf=-0.407 have_odom=1 yaw_odom=-0.410)[0m
[0m[INFO] [1764592979.258681503, 389.344000000]: Yaw monitor: src=auto yaw=-0.433 (tf_ok=1 tf_stale=0 yaw_tf=-0.433 have_odom=1 yaw_odom=-0.433)[0m
[0m[INFO] [1764592979.480457530, 390.364000000]: Yaw monitor: src=auto yaw=-0.466 (tf_ok=1 tf_stale=0 yaw_tf=-0.466 have_odom=1 yaw_odom=-0.466)[0m
[0m[INFO] [1764592979.718439077, 391.396000000]: Yaw monitor: src=auto yaw=-0.502 (tf_ok=1 tf_stale=0 yaw_tf=-0.502 have_odom=1 yaw_odom=-0.502)[0m
[0m[INFO] [1764592979.951204854, 392.404000000]: Yaw monitor: src=auto yaw=-0.504 (tf_ok=1 tf_stale=0 yaw_tf=-0.504 have_odom=1 yaw_odom=-0.486)[0m
[0m[INFO] [1764592980.196027593, 393.424000000]: Yaw monitor: src=auto yaw=-0.517 (tf_ok=1 tf_stale=0 yaw_tf=-0.517 have_odom=1 yaw_odom=-0.517)[0m
[0m[INFO] [1764592980.447636971, 394.444000000]: Yaw monitor: src=auto yaw=-0.517 (tf_ok=1 tf_stale=1 yaw_tf=-0.517 have_odom=1 yaw_odom=-0.517)[0m
[0m[INFO] [1764592980.684990570, 395.464000000]: Yaw monitor: src=auto yaw=-0.516 (tf_ok=1 tf_stale=0 yaw_tf=-0.516 have_odom=1 yaw_odom=-0.522)[0m
[0m[INFO] [1764592980.920322948, 396.484000000]: Yaw monitor: src=auto yaw=-0.518 (tf_ok=1 tf_stale=0 yaw_tf=-0.518 have_odom=1 yaw_odom=-0.518)[0m
[0m[INFO] [1764592981.157640179, 397.504000000]: Yaw monitor: src=auto yaw=-0.483 (tf_ok=1 tf_stale=0 yaw_tf=-0.483 have_odom=1 yaw_odom=-0.483)[0m
[0m[INFO] [1764592981.383315203, 398.524000000]: Yaw monitor: src=auto yaw=-0.486 (tf_ok=1 tf_stale=0 yaw_tf=-0.486 have_odom=1 yaw_odom=-0.487)[0m
[0m[INFO] [1764592981.617129639, 399.550000000]: Yaw monitor: src=auto yaw=-0.484 (tf_ok=1 tf_stale=0 yaw_tf=-0.484 have_odom=1 yaw_odom=-0.483)[0m
[0m[INFO] [1764592981.846449772, 400.564000000]: Yaw monitor: src=auto yaw=0.373 (tf_ok=1 tf_stale=0 yaw_tf=0.373 have_odom=1 yaw_odom=0.321)[0m
[0m[INFO] [1764592982.078877273, 401.584000000]: Yaw monitor: src=auto yaw=1.524 (tf_ok=1 tf_stale=0 yaw_tf=1.524 have_odom=1 yaw_odom=1.492)[0m
[0m[INFO] [1764592982.305739740, 402.604000000]: Yaw monitor: src=auto yaw=2caling=0.582 (a=497.471, b=221.549, c=-297.067)[0m
[0m[INFO] [1764592980.312771915, 393.922000000]: Power limit triggered: scaling=0.582 (a=497.322, b=221.496, c=-297.068)[0m
[0m[INFO] [1764592980.444787548, 394.438000000]: Power limit triggered: scaling=0.582 (a=496.402, b=221.249, c=-297.069)[0m
[0m[INFO] [1764592980.475289471, 394.564000000]: Joint state: LF pos=390.058 v=8.87547 RF pos=382.765 v=9.31171 LB pos=374.587 v=8.72466 RB pos=372.185 v=8.2076[0m
[0m[INFO] [1764592980.563562916, 394.942000000]: Power limit triggered: scaling=0.582 (a=496.593, b=221.346, c=-297.068)[0m
[0m[INFO] [1764592980.681792264, 395.446000000]: Power limit triggered: scaling=0.610 (a=564.789, b=144.696, c=-298.839)[0m
[0m[INFO] [1764592980.710083145, 395.566000000]: Joint state: LF pos=400.876 v=12.3948 RF pos=393.16 v=11.7429 LB pos=385.144 v=12.4567 RB pos=382.79 v=12.0828[0m
[0m[INFO] [1764592980.794744959, 395.956000000]: Power limit triggered: scaling=0.938 (a=235.311, b=97.765, c=-298.548)[0m
[0m[INFO] [1764592980.910738832, 396.454000000]: Power limit triggered: scaling=0.553 (a=551.550, b=232.687, c=-297.025)[0m
[0m[INFO] [1764592980.937529755, 396.568000000]: Joint state: LF pos=411.435 v=9.33662 RF pos=403.396 v=9.1345 LB pos=395.72 v=8.45311 RB pos=393.36 v=8.34075[0m
[0m[INFO] [1764592981.027625388, 396.970000000]: Power limit triggered: scaling=0.553 (a=552.912, b=232.001, c=-297.028)[0m
[0m[INFO] [1764592981.146598300, 397.480000000]: Power limit triggered: scaling=0.556 (a=545.571, b=230.744, c=-297.033)[0m
[0m[INFO] [1764592981.169893940, 397.570000000]: Joint state: LF pos=422.088 v=9.23348 RF pos=413.867 v=9.12052 LB pos=406.302 v=8.40235 RB pos=404.003 v=8.26163[0m
[0m[INFO] [1764592981.266443880, 397.996000000]: Power limit triggered: scaling=0.563 (a=535.563, b=226.715, c=-297.050)[0m
[0m[INFO] [1764592981.376099977, 398.500000000]: Power limit triggered: scaling=0.554 (a=548.056, b=231.885, c=-297.028)[0m
[0m[INFO] [1764592981.495725157, 399.016000000]: Power limit triggered: scaling=0.553 (a=550.546, b=233.131, c=-297.022)[0m
[0m[INFO] [1764592981.610844802, 399.520000000]: Power limit triggered: scaling=0.559 (a=539.910, b=229.562, c=-297.037)[0m
[0m[INFO] [1764592981.624134265, 399.562000000]: Joint state: LF pos=443.264 v=9.26872 RF pos=435.093 v=9.12225 LB pos=427.582 v=8.43264 RB pos=425.316 v=8.42633[0m
[0m[INFO] [1764592981.736163535, 400.084000000]: Power limit triggered: scaling=0.178 (a=5699.436, b=659.817, c=-297.450)[0m
[0m[INFO] [1764592981.847651326, 400.576000000]: Joint state: LF pos=449.664 v=5.58719 RF pos=441.487 v=5.4566 LB pos=434.067 v=5.21992 RB pos=430.968 v=4.89238[0m
[0m[INFO] [1764592981.852228195, 400.600000000]: Power limit triggered: scaling=0.709 (a=507.265, b=62.252, c=-299.510)[0m
[0m[INFO] [1764592981.973731379, 401.116000000]: Power limit triggered: scaling=0.169 (a=7667.054, b=465.668, c=-298.985)[0m
[0m[INFO] [1764592982.074901355, 401.578000000]: Joint state: LF pos=455.267 v=2.58391 RF pos=447.312 v=3.73206 LB pos=440.109 v=3.58836 RB pos=436.515 v=4.21036[0m
[0m[INFO] [1764592982.085759808, 401.614000000]: Power limit triggered: scaling=0.756 (a=377.346, b=109.851, c=-299.025)[0m
[0m[INFO] [1764592982.199228356, 402.124000000]: Power limit triggered: scaling=0.060 (a=37220.336, b=2697.326, c=-294.111)[0m
[0m[INFO] [1764592982.298539124, 402.580000000]: Joint state: LF pos=460.576 v=9.22878 RF pos=453.17 v=4.79053 LB pos=445.689 v=6.23267 RB pos=442.382 v=2.999[0m
[0m[INFO] [1764592982.309998731, 402.622000000]: Power limit triggered: scaling=0.660 (a=530.701, b=103.450, c=-299.253)[0m
[0m[INFO] [1764592982.428423121, 403.132000000]: Power limit triggered: scaling=0.399 (a=1564.506, b=124.353, c=-299.193)[0m
[0m[INFO] [1764592982.526850777, 403.582000000]: Joint state: LF pos=465.973 v=3.45487 RF pos=458.499 v=4.50464 LB pos=450.993 v=4.03806 RB pos=447.76 v=5.23432[0m
[0m[INFO] [1764592982.539902244, 403.630000000]: Power limit triggered: scaling=0.359 (a=1979.715, b=123.704, c=-299.413)[0m
[0m[INFO] [1764592982.662664512, 404.158000000]: Power limit triggered: scaling=0.069 (a=25278.929, b=2495.994, c=-292.552)[0m
[0m[INFO] [1764592982.761262209, 404.584000000]: Joint state: LF pos=471.991 v=11.3846 RF pos=464.461 v=11.0169 LB pos=456.125 v=12.216 RB pos=453.573 v=10.5019[0m
[0m[INFO] [1764592982.780058277, 404.668000000]: Power limit triggered: scaling=0.622 (a=443.017, b=202.072, c=-297.150)[0m
[0m[INFO] [1764592982.900606023, 405.172000000]: Power limit triggered: scaling=0.738 (a=317.933, b=167.903, c=-297.289)[0m
[0m[INFO] [1764592983.000573492, 405.586000000]: Joint state: LF pos=482.91 v=8.35268 RF pos=474.18 v=8.10046 LB pos=466.266 v=7.74175 RB pos=463.351 v=7.81103[0m
[0m[INFO] [1764592983.027334871, 405.688000000]: Power limit triggered: scaling=0.579 (a=502.703, b=222.492, c=-297.064)[0m
[0m[INFO] [1764592983.143297476, 406.204000000]: Power limit triggered: scaling=0.590 (a=487.890, b=215.692, c=-297.094)[0m
[0m[INFO] [1764592983.226239371, 406.588000000]: Joint state: LF pos=493.416 v=11.9937 RF pos=484.261 v=11.7752 LB pos=476.778 v=13.2262 RB pos=473.659 v=12.1999[0m
[0m[INFO] [1764592983.254132688, 406.702000000]: Power limit triggered: scaling=0.584 (a=502.764, b=215.432, c=-297.098)[0m
[0m[INFO] [1764592983.370909469, 407.206000000]: Power limit triggered: scaling=0.687 (a=445.761, b=128.613, c=-298.592)[0m
[0m[INFO] [1764592983.451218065, 407.590000000]: Joint state: LF pos=504.368 v=11.7735 RF pos=494.344 v=11.2024 LB pos=487.266 v=11.7072 RB pos=483.676 v=10.8361[0m
[0m[INFO] [1764592983.480000452, 407.722000000]: Power limit triggered: scaling=0.584 (a=491.337, b=221.206, c=-297.068)[0m
[0m[INFO] [1764592983.591005536, 408.226000000]: Power limit triggered: scaling=0.561 (a=543.780, b=224.631, c=-297.062)[0m
[0m[INFO] [1764592983.675417335, 408.592000000]: Joint state: LF pos=515.829 v=12.5522 RF pos=504.084 v=11.4479 LB pos=497.747 v=12.8715 RB pos=492.945 v=11.5472[0m
[0m[INFO] [1764592983.708312189, 408.730000000]: Power limit triggered: scaling=0.797 (a=276.336, b=153.041, c=-297.352)[0m
[0m[INFO] [1764592983.830148016, 409.246000000]: Power limit triggered: scaling=0.270 (a=2481.688, b=433.522, c=-297.623)[0m
[0m[INFO] [1764592983.909534808, 409.594000000]: Joint state: LF pos=526.778 v=-12.6803 RF pos=514.527 v=5.65247 LB pos=507.127 v=11.2049 RB pos=502.675 v=5.98426[0m
[0m[INFO] [1764592983.944424828, 409.744000000]: Power limit triggered: scaling=0.794 (a=328.206, b=115.193, c=-298.650)[0m
[0m[INFO] [1764592984.056354157, 410.254000000]: Power limit triggered: scaling=0.831 (a=299.716, b=110.090, c=-298.620)[0m
[0m[INFO] [1764592984.137710492, 410.596000000]: Joint state: LF pos=538.088 v=9.39455 RF pos=524.866 v=12.3944 LB pos=517.04 v=9.55318 RB pos=510.977 v=12.5008[0m
[0m[INFO] [1764592984.172101455, 410.752000000]: Power limit triggered: scaling=0.077 (a=21236.574, b=2131.154, c=-292.390)[0m
[0m[INFO] [1764592984.289794894, 411.262000000]: Power limit triggered: scaling=0.536 (a=743.065, b=158.566, c=-298.305)[0m
[0m[INFO] [1764592984.369355929, 411.598000000]: Joint state: LF pos=544.933 v=5.11193 RF pos=536.06 v=9.43877 LB pos=524.663 v=7.07333 RB pos=522.772 v=10.9648[0m
[0m[INFO] [1764592984.409498868, 411.772000000]: Power limit triggered: scaling=0.399 (a=1409.807, b=187.772, c=-299.215)[0m
[0m[INFO] [1764592984.532994860, 412.276000000]: Power limit triggered: scaling=0.094 (a=14481.942, b=1753.295, c=-292.983)[0m
[0m[INFO] [1764592984.610691548, 412.600000000]: Joint state: LF pos=553.071 v=9.88524 RF pos=547.729 v=10.5741 LB pos=532.902 v=7.99526 RB pos=533.387 v=9.74634[0m
[0m[INFO] [1764592984.652115755, 412.792000000]: Power limit triggered: scaling=0.670 (a=473.546, b=129.070, c=-298.746)[0m
[0m[INFO] [1764592984.764295672, 413.296000000]: Power limit triggered: scaling=0.689 (a=437.370, b=132.199, c=-298.753)[0m
[0m[INFO] [1764592984.832068195, 413.602000000]: Joint state: LF pos=562.559 v=11.908 RF pos=557.622 v=11.7365 LB pos=543.418 v=11.8852 RB pos=543.952 v=12.5957[0m
[0m[INFO] [1764592984.879884681, 413.806000000]: Power limit triggered: scaling=0.618 (a=440.880, b=208.196, c=-297.120)[0m
[0m[INFO] [1764592985.007582460, 414.316000000]: Power limit triggered: scaling=0.994 (a=202.308, b=99.149, c=-298.548)[0m
[0m[INFO] [1764592985.072663024, 414.604000000]: Joint state: LF pos=572.249 v=10.0086 RF pos=567.998 v=11.0066 LB pos=553.829 v=10.302 RB pos=554.307 v=10.9097[0m
[0m[INFO] [1764592985.122131748, 414.820000000]: Power limit triggered: scaling=0.768 (a=293.443, b=161.656, c=-297.314)[0m
[0m[INFO] [1764592985.240536406, 415.330000000]: Power limit triggered: scaling=0.794 (a=323.207, b=119.457, c=-298.669)[0m
[0m[INFO] [1764592985.300000936, 415.606000000]: Joint state: LF pos=581.901 v=8.56757 RF pos=578.347 v=8.87414 LB pos=564.06 v=8.74703 RB pos=564.596 v=8.67815[0m
[0m[INFO] [1764592985.350134111, 415.834000000]: Power limit triggered: scaling=0.868 (a=267.508, b=111.985, c=-298.622)[0m
[0m[INFO] [1764592985.463565491, 416.344000000]: Power limit triggered: scaling=0.608 (a=454.683, b=212.123, c=-297.104)[0m
[0m[INFO] [1764592985.529041758, 416.608000000]: Joint state: LF pos=591.784 v=7.9361 RF pos=588.1 v=9.05722 LB pos=574.461 v=7.92715 RB pos=574.73 v=7.91142[0m
[0m[INFO] [1764592985.584230813, 416.848000000]: Power limit triggered: scaling=0.944 (a=225.005, b=104.043, c=-298.576)[0m
[0m[INFO] [1764592985.697340818, 417.358000000]: Power limit triggered: scaling=0.543 (a=567.373, b=239.344, c=-296.996)[0m
[0m[INFO] [1764592985.762204237, 417.610000000]: Joint state: LF pos=602.285 v=12.2448 RF pos=598.669 v=12.1428 LB pos=585.163 v=12.6548 RB pos=585.346 v=13.0063[0m
[0m[INFO] [1764592985.816841448, 417.862000000]: Power limit triggered: scaling=0.541 (a=569.622, b=241.044, c=-296.988)[0m
[0m[INFO] [1764592985.935159517, 418.360000000]: Power limit triggered: scaling=0.568 (a=518.014, b=229.407, c=-297.034)[0m
[0m[INFO] [1764592985.991992941, 418.612000000]: Joint state: LF pos=612.839 v=12.8776 RF pos=609.157 v=11.9305 LB pos=595.699 v=12.377 RB pos=595.972 v=12.2415[0m
[0m[INFO] [1764592986.077347532, 418.894000000]: Power limit triggered: scaling=0.227 (a=3361.633, b=545.725, c=-296.084)[0m
[0m[INFO] [1764592986.213893113, 419.404000000]: Power limit triggered: scaling=0.960 (a=217.237, b=102.227, c=-298.566)[0m
[0m[INFO] [1764592986.265776653, 419.614000000]: Joint state: LF pos=622.776 v=6.17579 RF pos=619.254 v=6.05288 LB pos=605.917 v=25.2736 RB pos=606.028 v=8.45726[0m
[0m[INFO] [1764592986.339163571, 419.908000000]: Power limit triggered: scaling=0.620 (a=608.534, b=104.661, c=-298.655)[0m
[0m[INFO] [1764592986.456505001, 420.430000000]: Power limit triggered: scaling=0.648 (a=445.472, b=170.165, c=-297.304)[0m
[0m[INFO] [1764592986.496335741, 420.616000000]: Joint state: LF pos=632.957 v=8.90327 RF pos=629.078 v=9.01928 LB pos=615.408 v=8.04517 RB pos=615.671 v=8.99458[0m
[0m[INFO] [1764592986.566008693, 420.934000000]: Power limit triggered: scaling=0.604 (a=460.675, b=213.432, c=-297.099)[0m
[0m[INFO] [1764592986.678290454, 421.432000000]: Power limit triggered: scaling=0.874 (a=265.875, b=109.302, c=-298.609)[0m
[0m[INFO] [1764592986.717029388, 421.618000000]: Joint state: LF pos=643.808 v=8.92458 RF pos=639.571 v=9.96659 LB pos=625.712 v=9.93273 RB pos=625.432 v=9.50017[0m
[0m[INFO] [1764592986.794433846, 421.972000000]: Power limit triggered: scaling=0.890 (a=223.531, b=135.141, c=-297.427)[0m
[0m[INFO] [1764592986.901047680, 422.476000000]: Power limit triggered: scaling=0.866 (a=281.074, b=101.046, c=-298.573)[0m
[0m[INFO] [1764592986.933457731, 422.614000000]: Joint state: LF pos=655.628 v=11.3723 RF pos=649.798 v=11.4487 LB pos=635.951 v=12.0651 RB pos=634.759 v=12.1087[0m
[0m[INFO] [1764592987.026167932, 422.998000000]: Power limit triggered: scaling=0.862 (a=271.336, b=112.672, c=-298.626)[0m
[0m[INFO] [1764592987.158508570, 423.502000000]: Power limit triggered: scaling=0.677 (a=380.821, b=181.105, c=-297.238)[0m
[0m[INFO] [1764592987.184180675, 423.622000000]: Joint state: LF pos=666.645 v=10.4908 RF pos=659.716 v=33.1845 LB pos=645.589 v=10..656 (tf_ok=1 tf_stale=0 yaw_tf=2.656 have_odom=1 yaw_odom=2.629)[0m
[0m[INFO] [1764592982.539822052, 403.630000000]: Yaw monitor: src=auto yaw=-2.557 (tf_ok=1 tf_stale=0 yaw_tf=-2.557 have_odom=1 yaw_odom=-2.576)[0m
[0m[INFO] [1764592982.775808588, 404.644000000]: Yaw monitor: src=auto yaw=-1.516 (tf_ok=1 tf_stale=0 yaw_tf=-1.516 have_odom=1 yaw_odom=-1.523)[0m
[0m[INFO] [1764592983.021775652, 405.664000000]: Yaw monitor: src=auto yaw=-1.461 (tf_ok=1 tf_stale=0 yaw_tf=-1.461 have_odom=1 yaw_odom=-1.461)[0m
[0m[INFO] [1764592983.250722094, 406.690000000]: Yaw monitor: src=auto yaw=-1.442 (tf_ok=1 tf_stale=0 yaw_tf=-1.442 have_odom=1 yaw_odom=-1.441)[0m
[0m[INFO] [1764592983.472054476, 407.686000000]: Yaw monitor: src=auto yaw=-1.361 (tf_ok=1 tf_stale=0 yaw_tf=-1.361 have_odom=1 yaw_odom=-1.371)[0m
[0m[INFO] [1764592983.702986816, 408.700000000]: Yaw monitor: src=auto yaw=-1.488 (tf_ok=1 tf_stale=0 yaw_tf=-1.488 have_odom=1 yaw_odom=-1.485)[0m
[0m[INFO] [1764592983.934761409, 409.702000000]: Yaw monitor: src=auto yaw=-1.694 (tf_ok=1 tf_stale=0 yaw_tf=-1.694 have_odom=1 yaw_odom=-1.636)[0m
[0m[INFO] [1764592984.164300089, 410.704000000]: Yaw monitor: src=auto yaw=-1.622 (tf_ok=1 tf_stale=0 yaw_tf=-1.622 have_odom=1 yaw_odom=-1.640)[0m
[0m[INFO] [1764592984.400093005, 411.730000000]: Yaw monitor: src=auto yaw=-0.937 (tf_ok=1 tf_stale=0 yaw_tf=-0.937 have_odom=1 yaw_odom=-0.947)[0m
[0m[INFO] [1764592984.643553743, 412.744000000]: Yaw monitor: src=auto yaw=-0.845 (tf_ok=1 tf_stale=0 yaw_tf=-0.845 have_odom=1 yaw_odom=-0.848)[0m
[0m[INFO] [1764592984.872803066, 413.764000000]: Yaw monitor: src=auto yaw=-0.801 (tf_ok=1 tf_stale=0 yaw_tf=-0.801 have_odom=1 yaw_odom=-0.801)[0m
[0m[INFO] [1764592985.114331377, 414.784000000]: Yaw monitor: src=auto yaw=-0.797 (tf_ok=1 tf_stale=0 yaw_tf=-0.797 have_odom=1 yaw_odom=-0.796)[0m
[0m[INFO] [1764592985.343358691, 415.804000000]: Yaw monitor: src=auto yaw=-0.794 (tf_ok=1 tf_stale=0 yaw_tf=-0.794 have_odom=1 yaw_odom=-0.793)[0m
[0m[INFO] [1764592985.579190369, 416.824000000]: Yaw monitor: src=auto yaw=-0.856 (tf_ok=1 tf_stale=0 yaw_tf=-0.856 have_odom=1 yaw_odom=-0.854)[0m
[0m[INFO] [1764592985.815624414, 417.850000000]: Yaw monitor: src=auto yaw=-0.824 (tf_ok=1 tf_stale=0 yaw_tf=-0.824 have_odom=1 yaw_odom=-0.825)[0m
[0m[INFO] [1764592986.058834957, 418.852000000]: Yaw monitor: src=auto yaw=-0.892 (tf_ok=1 tf_stale=0 yaw_tf=-0.892 have_odom=1 yaw_odom=-0.893)[0m
[0m[INFO] [1764592986.329165667, 419.860000000]: Yaw monitor: src=auto yaw=-1.025 (tf_ok=1 tf_stale=0 yaw_tf=-1.025 have_odom=1 yaw_odom=-1.012)[0m
[0m[INFO] [1764592986.551746157, 420.862000000]: Yaw monitor: src=auto yaw=-0.929 (tf_ok=1 tf_stale=0 yaw_tf=-0.929 have_odom=1 yaw_odom=-0.929)[0m
[0m[INFO] [1764592986.774496307, 421.876000000]: Yaw monitor: src=auto yaw=-0.993 (tf_ok=1 tf_stale=0 yaw_tf=-0.993 have_odom=1 yaw_odom=-0.923)[0m
[0m[INFO] [1764592986.998426771, 422.884000000]: Yaw monitor: src=auto yaw=-0.947 (tf_ok=1 tf_stale=0 yaw_tf=-0.947 have_odom=1 yaw_odom=-0.942)[0m
[0m[INFO] [1764592987.257210530, 423.904000000]: Yaw monitor: src=auto yaw=-0.876 (tf_ok=1 tf_stale=0 yaw_tf=-0.876 have_odom=1 yaw_odom=-0.869)[0m
[0m[INFO] [1764592987.514315455, 424.942000000]: Yaw monitor: src=auto yaw=-0.978 (tf_ok=1 tf_stale=0 yaw_tf=-0.978 have_odom=1 yaw_odom=-0.970)[0m
[0m[INFO] [1764592987.751666478, 425.944000000]: Yaw monitor: src=auto yaw=-0.983 (tf_ok=1 tf_stale=0 yaw_tf=-0.983 have_odom=1 yaw_odom=-0.978)[0m
[0m[INFO] [1764592987.984231495, 426.964000000]: Yaw monitor: src=auto yaw=-0.845 (tf_ok=1 tf_stale=0 yaw_tf=-0.845 have_odom=1 yaw_odom=-0.922)[0m
[0m[INFO] [1764592988.216075464, 427.990000000]: Yaw monitor: src=auto yaw=0.305 (tf_ok=1 tf_stale=0 yaw_tf=0.305 have_odom=1 yaw_odom=0.204)[0m
[0m[INFO] [1764592988.449752639, 429.004000000]: Yaw monitor: src=auto yaw=1.359 (tf_ok=1 tf_stale=0 yaw_tf=1.359 have_odom=1 yaw_odom=1.284)[0m
[0m[INFO] [1764592988.692630566, 430.024000000]: Yaw monitor: src=auto yaw=2.533 (tf_ok=1 tf_stale=0 yaw_tf=2.533 have_odom=1 yaw_o3992 RB pos=644.505 v=9.42031[0m
[0m[INFO] [1764592987.280272800, 424.006000000]: Power limit triggered: scaling=0.583 (a=494.234, b=222.083, c=-297.064)[0m
[0m[INFO] [1764592987.414275676, 424.516000000]: Power limit triggered: scaling=0.708 (a=419.400, b=125.158, c=-298.716)[0m
[0m[INFO] [1764592987.442453915, 424.624000000]: Joint state: LF pos=677.368 v=8.77447 RF pos=670.024 v=8.41978 LB pos=655.99 v=7.56001 RB pos=654.47 v=7.30437[0m
[0m[INFO] [1764592987.531499213, 425.014000000]: Power limit triggered: scaling=0.577 (a=525.236, b=211.495, c=-297.121)[0m
[0m[INFO] [1764592987.649462810, 425.524000000]: Power limit triggered: scaling=0.535 (a=579.156, b=245.110, c=-296.971)[0m
[0m[INFO] [1764592987.672549601, 425.626000000]: Joint state: LF pos=687.906 v=9.29538 RF pos=680.53 v=9.05437 LB pos=665.638 v=8.71777 RB pos=664.428 v=7.89957[0m
[0m[INFO] [1764592987.770947884, 426.034000000]: Power limit triggered: scaling=0.710 (a=412.810, b=127.411, c=-298.726)[0m
[0m[INFO] [1764592987.882875379, 426.538000000]: Power limit triggered: scaling=0.720 (a=333.292, b=172.773, c=-297.269)[0m
[0m[INFO] [1764592987.908208247, 426.622000000]: Joint state: LF pos=698.594 v=13.1192 RF pos=690.6 v=9.76206 LB pos=675.28 v=11.7608 RB pos=673.95 v=8.49834[0m
[0m[INFO] [1764592988.003881018, 427.048000000]: Power limit triggered: scaling=0.624 (a=550.066, b=136.164, c=-298.934)[0m
[0m[INFO] [1764592988.117799033, 427.546000000]: Power limit triggered: scaling=0.995 (a=275.911, b=26.655, c=-299.625)[0m
[0m[INFO] [1764592988.136784254, 427.630000000]: Joint state: LF pos=704.61 v=4.0568 RF pos=696.441 v=7.19624 LB pos=680.136 v=4.56595 RB pos=679.787 v=7.47021[0m
[0m[INFO] [1764592988.232899185, 428.062000000]: Power limit triggered: scaling=0.586 (a=640.147, b=135.284, c=-298.981)[0m
[0m[INFO] [1764592988.349565676, 428.584000000]: Power limit triggered: scaling=0.492 (a=882.888, b=173.191, c=-298.959)[0m
[0m[INFO] [1764592988.361079125, 428.632000000]: Joint state: LF pos=710.373 v=5.58457 RF pos=701.82 v=-30.3425 LB pos=685.55 v=5.42176 RB pos=685.803 v=2.54188[0m
[0m[INFO] [1764592988.469660142, 429.088000000]: Power limit triggered: scaling=0.151 (a=9316.193, b=580.739, c=-298.789)[0m
[0m[INFO] [1764592988.593828737, 429.592000000]: Power limit triggered: scaling=0.076 (a=22192.977, b=2202.066, c=-293.382)[0m
[0m[INFO] [1764592988.601877959, 429.628000000]: Joint state: LF pos=715.865 v=2.94576 RF pos=707.283 v=3.78102 LB pos=691.852 v=3.83426 RB pos=691.197 v=4.15003[0m
[0m[INFO] [1764592988.709515937, 430.096000000]: Power limit triggered: scaling=0.662 (a=494.603, b=124.449, c=-299.021)[0m
[0m[INFO] [1764592988.829076931, 430.636000000]: Joint state: LF pos=721.224 v=5.63115 RF pos=712.37 v=5.57376 LB pos=697.427 v=5.21965 RB pos=697.311 v=5.27032[0m
[0m[INFO] [1764592988.836410271, 430.660000000]: Power limit triggered: scaling=0.232 (a=3585.674, b=454.826, c=-298.139)[0m
[0m[INFO] [1764592988.958378100, 431.170000000]: Power limit triggered: scaling=0.644 (a=527.720, b=123.872, c=-298.988)[0m
[0m[INFO] [1764592989.065619534, 431.638000000]: Joint state: LF pos=726.572 v=5.01916 RF pos=718.234 v=6.60207 LB pos=702.178 v=6.56652 RB pos=703.356 v=9.45326[0m
[0m[INFO] [1764592989.073734347, 431.674000000]: Power limit triggered: scaling=0.651 (a=525.606, b=117.519, c=-299.050)[0m
[0m[INFO] [1764592989.179956281, 432.172000000]: Power limit triggered: scaling=0.998 (a=271.727, b=28.919, c=-299.650)[0m
[0m[INFO] [1764592989.288159747, 432.640000000]: Joint state: LF pos=731.832 v=5.16877 RF pos=723.632 v=4.81191 LB pos=707.792 v=3.38282 RB pos=708.95 v=2.48877[0m
[0m[INFO] [1764592989.296755049, 432.682000000]: Power limit triggered: scaling=0.640 (a=542.848, b=119.496, c=-299.014)[0m
[0m[INFO] [1764592989.414387434, 433.192000000]: Power limit triggered: scaling=0.772 (a=462.015, b=30.992, c=-299.634)[0m
[0m[INFO] [1764592989.513259816, 433.642000000]: Joint state: LF pos=737.069 v=4.1909 RF pos=728.767 v=5.45138 LB pos=713.477 v=5.73344 RB pos=714.075 v=8.0576[0m
[0m[INFO]