[33m[WARN] [1764050317.800240937]: The root link base_link has an inertia specified in the URDF, but KDL does not support a root link with an inertia.  As a workaround, you can add an extra dummy link to your URDF.[0m
Gazebo multi-robot simulator, version 11.15.1
Copyright (C) 2012 Open Source Robotics Foundation.
Released under the Apache 2 License.
http://gazebosim.org

[1;33m
#     # ####### ####### ###  #####  #######
##    # #     #    #     #  #     # #
# #   # #     #    #     #  #       #
#  #  # #     #    #     #  #       #####
#   # # #     #    #     #  #       #
#    ## #     #    #     #  #     # #
#     # #######    #    ###  #####  #######

This version of Gazebo, now called Gazebo classic, reaches end-of-life
in January 2025. Users are highly encouraged to migrate to the new Gazebo
using our migration guides (https://gazebosim.org/docs/latest/gazebo_classic_migration/)


[0m[1;33m[Wrn] [GuiIface.cc:194] [0m[1;33mg/gui-plugin is really loading a SystemPlugin. [0m[1;33mTo load a GUI plugin please use --gui-client-plugin 
[0m/opt/ros/noetic/lib/python3/dist-packages/actionlib/goal_id_generator.py:46: SyntaxWarning: invalid escape sequence '\p'
  * \param name Unique name to prepend to the goal id. This will
/opt/ros/noetic/lib/python3/dist-packages/actionlib/goal_id_generator.py:56: SyntaxWarning: invalid escape sequence '\p'
  * \param name Set the name to prepend to the goal id. This will
Gazebo multi-robot simulator, version 11.15.1
Copyright (C) 2012 Open Source Robotics Foundation.
Released under the Apache 2 License.
http://gazebosim.org

[1;33m
#     # ####### ####### ###  #####  #######
##    # #     #    #     #  #     # #
# #   # #     #    #     #  #       #
#  #  # #     #    #     #  #       #####
#   # # #     #    #     #  #       #
#    ## #     #    #     #  #     # #
#     # #######    #    ###  #####  #######

This version of Gazebo, now called Gazebo classic, reaches end-of-life
in January 2025. Users are highly encouraged to migrate to the new Gazebo
using our migration guides (https://gazebosim.org/docs/latest/gazebo_classic_migration/)


[0m/opt/ros/noetic/lib/python3/dist-packages/tf/transformations.py:59: SyntaxWarning: invalid escape sequence '\*'
  numpy.dot(M, v) for shape (4, \*) "point of arrays", respectively
/opt/ros/noetic/lib/python3/dist-packages/tf/transformations.py:869: SyntaxWarning: invalid escape sequence '\*'
  v0 and v1 are shape (3, \*) or (4, \*) arrays of at least 3 vectors.
[INFO] [1764050319.184793, 0.000000]: Loading model XML from ros parameter robot_description
[INFO] [1764050319.196112, 0.000000]: Waiting for service /gazebo/spawn_urdf_model
[INFO] [1764050320.106982, 0.213000]: Calling service /gazebo/spawn_urdf_model
[INFO] [1764050320.340830, 0.321000]: Spawn status: SpawnModel: Successfully spawned entity
[INFO] [1764050320.342378, 0.321000]: Unpausing physics
