Not searching for unused variables given on the command line.
[36m--[0m The C compiler identification is GNU 9.4.0
[36m--[0m The CXX compiler identification is GNU 9.4.0
[36m--[0m Check for working C compiler: /usr/bin/cc
[36m--[0m Check for working C compiler: /usr/bin/cc -- works
[36m--[0m Detecting C compiler ABI info
[36m--[0m Detecting C compiler ABI info - done
[36m--[0m Detecting C compile features
[36m--[0m Detecting C compile features - done
[36m--[0m Check for working CXX compiler: /usr/bin/c++
[36m--[0m Check for working CXX compiler: /usr/bin/c++ -- works
[36m--[0m Detecting CXX compiler ABI info
[36m--[0m Detecting CXX compiler ABI info - done
[36m--[0m Detecting CXX compile features
[36m--[0m Detecting CXX compile features - done
[36m--[0m Using CATKIN_DEVEL_PREFIX: /home/idris/final_ws/devel/.private/rm_common
[36m--[0m Using CMAKE_PREFIX_PATH: /home/idris/final_ws/devel;/opt/ros/noetic
[36m--[0m This workspace overlays: /home/idris/final_ws/devel;/opt/ros/noetic
[36m--[0m Found PythonInterp: /home/idris/miniconda3/bin/python3 (found suitable version "3.13.9", minimum required is "3")
[36m--[0m Using PYTHON_EXECUTABLE: /home/idris/miniconda3/bin/python3
[36m--[0m Using Debian Python package layout
[36m--[0m Found PY_em: /home/idris/.local/lib/python3.13/site-packages/em.py
[36m--[0m Using empy: /home/idris/.local/lib/python3.13/site-packages/em.py
[36m--[0m Using CATKIN_ENABLE_TESTING: ON
[36m--[0m Call enable_testing()
[36m--[0m Using CATKIN_TEST_RESULTS_DIR: /home/idris/final_ws/build/rm_common/test_results
[36m--[0m Forcing gtest/gmock from source, though one was otherwise available.
[36m--[0m Found gtest sources under '/usr/src/googletest': gtests will be built
[36m--[0m Found gmock sources under '/usr/src/googletest': gmock will be built
[36m--[0m Found PythonInterp: /home/idris/miniconda3/bin/python3 (found version "3.13.9")
[36m--[0m Found Threads: TRUE
[36m--[0m Using Python nosetests: /usr/bin/nosetests3
[36m--[0m catkin 0.8.12
[36m--[0m BUILD_SHARED_LIBS is on
[36m--[0m Using these message generators: gencpp;geneus;genlisp;gennodejs;genpy
[36m--[0m Could NOT find imu_complementary_filter (missing: imu_complementary_filter_DIR)
[36m--[0m Could not find the required component 'imu_complementary_filter'. The following CMake error indicates that you either need to install the package with the same name or change your environment so that it can be found.
[31m[1mCMake Error[0m at /opt/ros/noetic/share/catkin/cmake/catkinConfig.cmake:83 (find_package):
  Could not find a package configuration file provided by
  "imu_complementary_filter" with any of the following names:

    imu_complementary_filterConfig.cmake
    imu_complementary_filter-config.cmake

  Add the installation prefix of "imu_complementary_filter" to
  CMAKE_PREFIX_PATH or set "imu_complementary_filter_DIR" to a directory
  containing one of the above files.  If "imu_complementary_filter" provides
  a separate development package or SDK, be sure it has been installed.
[36mCall Stack (most recent call first):[0m
  CMakeLists.txt:14 (find_package)


[36m--[0m Configuring incomplete, errors occurred!
See also "/home/idris/final_ws/build/rm_common/CMakeFiles/CMakeOutput.log".
See also "/home/idris/final_ws/build/rm_common/CMakeFiles/CMakeError.log".
