[  0%] Built target dynamic_reconfigure_generate_messages_lisp
[  0%] Built target tf2_msgs_generate_messages_nodejs
[  0%] Built target tf2_msgs_generate_messages_lisp
[  0%] Built target actionlib_generate_messages_py
[  0%] Built target actionlib_generate_messages_cpp
[  0%] Built target actionlib_generate_messages_nodejs
[  0%] Built target std_srvs_generate_messages_nodejs
[  0%] Built target std_srvs_generate_messages_lisp
[  0%] Built target std_srvs_generate_messages_eus
[  0%] Built target gazebo_msgs_generate_messages_py
[  0%] Built target gazebo_msgs_generate_messages_nodejs
[  0%] Built target nav_msgs_generate_messages_py
[  0%] Built target gazebo_msgs_generate_messages_cpp
[  0%] Built target nav_msgs_generate_messages_lisp
[  0%] Built target geometry_msgs_generate_messages_eus
[  0%] Built target nav_msgs_generate_messages_nodejs
[  0%] Built target std_msgs_generate_messages_nodejs
[  0%] Built target sensor_msgs_generate_messages_cpp
[  0%] Built target tf2_msgs_generate_messages_py
[  0%] Built target gazebo_msgs_generate_messages_lisp
[  0%] Built target dynamic_reconfigure_generate_messages_nodejs
[  0%] Built target std_msgs_generate_messages_py
[  0%] Built target std_msgs_generate_messages_cpp
[  0%] Built target rosgraph_msgs_generate_messages_nodejs
[  0%] Built target actionlib_msgs_generate_messages_py
[  0%] Built target actionlib_generate_messages_lisp
[  0%] Built target std_msgs_generate_messages_lisp
[  0%] Built target std_srvs_generate_messages_cpp
[  0%] Built target rosgraph_msgs_generate_messages_lisp
[  0%] Built target roscpp_generate_messages_cpp
[  0%] Built target rosgraph_msgs_generate_messages_py
[  0%] Built target sensor_msgs_generate_messages_nodejs
[  0%] Built target control_toolbox_gencfg
[  0%] Built target geometry_msgs_generate_messages_cpp
[  0%] Built target roscpp_generate_messages_eus
[  0%] Built target tf2_msgs_generate_messages_eus
[  0%] Built target control_msgs_generate_messages_py
[  0%] Built target sensor_msgs_generate_messages_py
[  0%] Built target geometry_msgs_generate_messages_py
[  0%] Built target roscpp_generate_messages_nodejs
[  0%] Built target geometry_msgs_generate_messages_lisp
[  0%] Built target std_srvs_generate_messages_py
[  0%] Built target rosgraph_msgs_generate_messages_eus
[  0%] Built target sensor_msgs_generate_messages_lisp
[  0%] Built target sensor_msgs_generate_messages_eus
[  0%] Built target nav_msgs_generate_messages_cpp
[  0%] Built target control_msgs_generate_messages_lisp
[  0%] Built target control_toolbox_generate_messages_eus
[  0%] Built target control_toolbox_generate_messages_lisp
[  0%] Built target roscpp_generate_messages_lisp
[  0%] Built target control_toolbox_generate_messages_nodejs
[  0%] Built target control_msgs_generate_messages_eus
[  0%] Built target control_msgs_generate_messages_cpp
[  0%] Built target roscpp_generate_messages_py
[  0%] Built target control_toolbox_generate_messages_cpp
[  0%] Built target trajectory_msgs_generate_messages_nodejs
[  0%] Built target trajectory_msgs_generate_messages_eus
[  0%] Built target dynamic_reconfigure_generate_messages_py
[  0%] Built target actionlib_msgs_generate_messages_eus
[  0%] Built target actionlib_msgs_generate_messages_cpp
[  0%] Built target control_msgs_generate_messages_nodejs
[  5%] Built target nav_msgs_generate_messages_eus
[  5%] Built target sentry_chassis_controller_gencfg
[  5%] Built target actionlib_msgs_generate_messages_lisp
[  5%] Built target std_msgs_generate_messages_eus
[  5%] Built target control_toolbox_generate_messages_py
[  5%] Built target actionlib_msgs_generate_messages_nodejs
[  5%] Built target trajectory_msgs_generate_messages_cpp
[  5%] Built target trajectory_msgs_generate_messages_lisp
[  5%] Built target rosgraph_msgs_generate_messages_cpp
[  5%] Built target actionlib_generate_messages_eus
[  5%] Built target dynamic_reconfigure_generate_messages_cpp
[  5%] Built target trajectory_msgs_generate_messages_py
[  5%] Built target geometry_msgs_generate_messages_nodejs
[  5%] Built target gazebo_msgs_generate_messages_eus
[  5%] Built target dynamic_reconfigure_generate_messages_eus
[  5%] Built target dynamic_reconfigure_gencfg
[  5%] Built target tf2_msgs_generate_messages_cpp
[35m[1mScanning dependencies of target sentry_control_key_feature[0m
[ 15%] Built target sentry_control_key_optimized
[ 20%] [32mBuilding CXX object CMakeFiles/sentry_control_key_feature.dir/src/sentry_control_key_feature.cpp.o[0m
[ 30%] Built target sentry_control_key
[ 40%] Built target forward_kinematics
[ 50%] Built target gazebo_odom_bridge
[ 60%] Built target ik_test_publisher
[ 75%] Built target sentry_chassis_controller
[ 85%] Built target dual_mode_chassis_controller
[ 95%] Built target forward_kinematics_node
[01m[K/home/idris/final_ws/src/sentry_chassis_controller/src/sentry_control_key_feature.cpp:234:14:[m[K [01;35m[Kwarning: [m[Kmulti-character character constant [[01;35m[K-Wmultichar[m[K]
  234 |         case [01;35m[K'Quat'[m[K:
      |              [01;35m[K^~~~~~[m[K
[01m[K/home/idris/final_ws/src/sentry_chassis_controller/src/sentry_control_key_feature.cpp:[m[K In member function ‘[01m[Kvoid TeleopTurtle::keyLoop()[m[K’:
[01m[K/home/idris/final_ws/src/sentry_chassis_controller/src/sentry_control_key_feature.cpp:234:9:[m[K [01;35m[Kwarning: [m[Kcase label value exceeds maximum value for type
  234 |         [01;35m[Kcase[m[K 'Quat':
      |         [01;35m[K^~~~[m[K
[100%] [32m[1mLinking CXX executable /home/idris/final_ws/devel/.private/sentry_chassis_controller/lib/sentry_chassis_controller/sentry_control_key_feature[0m
[100%] Built target sentry_control_key_feature
