Not searching for unused variables given on the command line.
-- Using CATKIN_DEVEL_PREFIX: /home/idris/final_ws/devel/.private/sentry_chassis_controller
-- Using CMAKE_PREFIX_PATH: /home/idris/final_ws/devel;/opt/ros/noetic
-- This workspace overlays: /home/idris/final_ws/devel;/opt/ros/noetic
-- Found PythonInterp: /home/idris/miniconda3/bin/python3 (found suitable version "3.13.9", minimum required is "3")
-- Using PYTHON_EXECUTABLE: /home/idris/miniconda3/bin/python3
-- Using Debian Python package layout
-- Using empy: /home/idris/.local/lib/python3.13/site-packages/em.py
-- Using CATKIN_ENABLE_TESTING: ON
-- Call enable_testing()
-- Using CATKIN_TEST_RESULTS_DIR: /home/idris/final_ws/build/sentry_chassis_controller/test_results
-- Forcing gtest/gmock from source, though one was otherwise available.
-- Found gtest sources under '/usr/src/googletest': gtests will be built
-- Found gmock sources under '/usr/src/googletest': gmock will be built
-- Found PythonInterp: /home/idris/miniconda3/bin/python3 (found version "3.13.9")
-- Using Python nosetests: /usr/bin/nosetests3
-- catkin 0.8.12
-- BUILD_SHARED_LIBS is on
-- Using these message generators: gencpp;geneus;genlisp;gennodejs;genpy
WARNING: package 'gazebo_msgs' is deprecated (This package has been deprecated as of January 2025 with Gazebo classic 11 reaching
      end-of-life. Users are highly encouraged to migrate to the new Gazebo
      using our migration guides (https://gazebosim.org/docs/latest/gazebo_classic_migration))
-- Configuring done
-- Generating done
-- Build files have been written to: /home/idris/final_ws/build/sentry_chassis_controller
