[01m[K/home/idris/final_ws/src/sentry_chassis_controller/src/dual_mode_chassis_controller.cpp:[m[K In constructor ‘[01m[KDualModeChassisController::DualModeChassisController()[m[K’:
[01m[K/home/idris/final_ws/src/sentry_chassis_controller/src/dual_mode_chassis_controller.cpp:62:36:[m[K [01;31m[Kerror: [m[K‘[01m[Kgeometry_msgs::TwistStamped_<std::allocator<void> >::_twist_type[m[K’ {aka ‘[01m[Kstruct geometry_msgs::Twist_<std::allocator<void> >[m[K’} has no member named ‘[01m[Ktwist[m[K’; did you mean ‘[01m[KTwist_[m[K’?
   62 |         cmd_linear_absolute_.twist.[01;31m[Ktwist[m[K.linear.x = 0.0;
      |                                    [01;31m[K^~~~~[m[K
      |                                    [32m[KTwist_[m[K
[01m[K/home/idris/final_ws/src/sentry_chassis_controller/src/dual_mode_chassis_controller.cpp:63:36:[m[K [01;31m[Kerror: [m[K‘[01m[Kgeometry_msgs::TwistStamped_<std::allocator<void> >::_twist_type[m[K’ {aka ‘[01m[Kstruct geometry_msgs::Twist_<std::allocator<void> >[m[K’} has no member named ‘[01m[Ktwist[m[K’; did you mean ‘[01m[KTwist_[m[K’?
   63 |         cmd_linear_absolute_.twist.[01;31m[Ktwist[m[K.linear.y = 0.0;
      |                                    [01;31m[K^~~~~[m[K
      |                                    [32m[KTwist_[m[K
[01m[K/home/idris/final_ws/src/sentry_chassis_controller/src/dual_mode_chassis_controller.cpp:64:36:[m[K [01;31m[Kerror: [m[K‘[01m[Kgeometry_msgs::TwistStamped_<std::allocator<void> >::_twist_type[m[K’ {aka ‘[01m[Kstruct geometry_msgs::Twist_<std::allocator<void> >[m[K’} has no member named ‘[01m[Ktwist[m[K’; did you mean ‘[01m[KTwist_[m[K’?
   64 |         cmd_linear_absolute_.twist.[01;31m[Ktwist[m[K.angular.z = 0.0;
      |                                    [01;31m[K^~~~~[m[K
      |                                    [32m[KTwist_[m[K
[01m[K/home/idris/final_ws/src/sentry_chassis_controller/src/dual_mode_chassis_controller.cpp:[m[K In function ‘[01m[Kint main(int, char**)[m[K’:
[01m[K/home/idris/final_ws/src/sentry_chassis_controller/src/dual_mode_chassis_controller.cpp:205:7:[m[K [01;35m[Kwarning: [m[Kexception of type ‘[01m[Kros::Exception[m[K’ will be caught
  205 |     } [01;35m[Kcatch[m[K (ros::Exception& e) {
      |       [01;35m[K^~~~~[m[K
[01m[K/home/idris/final_ws/src/sentry_chassis_controller/src/dual_mode_chassis_controller.cpp:202:7:[m[K [01;35m[Kwarning: [m[K   by earlier handler for ‘[01m[Kstd::exception[m[K’
  202 |     } [01;35m[Kcatch[m[K (const std::exception& e) {
      |       [01;35m[K^~~~~[m[K
make[2]: *** [CMakeFiles/dual_mode_chassis_controller.dir/build.make:63：CMakeFiles/dual_mode_chassis_controller.dir/src/dual_mode_chassis_controller.cpp.o] 错误 1
make[1]: *** [CMakeFiles/Makefile2:1473：CMakeFiles/dual_mode_chassis_controller.dir/all] 错误 2
make: *** [Makefile:141：all] 错误 2
