/usr/bin/cmake -S/home/idris/final_ws/src/sentry_chassis_controller -B/home/idris/final_ws/build/sentry_chassis_controller --check-build-system CMakeFiles/Makefile.cmake 0
/usr/bin/cmake -E cmake_progress_start /home/idris/final_ws/build/sentry_chassis_controller/CMakeFiles /home/idris/final_ws/build/sentry_chassis_controller/CMakeFiles/progress.marks
/usr/bin/make -f CMakeFiles/Makefile2 all
make[1]: 进入目录“/home/idris/final_ws/build/sentry_chassis_controller”
/usr/bin/make -f CMakeFiles/dynamic_reconfigure_generate_messages_lisp.dir/build.make CMakeFiles/dynamic_reconfigure_generate_messages_lisp.dir/depend
/usr/bin/make -f CMakeFiles/tf2_msgs_generate_messages_nodejs.dir/build.make CMakeFiles/tf2_msgs_generate_messages_nodejs.dir/depend
/usr/bin/make -f CMakeFiles/tf2_msgs_generate_messages_lisp.dir/build.make CMakeFiles/tf2_msgs_generate_messages_lisp.dir/depend
/usr/bin/make -f CMakeFiles/actionlib_generate_messages_py.dir/build.make CMakeFiles/actionlib_generate_messages_py.dir/depend
/usr/bin/make -f CMakeFiles/actionlib_generate_messages_nodejs.dir/build.make CMakeFiles/actionlib_generate_messages_nodejs.dir/depend
/usr/bin/make -f CMakeFiles/actionlib_generate_messages_cpp.dir/build.make CMakeFiles/actionlib_generate_messages_cpp.dir/depend
make[2]: 进入目录“/home/idris/final_ws/build/sentry_chassis_controller”
cd /home/idris/final_ws/build/sentry_chassis_controller && /usr/bin/cmake -E cmake_depends "Unix Makefiles" /home/idris/final_ws/src/sentry_chassis_controller /home/idris/final_ws/src/sentry_chassis_controller /home/idris/final_ws/build/sentry_chassis_controller /home/idris/final_ws/build/sentry_chassis_controller /home/idris/final_ws/build/sentry_chassis_controller/CMakeFiles/dynamic_reconfigure_generate_messages_lisp.dir/DependInfo.cmake --color=
/usr/bin/make -f CMakeFiles/std_srvs_generate_messages_nodejs.dir/build.make CMakeFiles/std_srvs_generate_messages_nodejs.dir/depend
make[2]: 进入目录“/home/idris/final_ws/build/sentry_chassis_controller”
cd /home/idris/final_ws/build/sentry_chassis_controller && /usr/bin/cmake -E cmake_depends "Unix Makefiles" /home/idris/final_ws/src/sentry_chassis_controller /home/idris/final_ws/src/sentry_chassis_controller /home/idris/final_ws/build/sentry_chassis_controller /home/idris/final_ws/build/sentry_chassis_controller /home/idris/final_ws/build/sentry_chassis_controller/CMakeFiles/tf2_msgs_generate_messages_nodejs.dir/DependInfo.cmake --color=
make[2]: 进入目录“/home/idris/final_ws/build/sentry_chassis_controller”
cd /home/idris/final_ws/build/sentry_chassis_controller && /usr/bin/cmake -E cmake_depends "Unix Makefiles" /home/idris/final_ws/src/sentry_chassis_controller /home/idris/final_ws/src/sentry_chassis_controller /home/idris/final_ws/build/sentry_chassis_controller /home/idris/final_ws/build/sentry_chassis_controller /home/idris/final_ws/build/sentry_chassis_controller/CMakeFiles/tf2_msgs_generate_messages_lisp.dir/DependInfo.cmake --color=
make[2]: 进入目录“/home/idris/final_ws/build/sentry_chassis_controller”
cd /home/idris/final_ws/build/sentry_chassis_controller && /usr/bin/cmake -E cmake_depends "Unix Makefiles" /home/idris/final_ws/src/sentry_chassis_controller /home/idris/final_ws/src/sentry_chassis_controller /home/idris/final_ws/build/sentry_chassis_controller /home/idris/final_ws/build/sentry_chassis_controller /home/idris/final_ws/build/sentry_chassis_controller/CMakeFiles/actionlib_generate_messages_py.dir/DependInfo.cmake --color=
make[2]: 进入目录“/home/idris/final_ws/build/sentry_chassis_controller”
cd /home/idris/final_ws/build/sentry_chassis_controller && /usr/bin/cmake -E cmake_depends "Unix Makefiles" /home/idris/final_ws/src/sentry_chassis_controller /home/idris/final_ws/src/sentry_chassis_controller /home/idris/final_ws/build/sentry_chassis_controller /home/idris/final_ws/build/sentry_chassis_controller /home/idris/final_ws/build/sentry_chassis_controller/CMakeFiles/actionlib_generate_messages_nodejs.dir/DependInfo.cmake --color=
make[2]: 进入目录“/home/idris/final_ws/build/sentry_chassis_controller”
cd /home/idris/final_ws/build/sentry_chassis_controller && /usr/bin/cmake -E cmake_depends "Unix Makefiles" /home/idris/final_ws/src/sentry_chassis_controller /home/idris/final_ws/src/sentry_chassis_controller /home/idris/final_ws/build/sentry_chassis_controller /home/idris/final_ws/build/sentry_chassis_controller /home/idris/final_ws/build/sentry_chassis_controller/CMakeFiles/actionlib_generate_messages_cpp.dir/DependInfo.cmake --color=
/usr/bin/make -f CMakeFiles/std_srvs_generate_messages_lisp.dir/build.make CMakeFiles/std_srvs_generate_messages_lisp.dir/depend
make[2]: 进入目录“/home/idris/final_ws/build/sentry_chassis_controller”
cd /home/idris/final_ws/build/sentry_chassis_controller && /usr/bin/cmake -E cmake_depends "Unix Makefiles" /home/idris/final_ws/src/sentry_chassis_controller /home/idris/final_ws/src/sentry_chassis_controller /home/idris/final_ws/build/sentry_chassis_controller /home/idris/final_ws/build/sentry_chassis_controller /home/idris/final_ws/build/sentry_chassis_controller/CMakeFiles/std_srvs_generate_messages_nodejs.dir/DependInfo.cmake --color=
make[2]: 离开目录“/home/idris/final_ws/build/sentry_chassis_controller”
/usr/bin/make -f CMakeFiles/tf2_msgs_generate_messages_nodejs.dir/build.make CMakeFiles/tf2_msgs_generate_messages_nodejs.dir/build
make[2]: 进入目录“/home/idris/final_ws/build/sentry_chassis_controller”
cd /home/idris/final_ws/build/sentry_chassis_controller && /usr/bin/cmake -E cmake_depends "Unix Makefiles" /home/idris/final_ws/src/sentry_chassis_controller /home/idris/final_ws/src/sentry_chassis_controller /home/idris/final_ws/build/sentry_chassis_controller /home/idris/final_ws/build/sentry_chassis_controller /home/idris/final_ws/build/sentry_chassis_controller/CMakeFiles/std_srvs_generate_messages_lisp.dir/DependInfo.cmake --color=
make[2]: 离开目录“/home/idris/final_ws/build/sentry_chassis_controller”
make[2]: 离开目录“/home/idris/final_ws/build/sentry_chassis_controller”
/usr/bin/make -f CMakeFiles/tf2_msgs_generate_messages_lisp.dir/build.make CMakeFiles/tf2_msgs_generate_messages_lisp.dir/build
/usr/bin/make -f CMakeFiles/actionlib_generate_messages_py.dir/build.make CMakeFiles/actionlib_generate_messages_py.dir/build
make[2]: 进入目录“/home/idris/final_ws/build/sentry_chassis_controller”
make[2]: 对“CMakeFiles/tf2_msgs_generate_messages_nodejs.dir/build”无需做任何事。
make[2]: 离开目录“/home/idris/final_ws/build/sentry_chassis_controller”
make[2]: 离开目录“/home/idris/final_ws/build/sentry_chassis_controller”
/usr/bin/make -f CMakeFiles/actionlib_generate_messages_nodejs.dir/build.make CMakeFiles/actionlib_generate_messages_nodejs.dir/build
make[2]: 离开目录“/home/idris/final_ws/build/sentry_chassis_controller”
make[2]: 进入目录“/home/idris/final_ws/build/sentry_chassis_controller”
make[2]: 对“CMakeFiles/tf2_msgs_generate_messages_lisp.dir/build”无需做任何事。
make[2]: 离开目录“/home/idris/final_ws/build/sentry_chassis_controller”
make[2]: 进入目录“/home/idris/final_ws/build/sentry_chassis_controller”
make[2]: 对“CMakeFiles/actionlib_generate_messages_py.dir/build”无需做任何事。
make[2]: 离开目录“/home/idris/final_ws/build/sentry_chassis_controller”
/usr/bin/make -f CMakeFiles/dynamic_reconfigure_generate_messages_lisp.dir/build.make CMakeFiles/dynamic_reconfigure_generate_messages_lisp.dir/build
make[2]: 进入目录“/home/idris/final_ws/build/sentry_chassis_controller”
make[2]: 对“CMakeFiles/actionlib_generate_messages_nodejs.dir/build”无需做任何事。
make[2]: 离开目录“/home/idris/final_ws/build/sentry_chassis_controller”
make[2]: 进入目录“/home/idris/final_ws/build/sentry_chassis_controller”
make[2]: 对“CMakeFiles/dynamic_reconfigure_generate_messages_lisp.dir/build”无需做任何事。
make[2]: 离开目录“/home/idris/final_ws/build/sentry_chassis_controller”
make[2]: 离开目录“/home/idris/final_ws/build/sentry_chassis_controller”
/usr/bin/make -f CMakeFiles/actionlib_generate_messages_cpp.dir/build.make CMakeFiles/actionlib_generate_messages_cpp.dir/build
make[2]: 进入目录“/home/idris/final_ws/build/sentry_chassis_controller”
make[2]: 对“CMakeFiles/actionlib_generate_messages_cpp.dir/build”无需做任何事。
make[2]: 离开目录“/home/idris/final_ws/build/sentry_chassis_controller”
make[2]: 离开目录“/home/idris/final_ws/build/sentry_chassis_controller”
/usr/bin/make -f CMakeFiles/std_srvs_generate_messages_nodejs.dir/build.make CMakeFiles/std_srvs_generate_messages_nodejs.dir/build
make[2]: 离开目录“/home/idris/final_ws/build/sentry_chassis_controller”
[  0%] Built target tf2_msgs_generate_messages_nodejs
/usr/bin/make -f CMakeFiles/std_srvs_generate_messages_lisp.dir/build.make CMakeFiles/std_srvs_generate_messages_lisp.dir/build
/usr/bin/make -f CMakeFiles/std_srvs_generate_messages_eus.dir/build.make CMakeFiles/std_srvs_generate_messages_eus.dir/depend
make[2]: 进入目录“/home/idris/final_ws/build/sentry_chassis_controller”
make[2]: 对“CMakeFiles/std_srvs_generate_messages_nodejs.dir/build”无需做任何事。
make[2]: 离开目录“/home/idris/final_ws/build/sentry_chassis_controller”
make[2]: 进入目录“/home/idris/final_ws/build/sentry_chassis_controller”
make[2]: 对“CMakeFiles/std_srvs_generate_messages_lisp.dir/build”无需做任何事。
make[2]: 离开目录“/home/idris/final_ws/build/sentry_chassis_controller”
[  0%] Built target actionlib_generate_messages_py
/usr/bin/make -f CMakeFiles/gazebo_msgs_generate_messages_py.dir/build.make CMakeFiles/gazebo_msgs_generate_messages_py.dir/depend
make[2]: 进入目录“/home/idris/final_ws/build/sentry_chassis_controller”
cd /home/idris/final_ws/build/sentry_chassis_controller && /usr/bin/cmake -E cmake_depends "Unix Makefiles" /home/idris/final_ws/src/sentry_chassis_controller /home/idris/final_ws/src/sentry_chassis_controller /home/idris/final_ws/build/sentry_chassis_controller /home/idris/final_ws/build/sentry_chassis_controller /home/idris/final_ws/build/sentry_chassis_controller/CMakeFiles/std_srvs_generate_messages_eus.dir/DependInfo.cmake --color=
[  0%] Built target tf2_msgs_generate_messages_lisp
make[2]: 进入目录“/home/idris/final_ws/build/sentry_chassis_controller”
cd /home/idris/final_ws/build/sentry_chassis_controller && /usr/bin/cmake -E cmake_depends "Unix Makefiles" /home/idris/final_ws/src/sentry_chassis_controller /home/idris/final_ws/src/sentry_chassis_controller /home/idris/final_ws/build/sentry_chassis_controller /home/idris/final_ws/build/sentry_chassis_controller /home/idris/final_ws/build/sentry_chassis_controller/CMakeFiles/gazebo_msgs_generate_messages_py.dir/DependInfo.cmake --color=
/usr/bin/make -f CMakeFiles/gazebo_msgs_generate_messages_nodejs.dir/build.make CMakeFiles/gazebo_msgs_generate_messages_nodejs.dir/depend
make[2]: 进入目录“/home/idris/final_ws/build/sentry_chassis_controller”
cd /home/idris/final_ws/build/sentry_chassis_controller && /usr/bin/cmake -E cmake_depends "Unix Makefiles" /home/idris/final_ws/src/sentry_chassis_controller /home/idris/final_ws/src/sentry_chassis_controller /home/idris/final_ws/build/sentry_chassis_controller /home/idris/final_ws/build/sentry_chassis_controller /home/idris/final_ws/build/sentry_chassis_controller/CMakeFiles/gazebo_msgs_generate_messages_nodejs.dir/DependInfo.cmake --color=
[  0%] Built target actionlib_generate_messages_nodejs
[  0%] Built target dynamic_reconfigure_generate_messages_lisp
/usr/bin/make -f CMakeFiles/gazebo_msgs_generate_messages_cpp.dir/build.make CMakeFiles/gazebo_msgs_generate_messages_cpp.dir/depend
/usr/bin/make -f CMakeFiles/nav_msgs_generate_messages_py.dir/build.make CMakeFiles/nav_msgs_generate_messages_py.dir/depend
make[2]: 进入目录“/home/idris/final_ws/build/sentry_chassis_controller”
cd /home/idris/final_ws/build/sentry_chassis_controller && /usr/bin/cmake -E cmake_depends "Unix Makefiles" /home/idris/final_ws/src/sentry_chassis_controller /home/idris/final_ws/src/sentry_chassis_controller /home/idris/final_ws/build/sentry_chassis_controller /home/idris/final_ws/build/sentry_chassis_controller /home/idris/final_ws/build/sentry_chassis_controller/CMakeFiles/nav_msgs_generate_messages_py.dir/DependInfo.cmake --color=
make[2]: 进入目录“/home/idris/final_ws/build/sentry_chassis_controller”
cd /home/idris/final_ws/build/sentry_chassis_controller && /usr/bin/cmake -E cmake_depends "Unix Makefiles" /home/idris/final_ws/src/sentry_chassis_controller /home/idris/final_ws/src/sentry_chassis_controller /home/idris/final_ws/build/sentry_chassis_controller /home/idris/final_ws/build/sentry_chassis_controller /home/idris/final_ws/build/sentry_chassis_controller/CMakeFiles/gazebo_msgs_generate_messages_cpp.dir/DependInfo.cmake --color=
[  0%] Built target actionlib_generate_messages_cpp
[  0%] Built target std_srvs_generate_messages_lisp
/usr/bin/make -f CMakeFiles/nav_msgs_generate_messages_lisp.dir/build.make CMakeFiles/nav_msgs_generate_messages_lisp.dir/depend
/usr/bin/make -f CMakeFiles/geometry_msgs_generate_messages_eus.dir/build.make CMakeFiles/geometry_msgs_generate_messages_eus.dir/depend
[  0%] Built target std_srvs_generate_messages_nodejs
make[2]: 进入目录“/home/idris/final_ws/build/sentry_chassis_controller”
cd /home/idris/final_ws/build/sentry_chassis_controller && /usr/bin/cmake -E cmake_depends "Unix Makefiles" /home/idris/final_ws/src/sentry_chassis_controller /home/idris/final_ws/src/sentry_chassis_controller /home/idris/final_ws/build/sentry_chassis_controller /home/idris/final_ws/build/sentry_chassis_controller /home/idris/final_ws/build/sentry_chassis_controller/CMakeFiles/nav_msgs_generate_messages_lisp.dir/DependInfo.cmake --color=
/usr/bin/make -f CMakeFiles/std_msgs_generate_messages_nodejs.dir/build.make CMakeFiles/std_msgs_generate_messages_nodejs.dir/depend
make[2]: 进入目录“/home/idris/final_ws/build/sentry_chassis_controller”
cd /home/idris/final_ws/build/sentry_chassis_controller && /usr/bin/cmake -E cmake_depends "Unix Makefiles" /home/idris/final_ws/src/sentry_chassis_controller /home/idris/final_ws/src/sentry_chassis_controller /home/idris/final_ws/build/sentry_chassis_controller /home/idris/final_ws/build/sentry_chassis_controller /home/idris/final_ws/build/sentry_chassis_controller/CMakeFiles/geometry_msgs_generate_messages_eus.dir/DependInfo.cmake --color=
make[2]: 进入目录“/home/idris/final_ws/build/sentry_chassis_controller”
cd /home/idris/final_ws/build/sentry_chassis_controller && /usr/bin/cmake -E cmake_depends "Unix Makefiles" /home/idris/final_ws/src/sentry_chassis_controller /home/idris/final_ws/src/sentry_chassis_controller /home/idris/final_ws/build/sentry_chassis_controller /home/idris/final_ws/build/sentry_chassis_controller /home/idris/final_ws/build/sentry_chassis_controller/CMakeFiles/std_msgs_generate_messages_nodejs.dir/DependInfo.cmake --color=
make[2]: 离开目录“/home/idris/final_ws/build/sentry_chassis_controller”
/usr/bin/make -f CMakeFiles/gazebo_msgs_generate_messages_nodejs.dir/build.make CMakeFiles/gazebo_msgs_generate_messages_nodejs.dir/build
make[2]: 进入目录“/home/idris/final_ws/build/sentry_chassis_controller”
make[2]: 对“CMakeFiles/gazebo_msgs_generate_messages_nodejs.dir/build”无需做任何事。
make[2]: 离开目录“/home/idris/final_ws/build/sentry_chassis_controller”
make[2]: 离开目录“/home/idris/final_ws/build/sentry_chassis_controller”
make[2]: 离开目录“/home/idris/final_ws/build/sentry_chassis_controller”
/usr/bin/make -f CMakeFiles/std_srvs_generate_messages_eus.dir/build.make CMakeFiles/std_srvs_generate_messages_eus.dir/build
make[2]: 离开目录“/home/idris/final_ws/build/sentry_chassis_controller”
/usr/bin/make -f CMakeFiles/gazebo_msgs_generate_messages_py.dir/build.make CMakeFiles/gazebo_msgs_generate_messages_py.dir/build
/usr/bin/make -f CMakeFiles/nav_msgs_generate_messages_py.dir/build.make CMakeFiles/nav_msgs_generate_messages_py.dir/build
make[2]: 进入目录“/home/idris/final_ws/build/sentry_chassis_controller”
make[2]: 对“CMakeFiles/std_srvs_generate_messages_eus.dir/build”无需做任何事。
make[2]: 离开目录“/home/idris/final_ws/build/sentry_chassis_controller”
make[2]: 进入目录“/home/idris/final_ws/build/sentry_chassis_controller”
make[2]: 对“CMakeFiles/nav_msgs_generate_messages_py.dir/build”无需做任何事。
make[2]: 离开目录“/home/idris/final_ws/build/sentry_chassis_controller”
make[2]: 进入目录“/home/idris/final_ws/build/sentry_chassis_controller”
make[2]: 对“CMakeFiles/gazebo_msgs_generate_messages_py.dir/build”无需做任何事。
make[2]: 离开目录“/home/idris/final_ws/build/sentry_chassis_controller”
make[2]: 离开目录“/home/idris/final_ws/build/sentry_chassis_controller”
/usr/bin/make -f CMakeFiles/nav_msgs_generate_messages_lisp.dir/build.make CMakeFiles/nav_msgs_generate_messages_lisp.dir/build
make[2]: 离开目录“/home/idris/final_ws/build/sentry_chassis_controller”
/usr/bin/make -f CMakeFiles/geometry_msgs_generate_messages_eus.dir/build.make CMakeFiles/geometry_msgs_generate_messages_eus.dir/build
make[2]: 进入目录“/home/idris/final_ws/build/sentry_chassis_controller”
make[2]: 对“CMakeFiles/nav_msgs_generate_messages_lisp.dir/build”无需做任何事。
make[2]: 离开目录“/home/idris/final_ws/build/sentry_chassis_controller”
[  0%] Built target gazebo_msgs_generate_messages_nodejs
make[2]: 离开目录“/home/idris/final_ws/build/sentry_chassis_controller”
[  0%] Built target std_srvs_generate_messages_eus
/usr/bin/make -f CMakeFiles/gazebo_msgs_generate_messages_cpp.dir/build.make CMakeFiles/gazebo_msgs_generate_messages_cpp.dir/build
/usr/bin/make -f CMakeFiles/nav_msgs_generate_messages_nodejs.dir/build.make CMakeFiles/nav_msgs_generate_messages_nodejs.dir/depend
make[2]: 进入目录“/home/idris/final_ws/build/sentry_chassis_controller”
make[2]: 对“CMakeFiles/gazebo_msgs_generate_messages_cpp.dir/build”无需做任何事。
make[2]: 进入目录“/home/idris/final_ws/build/sentry_chassis_controller”
make[2]: 对“CMakeFiles/geometry_msgs_generate_messages_eus.dir/build”无需做任何事。
make[2]: 离开目录“/home/idris/final_ws/build/sentry_chassis_controller”
make[2]: 离开目录“/home/idris/final_ws/build/sentry_chassis_controller”
[  0%] Built target nav_msgs_generate_messages_py
/usr/bin/make -f CMakeFiles/sensor_msgs_generate_messages_cpp.dir/build.make CMakeFiles/sensor_msgs_generate_messages_cpp.dir/depend
make[2]: 进入目录“/home/idris/final_ws/build/sentry_chassis_controller”
cd /home/idris/final_ws/build/sentry_chassis_controller && /usr/bin/cmake -E cmake_depends "Unix Makefiles" /home/idris/final_ws/src/sentry_chassis_controller /home/idris/final_ws/src/sentry_chassis_controller /home/idris/final_ws/build/sentry_chassis_controller /home/idris/final_ws/build/sentry_chassis_controller /home/idris/final_ws/build/sentry_chassis_controller/CMakeFiles/nav_msgs_generate_messages_nodejs.dir/DependInfo.cmake --color=
[  0%] Built target gazebo_msgs_generate_messages_py
make[2]: 进入目录“/home/idris/final_ws/build/sentry_chassis_controller”
/usr/bin/make -f CMakeFiles/tf2_msgs_generate_messages_py.dir/build.make CMakeFiles/tf2_msgs_generate_messages_py.dir/depend
cd /home/idris/final_ws/build/sentry_chassis_controller && /usr/bin/cmake -E cmake_depends "Unix Makefiles" /home/idris/final_ws/src/sentry_chassis_controller /home/idris/final_ws/src/sentry_chassis_controller /home/idris/final_ws/build/sentry_chassis_controller /home/idris/final_ws/build/sentry_chassis_controller /home/idris/final_ws/build/sentry_chassis_controller/CMakeFiles/sensor_msgs_generate_messages_cpp.dir/DependInfo.cmake --color=
/usr/bin/make -f CMakeFiles/gazebo_msgs_generate_messages_lisp.dir/build.make CMakeFiles/gazebo_msgs_generate_messages_lisp.dir/depend
make[2]: 进入目录“/home/idris/final_ws/build/sentry_chassis_controller”
cd /home/idris/final_ws/build/sentry_chassis_controller && /usr/bin/cmake -E cmake_depends "Unix Makefiles" /home/idris/final_ws/src/sentry_chassis_controller /home/idris/final_ws/src/sentry_chassis_controller /home/idris/final_ws/build/sentry_chassis_controller /home/idris/final_ws/build/sentry_chassis_controller /home/idris/final_ws/build/sentry_chassis_controller/CMakeFiles/tf2_msgs_generate_messages_py.dir/DependInfo.cmake --color=
make[2]: 离开目录“/home/idris/final_ws/build/sentry_chassis_controller”
[  0%] Built target geometry_msgs_generate_messages_eus
/usr/bin/make -f CMakeFiles/std_msgs_generate_messages_nodejs.dir/build.make CMakeFiles/std_msgs_generate_messages_nodejs.dir/build
make[2]: 离开目录“/home/idris/final_ws/build/sentry_chassis_controller”
/usr/bin/make -f CMakeFiles/sensor_msgs_generate_messages_cpp.dir/build.make CMakeFiles/sensor_msgs_generate_messages_cpp.dir/build
make[2]: 进入目录“/home/idris/final_ws/build/sentry_chassis_controller”
cd /home/idris/final_ws/build/sentry_chassis_controller && /usr/bin/cmake -E cmake_depends "Unix Makefiles" /home/idris/final_ws/src/sentry_chassis_controller /home/idris/final_ws/src/sentry_chassis_controller /home/idris/final_ws/build/sentry_chassis_controller /home/idris/final_ws/build/sentry_chassis_controller /home/idris/final_ws/build/sentry_chassis_controller/CMakeFiles/gazebo_msgs_generate_messages_lisp.dir/DependInfo.cmake --color=
[  0%] Built target nav_msgs_generate_messages_lisp
make[2]: 进入目录“/home/idris/final_ws/build/sentry_chassis_controller”
make[2]: 对“CMakeFiles/std_msgs_generate_messages_nodejs.dir/build”无需做任何事。
make[2]: 离开目录“/home/idris/final_ws/build/sentry_chassis_controller”
/usr/bin/make -f CMakeFiles/dynamic_reconfigure_generate_messages_nodejs.dir/build.make CMakeFiles/dynamic_reconfigure_generate_messages_nodejs.dir/depend
/usr/bin/make -f CMakeFiles/std_msgs_generate_messages_py.dir/build.make CMakeFiles/std_msgs_generate_messages_py.dir/depend
[  0%] Built target gazebo_msgs_generate_messages_cpp
make[2]: 离开目录“/home/idris/final_ws/build/sentry_chassis_controller”
/usr/bin/make -f CMakeFiles/nav_msgs_generate_messages_nodejs.dir/build.make CMakeFiles/nav_msgs_generate_messages_nodejs.dir/build
make[2]: 进入目录“/home/idris/final_ws/build/sentry_chassis_controller”
cd /home/idris/final_ws/build/sentry_chassis_controller && /usr/bin/cmake -E cmake_depends "Unix Makefiles" /home/idris/final_ws/src/sentry_chassis_controller /home/idris/final_ws/src/sentry_chassis_controller /home/idris/final_ws/build/sentry_chassis_controller /home/idris/final_ws/build/sentry_chassis_controller /home/idris/final_ws/build/sentry_chassis_controller/CMakeFiles/dynamic_reconfigure_generate_messages_nodejs.dir/DependInfo.cmake --color=
make[2]: 进入目录“/home/idris/final_ws/build/sentry_chassis_controller”
cd /home/idris/final_ws/build/sentry_chassis_controller && /usr/bin/cmake -E cmake_depends "Unix Makefiles" /home/idris/final_ws/src/sentry_chassis_controller /home/idris/final_ws/src/sentry_chassis_controller /home/idris/final_ws/build/sentry_chassis_controller /home/idris/final_ws/build/sentry_chassis_controller /home/idris/final_ws/build/sentry_chassis_controller/CMakeFiles/std_msgs_generate_messages_py.dir/DependInfo.cmake --color=
/usr/bin/make -f CMakeFiles/std_msgs_generate_messages_cpp.dir/build.make CMakeFiles/std_msgs_generate_messages_cpp.dir/depend
make[2]: 进入目录“/home/idris/final_ws/build/sentry_chassis_controller”
make[2]: 对“CMakeFiles/sensor_msgs_generate_messages_cpp.dir/build”无需做任何事。
make[2]: 离开目录“/home/idris/final_ws/build/sentry_chassis_controller”
make[2]: 进入目录“/home/idris/final_ws/build/sentry_chassis_controller”
make[2]: 对“CMakeFiles/nav_msgs_generate_messages_nodejs.dir/build”无需做任何事。
make[2]: 进入目录“/home/idris/final_ws/build/sentry_chassis_controller”
cd /home/idris/final_ws/build/sentry_chassis_controller && /usr/bin/cmake -E cmake_depends "Unix Makefiles" /home/idris/final_ws/src/sentry_chassis_controller /home/idris/final_ws/src/sentry_chassis_controller /home/idris/final_ws/build/sentry_chassis_controller /home/idris/final_ws/build/sentry_chassis_controller /home/idris/final_ws/build/sentry_chassis_controller/CMakeFiles/std_msgs_generate_messages_cpp.dir/DependInfo.cmake --color=
make[2]: 离开目录“/home/idris/final_ws/build/sentry_chassis_controller”
make[2]: 离开目录“/home/idris/final_ws/build/sentry_chassis_controller”
/usr/bin/make -f CMakeFiles/tf2_msgs_generate_messages_py.dir/build.make CMakeFiles/tf2_msgs_generate_messages_py.dir/build
[  0%] Built target std_msgs_generate_messages_nodejs
/usr/bin/make -f CMakeFiles/rosgraph_msgs_generate_messages_nodejs.dir/build.make CMakeFiles/rosgraph_msgs_generate_messages_nodejs.dir/depend
[  0%] Built target sensor_msgs_generate_messages_cpp
make[2]: 进入目录“/home/idris/final_ws/build/sentry_chassis_controller”
cd /home/idris/final_ws/build/sentry_chassis_controller && /usr/bin/cmake -E cmake_depends "Unix Makefiles" /home/idris/final_ws/src/sentry_chassis_controller /home/idris/final_ws/src/sentry_chassis_controller /home/idris/final_ws/build/sentry_chassis_controller /home/idris/final_ws/build/sentry_chassis_controller /home/idris/final_ws/build/sentry_chassis_controller/CMakeFiles/rosgraph_msgs_generate_messages_nodejs.dir/DependInfo.cmake --color=
/usr/bin/make -f CMakeFiles/actionlib_msgs_generate_messages_py.dir/build.make CMakeFiles/actionlib_msgs_generate_messages_py.dir/depend
make[2]: 进入目录“/home/idris/final_ws/build/sentry_chassis_controller”
make[2]: 对“CMakeFiles/tf2_msgs_generate_messages_py.dir/build”无需做任何事。
make[2]: 离开目录“/home/idris/final_ws/build/sentry_chassis_controller”
make[2]: 进入目录“/home/idris/final_ws/build/sentry_chassis_controller”
cd /home/idris/final_ws/build/sentry_chassis_controller && /usr/bin/cmake -E cmake_depends "Unix Makefiles" /home/idris/final_ws/src/sentry_chassis_controller /home/idris/final_ws/src/sentry_chassis_controller /home/idris/final_ws/build/sentry_chassis_controller /home/idris/final_ws/build/sentry_chassis_controller /home/idris/final_ws/build/sentry_chassis_controller/CMakeFiles/actionlib_msgs_generate_messages_py.dir/DependInfo.cmake --color=
make[2]: 离开目录“/home/idris/final_ws/build/sentry_chassis_controller”
/usr/bin/make -f CMakeFiles/std_msgs_generate_messages_py.dir/build.make CMakeFiles/std_msgs_generate_messages_py.dir/build
make[2]: 离开目录“/home/idris/final_ws/build/sentry_chassis_controller”
/usr/bin/make -f CMakeFiles/gazebo_msgs_generate_messages_lisp.dir/build.make CMakeFiles/gazebo_msgs_generate_messages_lisp.dir/build
make[2]: 进入目录“/home/idris/final_ws/build/sentry_chassis_controller”
make[2]: 对“CMakeFiles/std_msgs_generate_messages_py.dir/build”无需做任何事。
make[2]: 离开目录“/home/idris/final_ws/build/sentry_chassis_controller”
make[2]: 进入目录“/home/idris/final_ws/build/sentry_chassis_controller”
make[2]: 对“CMakeFiles/gazebo_msgs_generate_messages_lisp.dir/build”无需做任何事。
make[2]: 离开目录“/home/idris/final_ws/build/sentry_chassis_controller”
make[2]: 离开目录“/home/idris/final_ws/build/sentry_chassis_controller”
/usr/bin/make -f CMakeFiles/dynamic_reconfigure_generate_messages_nodejs.dir/build.make CMakeFiles/dynamic_reconfigure_generate_messages_nodejs.dir/build
[  0%] Built target nav_msgs_generate_messages_nodejs
make[2]: 进入目录“/home/idris/final_ws/build/sentry_chassis_controller”
make[2]: 对“CMakeFiles/dynamic_reconfigure_generate_messages_nodejs.dir/build”无需做任何事。
make[2]: 离开目录“/home/idris/final_ws/build/sentry_chassis_controller”
/usr/bin/make -f CMakeFiles/actionlib_generate_messages_lisp.dir/build.make CMakeFiles/actionlib_generate_messages_lisp.dir/depend
make[2]: 进入目录“/home/idris/final_ws/build/sentry_chassis_controller”
cd /home/idris/final_ws/build/sentry_chassis_controller && /usr/bin/cmake -E cmake_depends "Unix Makefiles" /home/idris/final_ws/src/sentry_chassis_controller /home/idris/final_ws/src/sentry_chassis_controller /home/idris/final_ws/build/sentry_chassis_controller /home/idris/final_ws/build/sentry_chassis_controller /home/idris/final_ws/build/sentry_chassis_controller/CMakeFiles/actionlib_generate_messages_lisp.dir/DependInfo.cmake --color=
[  0%] Built target std_msgs_generate_messages_py
make[2]: 离开目录“/home/idris/final_ws/build/sentry_chassis_controller”
/usr/bin/make -f CMakeFiles/actionlib_msgs_generate_messages_py.dir/build.make CMakeFiles/actionlib_msgs_generate_messages_py.dir/build
/usr/bin/make -f CMakeFiles/std_msgs_generate_messages_lisp.dir/build.make CMakeFiles/std_msgs_generate_messages_lisp.dir/depend
make[2]: 离开目录“/home/idris/final_ws/build/sentry_chassis_controller”
[  0%] Built target tf2_msgs_generate_messages_py
make[2]: 进入目录“/home/idris/final_ws/build/sentry_chassis_controller”
make[2]: 对“CMakeFiles/actionlib_msgs_generate_messages_py.dir/build”无需做任何事。
make[2]: 离开目录“/home/idris/final_ws/build/sentry_chassis_controller”
[  0%] Built target gazebo_msgs_generate_messages_lisp
[  0%] Built target dynamic_reconfigure_generate_messages_nodejs
/usr/bin/make -f CMakeFiles/std_msgs_generate_messages_cpp.dir/build.make CMakeFiles/std_msgs_generate_messages_cpp.dir/build
/usr/bin/make -f CMakeFiles/std_srvs_generate_messages_cpp.dir/build.make CMakeFiles/std_srvs_generate_messages_cpp.dir/depend
make[2]: 进入目录“/home/idris/final_ws/build/sentry_chassis_controller”
cd /home/idris/final_ws/build/sentry_chassis_controller && /usr/bin/cmake -E cmake_depends "Unix Makefiles" /home/idris/final_ws/src/sentry_chassis_controller /home/idris/final_ws/src/sentry_chassis_controller /home/idris/final_ws/build/sentry_chassis_controller /home/idris/final_ws/build/sentry_chassis_controller /home/idris/final_ws/build/sentry_chassis_controller/CMakeFiles/std_msgs_generate_messages_lisp.dir/DependInfo.cmake --color=
/usr/bin/make -f CMakeFiles/rosgraph_msgs_generate_messages_lisp.dir/build.make CMakeFiles/rosgraph_msgs_generate_messages_lisp.dir/depend
make[2]: 离开目录“/home/idris/final_ws/build/sentry_chassis_controller”
/usr/bin/make -f CMakeFiles/rosgraph_msgs_generate_messages_nodejs.dir/build.make CMakeFiles/rosgraph_msgs_generate_messages_nodejs.dir/build
/usr/bin/make -f CMakeFiles/rosgraph_msgs_generate_messages_py.dir/build.make CMakeFiles/rosgraph_msgs_generate_messages_py.dir/depend
make[2]: 进入目录“/home/idris/final_ws/build/sentry_chassis_controller”
make[2]: 对“CMakeFiles/std_msgs_generate_messages_cpp.dir/build”无需做任何事。
make[2]: 离开目录“/home/idris/final_ws/build/sentry_chassis_controller”
make[2]: 进入目录“/home/idris/final_ws/build/sentry_chassis_controller”
cd /home/idris/final_ws/build/sentry_chassis_controller && /usr/bin/cmake -E cmake_depends "Unix Makefiles" /home/idris/final_ws/src/sentry_chassis_controller /home/idris/final_ws/src/sentry_chassis_controller /home/idris/final_ws/build/sentry_chassis_controller /home/idris/final_ws/build/sentry_chassis_controller /home/idris/final_ws/build/sentry_chassis_controller/CMakeFiles/std_srvs_generate_messages_cpp.dir/DependInfo.cmake --color=
make[2]: 进入目录“/home/idris/final_ws/build/sentry_chassis_controller”
cd /home/idris/final_ws/build/sentry_chassis_controller && /usr/bin/cmake -E cmake_depends "Unix Makefiles" /home/idris/final_ws/src/sentry_chassis_controller /home/idris/final_ws/src/sentry_chassis_controller /home/idris/final_ws/build/sentry_chassis_controller /home/idris/final_ws/build/sentry_chassis_controller /home/idris/final_ws/build/sentry_chassis_controller/CMakeFiles/rosgraph_msgs_generate_messages_lisp.dir/DependInfo.cmake --color=
make[2]: 进入目录“/home/idris/final_ws/build/sentry_chassis_controller”
make[2]: 对“CMakeFiles/rosgraph_msgs_generate_messages_nodejs.dir/build”无需做任何事。
make[2]: 离开目录“/home/idris/final_ws/build/sentry_chassis_controller”
make[2]: 进入目录“/home/idris/final_ws/build/sentry_chassis_controller”
cd /home/idris/final_ws/build/sentry_chassis_controller && /usr/bin/cmake -E cmake_depends "Unix Makefiles" /home/idris/final_ws/src/sentry_chassis_controller /home/idris/final_ws/src/sentry_chassis_controller /home/idris/final_ws/build/sentry_chassis_controller /home/idris/final_ws/build/sentry_chassis_controller /home/idris/final_ws/build/sentry_chassis_controller/CMakeFiles/rosgraph_msgs_generate_messages_py.dir/DependInfo.cmake --color=
make[2]: 离开目录“/home/idris/final_ws/build/sentry_chassis_controller”
/usr/bin/make -f CMakeFiles/actionlib_generate_messages_lisp.dir/build.make CMakeFiles/actionlib_generate_messages_lisp.dir/build
make[2]: 进入目录“/home/idris/final_ws/build/sentry_chassis_controller”
make[2]: 对“CMakeFiles/actionlib_generate_messages_lisp.dir/build”无需做任何事。
make[2]: 离开目录“/home/idris/final_ws/build/sentry_chassis_controller”
[  0%] Built target actionlib_msgs_generate_messages_py
/usr/bin/make -f CMakeFiles/roscpp_generate_messages_cpp.dir/build.make CMakeFiles/roscpp_generate_messages_cpp.dir/depend
[  0%] Built target std_msgs_generate_messages_cpp
make[2]: 离开目录“/home/idris/final_ws/build/sentry_chassis_controller”
/usr/bin/make -f CMakeFiles/std_msgs_generate_messages_lisp.dir/build.make CMakeFiles/std_msgs_generate_messages_lisp.dir/build
make[2]: 进入目录“/home/idris/final_ws/build/sentry_chassis_controller”
cd /home/idris/final_ws/build/sentry_chassis_controller && /usr/bin/cmake -E cmake_depends "Unix Makefiles" /home/idris/final_ws/src/sentry_chassis_controller /home/idris/final_ws/src/sentry_chassis_controller /home/idris/final_ws/build/sentry_chassis_controller /home/idris/final_ws/build/sentry_chassis_controller /home/idris/final_ws/build/sentry_chassis_controller/CMakeFiles/roscpp_generate_messages_cpp.dir/DependInfo.cmake --color=
/usr/bin/make -f CMakeFiles/control_toolbox_gencfg.dir/build.make CMakeFiles/control_toolbox_gencfg.dir/depend
make[2]: 离开目录“/home/idris/final_ws/build/sentry_chassis_controller”
make[2]: 进入目录“/home/idris/final_ws/build/sentry_chassis_controller”
make[2]: 进入目录“/home/idris/final_ws/build/sentry_chassis_controller”
/usr/bin/make -f CMakeFiles/rosgraph_msgs_generate_messages_lisp.dir/build.make CMakeFiles/rosgraph_msgs_generate_messages_lisp.dir/build
make[2]: 对“CMakeFiles/std_msgs_generate_messages_lisp.dir/build”无需做任何事。
make[2]: 离开目录“/home/idris/final_ws/build/sentry_chassis_controller”
cd /home/idris/final_ws/build/sentry_chassis_controller && /usr/bin/cmake -E cmake_depends "Unix Makefiles" /home/idris/final_ws/src/sentry_chassis_controller /home/idris/final_ws/src/sentry_chassis_controller /home/idris/final_ws/build/sentry_chassis_controller /home/idris/final_ws/build/sentry_chassis_controller /home/idris/final_ws/build/sentry_chassis_controller/CMakeFiles/control_toolbox_gencfg.dir/DependInfo.cmake --color=
make[2]: 进入目录“/home/idris/final_ws/build/sentry_chassis_controller”
make[2]: 对“CMakeFiles/rosgraph_msgs_generate_messages_lisp.dir/build”无需做任何事。
make[2]: 离开目录“/home/idris/final_ws/build/sentry_chassis_controller”
make[2]: 离开目录“/home/idris/final_ws/build/sentry_chassis_controller”
/usr/bin/make -f CMakeFiles/std_srvs_generate_messages_cpp.dir/build.make CMakeFiles/std_srvs_generate_messages_cpp.dir/build
[  0%] Built target rosgraph_msgs_generate_messages_nodejs
make[2]: 进入目录“/home/idris/final_ws/build/sentry_chassis_controller”
make[2]: 对“CMakeFiles/std_srvs_generate_messages_cpp.dir/build”无需做任何事。
make[2]: 离开目录“/home/idris/final_ws/build/sentry_chassis_controller”
[  0%] Built target actionlib_generate_messages_lisp
make[2]: 离开目录“/home/idris/final_ws/build/sentry_chassis_controller”
/usr/bin/make -f CMakeFiles/control_toolbox_gencfg.dir/build.make CMakeFiles/control_toolbox_gencfg.dir/build
/usr/bin/make -f CMakeFiles/sensor_msgs_generate_messages_nodejs.dir/build.make CMakeFiles/sensor_msgs_generate_messages_nodejs.dir/depend
make[2]: 离开目录“/home/idris/final_ws/build/sentry_chassis_controller”
/usr/bin/make -f CMakeFiles/roscpp_generate_messages_cpp.dir/build.make CMakeFiles/roscpp_generate_messages_cpp.dir/build
make[2]: 进入目录“/home/idris/final_ws/build/sentry_chassis_controller”
make[2]: 对“CMakeFiles/control_toolbox_gencfg.dir/build”无需做任何事。
make[2]: 离开目录“/home/idris/final_ws/build/sentry_chassis_controller”
[  0%] Built target rosgraph_msgs_generate_messages_lisp
make[2]: 进入目录“/home/idris/final_ws/build/sentry_chassis_controller”
cd /home/idris/final_ws/build/sentry_chassis_controller && /usr/bin/cmake -E cmake_depends "Unix Makefiles" /home/idris/final_ws/src/sentry_chassis_controller /home/idris/final_ws/src/sentry_chassis_controller /home/idris/final_ws/build/sentry_chassis_controller /home/idris/final_ws/build/sentry_chassis_controller /home/idris/final_ws/build/sentry_chassis_controller/CMakeFiles/sensor_msgs_generate_messages_nodejs.dir/DependInfo.cmake --color=
[  0%] Built target std_msgs_generate_messages_lisp
/usr/bin/make -f CMakeFiles/roscpp_generate_messages_eus.dir/build.make CMakeFiles/roscpp_generate_messages_eus.dir/depend
make[2]: 进入目录“/home/idris/final_ws/build/sentry_chassis_controller”
make[2]: 对“CMakeFiles/roscpp_generate_messages_cpp.dir/build”无需做任何事。
make[2]: 离开目录“/home/idris/final_ws/build/sentry_chassis_controller”
/usr/bin/make -f CMakeFiles/geometry_msgs_generate_messages_cpp.dir/build.make CMakeFiles/geometry_msgs_generate_messages_cpp.dir/depend
make[2]: 进入目录“/home/idris/final_ws/build/sentry_chassis_controller”
cd /home/idris/final_ws/build/sentry_chassis_controller && /usr/bin/cmake -E cmake_depends "Unix Makefiles" /home/idris/final_ws/src/sentry_chassis_controller /home/idris/final_ws/src/sentry_chassis_controller /home/idris/final_ws/build/sentry_chassis_controller /home/idris/final_ws/build/sentry_chassis_controller /home/idris/final_ws/build/sentry_chassis_controller/CMakeFiles/roscpp_generate_messages_eus.dir/DependInfo.cmake --color=
/usr/bin/make -f CMakeFiles/control_msgs_generate_messages_py.dir/build.make CMakeFiles/control_msgs_generate_messages_py.dir/depend
make[2]: 进入目录“/home/idris/final_ws/build/sentry_chassis_controller”
cd /home/idris/final_ws/build/sentry_chassis_controller && /usr/bin/cmake -E cmake_depends "Unix Makefiles" /home/idris/final_ws/src/sentry_chassis_controller /home/idris/final_ws/src/sentry_chassis_controller /home/idris/final_ws/build/sentry_chassis_controller /home/idris/final_ws/build/sentry_chassis_controller /home/idris/final_ws/build/sentry_chassis_controller/CMakeFiles/geometry_msgs_generate_messages_cpp.dir/DependInfo.cmake --color=
make[2]: 进入目录“/home/idris/final_ws/build/sentry_chassis_controller”
cd /home/idris/final_ws/build/sentry_chassis_controller && /usr/bin/cmake -E cmake_depends "Unix Makefiles" /home/idris/final_ws/src/sentry_chassis_controller /home/idris/final_ws/src/sentry_chassis_controller /home/idris/final_ws/build/sentry_chassis_controller /home/idris/final_ws/build/sentry_chassis_controller /home/idris/final_ws/build/sentry_chassis_controller/CMakeFiles/control_msgs_generate_messages_py.dir/DependInfo.cmake --color=
make[2]: 离开目录“/home/idris/final_ws/build/sentry_chassis_controller”
/usr/bin/make -f CMakeFiles/rosgraph_msgs_generate_messages_py.dir/build.make CMakeFiles/rosgraph_msgs_generate_messages_py.dir/build
make[2]: 进入目录“/home/idris/final_ws/build/sentry_chassis_controller”
make[2]: 对“CMakeFiles/rosgraph_msgs_generate_messages_py.dir/build”无需做任何事。
make[2]: 离开目录“/home/idris/final_ws/build/sentry_chassis_controller”
[  0%] Built target control_toolbox_gencfg
[  0%] Built target std_srvs_generate_messages_cpp
/usr/bin/make -f CMakeFiles/tf2_msgs_generate_messages_eus.dir/build.make CMakeFiles/tf2_msgs_generate_messages_eus.dir/depend
/usr/bin/make -f CMakeFiles/sensor_msgs_generate_messages_py.dir/build.make CMakeFiles/sensor_msgs_generate_messages_py.dir/depend
make[2]: 进入目录“/home/idris/final_ws/build/sentry_chassis_controller”
make[2]: 进入目录“/home/idris/final_ws/build/sentry_chassis_controller”
cd /home/idris/final_ws/build/sentry_chassis_controller && /usr/bin/cmake -E cmake_depends "Unix Makefiles" /home/idris/final_ws/src/sentry_chassis_controller /home/idris/final_ws/src/sentry_chassis_controller /home/idris/final_ws/build/sentry_chassis_controller /home/idris/final_ws/build/sentry_chassis_controller /home/idris/final_ws/build/sentry_chassis_controller/CMakeFiles/sensor_msgs_generate_messages_py.dir/DependInfo.cmake --color=
cd /home/idris/final_ws/build/sentry_chassis_controller && /usr/bin/cmake -E cmake_depends "Unix Makefiles" /home/idris/final_ws/src/sentry_chassis_controller /home/idris/final_ws/src/sentry_chassis_controller /home/idris/final_ws/build/sentry_chassis_controller /home/idris/final_ws/build/sentry_chassis_controller /home/idris/final_ws/build/sentry_chassis_controller/CMakeFiles/tf2_msgs_generate_messages_eus.dir/DependInfo.cmake --color=
make[2]: 离开目录“/home/idris/final_ws/build/sentry_chassis_controller”
/usr/bin/make -f CMakeFiles/sensor_msgs_generate_messages_nodejs.dir/build.make CMakeFiles/sensor_msgs_generate_messages_nodejs.dir/build
make[2]: 进入目录“/home/idris/final_ws/build/sentry_chassis_controller”
make[2]: 对“CMakeFiles/sensor_msgs_generate_messages_nodejs.dir/build”无需做任何事。
make[2]: 离开目录“/home/idris/final_ws/build/sentry_chassis_controller”
make[2]: 离开目录“/home/idris/final_ws/build/sentry_chassis_controller”
/usr/bin/make -f CMakeFiles/roscpp_generate_messages_eus.dir/build.make CMakeFiles/roscpp_generate_messages_eus.dir/build
[  0%] Built target roscpp_generate_messages_cpp
make[2]: 进入目录“/home/idris/final_ws/build/sentry_chassis_controller”
make[2]: 离开目录“/home/idris/final_ws/build/sentry_chassis_controller”
/usr/bin/make -f CMakeFiles/geometry_msgs_generate_messages_py.dir/build.make CMakeFiles/geometry_msgs_generate_messages_py.dir/depend
[  0%] Built target rosgraph_msgs_generate_messages_py
/usr/bin/make -f CMakeFiles/geometry_msgs_generate_messages_cpp.dir/build.make CMakeFiles/geometry_msgs_generate_messages_cpp.dir/build
make[2]: 对“CMakeFiles/roscpp_generate_messages_eus.dir/build”无需做任何事。
make[2]: 离开目录“/home/idris/final_ws/build/sentry_chassis_controller”
make[2]: 进入目录“/home/idris/final_ws/build/sentry_chassis_controller”
cd /home/idris/final_ws/build/sentry_chassis_controller && /usr/bin/cmake -E cmake_depends "Unix Makefiles" /home/idris/final_ws/src/sentry_chassis_controller /home/idris/final_ws/src/sentry_chassis_controller /home/idris/final_ws/build/sentry_chassis_controller /home/idris/final_ws/build/sentry_chassis_controller /home/idris/final_ws/build/sentry_chassis_controller/CMakeFiles/geometry_msgs_generate_messages_py.dir/DependInfo.cmake --color=
make[2]: 进入目录“/home/idris/final_ws/build/sentry_chassis_controller”
make[2]: 对“CMakeFiles/geometry_msgs_generate_messages_cpp.dir/build”无需做任何事。
make[2]: 离开目录“/home/idris/final_ws/build/sentry_chassis_controller”
make[2]: 离开目录“/home/idris/final_ws/build/sentry_chassis_controller”
make[2]: 离开目录“/home/idris/final_ws/build/sentry_chassis_controller”
/usr/bin/make -f CMakeFiles/control_msgs_generate_messages_py.dir/build.make CMakeFiles/control_msgs_generate_messages_py.dir/build
/usr/bin/make -f CMakeFiles/tf2_msgs_generate_messages_eus.dir/build.make CMakeFiles/tf2_msgs_generate_messages_eus.dir/build
make[2]: 进入目录“/home/idris/final_ws/build/sentry_chassis_controller”
make[2]: 对“CMakeFiles/control_msgs_generate_messages_py.dir/build”无需做任何事。
make[2]: 离开目录“/home/idris/final_ws/build/sentry_chassis_controller”
make[2]: 离开目录“/home/idris/final_ws/build/sentry_chassis_controller”
[  0%] Built target sensor_msgs_generate_messages_nodejs
/usr/bin/make -f CMakeFiles/sensor_msgs_generate_messages_py.dir/build.make CMakeFiles/sensor_msgs_generate_messages_py.dir/build
make[2]: 进入目录“/home/idris/final_ws/build/sentry_chassis_controller”
make[2]: 对“CMakeFiles/tf2_msgs_generate_messages_eus.dir/build”无需做任何事。
make[2]: 离开目录“/home/idris/final_ws/build/sentry_chassis_controller”
make[2]: 进入目录“/home/idris/final_ws/build/sentry_chassis_controller”
make[2]: 对“CMakeFiles/sensor_msgs_generate_messages_py.dir/build”无需做任何事。
make[2]: 离开目录“/home/idris/final_ws/build/sentry_chassis_controller”
/usr/bin/make -f CMakeFiles/geometry_msgs_generate_messages_lisp.dir/build.make CMakeFiles/geometry_msgs_generate_messages_lisp.dir/depend
[  0%] Built target roscpp_generate_messages_eus
/usr/bin/make -f CMakeFiles/roscpp_generate_messages_nodejs.dir/build.make CMakeFiles/roscpp_generate_messages_nodejs.dir/depend
make[2]: 进入目录“/home/idris/final_ws/build/sentry_chassis_controller”
cd /home/idris/final_ws/build/sentry_chassis_controller && /usr/bin/cmake -E cmake_depends "Unix Makefiles" /home/idris/final_ws/src/sentry_chassis_controller /home/idris/final_ws/src/sentry_chassis_controller /home/idris/final_ws/build/sentry_chassis_controller /home/idris/final_ws/build/sentry_chassis_controller /home/idris/final_ws/build/sentry_chassis_controller/CMakeFiles/geometry_msgs_generate_messages_lisp.dir/DependInfo.cmake --color=
/usr/bin/make -f CMakeFiles/std_srvs_generate_messages_py.dir/build.make CMakeFiles/std_srvs_generate_messages_py.dir/depend
[  0%] Built target geometry_msgs_generate_messages_cpp
make[2]: 进入目录“/home/idris/final_ws/build/sentry_chassis_controller”
cd /home/idris/final_ws/build/sentry_chassis_controller && /usr/bin/cmake -E cmake_depends "Unix Makefiles" /home/idris/final_ws/src/sentry_chassis_controller /home/idris/final_ws/src/sentry_chassis_controller /home/idris/final_ws/build/sentry_chassis_controller /home/idris/final_ws/build/sentry_chassis_controller /home/idris/final_ws/build/sentry_chassis_controller/CMakeFiles/roscpp_generate_messages_nodejs.dir/DependInfo.cmake --color=
make[2]: 离开目录“/home/idris/final_ws/build/sentry_chassis_controller”
[  0%] Built target tf2_msgs_generate_messages_eus
[  0%] Built target control_msgs_generate_messages_py
/usr/bin/make -f CMakeFiles/geometry_msgs_generate_messages_py.dir/build.make CMakeFiles/geometry_msgs_generate_messages_py.dir/build
/usr/bin/make -f CMakeFiles/rosgraph_msgs_generate_messages_eus.dir/build.make CMakeFiles/rosgraph_msgs_generate_messages_eus.dir/depend
/usr/bin/make -f CMakeFiles/sensor_msgs_generate_messages_eus.dir/build.make CMakeFiles/sensor_msgs_generate_messages_eus.dir/depend
make[2]: 进入目录“/home/idris/final_ws/build/sentry_chassis_controller”
make[2]: 对“CMakeFiles/geometry_msgs_generate_messages_py.dir/build”无需做任何事。
make[2]: 离开目录“/home/idris/final_ws/build/sentry_chassis_controller”
make[2]: 进入目录“/home/idris/final_ws/build/sentry_chassis_controller”
cd /home/idris/final_ws/build/sentry_chassis_controller && /usr/bin/cmake -E cmake_depends "Unix Makefiles" /home/idris/final_ws/src/sentry_chassis_controller /home/idris/final_ws/src/sentry_chassis_controller /home/idris/final_ws/build/sentry_chassis_controller /home/idris/final_ws/build/sentry_chassis_controller /home/idris/final_ws/build/sentry_chassis_controller/CMakeFiles/rosgraph_msgs_generate_messages_eus.dir/DependInfo.cmake --color=
make[2]: 进入目录“/home/idris/final_ws/build/sentry_chassis_controller”
cd /home/idris/final_ws/build/sentry_chassis_controller && /usr/bin/cmake -E cmake_depends "Unix Makefiles" /home/idris/final_ws/src/sentry_chassis_controller /home/idris/final_ws/src/sentry_chassis_controller /home/idris/final_ws/build/sentry_chassis_controller /home/idris/final_ws/build/sentry_chassis_controller /home/idris/final_ws/build/sentry_chassis_controller/CMakeFiles/std_srvs_generate_messages_py.dir/DependInfo.cmake --color=
make[2]: 进入目录“/home/idris/final_ws/build/sentry_chassis_controller”
cd /home/idris/final_ws/build/sentry_chassis_controller && /usr/bin/cmake -E cmake_depends "Unix Makefiles" /home/idris/final_ws/src/sentry_chassis_controller /home/idris/final_ws/src/sentry_chassis_controller /home/idris/final_ws/build/sentry_chassis_controller /home/idris/final_ws/build/sentry_chassis_controller /home/idris/final_ws/build/sentry_chassis_controller/CMakeFiles/sensor_msgs_generate_messages_eus.dir/DependInfo.cmake --color=
/usr/bin/make -f CMakeFiles/sensor_msgs_generate_messages_lisp.dir/build.make CMakeFiles/sensor_msgs_generate_messages_lisp.dir/depend
make[2]: 进入目录“/home/idris/final_ws/build/sentry_chassis_controller”
cd /home/idris/final_ws/build/sentry_chassis_controller && /usr/bin/cmake -E cmake_depends "Unix Makefiles" /home/idris/final_ws/src/sentry_chassis_controller /home/idris/final_ws/src/sentry_chassis_controller /home/idris/final_ws/build/sentry_chassis_controller /home/idris/final_ws/build/sentry_chassis_controller /home/idris/final_ws/build/sentry_chassis_controller/CMakeFiles/sensor_msgs_generate_messages_lisp.dir/DependInfo.cmake --color=
[  0%] Built target sensor_msgs_generate_messages_py
/usr/bin/make -f CMakeFiles/control_msgs_generate_messages_lisp.dir/build.make CMakeFiles/control_msgs_generate_messages_lisp.dir/depend
make[2]: 进入目录“/home/idris/final_ws/build/sentry_chassis_controller”
cd /home/idris/final_ws/build/sentry_chassis_controller && /usr/bin/cmake -E cmake_depends "Unix Makefiles" /home/idris/final_ws/src/sentry_chassis_controller /home/idris/final_ws/src/sentry_chassis_controller /home/idris/final_ws/build/sentry_chassis_controller /home/idris/final_ws/build/sentry_chassis_controller /home/idris/final_ws/build/sentry_chassis_controller/CMakeFiles/control_msgs_generate_messages_lisp.dir/DependInfo.cmake --color=
make[2]: 离开目录“/home/idris/final_ws/build/sentry_chassis_controller”
/usr/bin/make -f CMakeFiles/roscpp_generate_messages_nodejs.dir/build.make CMakeFiles/roscpp_generate_messages_nodejs.dir/build
make[2]: 离开目录“/home/idris/final_ws/build/sentry_chassis_controller”
make[2]: 离开目录“/home/idris/final_ws/build/sentry_chassis_controller”
make[2]: 离开目录“/home/idris/final_ws/build/sentry_chassis_controller”
/usr/bin/make -f CMakeFiles/geometry_msgs_generate_messages_lisp.dir/build.make CMakeFiles/geometry_msgs_generate_messages_lisp.dir/build
/usr/bin/make -f CMakeFiles/std_srvs_generate_messages_py.dir/build.make CMakeFiles/std_srvs_generate_messages_py.dir/build
/usr/bin/make -f CMakeFiles/rosgraph_msgs_generate_messages_eus.dir/build.make CMakeFiles/rosgraph_msgs_generate_messages_eus.dir/build
make[2]: 进入目录“/home/idris/final_ws/build/sentry_chassis_controller”
make[2]: 对“CMakeFiles/roscpp_generate_messages_nodejs.dir/build”无需做任何事。
make[2]: 离开目录“/home/idris/final_ws/build/sentry_chassis_controller”
make[2]: 进入目录“/home/idris/final_ws/build/sentry_chassis_controller”
make[2]: 对“CMakeFiles/geometry_msgs_generate_messages_lisp.dir/build”无需做任何事。
make[2]: 离开目录“/home/idris/final_ws/build/sentry_chassis_controller”
make[2]: 进入目录“/home/idris/final_ws/build/sentry_chassis_controller”
make[2]: 对“CMakeFiles/std_srvs_generate_messages_py.dir/build”无需做任何事。
make[2]: 离开目录“/home/idris/final_ws/build/sentry_chassis_controller”
make[2]: 离开目录“/home/idris/final_ws/build/sentry_chassis_controller”
/usr/bin/make -f CMakeFiles/sensor_msgs_generate_messages_lisp.dir/build.make CMakeFiles/sensor_msgs_generate_messages_lisp.dir/build
make[2]: 进入目录“/home/idris/final_ws/build/sentry_chassis_controller”
[  0%] Built target geometry_msgs_generate_messages_py
make[2]: 对“CMakeFiles/rosgraph_msgs_generate_messages_eus.dir/build”无需做任何事。
make[2]: 离开目录“/home/idris/final_ws/build/sentry_chassis_controller”
make[2]: 进入目录“/home/idris/final_ws/build/sentry_chassis_controller”
make[2]: 对“CMakeFiles/sensor_msgs_generate_messages_lisp.dir/build”无需做任何事。
make[2]: 离开目录“/home/idris/final_ws/build/sentry_chassis_controller”
make[2]: 离开目录“/home/idris/final_ws/build/sentry_chassis_controller”
/usr/bin/make -f CMakeFiles/control_msgs_generate_messages_lisp.dir/build.make CMakeFiles/control_msgs_generate_messages_lisp.dir/build
make[2]: 进入目录“/home/idris/final_ws/build/sentry_chassis_controller”
make[2]: 对“CMakeFiles/control_msgs_generate_messages_lisp.dir/build”无需做任何事。
make[2]: 离开目录“/home/idris/final_ws/build/sentry_chassis_controller”
/usr/bin/make -f CMakeFiles/nav_msgs_generate_messages_cpp.dir/build.make CMakeFiles/nav_msgs_generate_messages_cpp.dir/depend
make[2]: 离开目录“/home/idris/final_ws/build/sentry_chassis_controller”
/usr/bin/make -f CMakeFiles/sensor_msgs_generate_messages_eus.dir/build.make CMakeFiles/sensor_msgs_generate_messages_eus.dir/build
make[2]: 进入目录“/home/idris/final_ws/build/sentry_chassis_controller”
cd /home/idris/final_ws/build/sentry_chassis_controller && /usr/bin/cmake -E cmake_depends "Unix Makefiles" /home/idris/final_ws/src/sentry_chassis_controller /home/idris/final_ws/src/sentry_chassis_controller /home/idris/final_ws/build/sentry_chassis_controller /home/idris/final_ws/build/sentry_chassis_controller /home/idris/final_ws/build/sentry_chassis_controller/CMakeFiles/nav_msgs_generate_messages_cpp.dir/DependInfo.cmake --color=
[  0%] Built target roscpp_generate_messages_nodejs
[  0%] Built target rosgraph_msgs_generate_messages_eus
/usr/bin/make -f CMakeFiles/control_toolbox_generate_messages_eus.dir/build.make CMakeFiles/control_toolbox_generate_messages_eus.dir/depend
make[2]: 进入目录“/home/idris/final_ws/build/sentry_chassis_controller”
make[2]: 对“CMakeFiles/sensor_msgs_generate_messages_eus.dir/build”无需做任何事。
make[2]: 离开目录“/home/idris/final_ws/build/sentry_chassis_controller”
/usr/bin/make -f CMakeFiles/control_toolbox_generate_messages_lisp.dir/build.make CMakeFiles/control_toolbox_generate_messages_lisp.dir/depend
make[2]: 进入目录“/home/idris/final_ws/build/sentry_chassis_controller”
[  0%] Built target geometry_msgs_generate_messages_lisp
[  0%] Built target sensor_msgs_generate_messages_lisp
cd /home/idris/final_ws/build/sentry_chassis_controller && /usr/bin/cmake -E cmake_depends "Unix Makefiles" /home/idris/final_ws/src/sentry_chassis_controller /home/idris/final_ws/src/sentry_chassis_controller /home/idris/final_ws/build/sentry_chassis_controller /home/idris/final_ws/build/sentry_chassis_controller /home/idris/final_ws/build/sentry_chassis_controller/CMakeFiles/control_toolbox_generate_messages_eus.dir/DependInfo.cmake --color=
/usr/bin/make -f CMakeFiles/roscpp_generate_messages_lisp.dir/build.make CMakeFiles/roscpp_generate_messages_lisp.dir/depend
/usr/bin/make -f CMakeFiles/control_toolbox_generate_messages_nodejs.dir/build.make CMakeFiles/control_toolbox_generate_messages_nodejs.dir/depend
make[2]: 进入目录“/home/idris/final_ws/build/sentry_chassis_controller”
cd /home/idris/final_ws/build/sentry_chassis_controller && /usr/bin/cmake -E cmake_depends "Unix Makefiles" /home/idris/final_ws/src/sentry_chassis_controller /home/idris/final_ws/src/sentry_chassis_controller /home/idris/final_ws/build/sentry_chassis_controller /home/idris/final_ws/build/sentry_chassis_controller /home/idris/final_ws/build/sentry_chassis_controller/CMakeFiles/roscpp_generate_messages_lisp.dir/DependInfo.cmake --color=
make[2]: 进入目录“/home/idris/final_ws/build/sentry_chassis_controller”
cd /home/idris/final_ws/build/sentry_chassis_controller && /usr/bin/cmake -E cmake_depends "Unix Makefiles" /home/idris/final_ws/src/sentry_chassis_controller /home/idris/final_ws/src/sentry_chassis_controller /home/idris/final_ws/build/sentry_chassis_controller /home/idris/final_ws/build/sentry_chassis_controller /home/idris/final_ws/build/sentry_chassis_controller/CMakeFiles/control_toolbox_generate_messages_lisp.dir/DependInfo.cmake --color=
[  0%] Built target std_srvs_generate_messages_py
/usr/bin/make -f CMakeFiles/control_msgs_generate_messages_cpp.dir/build.make CMakeFiles/control_msgs_generate_messages_cpp.dir/depend
make[2]: 进入目录“/home/idris/final_ws/build/sentry_chassis_controller”
cd /home/idris/final_ws/build/sentry_chassis_controller && /usr/bin/cmake -E cmake_depends "Unix Makefiles" /home/idris/final_ws/src/sentry_chassis_controller /home/idris/final_ws/src/sentry_chassis_controller /home/idris/final_ws/build/sentry_chassis_controller /home/idris/final_ws/build/sentry_chassis_controller /home/idris/final_ws/build/sentry_chassis_controller/CMakeFiles/control_toolbox_generate_messages_nodejs.dir/DependInfo.cmake --color=
[  0%] Built target control_msgs_generate_messages_lisp
make[2]: 进入目录“/home/idris/final_ws/build/sentry_chassis_controller”
cd /home/idris/final_ws/build/sentry_chassis_controller && /usr/bin/cmake -E cmake_depends "Unix Makefiles" /home/idris/final_ws/src/sentry_chassis_controller /home/idris/final_ws/src/sentry_chassis_controller /home/idris/final_ws/build/sentry_chassis_controller /home/idris/final_ws/build/sentry_chassis_controller /home/idris/final_ws/build/sentry_chassis_controller/CMakeFiles/control_msgs_generate_messages_cpp.dir/DependInfo.cmake --color=
[  0%] Built target sensor_msgs_generate_messages_eus
make[2]: 离开目录“/home/idris/final_ws/build/sentry_chassis_controller”
/usr/bin/make -f CMakeFiles/nav_msgs_generate_messages_cpp.dir/build.make CMakeFiles/nav_msgs_generate_messages_cpp.dir/build
make[2]: 离开目录“/home/idris/final_ws/build/sentry_chassis_controller”
make[2]: 离开目录“/home/idris/final_ws/build/sentry_chassis_controller”
/usr/bin/make -f CMakeFiles/control_toolbox_generate_messages_eus.dir/build.make CMakeFiles/control_toolbox_generate_messages_eus.dir/build
/usr/bin/make -f CMakeFiles/roscpp_generate_messages_lisp.dir/build.make CMakeFiles/roscpp_generate_messages_lisp.dir/build
make[2]: 进入目录“/home/idris/final_ws/build/sentry_chassis_controller”
/usr/bin/make -f CMakeFiles/control_msgs_generate_messages_eus.dir/build.make CMakeFiles/control_msgs_generate_messages_eus.dir/depend
make[2]: 离开目录“/home/idris/final_ws/build/sentry_chassis_controller”
make[2]: 对“CMakeFiles/nav_msgs_generate_messages_cpp.dir/build”无需做任何事。
make[2]: 离开目录“/home/idris/final_ws/build/sentry_chassis_controller”
/usr/bin/make -f CMakeFiles/roscpp_generate_messages_py.dir/build.make CMakeFiles/roscpp_generate_messages_py.dir/depend
make[2]: 离开目录“/home/idris/final_ws/build/sentry_chassis_controller”
make[2]: 进入目录“/home/idris/final_ws/build/sentry_chassis_controller”
make[2]: 对“CMakeFiles/control_toolbox_generate_messages_eus.dir/build”无需做任何事。
make[2]: 离开目录“/home/idris/final_ws/build/sentry_chassis_controller”
/usr/bin/make -f CMakeFiles/control_toolbox_generate_messages_lisp.dir/build.make CMakeFiles/control_toolbox_generate_messages_lisp.dir/build
make[2]: 离开目录“/home/idris/final_ws/build/sentry_chassis_controller”
make[2]: 进入目录“/home/idris/final_ws/build/sentry_chassis_controller”
make[2]: 对“CMakeFiles/roscpp_generate_messages_lisp.dir/build”无需做任何事。
make[2]: 离开目录“/home/idris/final_ws/build/sentry_chassis_controller”
make[2]: 进入目录“/home/idris/final_ws/build/sentry_chassis_controller”
cd /home/idris/final_ws/build/sentry_chassis_controller && /usr/bin/cmake -E cmake_depends "Unix Makefiles" /home/idris/final_ws/src/sentry_chassis_controller /home/idris/final_ws/src/sentry_chassis_controller /home/idris/final_ws/build/sentry_chassis_controller /home/idris/final_ws/build/sentry_chassis_controller /home/idris/final_ws/build/sentry_chassis_controller/CMakeFiles/control_msgs_generate_messages_eus.dir/DependInfo.cmake --color=
make[2]: 进入目录“/home/idris/final_ws/build/sentry_chassis_controller”
cd /home/idris/final_ws/build/sentry_chassis_controller && /usr/bin/cmake -E cmake_depends "Unix Makefiles" /home/idris/final_ws/src/sentry_chassis_controller /home/idris/final_ws/src/sentry_chassis_controller /home/idris/final_ws/build/sentry_chassis_controller /home/idris/final_ws/build/sentry_chassis_controller /home/idris/final_ws/build/sentry_chassis_controller/CMakeFiles/roscpp_generate_messages_py.dir/DependInfo.cmake --color=
/usr/bin/make -f CMakeFiles/control_toolbox_generate_messages_nodejs.dir/build.make CMakeFiles/control_toolbox_generate_messages_nodejs.dir/build
/usr/bin/make -f CMakeFiles/control_msgs_generate_messages_cpp.dir/build.make CMakeFiles/control_msgs_generate_messages_cpp.dir/build
make[2]: 进入目录“/home/idris/final_ws/build/sentry_chassis_controller”
make[2]: 对“CMakeFiles/control_toolbox_generate_messages_lisp.dir/build”无需做任何事。
make[2]: 离开目录“/home/idris/final_ws/build/sentry_chassis_controller”
make[2]: 进入目录“/home/idris/final_ws/build/sentry_chassis_controller”
make[2]: 对“CMakeFiles/control_msgs_generate_messages_cpp.dir/build”无需做任何事。
make[2]: 离开目录“/home/idris/final_ws/build/sentry_chassis_controller”
make[2]: 进入目录“/home/idris/final_ws/build/sentry_chassis_controller”
make[2]: 对“CMakeFiles/control_toolbox_generate_messages_nodejs.dir/build”无需做任何事。
make[2]: 离开目录“/home/idris/final_ws/build/sentry_chassis_controller”
make[2]: 离开目录“/home/idris/final_ws/build/sentry_chassis_controller”
[  0%] Built target control_toolbox_generate_messages_eus
make[2]: 离开目录“/home/idris/final_ws/build/sentry_chassis_controller”
/usr/bin/make -f CMakeFiles/control_msgs_generate_messages_eus.dir/build.make CMakeFiles/control_msgs_generate_messages_eus.dir/build
/usr/bin/make -f CMakeFiles/roscpp_generate_messages_py.dir/build.make CMakeFiles/roscpp_generate_messages_py.dir/build
/usr/bin/make -f CMakeFiles/control_toolbox_generate_messages_cpp.dir/build.make CMakeFiles/control_toolbox_generate_messages_cpp.dir/depend
[  0%] Built target nav_msgs_generate_messages_cpp
make[2]: 进入目录“/home/idris/final_ws/build/sentry_chassis_controller”
make[2]: 进入目录“/home/idris/final_ws/build/sentry_chassis_controller”
make[2]: 对“CMakeFiles/roscpp_generate_messages_py.dir/build”无需做任何事。
make[2]: 对“CMakeFiles/control_msgs_generate_messages_eus.dir/build”无需做任何事。
make[2]: 离开目录“/home/idris/final_ws/build/sentry_chassis_controller”
make[2]: 离开目录“/home/idris/final_ws/build/sentry_chassis_controller”
make[2]: 进入目录“/home/idris/final_ws/build/sentry_chassis_controller”
[  0%] Built target roscpp_generate_messages_lisp
cd /home/idris/final_ws/build/sentry_chassis_controller && /usr/bin/cmake -E cmake_depends "Unix Makefiles" /home/idris/final_ws/src/sentry_chassis_controller /home/idris/final_ws/src/sentry_chassis_controller /home/idris/final_ws/build/sentry_chassis_controller /home/idris/final_ws/build/sentry_chassis_controller /home/idris/final_ws/build/sentry_chassis_controller/CMakeFiles/control_toolbox_generate_messages_cpp.dir/DependInfo.cmake --color=
/usr/bin/make -f CMakeFiles/trajectory_msgs_generate_messages_eus.dir/build.make CMakeFiles/trajectory_msgs_generate_messages_eus.dir/depend
[  0%] Built target control_toolbox_generate_messages_nodejs
[  0%] Built target control_msgs_generate_messages_cpp
[  0%] Built target control_toolbox_generate_messages_lisp
/usr/bin/make -f CMakeFiles/trajectory_msgs_generate_messages_nodejs.dir/build.make CMakeFiles/trajectory_msgs_generate_messages_nodejs.dir/depend
/usr/bin/make -f CMakeFiles/dynamic_reconfigure_generate_messages_py.dir/build.make CMakeFiles/dynamic_reconfigure_generate_messages_py.dir/depend
/usr/bin/make -f CMakeFiles/actionlib_msgs_generate_messages_eus.dir/build.make CMakeFiles/actionlib_msgs_generate_messages_eus.dir/depend
make[2]: 进入目录“/home/idris/final_ws/build/sentry_chassis_controller”
cd /home/idris/final_ws/build/sentry_chassis_controller && /usr/bin/cmake -E cmake_depends "Unix Makefiles" /home/idris/final_ws/src/sentry_chassis_controller /home/idris/final_ws/src/sentry_chassis_controller /home/idris/final_ws/build/sentry_chassis_controller /home/idris/final_ws/build/sentry_chassis_controller /home/idris/final_ws/build/sentry_chassis_controller/CMakeFiles/trajectory_msgs_generate_messages_nodejs.dir/DependInfo.cmake --color=
[  0%] Built target roscpp_generate_messages_py
make[2]: 进入目录“/home/idris/final_ws/build/sentry_chassis_controller”
cd /home/idris/final_ws/build/sentry_chassis_controller && /usr/bin/cmake -E cmake_depends "Unix Makefiles" /home/idris/final_ws/src/sentry_chassis_controller /home/idris/final_ws/src/sentry_chassis_controller /home/idris/final_ws/build/sentry_chassis_controller /home/idris/final_ws/build/sentry_chassis_controller /home/idris/final_ws/build/sentry_chassis_controller/CMakeFiles/trajectory_msgs_generate_messages_eus.dir/DependInfo.cmake --color=
make[2]: 进入目录“/home/idris/final_ws/build/sentry_chassis_controller”
cd /home/idris/final_ws/build/sentry_chassis_controller && /usr/bin/cmake -E cmake_depends "Unix Makefiles" /home/idris/final_ws/src/sentry_chassis_controller /home/idris/final_ws/src/sentry_chassis_controller /home/idris/final_ws/build/sentry_chassis_controller /home/idris/final_ws/build/sentry_chassis_controller /home/idris/final_ws/build/sentry_chassis_controller/CMakeFiles/dynamic_reconfigure_generate_messages_py.dir/DependInfo.cmake --color=
[  0%] Built target control_msgs_generate_messages_eus
/usr/bin/make -f CMakeFiles/control_msgs_generate_messages_nodejs.dir/build.make CMakeFiles/control_msgs_generate_messages_nodejs.dir/depend
make[2]: 离开目录“/home/idris/final_ws/build/sentry_chassis_controller”
make[2]: 进入目录“/home/idris/final_ws/build/sentry_chassis_controller”
cd /home/idris/final_ws/build/sentry_chassis_controller && /usr/bin/cmake -E cmake_depends "Unix Makefiles" /home/idris/final_ws/src/sentry_chassis_controller /home/idris/final_ws/src/sentry_chassis_controller /home/idris/final_ws/build/sentry_chassis_controller /home/idris/final_ws/build/sentry_chassis_controller /home/idris/final_ws/build/sentry_chassis_controller/CMakeFiles/actionlib_msgs_generate_messages_eus.dir/DependInfo.cmake --color=
/usr/bin/make -f CMakeFiles/control_toolbox_generate_messages_cpp.dir/build.make CMakeFiles/control_toolbox_generate_messages_cpp.dir/build
make[2]: 进入目录“/home/idris/final_ws/build/sentry_chassis_controller”
cd /home/idris/final_ws/build/sentry_chassis_controller && /usr/bin/cmake -E cmake_depends "Unix Makefiles" /home/idris/final_ws/src/sentry_chassis_controller /home/idris/final_ws/src/sentry_chassis_controller /home/idris/final_ws/build/sentry_chassis_controller /home/idris/final_ws/build/sentry_chassis_controller /home/idris/final_ws/build/sentry_chassis_controller/CMakeFiles/control_msgs_generate_messages_nodejs.dir/DependInfo.cmake --color=
/usr/bin/make -f CMakeFiles/actionlib_msgs_generate_messages_cpp.dir/build.make CMakeFiles/actionlib_msgs_generate_messages_cpp.dir/depend
make[2]: 离开目录“/home/idris/final_ws/build/sentry_chassis_controller”
make[2]: 进入目录“/home/idris/final_ws/build/sentry_chassis_controller”
make[2]: 对“CMakeFiles/control_toolbox_generate_messages_cpp.dir/build”无需做任何事。
make[2]: 离开目录“/home/idris/final_ws/build/sentry_chassis_controller”
make[2]: 离开目录“/home/idris/final_ws/build/sentry_chassis_controller”
/usr/bin/make -f CMakeFiles/trajectory_msgs_generate_messages_eus.dir/build.make CMakeFiles/trajectory_msgs_generate_messages_eus.dir/build
make[2]: 离开目录“/home/idris/final_ws/build/sentry_chassis_controller”
/usr/bin/make -f CMakeFiles/trajectory_msgs_generate_messages_nodejs.dir/build.make CMakeFiles/trajectory_msgs_generate_messages_nodejs.dir/build
/usr/bin/make -f CMakeFiles/dynamic_reconfigure_generate_messages_py.dir/build.make CMakeFiles/dynamic_reconfigure_generate_messages_py.dir/build
make[2]: 进入目录“/home/idris/final_ws/build/sentry_chassis_controller”
cd /home/idris/final_ws/build/sentry_chassis_controller && /usr/bin/cmake -E cmake_depends "Unix Makefiles" /home/idris/final_ws/src/sentry_chassis_controller /home/idris/final_ws/src/sentry_chassis_controller /home/idris/final_ws/build/sentry_chassis_controller /home/idris/final_ws/build/sentry_chassis_controller /home/idris/final_ws/build/sentry_chassis_controller/CMakeFiles/actionlib_msgs_generate_messages_cpp.dir/DependInfo.cmake --color=
make[2]: 进入目录“/home/idris/final_ws/build/sentry_chassis_controller”
make[2]: 对“CMakeFiles/trajectory_msgs_generate_messages_eus.dir/build”无需做任何事。
make[2]: 离开目录“/home/idris/final_ws/build/sentry_chassis_controller”
make[2]: 进入目录“/home/idris/final_ws/build/sentry_chassis_controller”
make[2]: 对“CMakeFiles/dynamic_reconfigure_generate_messages_py.dir/build”无需做任何事。
make[2]: 离开目录“/home/idris/final_ws/build/sentry_chassis_controller”
make[2]: 进入目录“/home/idris/final_ws/build/sentry_chassis_controller”
make[2]: 对“CMakeFiles/trajectory_msgs_generate_messages_nodejs.dir/build”无需做任何事。
make[2]: 离开目录“/home/idris/final_ws/build/sentry_chassis_controller”
/usr/bin/make -f CMakeFiles/nav_msgs_generate_messages_eus.dir/build.make CMakeFiles/nav_msgs_generate_messages_eus.dir/depend
make[2]: 进入目录“/home/idris/final_ws/build/sentry_chassis_controller”
cd /home/idris/final_ws/build/sentry_chassis_controller && /usr/bin/cmake -E cmake_depends "Unix Makefiles" /home/idris/final_ws/src/sentry_chassis_controller /home/idris/final_ws/src/sentry_chassis_controller /home/idris/final_ws/build/sentry_chassis_controller /home/idris/final_ws/build/sentry_chassis_controller /home/idris/final_ws/build/sentry_chassis_controller/CMakeFiles/nav_msgs_generate_messages_eus.dir/DependInfo.cmake --color=
make[2]: 离开目录“/home/idris/final_ws/build/sentry_chassis_controller”
/usr/bin/make -f CMakeFiles/control_msgs_generate_messages_nodejs.dir/build.make CMakeFiles/control_msgs_generate_messages_nodejs.dir/build
make[2]: 离开目录“/home/idris/final_ws/build/sentry_chassis_controller”
/usr/bin/make -f CMakeFiles/actionlib_msgs_generate_messages_eus.dir/build.make CMakeFiles/actionlib_msgs_generate_messages_eus.dir/build
make[2]: 进入目录“/home/idris/final_ws/build/sentry_chassis_controller”
make[2]: 对“CMakeFiles/control_msgs_generate_messages_nodejs.dir/build”无需做任何事。
make[2]: 离开目录“/home/idris/final_ws/build/sentry_chassis_controller”
make[2]: 进入目录“/home/idris/final_ws/build/sentry_chassis_controller”
make[2]: 对“CMakeFiles/actionlib_msgs_generate_messages_eus.dir/build”无需做任何事。
make[2]: 离开目录“/home/idris/final_ws/build/sentry_chassis_controller”
[  0%] Built target trajectory_msgs_generate_messages_nodejs
[  0%] Built target dynamic_reconfigure_generate_messages_py
[  0%] Built target trajectory_msgs_generate_messages_eus
/usr/bin/make -f CMakeFiles/sentry_chassis_controller_gencfg.dir/build.make CMakeFiles/sentry_chassis_controller_gencfg.dir/depend
/usr/bin/make -f CMakeFiles/std_msgs_generate_messages_eus.dir/build.make CMakeFiles/std_msgs_generate_messages_eus.dir/depend
[  0%] Built target control_toolbox_generate_messages_cpp
make[2]: 进入目录“/home/idris/final_ws/build/sentry_chassis_controller”
/usr/bin/make -f CMakeFiles/actionlib_msgs_generate_messages_lisp.dir/build.make CMakeFiles/actionlib_msgs_generate_messages_lisp.dir/depend
cd /home/idris/final_ws/build/sentry_chassis_controller && /usr/bin/cmake -E cmake_depends "Unix Makefiles" /home/idris/final_ws/src/sentry_chassis_controller /home/idris/final_ws/src/sentry_chassis_controller /home/idris/final_ws/build/sentry_chassis_controller /home/idris/final_ws/build/sentry_chassis_controller /home/idris/final_ws/build/sentry_chassis_controller/CMakeFiles/sentry_chassis_controller_gencfg.dir/DependInfo.cmake --color=
make[2]: 进入目录“/home/idris/final_ws/build/sentry_chassis_controller”
cd /home/idris/final_ws/build/sentry_chassis_controller && /usr/bin/cmake -E cmake_depends "Unix Makefiles" /home/idris/final_ws/src/sentry_chassis_controller /home/idris/final_ws/src/sentry_chassis_controller /home/idris/final_ws/build/sentry_chassis_controller /home/idris/final_ws/build/sentry_chassis_controller /home/idris/final_ws/build/sentry_chassis_controller/CMakeFiles/std_msgs_generate_messages_eus.dir/DependInfo.cmake --color=
make[2]: 离开目录“/home/idris/final_ws/build/sentry_chassis_controller”
/usr/bin/make -f CMakeFiles/nav_msgs_generate_messages_eus.dir/build.make CMakeFiles/nav_msgs_generate_messages_eus.dir/build
make[2]: 进入目录“/home/idris/final_ws/build/sentry_chassis_controller”
cd /home/idris/final_ws/build/sentry_chassis_controller && /usr/bin/cmake -E cmake_depends "Unix Makefiles" /home/idris/final_ws/src/sentry_chassis_controller /home/idris/final_ws/src/sentry_chassis_controller /home/idris/final_ws/build/sentry_chassis_controller /home/idris/final_ws/build/sentry_chassis_controller /home/idris/final_ws/build/sentry_chassis_controller/CMakeFiles/actionlib_msgs_generate_messages_lisp.dir/DependInfo.cmake --color=
/usr/bin/make -f CMakeFiles/actionlib_msgs_generate_messages_nodejs.dir/build.make CMakeFiles/actionlib_msgs_generate_messages_nodejs.dir/depend
make[2]: 进入目录“/home/idris/final_ws/build/sentry_chassis_controller”
make[2]: 对“CMakeFiles/nav_msgs_generate_messages_eus.dir/build”无需做任何事。
make[2]: 离开目录“/home/idris/final_ws/build/sentry_chassis_controller”
make[2]: 进入目录“/home/idris/final_ws/build/sentry_chassis_controller”
cd /home/idris/final_ws/build/sentry_chassis_controller && /usr/bin/cmake -E cmake_depends "Unix Makefiles" /home/idris/final_ws/src/sentry_chassis_controller /home/idris/final_ws/src/sentry_chassis_controller /home/idris/final_ws/build/sentry_chassis_controller /home/idris/final_ws/build/sentry_chassis_controller /home/idris/final_ws/build/sentry_chassis_controller/CMakeFiles/actionlib_msgs_generate_messages_nodejs.dir/DependInfo.cmake --color=
[  0%] Built target actionlib_msgs_generate_messages_eus
make[2]: 离开目录“/home/idris/final_ws/build/sentry_chassis_controller”
[  0%] Built target control_msgs_generate_messages_nodejs
/usr/bin/make -f CMakeFiles/actionlib_msgs_generate_messages_cpp.dir/build.make CMakeFiles/actionlib_msgs_generate_messages_cpp.dir/build
/usr/bin/make -f CMakeFiles/control_toolbox_generate_messages_py.dir/build.make CMakeFiles/control_toolbox_generate_messages_py.dir/depend
/usr/bin/make -f CMakeFiles/trajectory_msgs_generate_messages_cpp.dir/build.make CMakeFiles/trajectory_msgs_generate_messages_cpp.dir/depend
make[2]: 进入目录“/home/idris/final_ws/build/sentry_chassis_controller”
make[2]: 对“CMakeFiles/actionlib_msgs_generate_messages_cpp.dir/build”无需做任何事。
make[2]: 离开目录“/home/idris/final_ws/build/sentry_chassis_controller”
make[2]: 离开目录“/home/idris/final_ws/build/sentry_chassis_controller”
make[2]: 进入目录“/home/idris/final_ws/build/sentry_chassis_controller”
cd /home/idris/final_ws/build/sentry_chassis_controller && /usr/bin/cmake -E cmake_depends "Unix Makefiles" /home/idris/final_ws/src/sentry_chassis_controller /home/idris/final_ws/src/sentry_chassis_controller /home/idris/final_ws/build/sentry_chassis_controller /home/idris/final_ws/build/sentry_chassis_controller /home/idris/final_ws/build/sentry_chassis_controller/CMakeFiles/control_toolbox_generate_messages_py.dir/DependInfo.cmake --color=
make[2]: 离开目录“/home/idris/final_ws/build/sentry_chassis_controller”
/usr/bin/make -f CMakeFiles/sentry_chassis_controller_gencfg.dir/build.make CMakeFiles/sentry_chassis_controller_gencfg.dir/build
/usr/bin/make -f CMakeFiles/std_msgs_generate_messages_eus.dir/build.make CMakeFiles/std_msgs_generate_messages_eus.dir/build
make[2]: 进入目录“/home/idris/final_ws/build/sentry_chassis_controller”
cd /home/idris/final_ws/build/sentry_chassis_controller && /usr/bin/cmake -E cmake_depends "Unix Makefiles" /home/idris/final_ws/src/sentry_chassis_controller /home/idris/final_ws/src/sentry_chassis_controller /home/idris/final_ws/build/sentry_chassis_controller /home/idris/final_ws/build/sentry_chassis_controller /home/idris/final_ws/build/sentry_chassis_controller/CMakeFiles/trajectory_msgs_generate_messages_cpp.dir/DependInfo.cmake --color=
make[2]: 进入目录“/home/idris/final_ws/build/sentry_chassis_controller”
make[2]: 对“CMakeFiles/sentry_chassis_controller_gencfg.dir/build”无需做任何事。
make[2]: 离开目录“/home/idris/final_ws/build/sentry_chassis_controller”
make[2]: 进入目录“/home/idris/final_ws/build/sentry_chassis_controller”
make[2]: 对“CMakeFiles/std_msgs_generate_messages_eus.dir/build”无需做任何事。
make[2]: 离开目录“/home/idris/final_ws/build/sentry_chassis_controller”
make[2]: 离开目录“/home/idris/final_ws/build/sentry_chassis_controller”
/usr/bin/make -f CMakeFiles/actionlib_msgs_generate_messages_lisp.dir/build.make CMakeFiles/actionlib_msgs_generate_messages_lisp.dir/build
[  0%] Built target nav_msgs_generate_messages_eus
make[2]: 离开目录“/home/idris/final_ws/build/sentry_chassis_controller”
/usr/bin/make -f CMakeFiles/actionlib_msgs_generate_messages_nodejs.dir/build.make CMakeFiles/actionlib_msgs_generate_messages_nodejs.dir/build
make[2]: 进入目录“/home/idris/final_ws/build/sentry_chassis_controller”
make[2]: 对“CMakeFiles/actionlib_msgs_generate_messages_lisp.dir/build”无需做任何事。
make[2]: 离开目录“/home/idris/final_ws/build/sentry_chassis_controller”
make[2]: 进入目录“/home/idris/final_ws/build/sentry_chassis_controller”
make[2]: 对“CMakeFiles/actionlib_msgs_generate_messages_nodejs.dir/build”无需做任何事。
make[2]: 离开目录“/home/idris/final_ws/build/sentry_chassis_controller”
/usr/bin/make -f CMakeFiles/trajectory_msgs_generate_messages_lisp.dir/build.make CMakeFiles/trajectory_msgs_generate_messages_lisp.dir/depend
[  7%] Built target sentry_chassis_controller_gencfg
make[2]: 离开目录“/home/idris/final_ws/build/sentry_chassis_controller”
[  7%] Built target actionlib_msgs_generate_messages_cpp
/usr/bin/make -f CMakeFiles/control_toolbox_generate_messages_py.dir/build.make CMakeFiles/control_toolbox_generate_messages_py.dir/build
/usr/bin/make -f CMakeFiles/actionlib_generate_messages_eus.dir/build.make CMakeFiles/actionlib_generate_messages_eus.dir/depend
/usr/bin/make -f CMakeFiles/rosgraph_msgs_generate_messages_cpp.dir/build.make CMakeFiles/rosgraph_msgs_generate_messages_cpp.dir/depend
make[2]: 进入目录“/home/idris/final_ws/build/sentry_chassis_controller”
make[2]: 对“CMakeFiles/control_toolbox_generate_messages_py.dir/build”无需做任何事。
make[2]: 离开目录“/home/idris/final_ws/build/sentry_chassis_controller”
make[2]: 进入目录“/home/idris/final_ws/build/sentry_chassis_controller”
cd /home/idris/final_ws/build/sentry_chassis_controller && /usr/bin/cmake -E cmake_depends "Unix Makefiles" /home/idris/final_ws/src/sentry_chassis_controller /home/idris/final_ws/src/sentry_chassis_controller /home/idris/final_ws/build/sentry_chassis_controller /home/idris/final_ws/build/sentry_chassis_controller /home/idris/final_ws/build/sentry_chassis_controller/CMakeFiles/trajectory_msgs_generate_messages_lisp.dir/DependInfo.cmake --color=
make[2]: 进入目录“/home/idris/final_ws/build/sentry_chassis_controller”
cd /home/idris/final_ws/build/sentry_chassis_controller && /usr/bin/cmake -E cmake_depends "Unix Makefiles" /home/idris/final_ws/src/sentry_chassis_controller /home/idris/final_ws/src/sentry_chassis_controller /home/idris/final_ws/build/sentry_chassis_controller /home/idris/final_ws/build/sentry_chassis_controller /home/idris/final_ws/build/sentry_chassis_controller/CMakeFiles/actionlib_generate_messages_eus.dir/DependInfo.cmake --color=
make[2]: 进入目录“/home/idris/final_ws/build/sentry_chassis_controller”
cd /home/idris/final_ws/build/sentry_chassis_controller && /usr/bin/cmake -E cmake_depends "Unix Makefiles" /home/idris/final_ws/src/sentry_chassis_controller /home/idris/final_ws/src/sentry_chassis_controller /home/idris/final_ws/build/sentry_chassis_controller /home/idris/final_ws/build/sentry_chassis_controller /home/idris/final_ws/build/sentry_chassis_controller/CMakeFiles/rosgraph_msgs_generate_messages_cpp.dir/DependInfo.cmake --color=
make[2]: 离开目录“/home/idris/final_ws/build/sentry_chassis_controller”
/usr/bin/make -f CMakeFiles/trajectory_msgs_generate_messages_cpp.dir/build.make CMakeFiles/trajectory_msgs_generate_messages_cpp.dir/build
[  7%] Built target actionlib_msgs_generate_messages_lisp
[  7%] Built target std_msgs_generate_messages_eus
/usr/bin/make -f CMakeFiles/trajectory_msgs_generate_messages_py.dir/build.make CMakeFiles/trajectory_msgs_generate_messages_py.dir/depend
[  7%] Built target actionlib_msgs_generate_messages_nodejs
[  7%] Built target control_toolbox_generate_messages_py
make[2]: 进入目录“/home/idris/final_ws/build/sentry_chassis_controller”
make[2]: 对“CMakeFiles/trajectory_msgs_generate_messages_cpp.dir/build”无需做任何事。
make[2]: 离开目录“/home/idris/final_ws/build/sentry_chassis_controller”
/usr/bin/make -f CMakeFiles/dynamic_reconfigure_generate_messages_cpp.dir/build.make CMakeFiles/dynamic_reconfigure_generate_messages_cpp.dir/depend
/usr/bin/make -f CMakeFiles/gazebo_msgs_generate_messages_eus.dir/build.make CMakeFiles/gazebo_msgs_generate_messages_eus.dir/depend
make[2]: 离开目录“/home/idris/final_ws/build/sentry_chassis_controller”
make[2]: 进入目录“/home/idris/final_ws/build/sentry_chassis_controller”
cd /home/idris/final_ws/build/sentry_chassis_controller && /usr/bin/cmake -E cmake_depends "Unix Makefiles" /home/idris/final_ws/src/sentry_chassis_controller /home/idris/final_ws/src/sentry_chassis_controller /home/idris/final_ws/build/sentry_chassis_controller /home/idris/final_ws/build/sentry_chassis_controller /home/idris/final_ws/build/sentry_chassis_controller/CMakeFiles/trajectory_msgs_generate_messages_py.dir/DependInfo.cmake --color=
/usr/bin/make -f CMakeFiles/trajectory_msgs_generate_messages_lisp.dir/build.make CMakeFiles/trajectory_msgs_generate_messages_lisp.dir/build
/usr/bin/make -f CMakeFiles/geometry_msgs_generate_messages_nodejs.dir/build.make CMakeFiles/geometry_msgs_generate_messages_nodejs.dir/depend
make[2]: 进入目录“/home/idris/final_ws/build/sentry_chassis_controller”
cd /home/idris/final_ws/build/sentry_chassis_controller && /usr/bin/cmake -E cmake_depends "Unix Makefiles" /home/idris/final_ws/src/sentry_chassis_controller /home/idris/final_ws/src/sentry_chassis_controller /home/idris/final_ws/build/sentry_chassis_controller /home/idris/final_ws/build/sentry_chassis_controller /home/idris/final_ws/build/sentry_chassis_controller/CMakeFiles/dynamic_reconfigure_generate_messages_cpp.dir/DependInfo.cmake --color=
make[2]: 进入目录“/home/idris/final_ws/build/sentry_chassis_controller”
cd /home/idris/final_ws/build/sentry_chassis_controller && /usr/bin/cmake -E cmake_depends "Unix Makefiles" /home/idris/final_ws/src/sentry_chassis_controller /home/idris/final_ws/src/sentry_chassis_controller /home/idris/final_ws/build/sentry_chassis_controller /home/idris/final_ws/build/sentry_chassis_controller /home/idris/final_ws/build/sentry_chassis_controller/CMakeFiles/gazebo_msgs_generate_messages_eus.dir/DependInfo.cmake --color=
make[2]: 离开目录“/home/idris/final_ws/build/sentry_chassis_controller”
/usr/bin/make -f CMakeFiles/rosgraph_msgs_generate_messages_cpp.dir/build.make CMakeFiles/rosgraph_msgs_generate_messages_cpp.dir/build
make[2]: 进入目录“/home/idris/final_ws/build/sentry_chassis_controller”
make[2]: 对“CMakeFiles/trajectory_msgs_generate_messages_lisp.dir/build”无需做任何事。
make[2]: 离开目录“/home/idris/final_ws/build/sentry_chassis_controller”
make[2]: 进入目录“/home/idris/final_ws/build/sentry_chassis_controller”
cd /home/idris/final_ws/build/sentry_chassis_controller && /usr/bin/cmake -E cmake_depends "Unix Makefiles" /home/idris/final_ws/src/sentry_chassis_controller /home/idris/final_ws/src/sentry_chassis_controller /home/idris/final_ws/build/sentry_chassis_controller /home/idris/final_ws/build/sentry_chassis_controller /home/idris/final_ws/build/sentry_chassis_controller/CMakeFiles/geometry_msgs_generate_messages_nodejs.dir/DependInfo.cmake --color=
make[2]: 进入目录“/home/idris/final_ws/build/sentry_chassis_controller”
make[2]: 对“CMakeFiles/rosgraph_msgs_generate_messages_cpp.dir/build”无需做任何事。
make[2]: 离开目录“/home/idris/final_ws/build/sentry_chassis_controller”
make[2]: 离开目录“/home/idris/final_ws/build/sentry_chassis_controller”
/usr/bin/make -f CMakeFiles/actionlib_generate_messages_eus.dir/build.make CMakeFiles/actionlib_generate_messages_eus.dir/build
[  7%] Built target trajectory_msgs_generate_messages_cpp
make[2]: 离开目录“/home/idris/final_ws/build/sentry_chassis_controller”
/usr/bin/make -f CMakeFiles/trajectory_msgs_generate_messages_py.dir/build.make CMakeFiles/trajectory_msgs_generate_messages_py.dir/build
/usr/bin/make -f CMakeFiles/dynamic_reconfigure_generate_messages_eus.dir/build.make CMakeFiles/dynamic_reconfigure_generate_messages_eus.dir/depend
make[2]: 进入目录“/home/idris/final_ws/build/sentry_chassis_controller”
make[2]: 对“CMakeFiles/actionlib_generate_messages_eus.dir/build”无需做任何事。
make[2]: 离开目录“/home/idris/final_ws/build/sentry_chassis_controller”
make[2]: 进入目录“/home/idris/final_ws/build/sentry_chassis_controller”
cd /home/idris/final_ws/build/sentry_chassis_controller && /usr/bin/cmake -E cmake_depends "Unix Makefiles" /home/idris/final_ws/src/sentry_chassis_controller /home/idris/final_ws/src/sentry_chassis_controller /home/idris/final_ws/build/sentry_chassis_controller /home/idris/final_ws/build/sentry_chassis_controller /home/idris/final_ws/build/sentry_chassis_controller/CMakeFiles/dynamic_reconfigure_generate_messages_eus.dir/DependInfo.cmake --color=
make[2]: 进入目录“/home/idris/final_ws/build/sentry_chassis_controller”
make[2]: 对“CMakeFiles/trajectory_msgs_generate_messages_py.dir/build”无需做任何事。
make[2]: 离开目录“/home/idris/final_ws/build/sentry_chassis_controller”
make[2]: 离开目录“/home/idris/final_ws/build/sentry_chassis_controller”
[  7%] Built target rosgraph_msgs_generate_messages_cpp
/usr/bin/make -f CMakeFiles/dynamic_reconfigure_generate_messages_cpp.dir/build.make CMakeFiles/dynamic_reconfigure_generate_messages_cpp.dir/build
/usr/bin/make -f CMakeFiles/dynamic_reconfigure_gencfg.dir/build.make CMakeFiles/dynamic_reconfigure_gencfg.dir/depend
make[2]: 进入目录“/home/idris/final_ws/build/sentry_chassis_controller”
make[2]: 对“CMakeFiles/dynamic_reconfigure_generate_messages_cpp.dir/build”无需做任何事。
make[2]: 离开目录“/home/idris/final_ws/build/sentry_chassis_controller”
make[2]: 离开目录“/home/idris/final_ws/build/sentry_chassis_controller”
make[2]: 离开目录“/home/idris/final_ws/build/sentry_chassis_controller”
/usr/bin/make -f CMakeFiles/gazebo_msgs_generate_messages_eus.dir/build.make CMakeFiles/gazebo_msgs_generate_messages_eus.dir/build
/usr/bin/make -f CMakeFiles/geometry_msgs_generate_messages_nodejs.dir/build.make CMakeFiles/geometry_msgs_generate_messages_nodejs.dir/build
make[2]: 进入目录“/home/idris/final_ws/build/sentry_chassis_controller”
cd /home/idris/final_ws/build/sentry_chassis_controller && /usr/bin/cmake -E cmake_depends "Unix Makefiles" /home/idris/final_ws/src/sentry_chassis_controller /home/idris/final_ws/src/sentry_chassis_controller /home/idris/final_ws/build/sentry_chassis_controller /home/idris/final_ws/build/sentry_chassis_controller /home/idris/final_ws/build/sentry_chassis_controller/CMakeFiles/dynamic_reconfigure_gencfg.dir/DependInfo.cmake --color=
make[2]: 进入目录“/home/idris/final_ws/build/sentry_chassis_controller”
make[2]: 对“CMakeFiles/gazebo_msgs_generate_messages_eus.dir/build”无需做任何事。
make[2]: 离开目录“/home/idris/final_ws/build/sentry_chassis_controller”
make[2]: 进入目录“/home/idris/final_ws/build/sentry_chassis_controller”
make[2]: 对“CMakeFiles/geometry_msgs_generate_messages_nodejs.dir/build”无需做任何事。
make[2]: 离开目录“/home/idris/final_ws/build/sentry_chassis_controller”
[  7%] Built target trajectory_msgs_generate_messages_lisp
make[2]: 离开目录“/home/idris/final_ws/build/sentry_chassis_controller”
[  7%] Built target trajectory_msgs_generate_messages_py
/usr/bin/make -f CMakeFiles/dynamic_reconfigure_generate_messages_eus.dir/build.make CMakeFiles/dynamic_reconfigure_generate_messages_eus.dir/build
/usr/bin/make -f CMakeFiles/tf2_msgs_generate_messages_cpp.dir/build.make CMakeFiles/tf2_msgs_generate_messages_cpp.dir/depend
make[2]: 进入目录“/home/idris/final_ws/build/sentry_chassis_controller”
make[2]: 对“CMakeFiles/dynamic_reconfigure_generate_messages_eus.dir/build”无需做任何事。
make[2]: 离开目录“/home/idris/final_ws/build/sentry_chassis_controller”
[  7%] Built target actionlib_generate_messages_eus
[  7%] Built target dynamic_reconfigure_generate_messages_cpp
make[2]: 进入目录“/home/idris/final_ws/build/sentry_chassis_controller”
cd /home/idris/final_ws/build/sentry_chassis_controller && /usr/bin/cmake -E cmake_depends "Unix Makefiles" /home/idris/final_ws/src/sentry_chassis_controller /home/idris/final_ws/src/sentry_chassis_controller /home/idris/final_ws/build/sentry_chassis_controller /home/idris/final_ws/build/sentry_chassis_controller /home/idris/final_ws/build/sentry_chassis_controller/CMakeFiles/tf2_msgs_generate_messages_cpp.dir/DependInfo.cmake --color=
make[2]: 离开目录“/home/idris/final_ws/build/sentry_chassis_controller”
/usr/bin/make -f CMakeFiles/dynamic_reconfigure_gencfg.dir/build.make CMakeFiles/dynamic_reconfigure_gencfg.dir/build
[  7%] Built target gazebo_msgs_generate_messages_eus
[  7%] Built target geometry_msgs_generate_messages_nodejs
make[2]: 进入目录“/home/idris/final_ws/build/sentry_chassis_controller”
make[2]: 对“CMakeFiles/dynamic_reconfigure_gencfg.dir/build”无需做任何事。
make[2]: 离开目录“/home/idris/final_ws/build/sentry_chassis_controller”
[  7%] Built target dynamic_reconfigure_generate_messages_eus
make[2]: 离开目录“/home/idris/final_ws/build/sentry_chassis_controller”
/usr/bin/make -f CMakeFiles/tf2_msgs_generate_messages_cpp.dir/build.make CMakeFiles/tf2_msgs_generate_messages_cpp.dir/build
make[2]: 进入目录“/home/idris/final_ws/build/sentry_chassis_controller”
make[2]: 对“CMakeFiles/tf2_msgs_generate_messages_cpp.dir/build”无需做任何事。
make[2]: 离开目录“/home/idris/final_ws/build/sentry_chassis_controller”
[  7%] Built target dynamic_reconfigure_gencfg
[  7%] Built target tf2_msgs_generate_messages_cpp
/usr/bin/make -f CMakeFiles/sentry_control_key.dir/build.make CMakeFiles/sentry_control_key.dir/depend
/usr/bin/make -f CMakeFiles/forward_kinematics.dir/build.make CMakeFiles/forward_kinematics.dir/depend
/usr/bin/make -f CMakeFiles/gazebo_odom_bridge.dir/build.make CMakeFiles/gazebo_odom_bridge.dir/depend
/usr/bin/make -f CMakeFiles/ik_test_publisher.dir/build.make CMakeFiles/ik_test_publisher.dir/depend
/usr/bin/make -f CMakeFiles/sentry_chassis_controller.dir/build.make CMakeFiles/sentry_chassis_controller.dir/depend
/usr/bin/make -f CMakeFiles/forward_kinematics_node.dir/build.make CMakeFiles/forward_kinematics_node.dir/depend
make[2]: 进入目录“/home/idris/final_ws/build/sentry_chassis_controller”
cd /home/idris/final_ws/build/sentry_chassis_controller && /usr/bin/cmake -E cmake_depends "Unix Makefiles" /home/idris/final_ws/src/sentry_chassis_controller /home/idris/final_ws/src/sentry_chassis_controller /home/idris/final_ws/build/sentry_chassis_controller /home/idris/final_ws/build/sentry_chassis_controller /home/idris/final_ws/build/sentry_chassis_controller/CMakeFiles/sentry_control_key.dir/DependInfo.cmake --color=
make[2]: 进入目录“/home/idris/final_ws/build/sentry_chassis_controller”
cd /home/idris/final_ws/build/sentry_chassis_controller && /usr/bin/cmake -E cmake_depends "Unix Makefiles" /home/idris/final_ws/src/sentry_chassis_controller /home/idris/final_ws/src/sentry_chassis_controller /home/idris/final_ws/build/sentry_chassis_controller /home/idris/final_ws/build/sentry_chassis_controller /home/idris/final_ws/build/sentry_chassis_controller/CMakeFiles/gazebo_odom_bridge.dir/DependInfo.cmake --color=
make[2]: 进入目录“/home/idris/final_ws/build/sentry_chassis_controller”
cd /home/idris/final_ws/build/sentry_chassis_controller && /usr/bin/cmake -E cmake_depends "Unix Makefiles" /home/idris/final_ws/src/sentry_chassis_controller /home/idris/final_ws/src/sentry_chassis_controller /home/idris/final_ws/build/sentry_chassis_controller /home/idris/final_ws/build/sentry_chassis_controller /home/idris/final_ws/build/sentry_chassis_controller/CMakeFiles/ik_test_publisher.dir/DependInfo.cmake --color=
make[2]: 进入目录“/home/idris/final_ws/build/sentry_chassis_controller”
cd /home/idris/final_ws/build/sentry_chassis_controller && /usr/bin/cmake -E cmake_depends "Unix Makefiles" /home/idris/final_ws/src/sentry_chassis_controller /home/idris/final_ws/src/sentry_chassis_controller /home/idris/final_ws/build/sentry_chassis_controller /home/idris/final_ws/build/sentry_chassis_controller /home/idris/final_ws/build/sentry_chassis_controller/CMakeFiles/forward_kinematics.dir/DependInfo.cmake --color=
make[2]: 进入目录“/home/idris/final_ws/build/sentry_chassis_controller”
cd /home/idris/final_ws/build/sentry_chassis_controller && /usr/bin/cmake -E cmake_depends "Unix Makefiles" /home/idris/final_ws/src/sentry_chassis_controller /home/idris/final_ws/src/sentry_chassis_controller /home/idris/final_ws/build/sentry_chassis_controller /home/idris/final_ws/build/sentry_chassis_controller /home/idris/final_ws/build/sentry_chassis_controller/CMakeFiles/sentry_chassis_controller.dir/DependInfo.cmake --color=
make[2]: 进入目录“/home/idris/final_ws/build/sentry_chassis_controller”
cd /home/idris/final_ws/build/sentry_chassis_controller && /usr/bin/cmake -E cmake_depends "Unix Makefiles" /home/idris/final_ws/src/sentry_chassis_controller /home/idris/final_ws/src/sentry_chassis_controller /home/idris/final_ws/build/sentry_chassis_controller /home/idris/final_ws/build/sentry_chassis_controller /home/idris/final_ws/build/sentry_chassis_controller/CMakeFiles/forward_kinematics_node.dir/DependInfo.cmake --color=
Dependee "/home/idris/final_ws/src/sentry_chassis_controller/src/sentry_control_key.cpp" is newer than depender "CMakeFiles/sentry_control_key.dir/src/sentry_control_key.cpp.o".
Clearing dependencies in "/home/idris/final_ws/build/sentry_chassis_controller/CMakeFiles/sentry_control_key.dir/depend.make".
[35m[1mScanning dependencies of target sentry_control_key[0m
make[2]: 离开目录“/home/idris/final_ws/build/sentry_chassis_controller”
make[2]: 离开目录“/home/idris/final_ws/build/sentry_chassis_controller”
/usr/bin/make -f CMakeFiles/sentry_chassis_controller.dir/build.make CMakeFiles/sentry_chassis_controller.dir/build
make[2]: 离开目录“/home/idris/final_ws/build/sentry_chassis_controller”
/usr/bin/make -f CMakeFiles/gazebo_odom_bridge.dir/build.make CMakeFiles/gazebo_odom_bridge.dir/build
/usr/bin/make -f CMakeFiles/ik_test_publisher.dir/build.make CMakeFiles/ik_test_publisher.dir/build
make[2]: 离开目录“/home/idris/final_ws/build/sentry_chassis_controller”
/usr/bin/make -f CMakeFiles/sentry_control_key.dir/build.make CMakeFiles/sentry_control_key.dir/build
make[2]: 离开目录“/home/idris/final_ws/build/sentry_chassis_controller”
/usr/bin/make -f CMakeFiles/forward_kinematics.dir/build.make CMakeFiles/forward_kinematics.dir/build
make[2]: 离开目录“/home/idris/final_ws/build/sentry_chassis_controller”
make[2]: 进入目录“/home/idris/final_ws/build/sentry_chassis_controller”
/usr/bin/make -f CMakeFiles/forward_kinematics_node.dir/build.make CMakeFiles/forward_kinematics_node.dir/build
make[2]: 进入目录“/home/idris/final_ws/build/sentry_chassis_controller”
make[2]: 对“CMakeFiles/sentry_chassis_controller.dir/build”无需做任何事。
make[2]: 离开目录“/home/idris/final_ws/build/sentry_chassis_controller”
make[2]: 进入目录“/home/idris/final_ws/build/sentry_chassis_controller”
make[2]: 对“CMakeFiles/ik_test_publisher.dir/build”无需做任何事。
make[2]: 离开目录“/home/idris/final_ws/build/sentry_chassis_controller”
make[2]: 进入目录“/home/idris/final_ws/build/sentry_chassis_controller”
make[2]: 对“CMakeFiles/gazebo_odom_bridge.dir/build”无需做任何事。
make[2]: 离开目录“/home/idris/final_ws/build/sentry_chassis_controller”
make[2]: 进入目录“/home/idris/final_ws/build/sentry_chassis_controller”
make[2]: 对“CMakeFiles/forward_kinematics.dir/build”无需做任何事。
make[2]: 离开目录“/home/idris/final_ws/build/sentry_chassis_controller”
[ 14%] [32mBuilding CXX object CMakeFiles/sentry_control_key.dir/src/sentry_control_key.cpp.o[0m
/usr/bin/c++  -DROSCONSOLE_BACKEND_LOG4CXX -DROS_BUILD_SHARED_LIBS=1 -DROS_PACKAGE_NAME=\"sentry_chassis_controller\" -I/home/idris/final_ws/devel/.private/sentry_chassis_controller/include -I/home/idris/final_ws/src/sentry_chassis_controller/include -I/opt/ros/noetic/include -I/opt/ros/noetic/share/xmlrpcpp/cmake/../../../include/xmlrpcpp -I/usr/include/eigen3   -o CMakeFiles/sentry_control_key.dir/src/sentry_control_key.cpp.o -c /home/idris/final_ws/src/sentry_chassis_controller/src/sentry_control_key.cpp
[ 35%] Built target gazebo_odom_bridge
[ 42%] Built target ik_test_publisher
make[2]: 进入目录“/home/idris/final_ws/build/sentry_chassis_controller”
make[2]: 对“CMakeFiles/forward_kinematics_node.dir/build”无需做任何事。
make[2]: 离开目录“/home/idris/final_ws/build/sentry_chassis_controller”
[ 57%] Built target forward_kinematics
[ 78%] Built target sentry_chassis_controller
[ 92%] Built target forward_kinematics_node
[100%] [32m[1mLinking CXX executable /home/idris/final_ws/devel/.private/sentry_chassis_controller/lib/sentry_chassis_controller/sentry_control_key[0m
/usr/bin/cmake -E cmake_link_script CMakeFiles/sentry_control_key.dir/link.txt --verbose=1
/usr/bin/c++    -rdynamic CMakeFiles/sentry_control_key.dir/src/sentry_control_key.cpp.o  -o /home/idris/final_ws/devel/.private/sentry_chassis_controller/lib/sentry_chassis_controller/sentry_control_key  -Wl,-rpath,/opt/ros/noetic/lib /opt/ros/noetic/lib/libclass_loader.so -lPocoFoundation -ldl /opt/ros/noetic/lib/libroslib.so /opt/ros/noetic/lib/librospack.so -lpython3.8 /usr/lib/x86_64-linux-gnu/libboost_program_options.so.1.71.0 -ltinyxml2 /opt/ros/noetic/lib/libcontrol_toolbox.so -ltinyxml /opt/ros/noetic/lib/librealtime_tools.so /opt/ros/noetic/lib/libtf2_ros.so /opt/ros/noetic/lib/libactionlib.so /opt/ros/noetic/lib/libmessage_filters.so /opt/ros/noetic/lib/libroscpp.so -lpthread /usr/lib/x86_64-linux-gnu/libboost_chrono.so.1.71.0 /usr/lib/x86_64-linux-gnu/libboost_filesystem.so.1.71.0 /opt/ros/noetic/lib/librosconsole.so /opt/ros/noetic/lib/librosconsole_log4cxx.so /opt/ros/noetic/lib/librosconsole_backend_interface.so -llog4cxx /usr/lib/x86_64-linux-gnu/libboost_regex.so.1.71.0 /opt/ros/noetic/lib/libxmlrpcpp.so /opt/ros/noetic/lib/libtf2.so /opt/ros/noetic/lib/libdynamic_reconfigure_config_init_mutex.so /opt/ros/noetic/lib/libroscpp_serialization.so /opt/ros/noetic/lib/librostime.so /usr/lib/x86_64-linux-gnu/libboost_date_time.so.1.71.0 /opt/ros/noetic/lib/libcpp_common.so /usr/lib/x86_64-linux-gnu/libboost_system.so.1.71.0 /usr/lib/x86_64-linux-gnu/libboost_thread.so.1.71.0 /usr/lib/x86_64-linux-gnu/libconsole_bridge.so.0.4 
make[2]: 离开目录“/home/idris/final_ws/build/sentry_chassis_controller”
[100%] Built target sentry_control_key
make[1]: 离开目录“/home/idris/final_ws/build/sentry_chassis_controller”
/usr/bin/cmake -E cmake_progress_start /home/idris/final_ws/build/sentry_chassis_controller/CMakeFiles 0
