[  0%] Built target dynamic_reconfigure_generate_messages_lisp
[  0%] Built target tf2_msgs_generate_messages_lisp
[  0%] Built target actionlib_generate_messages_cpp
[  0%] Built target actionlib_generate_messages_py
[  0%] Built target actionlib_generate_messages_nodejs
[  0%] Built target tf2_msgs_generate_messages_nodejs
[  0%] Built target std_srvs_generate_messages_nodejs
[  0%] Built target std_srvs_generate_messages_lisp
[  0%] Built target gazebo_msgs_generate_messages_py
[  0%] Built target std_srvs_generate_messages_eus
[  0%] Built target gazebo_msgs_generate_messages_nodejs
[  0%] Built target nav_msgs_generate_messages_py
[  0%] Built target gazebo_msgs_generate_messages_cpp
[  0%] Built target nav_msgs_generate_messages_lisp
[  0%] Built target geometry_msgs_generate_messages_eus
[  0%] Built target std_msgs_generate_messages_nodejs
[  0%] Built target nav_msgs_generate_messages_nodejs
[  0%] Built target tf2_msgs_generate_messages_py
[  0%] Built target sensor_msgs_generate_messages_cpp
[  0%] Built target std_msgs_generate_messages_py
[  0%] Built target dynamic_reconfigure_generate_messages_nodejs
[  0%] Built target gazebo_msgs_generate_messages_lisp
[  0%] Built target std_msgs_generate_messages_cpp
[  0%] Built target actionlib_generate_messages_lisp
[  0%] Built target rosgraph_msgs_generate_messages_nodejs
[  0%] Built target actionlib_msgs_generate_messages_py
[  0%] Built target std_msgs_generate_messages_lisp
[  0%] Built target rosgraph_msgs_generate_messages_lisp
[  0%] Built target std_srvs_generate_messages_cpp
[  0%] Built target rosgraph_msgs_generate_messages_py
[  0%] Built target roscpp_generate_messages_cpp
[  0%] Built target geometry_msgs_generate_messages_cpp
[  0%] Built target control_msgs_generate_messages_py
[  0%] Built target control_toolbox_gencfg
[  0%] Built target sensor_msgs_generate_messages_nodejs
[  0%] Built target tf2_msgs_generate_messages_eus
[  0%] Built target roscpp_generate_messages_eus
[  0%] Built target geometry_msgs_generate_messages_py
[  0%] Built target sensor_msgs_generate_messages_py
[  0%] Built target geometry_msgs_generate_messages_lisp
[  0%] Built target roscpp_generate_messages_nodejs
[  0%] Built target rosgraph_msgs_generate_messages_eus
[  0%] Built target std_srvs_generate_messages_py
[  0%] Built target sensor_msgs_generate_messages_eus
[  0%] Built target sensor_msgs_generate_messages_lisp
[  0%] Built target nav_msgs_generate_messages_cpp
[  0%] Built target control_msgs_generate_messages_lisp
[  0%] Built target control_toolbox_generate_messages_lisp
[  0%] Built target control_toolbox_generate_messages_eus
[  0%] Built target control_toolbox_generate_messages_nodejs
[  0%] Built target roscpp_generate_messages_lisp
[  0%] Built target control_msgs_generate_messages_eus
[  0%] Built target control_msgs_generate_messages_cpp
[  0%] Built target roscpp_generate_messages_py
[  0%] Built target trajectory_msgs_generate_messages_nodejs
[  0%] Built target trajectory_msgs_generate_messages_eus
[  0%] Built target control_toolbox_generate_messages_cpp
[  0%] Built target dynamic_reconfigure_generate_messages_py
[  0%] Built target actionlib_msgs_generate_messages_eus
[  0%] Built target control_msgs_generate_messages_nodejs
[  0%] Built target actionlib_msgs_generate_messages_cpp
[  0%] Built target nav_msgs_generate_messages_eus
[  5%] Built target sentry_chassis_controller_gencfg
[  5%] Built target std_msgs_generate_messages_eus
[  5%] Built target actionlib_msgs_generate_messages_lisp
[  5%] Built target control_toolbox_generate_messages_py
[  5%] Built target trajectory_msgs_generate_messages_cpp
[  5%] Built target actionlib_msgs_generate_messages_nodejs
[  5%] Built target trajectory_msgs_generate_messages_lisp
[  5%] Built target actionlib_generate_messages_eus
[  5%] Built target rosgraph_msgs_generate_messages_cpp
[  5%] Built target trajectory_msgs_generate_messages_py
[  5%] Built target dynamic_reconfigure_generate_messages_cpp
[  5%] Built target dynamic_reconfigure_gencfg
[  5%] Built target geometry_msgs_generate_messages_nodejs
[  5%] Built target gazebo_msgs_generate_messages_eus
[  5%] Built target tf2_msgs_generate_messages_cpp
[  5%] Built target dynamic_reconfigure_generate_messages_eus
[35m[1mScanning dependencies of target dual_mode_chassis_controller[0m
[ 16%] Built target sentry_control_key_optimized
[ 27%] Built target forward_kinematics
[ 44%] Built target sentry_chassis_controller
[ 55%] [32mBuilding CXX object CMakeFiles/dual_mode_chassis_controller.dir/src/dual_mode_chassis_controller.cpp.o[0m
[ 61%] Built target gazebo_odom_bridge
[ 72%] Built target ik_test_publisher
[ 83%] Built target sentry_control_key
[ 94%] Built target forward_kinematics_node
[01m[K/home/idris/final_ws/src/sentry_chassis_controller/src/dual_mode_chassis_controller.cpp:[m[K In function ‘[01m[Kint main(int, char**)[m[K’:
[01m[K/home/idris/final_ws/src/sentry_chassis_controller/src/dual_mode_chassis_controller.cpp:203:7:[m[K [01;35m[Kwarning: [m[Kexception of type ‘[01m[Kros::Exception[m[K’ will be caught
  203 |     } [01;35m[Kcatch[m[K (ros::Exception& e) {
      |       [01;35m[K^~~~~[m[K
[01m[K/home/idris/final_ws/src/sentry_chassis_controller/src/dual_mode_chassis_controller.cpp:200:7:[m[K [01;35m[Kwarning: [m[K   by earlier handler for ‘[01m[Kstd::exception[m[K’
  200 |     } [01;35m[Kcatch[m[K (const std::exception& e) {
      |       [01;35m[K^~~~~[m[K
[100%] [32m[1mLinking CXX executable /home/idris/final_ws/devel/.private/sentry_chassis_controller/lib/sentry_chassis_controller/dual_mode_chassis_controller[0m
/usr/bin/ld: CMakeFiles/dual_mode_chassis_controller.dir/src/dual_mode_chassis_controller.cpp.o: in function `DualModeChassisController::controlLoop(ros::TimerEvent const&)':
dual_mode_chassis_controller.cpp:(.text._ZN25DualModeChassisController11controlLoopERKN3ros10TimerEventE[_ZN25DualModeChassisController11controlLoopERKN3ros10TimerEventE]+0x48e): undefined reference to `void tf2::doTransform<geometry_msgs::TwistStamped_<std::allocator<void> > >(geometry_msgs::TwistStamped_<std::allocator<void> > const&, geometry_msgs::TwistStamped_<std::allocator<void> >&, geometry_msgs::TransformStamped_<std::allocator<void> > const&)'
collect2: error: ld returned 1 exit status
make[2]: *** [CMakeFiles/dual_mode_chassis_controller.dir/build.make:117：/home/idris/final_ws/devel/.private/sentry_chassis_controller/lib/sentry_chassis_controller/dual_mode_chassis_controller] 错误 1
make[1]: *** [CMakeFiles/Makefile2:1473：CMakeFiles/dual_mode_chassis_controller.dir/all] 错误 2
make: *** [Makefile:141：all] 错误 2
