[  0%] Built target dynamic_reconfigure_generate_messages_lisp
[  0%] Built target std_srvs_generate_messages_lisp
[  0%] Built target tf2_msgs_generate_messages_lisp
[  0%] Built target actionlib_generate_messages_nodejs
[  0%] Built target std_srvs_generate_messages_nodejs
[  0%] Built target actionlib_generate_messages_py
[  0%] Built target tf2_msgs_generate_messages_nodejs
[  0%] Built target actionlib_generate_messages_cpp
[  0%] Built target std_srvs_generate_messages_eus
[  0%] Built target gazebo_msgs_generate_messages_nodejs
[  0%] Built target nav_msgs_generate_messages_py
[  0%] Built target gazebo_msgs_generate_messages_py
[  0%] Built target gazebo_msgs_generate_messages_cpp
[  0%] Built target geometry_msgs_generate_messages_eus
[  0%] Built target std_msgs_generate_messages_nodejs
[  0%] Built target nav_msgs_generate_messages_lisp
[  0%] Built target nav_msgs_generate_messages_nodejs
[  0%] Built target sensor_msgs_generate_messages_cpp
[  0%] Built target tf2_msgs_generate_messages_py
[  0%] Built target std_msgs_generate_messages_py
[  0%] Built target gazebo_msgs_generate_messages_lisp
[  0%] Built target std_msgs_generate_messages_cpp
[  0%] Built target rosgraph_msgs_generate_messages_nodejs
[  0%] Built target dynamic_reconfigure_generate_messages_nodejs
[  0%] Built target actionlib_generate_messages_lisp
[  0%] Built target std_msgs_generate_messages_lisp
[  0%] Built target rosgraph_msgs_generate_messages_lisp
[  0%] Built target actionlib_msgs_generate_messages_py
[  0%] Built target std_srvs_generate_messages_cpp
[  0%] Built target rosgraph_msgs_generate_messages_py
[  0%] Built target control_toolbox_gencfg
[  0%] Built target sensor_msgs_generate_messages_nodejs
[  0%] Built target roscpp_generate_messages_eus
[  0%] Built target roscpp_generate_messages_cpp
[  0%] Built target geometry_msgs_generate_messages_cpp
[  0%] Built target control_msgs_generate_messages_py
[  0%] Built target sensor_msgs_generate_messages_py
[  0%] Built target geometry_msgs_generate_messages_lisp
[  0%] Built target tf2_msgs_generate_messages_eus
[  0%] Built target roscpp_generate_messages_nodejs
[  0%] Built target std_srvs_generate_messages_py
[  0%] Built target geometry_msgs_generate_messages_py
[  0%] Built target rosgraph_msgs_generate_messages_eus
[  0%] Built target control_toolbox_generate_messages_eus
[  0%] Built target sensor_msgs_generate_messages_lisp
[  0%] Built target control_msgs_generate_messages_lisp
[  0%] Built target sensor_msgs_generate_messages_eus
[  0%] Built target control_toolbox_generate_messages_lisp
[  0%] Built target nav_msgs_generate_messages_cpp
[  0%] Built target roscpp_generate_messages_lisp
[  0%] Built target control_toolbox_generate_messages_nodejs
[  0%] Built target control_msgs_generate_messages_eus
[  0%] Built target roscpp_generate_messages_py
[  0%] Built target trajectory_msgs_generate_messages_eus
[  0%] Built target control_msgs_generate_messages_cpp
[  0%] Built target trajectory_msgs_generate_messages_nodejs
[  0%] Built target control_toolbox_generate_messages_cpp
[  0%] Built target dynamic_reconfigure_generate_messages_py
[  0%] Built target actionlib_msgs_generate_messages_eus
[  0%] Built target actionlib_msgs_generate_messages_cpp
[  5%] Built target sentry_chassis_controller_gencfg
[  5%] Built target actionlib_msgs_generate_messages_lisp
[  5%] Built target control_msgs_generate_messages_nodejs
[  5%] Built target std_msgs_generate_messages_eus
[  5%] Built target nav_msgs_generate_messages_eus
[  5%] Built target actionlib_msgs_generate_messages_nodejs
[  5%] Built target control_toolbox_generate_messages_py
[  5%] Built target trajectory_msgs_generate_messages_cpp
[  5%] Built target rosgraph_msgs_generate_messages_cpp
[  5%] Built target trajectory_msgs_generate_messages_py
[  5%] Built target actionlib_generate_messages_eus
[  5%] Built target gazebo_msgs_generate_messages_eus
[  5%] Built target trajectory_msgs_generate_messages_lisp
[  5%] Built target dynamic_reconfigure_generate_messages_cpp
[  5%] Built target geometry_msgs_generate_messages_nodejs
[  5%] Built target dynamic_reconfigure_generate_messages_eus
[  5%] Built target tf2_msgs_generate_messages_cpp
[  5%] Built target dynamic_reconfigure_gencfg
[35m[1mScanning dependencies of target dual_mode_chassis_controller[0m
[ 16%] Built target sentry_control_key_optimized
[ 27%] Built target sentry_control_key
[ 38%] Built target gazebo_odom_bridge
[ 50%] Built target ik_test_publisher
[ 66%] Built target sentry_chassis_controller
[ 77%] Built target forward_kinematics
[ 94%] Built target forward_kinematics_node
[ 94%] [32mBuilding CXX object CMakeFiles/dual_mode_chassis_controller.dir/src/dual_mode_chassis_controller.cpp.o[0m
[01m[K/home/idris/final_ws/src/sentry_chassis_controller/src/dual_mode_chassis_controller.cpp:[m[K In constructor ‘[01m[KDualModeChassisController::DualModeChassisController()[m[K’:
[01m[K/home/idris/final_ws/src/sentry_chassis_controller/src/dual_mode_chassis_controller.cpp:62:36:[m[K [01;31m[Kerror: [m[K‘[01m[Kgeometry_msgs::TwistStamped_<std::allocator<void> >::_twist_type[m[K’ {aka ‘[01m[Kstruct geometry_msgs::Twist_<std::allocator<void> >[m[K’} has no member named ‘[01m[Ktwist[m[K’; did you mean ‘[01m[KTwist_[m[K’?
   62 |         cmd_linear_absolute_.twist.[01;31m[Ktwist[m[K.linear.x = 0.0;
      |                                    [01;31m[K^~~~~[m[K
      |                                    [32m[KTwist_[m[K
[01m[K/home/idris/final_ws/src/sentry_chassis_controller/src/dual_mode_chassis_controller.cpp:63:36:[m[K [01;31m[Kerror: [m[K‘[01m[Kgeometry_msgs::TwistStamped_<std::allocator<void> >::_twist_type[m[K’ {aka ‘[01m[Kstruct geometry_msgs::Twist_<std::allocator<void> >[m[K’} has no member named ‘[01m[Ktwist[m[K’; did you mean ‘[01m[KTwist_[m[K’?
   63 |         cmd_linear_absolute_.twist.[01;31m[Ktwist[m[K.linear.y = 0.0;
      |                                    [01;31m[K^~~~~[m[K
      |                                    [32m[KTwist_[m[K
[01m[K/home/idris/final_ws/src/sentry_chassis_controller/src/dual_mode_chassis_controller.cpp:64:36:[m[K [01;31m[Kerror: [m[K‘[01m[Kgeometry_msgs::TwistStamped_<std::allocator<void> >::_twist_type[m[K’ {aka ‘[01m[Kstruct geometry_msgs::Twist_<std::allocator<void> >[m[K’} has no member named ‘[01m[Ktwist[m[K’; did you mean ‘[01m[KTwist_[m[K’?
   64 |         cmd_linear_absolute_.twist.[01;31m[Ktwist[m[K.angular.z = 0.0;
      |                                    [01;31m[K^~~~~[m[K
      |                                    [32m[KTwist_[m[K
[01m[K/home/idris/final_ws/src/sentry_chassis_controller/src/dual_mode_chassis_controller.cpp:[m[K In function ‘[01m[Kint main(int, char**)[m[K’:
[01m[K/home/idris/final_ws/src/sentry_chassis_controller/src/dual_mode_chassis_controller.cpp:205:7:[m[K [01;35m[Kwarning: [m[Kexception of type ‘[01m[Kros::Exception[m[K’ will be caught
  205 |     } [01;35m[Kcatch[m[K (ros::Exception& e) {
      |       [01;35m[K^~~~~[m[K
[01m[K/home/idris/final_ws/src/sentry_chassis_controller/src/dual_mode_chassis_controller.cpp:202:7:[m[K [01;35m[Kwarning: [m[K   by earlier handler for ‘[01m[Kstd::exception[m[K’
  202 |     } [01;35m[Kcatch[m[K (const std::exception& e) {
      |       [01;35m[K^~~~~[m[K
make[2]: *** [CMakeFiles/dual_mode_chassis_controller.dir/build.make:63：CMakeFiles/dual_mode_chassis_controller.dir/src/dual_mode_chassis_controller.cpp.o] 错误 1
make[1]: *** [CMakeFiles/Makefile2:1473：CMakeFiles/dual_mode_chassis_controller.dir/all] 错误 2
make: *** [Makefile:141：all] 错误 2
