/usr/bin/cmake -S/home/idris/final_ws/src/sentry_chassis_controller -B/home/idris/final_ws/build/sentry_chassis_controller --check-build-system CMakeFiles/Makefile.cmake 0
/usr/bin/cmake -E cmake_progress_start /home/idris/final_ws/build/sentry_chassis_controller/CMakeFiles /home/idris/final_ws/build/sentry_chassis_controller/CMakeFiles/progress.marks
/usr/bin/make -f CMakeFiles/Makefile2 all
make[1]: 进入目录“/home/idris/final_ws/build/sentry_chassis_controller”
/usr/bin/make -f CMakeFiles/dynamic_reconfigure_generate_messages_lisp.dir/build.make CMakeFiles/dynamic_reconfigure_generate_messages_lisp.dir/depend
/usr/bin/make -f CMakeFiles/tf2_msgs_generate_messages_nodejs.dir/build.make CMakeFiles/tf2_msgs_generate_messages_nodejs.dir/depend
/usr/bin/make -f CMakeFiles/tf2_msgs_generate_messages_lisp.dir/build.make CMakeFiles/tf2_msgs_generate_messages_lisp.dir/depend
/usr/bin/make -f CMakeFiles/actionlib_generate_messages_py.dir/build.make CMakeFiles/actionlib_generate_messages_py.dir/depend
/usr/bin/make -f CMakeFiles/actionlib_generate_messages_nodejs.dir/build.make CMakeFiles/actionlib_generate_messages_nodejs.dir/depend
make[2]: 进入目录“/home/idris/final_ws/build/sentry_chassis_controller”
make[2]: 进入目录“/home/idris/final_ws/build/sentry_chassis_controller”
cd /home/idris/final_ws/build/sentry_chassis_controller && /usr/bin/cmake -E cmake_depends "Unix Makefiles" /home/idris/final_ws/src/sentry_chassis_controller /home/idris/final_ws/src/sentry_chassis_controller /home/idris/final_ws/build/sentry_chassis_controller /home/idris/final_ws/build/sentry_chassis_controller /home/idris/final_ws/build/sentry_chassis_controller/CMakeFiles/tf2_msgs_generate_messages_nodejs.dir/DependInfo.cmake --color=
cd /home/idris/final_ws/build/sentry_chassis_controller && /usr/bin/cmake -E cmake_depends "Unix Makefiles" /home/idris/final_ws/src/sentry_chassis_controller /home/idris/final_ws/src/sentry_chassis_controller /home/idris/final_ws/build/sentry_chassis_controller /home/idris/final_ws/build/sentry_chassis_controller /home/idris/final_ws/build/sentry_chassis_controller/CMakeFiles/dynamic_reconfigure_generate_messages_lisp.dir/DependInfo.cmake --color=
make[2]: 进入目录“/home/idris/final_ws/build/sentry_chassis_controller”
cd /home/idris/final_ws/build/sentry_chassis_controller && /usr/bin/cmake -E cmake_depends "Unix Makefiles" /home/idris/final_ws/src/sentry_chassis_controller /home/idris/final_ws/src/sentry_chassis_controller /home/idris/final_ws/build/sentry_chassis_controller /home/idris/final_ws/build/sentry_chassis_controller /home/idris/final_ws/build/sentry_chassis_controller/CMakeFiles/tf2_msgs_generate_messages_lisp.dir/DependInfo.cmake --color=
make[2]: 进入目录“/home/idris/final_ws/build/sentry_chassis_controller”
cd /home/idris/final_ws/build/sentry_chassis_controller && /usr/bin/cmake -E cmake_depends "Unix Makefiles" /home/idris/final_ws/src/sentry_chassis_controller /home/idris/final_ws/src/sentry_chassis_controller /home/idris/final_ws/build/sentry_chassis_controller /home/idris/final_ws/build/sentry_chassis_controller /home/idris/final_ws/build/sentry_chassis_controller/CMakeFiles/actionlib_generate_messages_py.dir/DependInfo.cmake --color=
/usr/bin/make -f CMakeFiles/actionlib_generate_messages_cpp.dir/build.make CMakeFiles/actionlib_generate_messages_cpp.dir/depend
/usr/bin/make -f CMakeFiles/std_srvs_generate_messages_nodejs.dir/build.make CMakeFiles/std_srvs_generate_messages_nodejs.dir/depend
make[2]: 进入目录“/home/idris/final_ws/build/sentry_chassis_controller”
cd /home/idris/final_ws/build/sentry_chassis_controller && /usr/bin/cmake -E cmake_depends "Unix Makefiles" /home/idris/final_ws/src/sentry_chassis_controller /home/idris/final_ws/src/sentry_chassis_controller /home/idris/final_ws/build/sentry_chassis_controller /home/idris/final_ws/build/sentry_chassis_controller /home/idris/final_ws/build/sentry_chassis_controller/CMakeFiles/actionlib_generate_messages_cpp.dir/DependInfo.cmake --color=
/usr/bin/make -f CMakeFiles/std_srvs_generate_messages_lisp.dir/build.make CMakeFiles/std_srvs_generate_messages_lisp.dir/depend
make[2]: 进入目录“/home/idris/final_ws/build/sentry_chassis_controller”
cd /home/idris/final_ws/build/sentry_chassis_controller && /usr/bin/cmake -E cmake_depends "Unix Makefiles" /home/idris/final_ws/src/sentry_chassis_controller /home/idris/final_ws/src/sentry_chassis_controller /home/idris/final_ws/build/sentry_chassis_controller /home/idris/final_ws/build/sentry_chassis_controller /home/idris/final_ws/build/sentry_chassis_controller/CMakeFiles/std_srvs_generate_messages_nodejs.dir/DependInfo.cmake --color=
make[2]: 进入目录“/home/idris/final_ws/build/sentry_chassis_controller”
cd /home/idris/final_ws/build/sentry_chassis_controller && /usr/bin/cmake -E cmake_depends "Unix Makefiles" /home/idris/final_ws/src/sentry_chassis_controller /home/idris/final_ws/src/sentry_chassis_controller /home/idris/final_ws/build/sentry_chassis_controller /home/idris/final_ws/build/sentry_chassis_controller /home/idris/final_ws/build/sentry_chassis_controller/CMakeFiles/actionlib_generate_messages_nodejs.dir/DependInfo.cmake --color=
make[2]: 进入目录“/home/idris/final_ws/build/sentry_chassis_controller”
cd /home/idris/final_ws/build/sentry_chassis_controller && /usr/bin/cmake -E cmake_depends "Unix Makefiles" /home/idris/final_ws/src/sentry_chassis_controller /home/idris/final_ws/src/sentry_chassis_controller /home/idris/final_ws/build/sentry_chassis_controller /home/idris/final_ws/build/sentry_chassis_controller /home/idris/final_ws/build/sentry_chassis_controller/CMakeFiles/std_srvs_generate_messages_lisp.dir/DependInfo.cmake --color=
make[2]: 离开目录“/home/idris/final_ws/build/sentry_chassis_controller”
/usr/bin/make -f CMakeFiles/tf2_msgs_generate_messages_nodejs.dir/build.make CMakeFiles/tf2_msgs_generate_messages_nodejs.dir/build
make[2]: 离开目录“/home/idris/final_ws/build/sentry_chassis_controller”
make[2]: 离开目录“/home/idris/final_ws/build/sentry_chassis_controller”
make[2]: 离开目录“/home/idris/final_ws/build/sentry_chassis_controller”
make[2]: 离开目录“/home/idris/final_ws/build/sentry_chassis_controller”
/usr/bin/make -f CMakeFiles/dynamic_reconfigure_generate_messages_lisp.dir/build.make CMakeFiles/dynamic_reconfigure_generate_messages_lisp.dir/build
/usr/bin/make -f CMakeFiles/actionlib_generate_messages_py.dir/build.make CMakeFiles/actionlib_generate_messages_py.dir/build
make[2]: 进入目录“/home/idris/final_ws/build/sentry_chassis_controller”
make[2]: 对“CMakeFiles/tf2_msgs_generate_messages_nodejs.dir/build”无需做任何事。
make[2]: 离开目录“/home/idris/final_ws/build/sentry_chassis_controller”
make[2]: 进入目录“/home/idris/final_ws/build/sentry_chassis_controller”
make[2]: 对“CMakeFiles/dynamic_reconfigure_generate_messages_lisp.dir/build”无需做任何事。
make[2]: 离开目录“/home/idris/final_ws/build/sentry_chassis_controller”
/usr/bin/make -f CMakeFiles/actionlib_generate_messages_cpp.dir/build.make CMakeFiles/actionlib_generate_messages_cpp.dir/build
/usr/bin/make -f CMakeFiles/std_srvs_generate_messages_nodejs.dir/build.make CMakeFiles/std_srvs_generate_messages_nodejs.dir/build
make[2]: 离开目录“/home/idris/final_ws/build/sentry_chassis_controller”
make[2]: 进入目录“/home/idris/final_ws/build/sentry_chassis_controller”
make[2]: 对“CMakeFiles/actionlib_generate_messages_py.dir/build”无需做任何事。
make[2]: 离开目录“/home/idris/final_ws/build/sentry_chassis_controller”
/usr/bin/make -f CMakeFiles/actionlib_generate_messages_nodejs.dir/build.make CMakeFiles/actionlib_generate_messages_nodejs.dir/build
make[2]: 进入目录“/home/idris/final_ws/build/sentry_chassis_controller”
make[2]: 对“CMakeFiles/std_srvs_generate_messages_nodejs.dir/build”无需做任何事。
make[2]: 离开目录“/home/idris/final_ws/build/sentry_chassis_controller”
make[2]: 进入目录“/home/idris/final_ws/build/sentry_chassis_controller”
make[2]: 对“CMakeFiles/actionlib_generate_messages_cpp.dir/build”无需做任何事。
make[2]: 离开目录“/home/idris/final_ws/build/sentry_chassis_controller”
make[2]: 离开目录“/home/idris/final_ws/build/sentry_chassis_controller”
make[2]: 离开目录“/home/idris/final_ws/build/sentry_chassis_controller”
/usr/bin/make -f CMakeFiles/tf2_msgs_generate_messages_lisp.dir/build.make CMakeFiles/tf2_msgs_generate_messages_lisp.dir/build
/usr/bin/make -f CMakeFiles/std_srvs_generate_messages_lisp.dir/build.make CMakeFiles/std_srvs_generate_messages_lisp.dir/build
make[2]: 进入目录“/home/idris/final_ws/build/sentry_chassis_controller”
make[2]: 对“CMakeFiles/actionlib_generate_messages_nodejs.dir/build”无需做任何事。
make[2]: 离开目录“/home/idris/final_ws/build/sentry_chassis_controller”
make[2]: 进入目录“/home/idris/final_ws/build/sentry_chassis_controller”
make[2]: 进入目录“/home/idris/final_ws/build/sentry_chassis_controller”
make[2]: 对“CMakeFiles/tf2_msgs_generate_messages_lisp.dir/build”无需做任何事。
make[2]: 对“CMakeFiles/std_srvs_generate_messages_lisp.dir/build”无需做任何事。
make[2]: 离开目录“/home/idris/final_ws/build/sentry_chassis_controller”
make[2]: 离开目录“/home/idris/final_ws/build/sentry_chassis_controller”
[  0%] Built target dynamic_reconfigure_generate_messages_lisp
[  0%] Built target actionlib_generate_messages_cpp
[  0%] Built target tf2_msgs_generate_messages_nodejs
/usr/bin/make -f CMakeFiles/std_srvs_generate_messages_eus.dir/build.make CMakeFiles/std_srvs_generate_messages_eus.dir/depend
[  0%] Built target actionlib_generate_messages_py
/usr/bin/make -f CMakeFiles/gazebo_msgs_generate_messages_py.dir/build.make CMakeFiles/gazebo_msgs_generate_messages_py.dir/depend
make[2]: 进入目录“/home/idris/final_ws/build/sentry_chassis_controller”
cd /home/idris/final_ws/build/sentry_chassis_controller && /usr/bin/cmake -E cmake_depends "Unix Makefiles" /home/idris/final_ws/src/sentry_chassis_controller /home/idris/final_ws/src/sentry_chassis_controller /home/idris/final_ws/build/sentry_chassis_controller /home/idris/final_ws/build/sentry_chassis_controller /home/idris/final_ws/build/sentry_chassis_controller/CMakeFiles/std_srvs_generate_messages_eus.dir/DependInfo.cmake --color=
/usr/bin/make -f CMakeFiles/gazebo_msgs_generate_messages_nodejs.dir/build.make CMakeFiles/gazebo_msgs_generate_messages_nodejs.dir/depend
/usr/bin/make -f CMakeFiles/gazebo_msgs_generate_messages_cpp.dir/build.make CMakeFiles/gazebo_msgs_generate_messages_cpp.dir/depend
make[2]: 进入目录“/home/idris/final_ws/build/sentry_chassis_controller”
cd /home/idris/final_ws/build/sentry_chassis_controller && /usr/bin/cmake -E cmake_depends "Unix Makefiles" /home/idris/final_ws/src/sentry_chassis_controller /home/idris/final_ws/src/sentry_chassis_controller /home/idris/final_ws/build/sentry_chassis_controller /home/idris/final_ws/build/sentry_chassis_controller /home/idris/final_ws/build/sentry_chassis_controller/CMakeFiles/gazebo_msgs_generate_messages_py.dir/DependInfo.cmake --color=
make[2]: 进入目录“/home/idris/final_ws/build/sentry_chassis_controller”
cd /home/idris/final_ws/build/sentry_chassis_controller && /usr/bin/cmake -E cmake_depends "Unix Makefiles" /home/idris/final_ws/src/sentry_chassis_controller /home/idris/final_ws/src/sentry_chassis_controller /home/idris/final_ws/build/sentry_chassis_controller /home/idris/final_ws/build/sentry_chassis_controller /home/idris/final_ws/build/sentry_chassis_controller/CMakeFiles/gazebo_msgs_generate_messages_nodejs.dir/DependInfo.cmake --color=
make[2]: 进入目录“/home/idris/final_ws/build/sentry_chassis_controller”
cd /home/idris/final_ws/build/sentry_chassis_controller && /usr/bin/cmake -E cmake_depends "Unix Makefiles" /home/idris/final_ws/src/sentry_chassis_controller /home/idris/final_ws/src/sentry_chassis_controller /home/idris/final_ws/build/sentry_chassis_controller /home/idris/final_ws/build/sentry_chassis_controller /home/idris/final_ws/build/sentry_chassis_controller/CMakeFiles/gazebo_msgs_generate_messages_cpp.dir/DependInfo.cmake --color=
[  0%] Built target std_srvs_generate_messages_nodejs
/usr/bin/make -f CMakeFiles/nav_msgs_generate_messages_py.dir/build.make CMakeFiles/nav_msgs_generate_messages_py.dir/depend
[  0%] Built target std_srvs_generate_messages_lisp
[  0%] Built target actionlib_generate_messages_nodejs
[  0%] Built target tf2_msgs_generate_messages_lisp
/usr/bin/make -f CMakeFiles/nav_msgs_generate_messages_lisp.dir/build.make CMakeFiles/nav_msgs_generate_messages_lisp.dir/depend
/usr/bin/make -f CMakeFiles/geometry_msgs_generate_messages_eus.dir/build.make CMakeFiles/geometry_msgs_generate_messages_eus.dir/depend
/usr/bin/make -f CMakeFiles/std_msgs_generate_messages_nodejs.dir/build.make CMakeFiles/std_msgs_generate_messages_nodejs.dir/depend
make[2]: 进入目录“/home/idris/final_ws/build/sentry_chassis_controller”
cd /home/idris/final_ws/build/sentry_chassis_controller && /usr/bin/cmake -E cmake_depends "Unix Makefiles" /home/idris/final_ws/src/sentry_chassis_controller /home/idris/final_ws/src/sentry_chassis_controller /home/idris/final_ws/build/sentry_chassis_controller /home/idris/final_ws/build/sentry_chassis_controller /home/idris/final_ws/build/sentry_chassis_controller/CMakeFiles/nav_msgs_generate_messages_py.dir/DependInfo.cmake --color=
make[2]: 进入目录“/home/idris/final_ws/build/sentry_chassis_controller”
cd /home/idris/final_ws/build/sentry_chassis_controller && /usr/bin/cmake -E cmake_depends "Unix Makefiles" /home/idris/final_ws/src/sentry_chassis_controller /home/idris/final_ws/src/sentry_chassis_controller /home/idris/final_ws/build/sentry_chassis_controller /home/idris/final_ws/build/sentry_chassis_controller /home/idris/final_ws/build/sentry_chassis_controller/CMakeFiles/nav_msgs_generate_messages_lisp.dir/DependInfo.cmake --color=
make[2]: 进入目录“/home/idris/final_ws/build/sentry_chassis_controller”
cd /home/idris/final_ws/build/sentry_chassis_controller && /usr/bin/cmake -E cmake_depends "Unix Makefiles" /home/idris/final_ws/src/sentry_chassis_controller /home/idris/final_ws/src/sentry_chassis_controller /home/idris/final_ws/build/sentry_chassis_controller /home/idris/final_ws/build/sentry_chassis_controller /home/idris/final_ws/build/sentry_chassis_controller/CMakeFiles/geometry_msgs_generate_messages_eus.dir/DependInfo.cmake --color=
make[2]: 进入目录“/home/idris/final_ws/build/sentry_chassis_controller”
cd /home/idris/final_ws/build/sentry_chassis_controller && /usr/bin/cmake -E cmake_depends "Unix Makefiles" /home/idris/final_ws/src/sentry_chassis_controller /home/idris/final_ws/src/sentry_chassis_controller /home/idris/final_ws/build/sentry_chassis_controller /home/idris/final_ws/build/sentry_chassis_controller /home/idris/final_ws/build/sentry_chassis_controller/CMakeFiles/std_msgs_generate_messages_nodejs.dir/DependInfo.cmake --color=
make[2]: 离开目录“/home/idris/final_ws/build/sentry_chassis_controller”
make[2]: 离开目录“/home/idris/final_ws/build/sentry_chassis_controller”
/usr/bin/make -f CMakeFiles/gazebo_msgs_generate_messages_nodejs.dir/build.make CMakeFiles/gazebo_msgs_generate_messages_nodejs.dir/build
/usr/bin/make -f CMakeFiles/std_srvs_generate_messages_eus.dir/build.make CMakeFiles/std_srvs_generate_messages_eus.dir/build
make[2]: 进入目录“/home/idris/final_ws/build/sentry_chassis_controller”
make[2]: 对“CMakeFiles/gazebo_msgs_generate_messages_nodejs.dir/build”无需做任何事。
make[2]: 离开目录“/home/idris/final_ws/build/sentry_chassis_controller”
make[2]: 离开目录“/home/idris/final_ws/build/sentry_chassis_controller”
make[2]: 离开目录“/home/idris/final_ws/build/sentry_chassis_controller”
/usr/bin/make -f CMakeFiles/gazebo_msgs_generate_messages_py.dir/build.make CMakeFiles/gazebo_msgs_generate_messages_py.dir/build
make[2]: 进入目录“/home/idris/final_ws/build/sentry_chassis_controller”
/usr/bin/make -f CMakeFiles/gazebo_msgs_generate_messages_cpp.dir/build.make CMakeFiles/gazebo_msgs_generate_messages_cpp.dir/build
make[2]: 对“CMakeFiles/std_srvs_generate_messages_eus.dir/build”无需做任何事。
make[2]: 离开目录“/home/idris/final_ws/build/sentry_chassis_controller”
make[2]: 进入目录“/home/idris/final_ws/build/sentry_chassis_controller”
make[2]: 进入目录“/home/idris/final_ws/build/sentry_chassis_controller”
make[2]: 对“CMakeFiles/gazebo_msgs_generate_messages_cpp.dir/build”无需做任何事。
make[2]: 对“CMakeFiles/gazebo_msgs_generate_messages_py.dir/build”无需做任何事。
make[2]: 离开目录“/home/idris/final_ws/build/sentry_chassis_controller”
make[2]: 离开目录“/home/idris/final_ws/build/sentry_chassis_controller”
make[2]: 离开目录“/home/idris/final_ws/build/sentry_chassis_controller”
make[2]: 离开目录“/home/idris/final_ws/build/sentry_chassis_controller”
/usr/bin/make -f CMakeFiles/nav_msgs_generate_messages_py.dir/build.make CMakeFiles/nav_msgs_generate_messages_py.dir/build
/usr/bin/make -f CMakeFiles/geometry_msgs_generate_messages_eus.dir/build.make CMakeFiles/geometry_msgs_generate_messages_eus.dir/build
make[2]: 离开目录“/home/idris/final_ws/build/sentry_chassis_controller”
/usr/bin/make -f CMakeFiles/std_msgs_generate_messages_nodejs.dir/build.make CMakeFiles/std_msgs_generate_messages_nodejs.dir/build
make[2]: 进入目录“/home/idris/final_ws/build/sentry_chassis_controller”
make[2]: 对“CMakeFiles/nav_msgs_generate_messages_py.dir/build”无需做任何事。
make[2]: 进入目录“/home/idris/final_ws/build/sentry_chassis_controller”
make[2]: 对“CMakeFiles/geometry_msgs_generate_messages_eus.dir/build”无需做任何事。
make[2]: 离开目录“/home/idris/final_ws/build/sentry_chassis_controller”
make[2]: 离开目录“/home/idris/final_ws/build/sentry_chassis_controller”
[  0%] Built target gazebo_msgs_generate_messages_nodejs
[  0%] Built target std_srvs_generate_messages_eus
make[2]: 进入目录“/home/idris/final_ws/build/sentry_chassis_controller”
make[2]: 对“CMakeFiles/std_msgs_generate_messages_nodejs.dir/build”无需做任何事。
make[2]: 离开目录“/home/idris/final_ws/build/sentry_chassis_controller”
[  0%] Built target gazebo_msgs_generate_messages_py
/usr/bin/make -f CMakeFiles/nav_msgs_generate_messages_nodejs.dir/build.make CMakeFiles/nav_msgs_generate_messages_nodejs.dir/depend
make[2]: 离开目录“/home/idris/final_ws/build/sentry_chassis_controller”
/usr/bin/make -f CMakeFiles/nav_msgs_generate_messages_lisp.dir/build.make CMakeFiles/nav_msgs_generate_messages_lisp.dir/build
/usr/bin/make -f CMakeFiles/sensor_msgs_generate_messages_cpp.dir/build.make CMakeFiles/sensor_msgs_generate_messages_cpp.dir/depend
make[2]: 进入目录“/home/idris/final_ws/build/sentry_chassis_controller”
make[2]: 对“CMakeFiles/nav_msgs_generate_messages_lisp.dir/build”无需做任何事。
make[2]: 离开目录“/home/idris/final_ws/build/sentry_chassis_controller”
make[2]: 进入目录“/home/idris/final_ws/build/sentry_chassis_controller”
cd /home/idris/final_ws/build/sentry_chassis_controller && /usr/bin/cmake -E cmake_depends "Unix Makefiles" /home/idris/final_ws/src/sentry_chassis_controller /home/idris/final_ws/src/sentry_chassis_controller /home/idris/final_ws/build/sentry_chassis_controller /home/idris/final_ws/build/sentry_chassis_controller /home/idris/final_ws/build/sentry_chassis_controller/CMakeFiles/nav_msgs_generate_messages_nodejs.dir/DependInfo.cmake --color=
[  0%] Built target gazebo_msgs_generate_messages_cpp
make[2]: 进入目录“/home/idris/final_ws/build/sentry_chassis_controller”
cd /home/idris/final_ws/build/sentry_chassis_controller && /usr/bin/cmake -E cmake_depends "Unix Makefiles" /home/idris/final_ws/src/sentry_chassis_controller /home/idris/final_ws/src/sentry_chassis_controller /home/idris/final_ws/build/sentry_chassis_controller /home/idris/final_ws/build/sentry_chassis_controller /home/idris/final_ws/build/sentry_chassis_controller/CMakeFiles/sensor_msgs_generate_messages_cpp.dir/DependInfo.cmake --color=
/usr/bin/make -f CMakeFiles/tf2_msgs_generate_messages_py.dir/build.make CMakeFiles/tf2_msgs_generate_messages_py.dir/depend
/usr/bin/make -f CMakeFiles/gazebo_msgs_generate_messages_lisp.dir/build.make CMakeFiles/gazebo_msgs_generate_messages_lisp.dir/depend
make[2]: 进入目录“/home/idris/final_ws/build/sentry_chassis_controller”
cd /home/idris/final_ws/build/sentry_chassis_controller && /usr/bin/cmake -E cmake_depends "Unix Makefiles" /home/idris/final_ws/src/sentry_chassis_controller /home/idris/final_ws/src/sentry_chassis_controller /home/idris/final_ws/build/sentry_chassis_controller /home/idris/final_ws/build/sentry_chassis_controller /home/idris/final_ws/build/sentry_chassis_controller/CMakeFiles/tf2_msgs_generate_messages_py.dir/DependInfo.cmake --color=
make[2]: 进入目录“/home/idris/final_ws/build/sentry_chassis_controller”
cd /home/idris/final_ws/build/sentry_chassis_controller && /usr/bin/cmake -E cmake_depends "Unix Makefiles" /home/idris/final_ws/src/sentry_chassis_controller /home/idris/final_ws/src/sentry_chassis_controller /home/idris/final_ws/build/sentry_chassis_controller /home/idris/final_ws/build/sentry_chassis_controller /home/idris/final_ws/build/sentry_chassis_controller/CMakeFiles/gazebo_msgs_generate_messages_lisp.dir/DependInfo.cmake --color=
[  0%] Built target nav_msgs_generate_messages_py
/usr/bin/make -f CMakeFiles/dynamic_reconfigure_generate_messages_nodejs.dir/build.make CMakeFiles/dynamic_reconfigure_generate_messages_nodejs.dir/depend
[  0%] Built target geometry_msgs_generate_messages_eus
/usr/bin/make -f CMakeFiles/std_msgs_generate_messages_py.dir/build.make CMakeFiles/std_msgs_generate_messages_py.dir/depend
make[2]: 进入目录“/home/idris/final_ws/build/sentry_chassis_controller”
cd /home/idris/final_ws/build/sentry_chassis_controller && /usr/bin/cmake -E cmake_depends "Unix Makefiles" /home/idris/final_ws/src/sentry_chassis_controller /home/idris/final_ws/src/sentry_chassis_controller /home/idris/final_ws/build/sentry_chassis_controller /home/idris/final_ws/build/sentry_chassis_controller /home/idris/final_ws/build/sentry_chassis_controller/CMakeFiles/dynamic_reconfigure_generate_messages_nodejs.dir/DependInfo.cmake --color=
make[2]: 离开目录“/home/idris/final_ws/build/sentry_chassis_controller”
[  0%] Built target std_msgs_generate_messages_nodejs
/usr/bin/make -f CMakeFiles/sensor_msgs_generate_messages_cpp.dir/build.make CMakeFiles/sensor_msgs_generate_messages_cpp.dir/build
make[2]: 进入目录“/home/idris/final_ws/build/sentry_chassis_controller”
cd /home/idris/final_ws/build/sentry_chassis_controller && /usr/bin/cmake -E cmake_depends "Unix Makefiles" /home/idris/final_ws/src/sentry_chassis_controller /home/idris/final_ws/src/sentry_chassis_controller /home/idris/final_ws/build/sentry_chassis_controller /home/idris/final_ws/build/sentry_chassis_controller /home/idris/final_ws/build/sentry_chassis_controller/CMakeFiles/std_msgs_generate_messages_py.dir/DependInfo.cmake --color=
/usr/bin/make -f CMakeFiles/std_msgs_generate_messages_cpp.dir/build.make CMakeFiles/std_msgs_generate_messages_cpp.dir/depend
make[2]: 进入目录“/home/idris/final_ws/build/sentry_chassis_controller”
make[2]: 对“CMakeFiles/sensor_msgs_generate_messages_cpp.dir/build”无需做任何事。
make[2]: 离开目录“/home/idris/final_ws/build/sentry_chassis_controller”
make[2]: 离开目录“/home/idris/final_ws/build/sentry_chassis_controller”
make[2]: 离开目录“/home/idris/final_ws/build/sentry_chassis_controller”
/usr/bin/make -f CMakeFiles/tf2_msgs_generate_messages_py.dir/build.make CMakeFiles/tf2_msgs_generate_messages_py.dir/build
make[2]: 进入目录“/home/idris/final_ws/build/sentry_chassis_controller”
cd /home/idris/final_ws/build/sentry_chassis_controller && /usr/bin/cmake -E cmake_depends "Unix Makefiles" /home/idris/final_ws/src/sentry_chassis_controller /home/idris/final_ws/src/sentry_chassis_controller /home/idris/final_ws/build/sentry_chassis_controller /home/idris/final_ws/build/sentry_chassis_controller /home/idris/final_ws/build/sentry_chassis_controller/CMakeFiles/std_msgs_generate_messages_cpp.dir/DependInfo.cmake --color=
/usr/bin/make -f CMakeFiles/gazebo_msgs_generate_messages_lisp.dir/build.make CMakeFiles/gazebo_msgs_generate_messages_lisp.dir/build
make[2]: 进入目录“/home/idris/final_ws/build/sentry_chassis_controller”
make[2]: 对“CMakeFiles/tf2_msgs_generate_messages_py.dir/build”无需做任何事。
make[2]: 离开目录“/home/idris/final_ws/build/sentry_chassis_controller”
make[2]: 进入目录“/home/idris/final_ws/build/sentry_chassis_controller”
make[2]: 对“CMakeFiles/gazebo_msgs_generate_messages_lisp.dir/build”无需做任何事。
make[2]: 离开目录“/home/idris/final_ws/build/sentry_chassis_controller”
make[2]: 离开目录“/home/idris/final_ws/build/sentry_chassis_controller”
make[2]: 离开目录“/home/idris/final_ws/build/sentry_chassis_controller”
/usr/bin/make -f CMakeFiles/nav_msgs_generate_messages_nodejs.dir/build.make CMakeFiles/nav_msgs_generate_messages_nodejs.dir/build
/usr/bin/make -f CMakeFiles/dynamic_reconfigure_generate_messages_nodejs.dir/build.make CMakeFiles/dynamic_reconfigure_generate_messages_nodejs.dir/build
make[2]: 进入目录“/home/idris/final_ws/build/sentry_chassis_controller”
make[2]: 对“CMakeFiles/nav_msgs_generate_messages_nodejs.dir/build”无需做任何事。
make[2]: 离开目录“/home/idris/final_ws/build/sentry_chassis_controller”
[  0%] Built target nav_msgs_generate_messages_lisp
[  0%] Built target sensor_msgs_generate_messages_cpp
make[2]: 进入目录“/home/idris/final_ws/build/sentry_chassis_controller”
make[2]: 对“CMakeFiles/dynamic_reconfigure_generate_messages_nodejs.dir/build”无需做任何事。
make[2]: 离开目录“/home/idris/final_ws/build/sentry_chassis_controller”
make[2]: 离开目录“/home/idris/final_ws/build/sentry_chassis_controller”
/usr/bin/make -f CMakeFiles/rosgraph_msgs_generate_messages_nodejs.dir/build.make CMakeFiles/rosgraph_msgs_generate_messages_nodejs.dir/depend
/usr/bin/make -f CMakeFiles/std_msgs_generate_messages_py.dir/build.make CMakeFiles/std_msgs_generate_messages_py.dir/build
make[2]: 进入目录“/home/idris/final_ws/build/sentry_chassis_controller”
cd /home/idris/final_ws/build/sentry_chassis_controller && /usr/bin/cmake -E cmake_depends "Unix Makefiles" /home/idris/final_ws/src/sentry_chassis_controller /home/idris/final_ws/src/sentry_chassis_controller /home/idris/final_ws/build/sentry_chassis_controller /home/idris/final_ws/build/sentry_chassis_controller /home/idris/final_ws/build/sentry_chassis_controller/CMakeFiles/rosgraph_msgs_generate_messages_nodejs.dir/DependInfo.cmake --color=
/usr/bin/make -f CMakeFiles/actionlib_msgs_generate_messages_py.dir/build.make CMakeFiles/actionlib_msgs_generate_messages_py.dir/depend
make[2]: 进入目录“/home/idris/final_ws/build/sentry_chassis_controller”
make[2]: 对“CMakeFiles/std_msgs_generate_messages_py.dir/build”无需做任何事。
make[2]: 离开目录“/home/idris/final_ws/build/sentry_chassis_controller”
make[2]: 进入目录“/home/idris/final_ws/build/sentry_chassis_controller”
cd /home/idris/final_ws/build/sentry_chassis_controller && /usr/bin/cmake -E cmake_depends "Unix Makefiles" /home/idris/final_ws/src/sentry_chassis_controller /home/idris/final_ws/src/sentry_chassis_controller /home/idris/final_ws/build/sentry_chassis_controller /home/idris/final_ws/build/sentry_chassis_controller /home/idris/final_ws/build/sentry_chassis_controller/CMakeFiles/actionlib_msgs_generate_messages_py.dir/DependInfo.cmake --color=
make[2]: 离开目录“/home/idris/final_ws/build/sentry_chassis_controller”
/usr/bin/make -f CMakeFiles/std_msgs_generate_messages_cpp.dir/build.make CMakeFiles/std_msgs_generate_messages_cpp.dir/build
[  0%] Built target dynamic_reconfigure_generate_messages_nodejs
[  0%] Built target tf2_msgs_generate_messages_py
[  0%] Built target gazebo_msgs_generate_messages_lisp
[  0%] Built target nav_msgs_generate_messages_nodejs
/usr/bin/make -f CMakeFiles/actionlib_generate_messages_lisp.dir/build.make CMakeFiles/actionlib_generate_messages_lisp.dir/depend
/usr/bin/make -f CMakeFiles/std_msgs_generate_messages_lisp.dir/build.make CMakeFiles/std_msgs_generate_messages_lisp.dir/depend
/usr/bin/make -f CMakeFiles/std_srvs_generate_messages_cpp.dir/build.make CMakeFiles/std_srvs_generate_messages_cpp.dir/depend
/usr/bin/make -f CMakeFiles/rosgraph_msgs_generate_messages_lisp.dir/build.make CMakeFiles/rosgraph_msgs_generate_messages_lisp.dir/depend
make[2]: 进入目录“/home/idris/final_ws/build/sentry_chassis_controller”
make[2]: 对“CMakeFiles/std_msgs_generate_messages_cpp.dir/build”无需做任何事。
make[2]: 离开目录“/home/idris/final_ws/build/sentry_chassis_controller”
make[2]: 进入目录“/home/idris/final_ws/build/sentry_chassis_controller”
cd /home/idris/final_ws/build/sentry_chassis_controller && /usr/bin/cmake -E cmake_depends "Unix Makefiles" /home/idris/final_ws/src/sentry_chassis_controller /home/idris/final_ws/src/sentry_chassis_controller /home/idris/final_ws/build/sentry_chassis_controller /home/idris/final_ws/build/sentry_chassis_controller /home/idris/final_ws/build/sentry_chassis_controller/CMakeFiles/actionlib_generate_messages_lisp.dir/DependInfo.cmake --color=
make[2]: 进入目录“/home/idris/final_ws/build/sentry_chassis_controller”
cd /home/idris/final_ws/build/sentry_chassis_controller && /usr/bin/cmake -E cmake_depends "Unix Makefiles" /home/idris/final_ws/src/sentry_chassis_controller /home/idris/final_ws/src/sentry_chassis_controller /home/idris/final_ws/build/sentry_chassis_controller /home/idris/final_ws/build/sentry_chassis_controller /home/idris/final_ws/build/sentry_chassis_controller/CMakeFiles/std_srvs_generate_messages_cpp.dir/DependInfo.cmake --color=
make[2]: 进入目录“/home/idris/final_ws/build/sentry_chassis_controller”
cd /home/idris/final_ws/build/sentry_chassis_controller && /usr/bin/cmake -E cmake_depends "Unix Makefiles" /home/idris/final_ws/src/sentry_chassis_controller /home/idris/final_ws/src/sentry_chassis_controller /home/idris/final_ws/build/sentry_chassis_controller /home/idris/final_ws/build/sentry_chassis_controller /home/idris/final_ws/build/sentry_chassis_controller/CMakeFiles/std_msgs_generate_messages_lisp.dir/DependInfo.cmake --color=
make[2]: 进入目录“/home/idris/final_ws/build/sentry_chassis_controller”
cd /home/idris/final_ws/build/sentry_chassis_controller && /usr/bin/cmake -E cmake_depends "Unix Makefiles" /home/idris/final_ws/src/sentry_chassis_controller /home/idris/final_ws/src/sentry_chassis_controller /home/idris/final_ws/build/sentry_chassis_controller /home/idris/final_ws/build/sentry_chassis_controller /home/idris/final_ws/build/sentry_chassis_controller/CMakeFiles/rosgraph_msgs_generate_messages_lisp.dir/DependInfo.cmake --color=
[  0%] Built target std_msgs_generate_messages_py
make[2]: 离开目录“/home/idris/final_ws/build/sentry_chassis_controller”
/usr/bin/make -f CMakeFiles/rosgraph_msgs_generate_messages_py.dir/build.make CMakeFiles/rosgraph_msgs_generate_messages_py.dir/depend
/usr/bin/make -f CMakeFiles/rosgraph_msgs_generate_messages_nodejs.dir/build.make CMakeFiles/rosgraph_msgs_generate_messages_nodejs.dir/build
make[2]: 进入目录“/home/idris/final_ws/build/sentry_chassis_controller”
cd /home/idris/final_ws/build/sentry_chassis_controller && /usr/bin/cmake -E cmake_depends "Unix Makefiles" /home/idris/final_ws/src/sentry_chassis_controller /home/idris/final_ws/src/sentry_chassis_controller /home/idris/final_ws/build/sentry_chassis_controller /home/idris/final_ws/build/sentry_chassis_controller /home/idris/final_ws/build/sentry_chassis_controller/CMakeFiles/rosgraph_msgs_generate_messages_py.dir/DependInfo.cmake --color=
make[2]: 进入目录“/home/idris/final_ws/build/sentry_chassis_controller”
make[2]: 对“CMakeFiles/rosgraph_msgs_generate_messages_nodejs.dir/build”无需做任何事。
make[2]: 离开目录“/home/idris/final_ws/build/sentry_chassis_controller”
[  0%] Built target std_msgs_generate_messages_cpp
make[2]: 离开目录“/home/idris/final_ws/build/sentry_chassis_controller”
/usr/bin/make -f CMakeFiles/actionlib_msgs_generate_messages_py.dir/build.make CMakeFiles/actionlib_msgs_generate_messages_py.dir/build
/usr/bin/make -f CMakeFiles/roscpp_generate_messages_cpp.dir/build.make CMakeFiles/roscpp_generate_messages_cpp.dir/depend
make[2]: 离开目录“/home/idris/final_ws/build/sentry_chassis_controller”
/usr/bin/make -f CMakeFiles/std_srvs_generate_messages_cpp.dir/build.make CMakeFiles/std_srvs_generate_messages_cpp.dir/build
make[2]: 离开目录“/home/idris/final_ws/build/sentry_chassis_controller”
make[2]: 进入目录“/home/idris/final_ws/build/sentry_chassis_controller”
make[2]: 对“CMakeFiles/actionlib_msgs_generate_messages_py.dir/build”无需做任何事。
make[2]: 离开目录“/home/idris/final_ws/build/sentry_chassis_controller”
/usr/bin/make -f CMakeFiles/std_msgs_generate_messages_lisp.dir/build.make CMakeFiles/std_msgs_generate_messages_lisp.dir/build
make[2]: 进入目录“/home/idris/final_ws/build/sentry_chassis_controller”
cd /home/idris/final_ws/build/sentry_chassis_controller && /usr/bin/cmake -E cmake_depends "Unix Makefiles" /home/idris/final_ws/src/sentry_chassis_controller /home/idris/final_ws/src/sentry_chassis_controller /home/idris/final_ws/build/sentry_chassis_controller /home/idris/final_ws/build/sentry_chassis_controller /home/idris/final_ws/build/sentry_chassis_controller/CMakeFiles/roscpp_generate_messages_cpp.dir/DependInfo.cmake --color=
make[2]: 进入目录“/home/idris/final_ws/build/sentry_chassis_controller”
make[2]: 对“CMakeFiles/std_srvs_generate_messages_cpp.dir/build”无需做任何事。
make[2]: 离开目录“/home/idris/final_ws/build/sentry_chassis_controller”
make[2]: 进入目录“/home/idris/final_ws/build/sentry_chassis_controller”
make[2]: 对“CMakeFiles/std_msgs_generate_messages_lisp.dir/build”无需做任何事。
make[2]: 离开目录“/home/idris/final_ws/build/sentry_chassis_controller”
[  0%] Built target rosgraph_msgs_generate_messages_nodejs
make[2]: 离开目录“/home/idris/final_ws/build/sentry_chassis_controller”
/usr/bin/make -f CMakeFiles/rosgraph_msgs_generate_messages_lisp.dir/build.make CMakeFiles/rosgraph_msgs_generate_messages_lisp.dir/build
make[2]: 离开目录“/home/idris/final_ws/build/sentry_chassis_controller”
make[2]: 离开目录“/home/idris/final_ws/build/sentry_chassis_controller”
/usr/bin/make -f CMakeFiles/actionlib_generate_messages_lisp.dir/build.make CMakeFiles/actionlib_generate_messages_lisp.dir/build
/usr/bin/make -f CMakeFiles/rosgraph_msgs_generate_messages_py.dir/build.make CMakeFiles/rosgraph_msgs_generate_messages_py.dir/build
make[2]: 进入目录“/home/idris/final_ws/build/sentry_chassis_controller”
make[2]: 对“CMakeFiles/rosgraph_msgs_generate_messages_lisp.dir/build”无需做任何事。
make[2]: 离开目录“/home/idris/final_ws/build/sentry_chassis_controller”
make[2]: 进入目录“/home/idris/final_ws/build/sentry_chassis_controller”
make[2]: 对“CMakeFiles/actionlib_generate_messages_lisp.dir/build”无需做任何事。
make[2]: 离开目录“/home/idris/final_ws/build/sentry_chassis_controller”
/usr/bin/make -f CMakeFiles/control_toolbox_gencfg.dir/build.make CMakeFiles/control_toolbox_gencfg.dir/depend
make[2]: 进入目录“/home/idris/final_ws/build/sentry_chassis_controller”
make[2]: 对“CMakeFiles/rosgraph_msgs_generate_messages_py.dir/build”无需做任何事。
make[2]: 离开目录“/home/idris/final_ws/build/sentry_chassis_controller”
make[2]: 进入目录“/home/idris/final_ws/build/sentry_chassis_controller”
cd /home/idris/final_ws/build/sentry_chassis_controller && /usr/bin/cmake -E cmake_depends "Unix Makefiles" /home/idris/final_ws/src/sentry_chassis_controller /home/idris/final_ws/src/sentry_chassis_controller /home/idris/final_ws/build/sentry_chassis_controller /home/idris/final_ws/build/sentry_chassis_controller /home/idris/final_ws/build/sentry_chassis_controller/CMakeFiles/control_toolbox_gencfg.dir/DependInfo.cmake --color=
make[2]: 离开目录“/home/idris/final_ws/build/sentry_chassis_controller”
/usr/bin/make -f CMakeFiles/roscpp_generate_messages_cpp.dir/build.make CMakeFiles/roscpp_generate_messages_cpp.dir/build
make[2]: 进入目录“/home/idris/final_ws/build/sentry_chassis_controller”
make[2]: 对“CMakeFiles/roscpp_generate_messages_cpp.dir/build”无需做任何事。
make[2]: 离开目录“/home/idris/final_ws/build/sentry_chassis_controller”
[  0%] Built target actionlib_msgs_generate_messages_py
[  0%] Built target std_srvs_generate_messages_cpp
[  0%] Built target std_msgs_generate_messages_lisp
/usr/bin/make -f CMakeFiles/sensor_msgs_generate_messages_nodejs.dir/build.make CMakeFiles/sensor_msgs_generate_messages_nodejs.dir/depend
/usr/bin/make -f CMakeFiles/roscpp_generate_messages_eus.dir/build.make CMakeFiles/roscpp_generate_messages_eus.dir/depend
make[2]: 进入目录“/home/idris/final_ws/build/sentry_chassis_controller”
cd /home/idris/final_ws/build/sentry_chassis_controller && /usr/bin/cmake -E cmake_depends "Unix Makefiles" /home/idris/final_ws/src/sentry_chassis_controller /home/idris/final_ws/src/sentry_chassis_controller /home/idris/final_ws/build/sentry_chassis_controller /home/idris/final_ws/build/sentry_chassis_controller /home/idris/final_ws/build/sentry_chassis_controller/CMakeFiles/sensor_msgs_generate_messages_nodejs.dir/DependInfo.cmake --color=
/usr/bin/make -f CMakeFiles/geometry_msgs_generate_messages_cpp.dir/build.make CMakeFiles/geometry_msgs_generate_messages_cpp.dir/depend
make[2]: 进入目录“/home/idris/final_ws/build/sentry_chassis_controller”
cd /home/idris/final_ws/build/sentry_chassis_controller && /usr/bin/cmake -E cmake_depends "Unix Makefiles" /home/idris/final_ws/src/sentry_chassis_controller /home/idris/final_ws/src/sentry_chassis_controller /home/idris/final_ws/build/sentry_chassis_controller /home/idris/final_ws/build/sentry_chassis_controller /home/idris/final_ws/build/sentry_chassis_controller/CMakeFiles/roscpp_generate_messages_eus.dir/DependInfo.cmake --color=
[  0%] Built target rosgraph_msgs_generate_messages_py
[  0%] Built target actionlib_generate_messages_lisp
[  0%] Built target roscpp_generate_messages_cpp
make[2]: 离开目录“/home/idris/final_ws/build/sentry_chassis_controller”
[  0%] Built target rosgraph_msgs_generate_messages_lisp
/usr/bin/make -f CMakeFiles/control_toolbox_gencfg.dir/build.make CMakeFiles/control_toolbox_gencfg.dir/build
/usr/bin/make -f CMakeFiles/control_msgs_generate_messages_py.dir/build.make CMakeFiles/control_msgs_generate_messages_py.dir/depend
/usr/bin/make -f CMakeFiles/tf2_msgs_generate_messages_eus.dir/build.make CMakeFiles/tf2_msgs_generate_messages_eus.dir/depend
make[2]: 进入目录“/home/idris/final_ws/build/sentry_chassis_controller”
cd /home/idris/final_ws/build/sentry_chassis_controller && /usr/bin/cmake -E cmake_depends "Unix Makefiles" /home/idris/final_ws/src/sentry_chassis_controller /home/idris/final_ws/src/sentry_chassis_controller /home/idris/final_ws/build/sentry_chassis_controller /home/idris/final_ws/build/sentry_chassis_controller /home/idris/final_ws/build/sentry_chassis_controller/CMakeFiles/geometry_msgs_generate_messages_cpp.dir/DependInfo.cmake --color=
/usr/bin/make -f CMakeFiles/sensor_msgs_generate_messages_py.dir/build.make CMakeFiles/sensor_msgs_generate_messages_py.dir/depend
make[2]: 进入目录“/home/idris/final_ws/build/sentry_chassis_controller”
make[2]: 对“CMakeFiles/control_toolbox_gencfg.dir/build”无需做任何事。
make[2]: 离开目录“/home/idris/final_ws/build/sentry_chassis_controller”
make[2]: 进入目录“/home/idris/final_ws/build/sentry_chassis_controller”
cd /home/idris/final_ws/build/sentry_chassis_controller && /usr/bin/cmake -E cmake_depends "Unix Makefiles" /home/idris/final_ws/src/sentry_chassis_controller /home/idris/final_ws/src/sentry_chassis_controller /home/idris/final_ws/build/sentry_chassis_controller /home/idris/final_ws/build/sentry_chassis_controller /home/idris/final_ws/build/sentry_chassis_controller/CMakeFiles/control_msgs_generate_messages_py.dir/DependInfo.cmake --color=
make[2]: 进入目录“/home/idris/final_ws/build/sentry_chassis_controller”
cd /home/idris/final_ws/build/sentry_chassis_controller && /usr/bin/cmake -E cmake_depends "Unix Makefiles" /home/idris/final_ws/src/sentry_chassis_controller /home/idris/final_ws/src/sentry_chassis_controller /home/idris/final_ws/build/sentry_chassis_controller /home/idris/final_ws/build/sentry_chassis_controller /home/idris/final_ws/build/sentry_chassis_controller/CMakeFiles/tf2_msgs_generate_messages_eus.dir/DependInfo.cmake --color=
/usr/bin/make -f CMakeFiles/geometry_msgs_generate_messages_py.dir/build.make CMakeFiles/geometry_msgs_generate_messages_py.dir/depend
make[2]: 进入目录“/home/idris/final_ws/build/sentry_chassis_controller”
cd /home/idris/final_ws/build/sentry_chassis_controller && /usr/bin/cmake -E cmake_depends "Unix Makefiles" /home/idris/final_ws/src/sentry_chassis_controller /home/idris/final_ws/src/sentry_chassis_controller /home/idris/final_ws/build/sentry_chassis_controller /home/idris/final_ws/build/sentry_chassis_controller /home/idris/final_ws/build/sentry_chassis_controller/CMakeFiles/sensor_msgs_generate_messages_py.dir/DependInfo.cmake --color=
make[2]: 进入目录“/home/idris/final_ws/build/sentry_chassis_controller”
cd /home/idris/final_ws/build/sentry_chassis_controller && /usr/bin/cmake -E cmake_depends "Unix Makefiles" /home/idris/final_ws/src/sentry_chassis_controller /home/idris/final_ws/src/sentry_chassis_controller /home/idris/final_ws/build/sentry_chassis_controller /home/idris/final_ws/build/sentry_chassis_controller /home/idris/final_ws/build/sentry_chassis_controller/CMakeFiles/geometry_msgs_generate_messages_py.dir/DependInfo.cmake --color=
make[2]: 离开目录“/home/idris/final_ws/build/sentry_chassis_controller”
make[2]: 离开目录“/home/idris/final_ws/build/sentry_chassis_controller”
/usr/bin/make -f CMakeFiles/sensor_msgs_generate_messages_nodejs.dir/build.make CMakeFiles/sensor_msgs_generate_messages_nodejs.dir/build
/usr/bin/make -f CMakeFiles/roscpp_generate_messages_eus.dir/build.make CMakeFiles/roscpp_generate_messages_eus.dir/build
[  0%] Built target control_toolbox_gencfg
make[2]: 进入目录“/home/idris/final_ws/build/sentry_chassis_controller”
make[2]: 对“CMakeFiles/roscpp_generate_messages_eus.dir/build”无需做任何事。
make[2]: 离开目录“/home/idris/final_ws/build/sentry_chassis_controller”
make[2]: 进入目录“/home/idris/final_ws/build/sentry_chassis_controller”
make[2]: 对“CMakeFiles/sensor_msgs_generate_messages_nodejs.dir/build”无需做任何事。
make[2]: 离开目录“/home/idris/final_ws/build/sentry_chassis_controller”
/usr/bin/make -f CMakeFiles/geometry_msgs_generate_messages_lisp.dir/build.make CMakeFiles/geometry_msgs_generate_messages_lisp.dir/depend
make[2]: 离开目录“/home/idris/final_ws/build/sentry_chassis_controller”
/usr/bin/make -f CMakeFiles/geometry_msgs_generate_messages_cpp.dir/build.make CMakeFiles/geometry_msgs_generate_messages_cpp.dir/build
make[2]: 进入目录“/home/idris/final_ws/build/sentry_chassis_controller”
cd /home/idris/final_ws/build/sentry_chassis_controller && /usr/bin/cmake -E cmake_depends "Unix Makefiles" /home/idris/final_ws/src/sentry_chassis_controller /home/idris/final_ws/src/sentry_chassis_controller /home/idris/final_ws/build/sentry_chassis_controller /home/idris/final_ws/build/sentry_chassis_controller /home/idris/final_ws/build/sentry_chassis_controller/CMakeFiles/geometry_msgs_generate_messages_lisp.dir/DependInfo.cmake --color=
make[2]: 离开目录“/home/idris/final_ws/build/sentry_chassis_controller”
/usr/bin/make -f CMakeFiles/control_msgs_generate_messages_py.dir/build.make CMakeFiles/control_msgs_generate_messages_py.dir/build
make[2]: 进入目录“/home/idris/final_ws/build/sentry_chassis_controller”
make[2]: 对“CMakeFiles/geometry_msgs_generate_messages_cpp.dir/build”无需做任何事。
make[2]: 离开目录“/home/idris/final_ws/build/sentry_chassis_controller”
make[2]: 进入目录“/home/idris/final_ws/build/sentry_chassis_controller”
make[2]: 对“CMakeFiles/control_msgs_generate_messages_py.dir/build”无需做任何事。
make[2]: 离开目录“/home/idris/final_ws/build/sentry_chassis_controller”
make[2]: 离开目录“/home/idris/final_ws/build/sentry_chassis_controller”
/usr/bin/make -f CMakeFiles/sensor_msgs_generate_messages_py.dir/build.make CMakeFiles/sensor_msgs_generate_messages_py.dir/build
[  0%] Built target sensor_msgs_generate_messages_nodejs
make[2]: 离开目录“/home/idris/final_ws/build/sentry_chassis_controller”
[  0%] Built target roscpp_generate_messages_eus
/usr/bin/make -f CMakeFiles/geometry_msgs_generate_messages_py.dir/build.make CMakeFiles/geometry_msgs_generate_messages_py.dir/build
make[2]: 离开目录“/home/idris/final_ws/build/sentry_chassis_controller”
make[2]: 进入目录“/home/idris/final_ws/build/sentry_chassis_controller”
make[2]: 对“CMakeFiles/sensor_msgs_generate_messages_py.dir/build”无需做任何事。
make[2]: 离开目录“/home/idris/final_ws/build/sentry_chassis_controller”
/usr/bin/make -f CMakeFiles/geometry_msgs_generate_messages_lisp.dir/build.make CMakeFiles/geometry_msgs_generate_messages_lisp.dir/build
[  0%] Built target geometry_msgs_generate_messages_cpp
make[2]: 进入目录“/home/idris/final_ws/build/sentry_chassis_controller”
make[2]: 对“CMakeFiles/geometry_msgs_generate_messages_py.dir/build”无需做任何事。
make[2]: 离开目录“/home/idris/final_ws/build/sentry_chassis_controller”
[  0%] Built target control_msgs_generate_messages_py
/usr/bin/make -f CMakeFiles/roscpp_generate_messages_nodejs.dir/build.make CMakeFiles/roscpp_generate_messages_nodejs.dir/depend
/usr/bin/make -f CMakeFiles/std_srvs_generate_messages_py.dir/build.make CMakeFiles/std_srvs_generate_messages_py.dir/depend
make[2]: 进入目录“/home/idris/final_ws/build/sentry_chassis_controller”
make[2]: 对“CMakeFiles/geometry_msgs_generate_messages_lisp.dir/build”无需做任何事。
make[2]: 离开目录“/home/idris/final_ws/build/sentry_chassis_controller”
make[2]: 离开目录“/home/idris/final_ws/build/sentry_chassis_controller”
/usr/bin/make -f CMakeFiles/tf2_msgs_generate_messages_eus.dir/build.make CMakeFiles/tf2_msgs_generate_messages_eus.dir/build
make[2]: 进入目录“/home/idris/final_ws/build/sentry_chassis_controller”
cd /home/idris/final_ws/build/sentry_chassis_controller && /usr/bin/cmake -E cmake_depends "Unix Makefiles" /home/idris/final_ws/src/sentry_chassis_controller /home/idris/final_ws/src/sentry_chassis_controller /home/idris/final_ws/build/sentry_chassis_controller /home/idris/final_ws/build/sentry_chassis_controller /home/idris/final_ws/build/sentry_chassis_controller/CMakeFiles/roscpp_generate_messages_nodejs.dir/DependInfo.cmake --color=
make[2]: 进入目录“/home/idris/final_ws/build/sentry_chassis_controller”
/usr/bin/make -f CMakeFiles/rosgraph_msgs_generate_messages_eus.dir/build.make CMakeFiles/rosgraph_msgs_generate_messages_eus.dir/depend
make[2]: 进入目录“/home/idris/final_ws/build/sentry_chassis_controller”
cd /home/idris/final_ws/build/sentry_chassis_controller && /usr/bin/cmake -E cmake_depends "Unix Makefiles" /home/idris/final_ws/src/sentry_chassis_controller /home/idris/final_ws/src/sentry_chassis_controller /home/idris/final_ws/build/sentry_chassis_controller /home/idris/final_ws/build/sentry_chassis_controller /home/idris/final_ws/build/sentry_chassis_controller/CMakeFiles/std_srvs_generate_messages_py.dir/DependInfo.cmake --color=
make[2]: 对“CMakeFiles/tf2_msgs_generate_messages_eus.dir/build”无需做任何事。
make[2]: 离开目录“/home/idris/final_ws/build/sentry_chassis_controller”
make[2]: 进入目录“/home/idris/final_ws/build/sentry_chassis_controller”
cd /home/idris/final_ws/build/sentry_chassis_controller && /usr/bin/cmake -E cmake_depends "Unix Makefiles" /home/idris/final_ws/src/sentry_chassis_controller /home/idris/final_ws/src/sentry_chassis_controller /home/idris/final_ws/build/sentry_chassis_controller /home/idris/final_ws/build/sentry_chassis_controller /home/idris/final_ws/build/sentry_chassis_controller/CMakeFiles/rosgraph_msgs_generate_messages_eus.dir/DependInfo.cmake --color=
/usr/bin/make -f CMakeFiles/sensor_msgs_generate_messages_eus.dir/build.make CMakeFiles/sensor_msgs_generate_messages_eus.dir/depend
make[2]: 进入目录“/home/idris/final_ws/build/sentry_chassis_controller”
cd /home/idris/final_ws/build/sentry_chassis_controller && /usr/bin/cmake -E cmake_depends "Unix Makefiles" /home/idris/final_ws/src/sentry_chassis_controller /home/idris/final_ws/src/sentry_chassis_controller /home/idris/final_ws/build/sentry_chassis_controller /home/idris/final_ws/build/sentry_chassis_controller /home/idris/final_ws/build/sentry_chassis_controller/CMakeFiles/sensor_msgs_generate_messages_eus.dir/DependInfo.cmake --color=
[  0%] Built target sensor_msgs_generate_messages_py
[  0%] Built target geometry_msgs_generate_messages_py
/usr/bin/make -f CMakeFiles/sensor_msgs_generate_messages_lisp.dir/build.make CMakeFiles/sensor_msgs_generate_messages_lisp.dir/depend
/usr/bin/make -f CMakeFiles/control_msgs_generate_messages_lisp.dir/build.make CMakeFiles/control_msgs_generate_messages_lisp.dir/depend
make[2]: 进入目录“/home/idris/final_ws/build/sentry_chassis_controller”
cd /home/idris/final_ws/build/sentry_chassis_controller && /usr/bin/cmake -E cmake_depends "Unix Makefiles" /home/idris/final_ws/src/sentry_chassis_controller /home/idris/final_ws/src/sentry_chassis_controller /home/idris/final_ws/build/sentry_chassis_controller /home/idris/final_ws/build/sentry_chassis_controller /home/idris/final_ws/build/sentry_chassis_controller/CMakeFiles/sensor_msgs_generate_messages_lisp.dir/DependInfo.cmake --color=
[  0%] Built target geometry_msgs_generate_messages_lisp
make[2]: 进入目录“/home/idris/final_ws/build/sentry_chassis_controller”
cd /home/idris/final_ws/build/sentry_chassis_controller && /usr/bin/cmake -E cmake_depends "Unix Makefiles" /home/idris/final_ws/src/sentry_chassis_controller /home/idris/final_ws/src/sentry_chassis_controller /home/idris/final_ws/build/sentry_chassis_controller /home/idris/final_ws/build/sentry_chassis_controller /home/idris/final_ws/build/sentry_chassis_controller/CMakeFiles/control_msgs_generate_messages_lisp.dir/DependInfo.cmake --color=
/usr/bin/make -f CMakeFiles/nav_msgs_generate_messages_cpp.dir/build.make CMakeFiles/nav_msgs_generate_messages_cpp.dir/depend
make[2]: 离开目录“/home/idris/final_ws/build/sentry_chassis_controller”
/usr/bin/make -f CMakeFiles/roscpp_generate_messages_nodejs.dir/build.make CMakeFiles/roscpp_generate_messages_nodejs.dir/build
make[2]: 进入目录“/home/idris/final_ws/build/sentry_chassis_controller”
cd /home/idris/final_ws/build/sentry_chassis_controller && /usr/bin/cmake -E cmake_depends "Unix Makefiles" /home/idris/final_ws/src/sentry_chassis_controller /home/idris/final_ws/src/sentry_chassis_controller /home/idris/final_ws/build/sentry_chassis_controller /home/idris/final_ws/build/sentry_chassis_controller /home/idris/final_ws/build/sentry_chassis_controller/CMakeFiles/nav_msgs_generate_messages_cpp.dir/DependInfo.cmake --color=
make[2]: 进入目录“/home/idris/final_ws/build/sentry_chassis_controller”
make[2]: 对“CMakeFiles/roscpp_generate_messages_nodejs.dir/build”无需做任何事。
make[2]: 离开目录“/home/idris/final_ws/build/sentry_chassis_controller”
[  0%] Built target tf2_msgs_generate_messages_eus
/usr/bin/make -f CMakeFiles/control_toolbox_generate_messages_eus.dir/build.make CMakeFiles/control_toolbox_generate_messages_eus.dir/depend
make[2]: 离开目录“/home/idris/final_ws/build/sentry_chassis_controller”
/usr/bin/make -f CMakeFiles/sensor_msgs_generate_messages_eus.dir/build.make CMakeFiles/sensor_msgs_generate_messages_eus.dir/build
make[2]: 进入目录“/home/idris/final_ws/build/sentry_chassis_controller”
cd /home/idris/final_ws/build/sentry_chassis_controller && /usr/bin/cmake -E cmake_depends "Unix Makefiles" /home/idris/final_ws/src/sentry_chassis_controller /home/idris/final_ws/src/sentry_chassis_controller /home/idris/final_ws/build/sentry_chassis_controller /home/idris/final_ws/build/sentry_chassis_controller /home/idris/final_ws/build/sentry_chassis_controller/CMakeFiles/control_toolbox_generate_messages_eus.dir/DependInfo.cmake --color=
make[2]: 进入目录“/home/idris/final_ws/build/sentry_chassis_controller”
make[2]: 对“CMakeFiles/sensor_msgs_generate_messages_eus.dir/build”无需做任何事。
make[2]: 离开目录“/home/idris/final_ws/build/sentry_chassis_controller”
make[2]: 离开目录“/home/idris/final_ws/build/sentry_chassis_controller”
make[2]: 离开目录“/home/idris/final_ws/build/sentry_chassis_controller”
/usr/bin/make -f CMakeFiles/rosgraph_msgs_generate_messages_eus.dir/build.make CMakeFiles/rosgraph_msgs_generate_messages_eus.dir/build
make[2]: 离开目录“/home/idris/final_ws/build/sentry_chassis_controller”
make[2]: 离开目录“/home/idris/final_ws/build/sentry_chassis_controller”
/usr/bin/make -f CMakeFiles/std_srvs_generate_messages_py.dir/build.make CMakeFiles/std_srvs_generate_messages_py.dir/build
/usr/bin/make -f CMakeFiles/sensor_msgs_generate_messages_lisp.dir/build.make CMakeFiles/sensor_msgs_generate_messages_lisp.dir/build
/usr/bin/make -f CMakeFiles/nav_msgs_generate_messages_cpp.dir/build.make CMakeFiles/nav_msgs_generate_messages_cpp.dir/build
make[2]: 进入目录“/home/idris/final_ws/build/sentry_chassis_controller”
make[2]: 进入目录“/home/idris/final_ws/build/sentry_chassis_controller”
make[2]: 对“CMakeFiles/sensor_msgs_generate_messages_lisp.dir/build”无需做任何事。
make[2]: 离开目录“/home/idris/final_ws/build/sentry_chassis_controller”
make[2]: 进入目录“/home/idris/final_ws/build/sentry_chassis_controller”
make[2]: 对“CMakeFiles/std_srvs_generate_messages_py.dir/build”无需做任何事。
make[2]: 离开目录“/home/idris/final_ws/build/sentry_chassis_controller”
make[2]: 进入目录“/home/idris/final_ws/build/sentry_chassis_controller”
make[2]: 对“CMakeFiles/nav_msgs_generate_messages_cpp.dir/build”无需做任何事。
make[2]: 对“CMakeFiles/rosgraph_msgs_generate_messages_eus.dir/build”无需做任何事。
make[2]: 离开目录“/home/idris/final_ws/build/sentry_chassis_controller”
make[2]: 离开目录“/home/idris/final_ws/build/sentry_chassis_controller”
[  0%] Built target roscpp_generate_messages_nodejs
make[2]: 离开目录“/home/idris/final_ws/build/sentry_chassis_controller”
make[2]: 离开目录“/home/idris/final_ws/build/sentry_chassis_controller”
/usr/bin/make -f CMakeFiles/control_toolbox_generate_messages_lisp.dir/build.make CMakeFiles/control_toolbox_generate_messages_lisp.dir/depend
/usr/bin/make -f CMakeFiles/control_msgs_generate_messages_lisp.dir/build.make CMakeFiles/control_msgs_generate_messages_lisp.dir/build
/usr/bin/make -f CMakeFiles/control_toolbox_generate_messages_eus.dir/build.make CMakeFiles/control_toolbox_generate_messages_eus.dir/build
make[2]: 进入目录“/home/idris/final_ws/build/sentry_chassis_controller”
cd /home/idris/final_ws/build/sentry_chassis_controller && /usr/bin/cmake -E cmake_depends "Unix Makefiles" /home/idris/final_ws/src/sentry_chassis_controller /home/idris/final_ws/src/sentry_chassis_controller /home/idris/final_ws/build/sentry_chassis_controller /home/idris/final_ws/build/sentry_chassis_controller /home/idris/final_ws/build/sentry_chassis_controller/CMakeFiles/control_toolbox_generate_messages_lisp.dir/DependInfo.cmake --color=
make[2]: 进入目录“/home/idris/final_ws/build/sentry_chassis_controller”
make[2]: 对“CMakeFiles/control_msgs_generate_messages_lisp.dir/build”无需做任何事。
make[2]: 离开目录“/home/idris/final_ws/build/sentry_chassis_controller”
[  0%] Built target std_srvs_generate_messages_py
[  0%] Built target sensor_msgs_generate_messages_eus
/usr/bin/make -f CMakeFiles/roscpp_generate_messages_lisp.dir/build.make CMakeFiles/roscpp_generate_messages_lisp.dir/depend
/usr/bin/make -f CMakeFiles/control_toolbox_generate_messages_nodejs.dir/build.make CMakeFiles/control_toolbox_generate_messages_nodejs.dir/depend
[  0%] Built target sensor_msgs_generate_messages_lisp
make[2]: 进入目录“/home/idris/final_ws/build/sentry_chassis_controller”
cd /home/idris/final_ws/build/sentry_chassis_controller && /usr/bin/cmake -E cmake_depends "Unix Makefiles" /home/idris/final_ws/src/sentry_chassis_controller /home/idris/final_ws/src/sentry_chassis_controller /home/idris/final_ws/build/sentry_chassis_controller /home/idris/final_ws/build/sentry_chassis_controller /home/idris/final_ws/build/sentry_chassis_controller/CMakeFiles/roscpp_generate_messages_lisp.dir/DependInfo.cmake --color=
make[2]: 进入目录“/home/idris/final_ws/build/sentry_chassis_controller”
cd /home/idris/final_ws/build/sentry_chassis_controller && /usr/bin/cmake -E cmake_depends "Unix Makefiles" /home/idris/final_ws/src/sentry_chassis_controller /home/idris/final_ws/src/sentry_chassis_controller /home/idris/final_ws/build/sentry_chassis_controller /home/idris/final_ws/build/sentry_chassis_controller /home/idris/final_ws/build/sentry_chassis_controller/CMakeFiles/control_toolbox_generate_messages_nodejs.dir/DependInfo.cmake --color=
/usr/bin/make -f CMakeFiles/control_msgs_generate_messages_cpp.dir/build.make CMakeFiles/control_msgs_generate_messages_cpp.dir/depend
make[2]: 进入目录“/home/idris/final_ws/build/sentry_chassis_controller”
make[2]: 对“CMakeFiles/control_toolbox_generate_messages_eus.dir/build”无需做任何事。
make[2]: 离开目录“/home/idris/final_ws/build/sentry_chassis_controller”
make[2]: 进入目录“/home/idris/final_ws/build/sentry_chassis_controller”
cd /home/idris/final_ws/build/sentry_chassis_controller && /usr/bin/cmake -E cmake_depends "Unix Makefiles" /home/idris/final_ws/src/sentry_chassis_controller /home/idris/final_ws/src/sentry_chassis_controller /home/idris/final_ws/build/sentry_chassis_controller /home/idris/final_ws/build/sentry_chassis_controller /home/idris/final_ws/build/sentry_chassis_controller/CMakeFiles/control_msgs_generate_messages_cpp.dir/DependInfo.cmake --color=
[  0%] Built target nav_msgs_generate_messages_cpp
[  0%] Built target rosgraph_msgs_generate_messages_eus
/usr/bin/make -f CMakeFiles/control_msgs_generate_messages_eus.dir/build.make CMakeFiles/control_msgs_generate_messages_eus.dir/depend
make[2]: 离开目录“/home/idris/final_ws/build/sentry_chassis_controller”
/usr/bin/make -f CMakeFiles/roscpp_generate_messages_py.dir/build.make CMakeFiles/roscpp_generate_messages_py.dir/depend
make[2]: 进入目录“/home/idris/final_ws/build/sentry_chassis_controller”
cd /home/idris/final_ws/build/sentry_chassis_controller && /usr/bin/cmake -E cmake_depends "Unix Makefiles" /home/idris/final_ws/src/sentry_chassis_controller /home/idris/final_ws/src/sentry_chassis_controller /home/idris/final_ws/build/sentry_chassis_controller /home/idris/final_ws/build/sentry_chassis_controller /home/idris/final_ws/build/sentry_chassis_controller/CMakeFiles/control_msgs_generate_messages_eus.dir/DependInfo.cmake --color=
[  0%] Built target control_toolbox_generate_messages_eus
make[2]: 离开目录“/home/idris/final_ws/build/sentry_chassis_controller”
/usr/bin/make -f CMakeFiles/control_toolbox_generate_messages_lisp.dir/build.make CMakeFiles/control_toolbox_generate_messages_lisp.dir/build
/usr/bin/make -f CMakeFiles/control_toolbox_generate_messages_nodejs.dir/build.make CMakeFiles/control_toolbox_generate_messages_nodejs.dir/build
make[2]: 离开目录“/home/idris/final_ws/build/sentry_chassis_controller”
/usr/bin/make -f CMakeFiles/control_toolbox_generate_messages_cpp.dir/build.make CMakeFiles/control_toolbox_generate_messages_cpp.dir/depend
/usr/bin/make -f CMakeFiles/roscpp_generate_messages_lisp.dir/build.make CMakeFiles/roscpp_generate_messages_lisp.dir/build
make[2]: 进入目录“/home/idris/final_ws/build/sentry_chassis_controller”
cd /home/idris/final_ws/build/sentry_chassis_controller && /usr/bin/cmake -E cmake_depends "Unix Makefiles" /home/idris/final_ws/src/sentry_chassis_controller /home/idris/final_ws/src/sentry_chassis_controller /home/idris/final_ws/build/sentry_chassis_controller /home/idris/final_ws/build/sentry_chassis_controller /home/idris/final_ws/build/sentry_chassis_controller/CMakeFiles/roscpp_generate_messages_py.dir/DependInfo.cmake --color=
make[2]: 进入目录“/home/idris/final_ws/build/sentry_chassis_controller”
make[2]: 对“CMakeFiles/control_toolbox_generate_messages_lisp.dir/build”无需做任何事。
make[2]: 离开目录“/home/idris/final_ws/build/sentry_chassis_controller”
make[2]: 进入目录“/home/idris/final_ws/build/sentry_chassis_controller”
cd /home/idris/final_ws/build/sentry_chassis_controller && /usr/bin/cmake -E cmake_depends "Unix Makefiles" /home/idris/final_ws/src/sentry_chassis_controller /home/idris/final_ws/src/sentry_chassis_controller /home/idris/final_ws/build/sentry_chassis_controller /home/idris/final_ws/build/sentry_chassis_controller /home/idris/final_ws/build/sentry_chassis_controller/CMakeFiles/control_toolbox_generate_messages_cpp.dir/DependInfo.cmake --color=
make[2]: 进入目录“/home/idris/final_ws/build/sentry_chassis_controller”
make[2]: 对“CMakeFiles/roscpp_generate_messages_lisp.dir/build”无需做任何事。
make[2]: 离开目录“/home/idris/final_ws/build/sentry_chassis_controller”
make[2]: 进入目录“/home/idris/final_ws/build/sentry_chassis_controller”
make[2]: 对“CMakeFiles/control_toolbox_generate_messages_nodejs.dir/build”无需做任何事。
make[2]: 离开目录“/home/idris/final_ws/build/sentry_chassis_controller”
[  0%] Built target control_msgs_generate_messages_lisp
/usr/bin/make -f CMakeFiles/trajectory_msgs_generate_messages_eus.dir/build.make CMakeFiles/trajectory_msgs_generate_messages_eus.dir/depend
make[2]: 离开目录“/home/idris/final_ws/build/sentry_chassis_controller”
/usr/bin/make -f CMakeFiles/control_msgs_generate_messages_cpp.dir/build.make CMakeFiles/control_msgs_generate_messages_cpp.dir/build
make[2]: 进入目录“/home/idris/final_ws/build/sentry_chassis_controller”
cd /home/idris/final_ws/build/sentry_chassis_controller && /usr/bin/cmake -E cmake_depends "Unix Makefiles" /home/idris/final_ws/src/sentry_chassis_controller /home/idris/final_ws/src/sentry_chassis_controller /home/idris/final_ws/build/sentry_chassis_controller /home/idris/final_ws/build/sentry_chassis_controller /home/idris/final_ws/build/sentry_chassis_controller/CMakeFiles/trajectory_msgs_generate_messages_eus.dir/DependInfo.cmake --color=
make[2]: 进入目录“/home/idris/final_ws/build/sentry_chassis_controller”
make[2]: 对“CMakeFiles/control_msgs_generate_messages_cpp.dir/build”无需做任何事。
make[2]: 离开目录“/home/idris/final_ws/build/sentry_chassis_controller”
[  0%] Built target roscpp_generate_messages_lisp
[  0%] Built target control_toolbox_generate_messages_lisp
/usr/bin/make -f CMakeFiles/trajectory_msgs_generate_messages_nodejs.dir/build.make CMakeFiles/trajectory_msgs_generate_messages_nodejs.dir/depend
/usr/bin/make -f CMakeFiles/dynamic_reconfigure_generate_messages_py.dir/build.make CMakeFiles/dynamic_reconfigure_generate_messages_py.dir/depend
[  0%] Built target control_toolbox_generate_messages_nodejs
make[2]: 进入目录“/home/idris/final_ws/build/sentry_chassis_controller”
cd /home/idris/final_ws/build/sentry_chassis_controller && /usr/bin/cmake -E cmake_depends "Unix Makefiles" /home/idris/final_ws/src/sentry_chassis_controller /home/idris/final_ws/src/sentry_chassis_controller /home/idris/final_ws/build/sentry_chassis_controller /home/idris/final_ws/build/sentry_chassis_controller /home/idris/final_ws/build/sentry_chassis_controller/CMakeFiles/trajectory_msgs_generate_messages_nodejs.dir/DependInfo.cmake --color=
make[2]: 离开目录“/home/idris/final_ws/build/sentry_chassis_controller”
/usr/bin/make -f CMakeFiles/roscpp_generate_messages_py.dir/build.make CMakeFiles/roscpp_generate_messages_py.dir/build
/usr/bin/make -f CMakeFiles/actionlib_msgs_generate_messages_eus.dir/build.make CMakeFiles/actionlib_msgs_generate_messages_eus.dir/depend
make[2]: 离开目录“/home/idris/final_ws/build/sentry_chassis_controller”
/usr/bin/make -f CMakeFiles/control_msgs_generate_messages_eus.dir/build.make CMakeFiles/control_msgs_generate_messages_eus.dir/build
make[2]: 进入目录“/home/idris/final_ws/build/sentry_chassis_controller”
make[2]: 对“CMakeFiles/roscpp_generate_messages_py.dir/build”无需做任何事。
make[2]: 离开目录“/home/idris/final_ws/build/sentry_chassis_controller”
make[2]: 进入目录“/home/idris/final_ws/build/sentry_chassis_controller”
cd /home/idris/final_ws/build/sentry_chassis_controller && /usr/bin/cmake -E cmake_depends "Unix Makefiles" /home/idris/final_ws/src/sentry_chassis_controller /home/idris/final_ws/src/sentry_chassis_controller /home/idris/final_ws/build/sentry_chassis_controller /home/idris/final_ws/build/sentry_chassis_controller /home/idris/final_ws/build/sentry_chassis_controller/CMakeFiles/actionlib_msgs_generate_messages_eus.dir/DependInfo.cmake --color=
make[2]: 进入目录“/home/idris/final_ws/build/sentry_chassis_controller”
cd /home/idris/final_ws/build/sentry_chassis_controller && /usr/bin/cmake -E cmake_depends "Unix Makefiles" /home/idris/final_ws/src/sentry_chassis_controller /home/idris/final_ws/src/sentry_chassis_controller /home/idris/final_ws/build/sentry_chassis_controller /home/idris/final_ws/build/sentry_chassis_controller /home/idris/final_ws/build/sentry_chassis_controller/CMakeFiles/dynamic_reconfigure_generate_messages_py.dir/DependInfo.cmake --color=
make[2]: 进入目录“/home/idris/final_ws/build/sentry_chassis_controller”
make[2]: 对“CMakeFiles/control_msgs_generate_messages_eus.dir/build”无需做任何事。
make[2]: 离开目录“/home/idris/final_ws/build/sentry_chassis_controller”
[  0%] Built target control_msgs_generate_messages_cpp
make[2]: 离开目录“/home/idris/final_ws/build/sentry_chassis_controller”
/usr/bin/make -f CMakeFiles/trajectory_msgs_generate_messages_eus.dir/build.make CMakeFiles/trajectory_msgs_generate_messages_eus.dir/build
make[2]: 离开目录“/home/idris/final_ws/build/sentry_chassis_controller”
/usr/bin/make -f CMakeFiles/control_msgs_generate_messages_nodejs.dir/build.make CMakeFiles/control_msgs_generate_messages_nodejs.dir/depend
[  0%] Built target control_msgs_generate_messages_eus
[  0%] Built target roscpp_generate_messages_py
make[2]: 进入目录“/home/idris/final_ws/build/sentry_chassis_controller”
make[2]: 对“CMakeFiles/trajectory_msgs_generate_messages_eus.dir/build”无需做任何事。
make[2]: 离开目录“/home/idris/final_ws/build/sentry_chassis_controller”
/usr/bin/make -f CMakeFiles/control_toolbox_generate_messages_cpp.dir/build.make CMakeFiles/control_toolbox_generate_messages_cpp.dir/build
/usr/bin/make -f CMakeFiles/actionlib_msgs_generate_messages_cpp.dir/build.make CMakeFiles/actionlib_msgs_generate_messages_cpp.dir/depend
/usr/bin/make -f CMakeFiles/nav_msgs_generate_messages_eus.dir/build.make CMakeFiles/nav_msgs_generate_messages_eus.dir/depend
make[2]: 离开目录“/home/idris/final_ws/build/sentry_chassis_controller”
make[2]: 离开目录“/home/idris/final_ws/build/sentry_chassis_controller”
/usr/bin/make -f CMakeFiles/actionlib_msgs_generate_messages_eus.dir/build.make CMakeFiles/actionlib_msgs_generate_messages_eus.dir/build
/usr/bin/make -f CMakeFiles/dynamic_reconfigure_generate_messages_py.dir/build.make CMakeFiles/dynamic_reconfigure_generate_messages_py.dir/build
make[2]: 进入目录“/home/idris/final_ws/build/sentry_chassis_controller”
make[2]: 对“CMakeFiles/control_toolbox_generate_messages_cpp.dir/build”无需做任何事。
make[2]: 离开目录“/home/idris/final_ws/build/sentry_chassis_controller”
make[2]: 进入目录“/home/idris/final_ws/build/sentry_chassis_controller”
cd /home/idris/final_ws/build/sentry_chassis_controller && /usr/bin/cmake -E cmake_depends "Unix Makefiles" /home/idris/final_ws/src/sentry_chassis_controller /home/idris/final_ws/src/sentry_chassis_controller /home/idris/final_ws/build/sentry_chassis_controller /home/idris/final_ws/build/sentry_chassis_controller /home/idris/final_ws/build/sentry_chassis_controller/CMakeFiles/control_msgs_generate_messages_nodejs.dir/DependInfo.cmake --color=
make[2]: 进入目录“/home/idris/final_ws/build/sentry_chassis_controller”
cd /home/idris/final_ws/build/sentry_chassis_controller && /usr/bin/cmake -E cmake_depends "Unix Makefiles" /home/idris/final_ws/src/sentry_chassis_controller /home/idris/final_ws/src/sentry_chassis_controller /home/idris/final_ws/build/sentry_chassis_controller /home/idris/final_ws/build/sentry_chassis_controller /home/idris/final_ws/build/sentry_chassis_controller/CMakeFiles/actionlib_msgs_generate_messages_cpp.dir/DependInfo.cmake --color=
make[2]: 进入目录“/home/idris/final_ws/build/sentry_chassis_controller”
make[2]: 对“CMakeFiles/actionlib_msgs_generate_messages_eus.dir/build”无需做任何事。
make[2]: 离开目录“/home/idris/final_ws/build/sentry_chassis_controller”
make[2]: 进入目录“/home/idris/final_ws/build/sentry_chassis_controller”
cd /home/idris/final_ws/build/sentry_chassis_controller && /usr/bin/cmake -E cmake_depends "Unix Makefiles" /home/idris/final_ws/src/sentry_chassis_controller /home/idris/final_ws/src/sentry_chassis_controller /home/idris/final_ws/build/sentry_chassis_controller /home/idris/final_ws/build/sentry_chassis_controller /home/idris/final_ws/build/sentry_chassis_controller/CMakeFiles/nav_msgs_generate_messages_eus.dir/DependInfo.cmake --color=
make[2]: 离开目录“/home/idris/final_ws/build/sentry_chassis_controller”
/usr/bin/make -f CMakeFiles/trajectory_msgs_generate_messages_nodejs.dir/build.make CMakeFiles/trajectory_msgs_generate_messages_nodejs.dir/build
make[2]: 进入目录“/home/idris/final_ws/build/sentry_chassis_controller”
make[2]: 对“CMakeFiles/dynamic_reconfigure_generate_messages_py.dir/build”无需做任何事。
make[2]: 离开目录“/home/idris/final_ws/build/sentry_chassis_controller”
make[2]: 进入目录“/home/idris/final_ws/build/sentry_chassis_controller”
make[2]: 对“CMakeFiles/trajectory_msgs_generate_messages_nodejs.dir/build”无需做任何事。
make[2]: 离开目录“/home/idris/final_ws/build/sentry_chassis_controller”
[  0%] Built target trajectory_msgs_generate_messages_eus
[  0%] Built target control_toolbox_generate_messages_cpp
make[2]: 离开目录“/home/idris/final_ws/build/sentry_chassis_controller”
/usr/bin/make -f CMakeFiles/control_msgs_generate_messages_nodejs.dir/build.make CMakeFiles/control_msgs_generate_messages_nodejs.dir/build
make[2]: 离开目录“/home/idris/final_ws/build/sentry_chassis_controller”
/usr/bin/make -f CMakeFiles/nav_msgs_generate_messages_eus.dir/build.make CMakeFiles/nav_msgs_generate_messages_eus.dir/build
[  0%] Built target actionlib_msgs_generate_messages_eus
/usr/bin/make -f CMakeFiles/sentry_chassis_controller_gencfg.dir/build.make CMakeFiles/sentry_chassis_controller_gencfg.dir/depend
make[2]: 进入目录“/home/idris/final_ws/build/sentry_chassis_controller”
make[2]: 进入目录“/home/idris/final_ws/build/sentry_chassis_controller”
make[2]: 对“CMakeFiles/control_msgs_generate_messages_nodejs.dir/build”无需做任何事。
make[2]: 对“CMakeFiles/nav_msgs_generate_messages_eus.dir/build”无需做任何事。
make[2]: 离开目录“/home/idris/final_ws/build/sentry_chassis_controller”
make[2]: 离开目录“/home/idris/final_ws/build/sentry_chassis_controller”
/usr/bin/make -f CMakeFiles/std_msgs_generate_messages_eus.dir/build.make CMakeFiles/std_msgs_generate_messages_eus.dir/depend
make[2]: 进入目录“/home/idris/final_ws/build/sentry_chassis_controller”
cd /home/idris/final_ws/build/sentry_chassis_controller && /usr/bin/cmake -E cmake_depends "Unix Makefiles" /home/idris/final_ws/src/sentry_chassis_controller /home/idris/final_ws/src/sentry_chassis_controller /home/idris/final_ws/build/sentry_chassis_controller /home/idris/final_ws/build/sentry_chassis_controller /home/idris/final_ws/build/sentry_chassis_controller/CMakeFiles/sentry_chassis_controller_gencfg.dir/DependInfo.cmake --color=
make[2]: 离开目录“/home/idris/final_ws/build/sentry_chassis_controller”
/usr/bin/make -f CMakeFiles/actionlib_msgs_generate_messages_cpp.dir/build.make CMakeFiles/actionlib_msgs_generate_messages_cpp.dir/build
make[2]: 进入目录“/home/idris/final_ws/build/sentry_chassis_controller”
[  0%] Built target trajectory_msgs_generate_messages_nodejs
[  0%] Built target dynamic_reconfigure_generate_messages_py
cd /home/idris/final_ws/build/sentry_chassis_controller && /usr/bin/cmake -E cmake_depends "Unix Makefiles" /home/idris/final_ws/src/sentry_chassis_controller /home/idris/final_ws/src/sentry_chassis_controller /home/idris/final_ws/build/sentry_chassis_controller /home/idris/final_ws/build/sentry_chassis_controller /home/idris/final_ws/build/sentry_chassis_controller/CMakeFiles/std_msgs_generate_messages_eus.dir/DependInfo.cmake --color=
/usr/bin/make -f CMakeFiles/actionlib_msgs_generate_messages_lisp.dir/build.make CMakeFiles/actionlib_msgs_generate_messages_lisp.dir/depend
/usr/bin/make -f CMakeFiles/actionlib_msgs_generate_messages_nodejs.dir/build.make CMakeFiles/actionlib_msgs_generate_messages_nodejs.dir/depend
[  0%] Built target control_msgs_generate_messages_nodejs
make[2]: 进入目录“/home/idris/final_ws/build/sentry_chassis_controller”
make[2]: 对“CMakeFiles/actionlib_msgs_generate_messages_cpp.dir/build”无需做任何事。
make[2]: 离开目录“/home/idris/final_ws/build/sentry_chassis_controller”
[  0%] Built target nav_msgs_generate_messages_eus
make[2]: 进入目录“/home/idris/final_ws/build/sentry_chassis_controller”
cd /home/idris/final_ws/build/sentry_chassis_controller && /usr/bin/cmake -E cmake_depends "Unix Makefiles" /home/idris/final_ws/src/sentry_chassis_controller /home/idris/final_ws/src/sentry_chassis_controller /home/idris/final_ws/build/sentry_chassis_controller /home/idris/final_ws/build/sentry_chassis_controller /home/idris/final_ws/build/sentry_chassis_controller/CMakeFiles/actionlib_msgs_generate_messages_lisp.dir/DependInfo.cmake --color=
make[2]: 离开目录“/home/idris/final_ws/build/sentry_chassis_controller”
/usr/bin/make -f CMakeFiles/sentry_chassis_controller_gencfg.dir/build.make CMakeFiles/sentry_chassis_controller_gencfg.dir/build
make[2]: 进入目录“/home/idris/final_ws/build/sentry_chassis_controller”
cd /home/idris/final_ws/build/sentry_chassis_controller && /usr/bin/cmake -E cmake_depends "Unix Makefiles" /home/idris/final_ws/src/sentry_chassis_controller /home/idris/final_ws/src/sentry_chassis_controller /home/idris/final_ws/build/sentry_chassis_controller /home/idris/final_ws/build/sentry_chassis_controller /home/idris/final_ws/build/sentry_chassis_controller/CMakeFiles/actionlib_msgs_generate_messages_nodejs.dir/DependInfo.cmake --color=
/usr/bin/make -f CMakeFiles/control_toolbox_generate_messages_py.dir/build.make CMakeFiles/control_toolbox_generate_messages_py.dir/depend
make[2]: 进入目录“/home/idris/final_ws/build/sentry_chassis_controller”
make[2]: 对“CMakeFiles/sentry_chassis_controller_gencfg.dir/build”无需做任何事。
make[2]: 离开目录“/home/idris/final_ws/build/sentry_chassis_controller”
/usr/bin/make -f CMakeFiles/trajectory_msgs_generate_messages_cpp.dir/build.make CMakeFiles/trajectory_msgs_generate_messages_cpp.dir/depend
/usr/bin/make -f CMakeFiles/trajectory_msgs_generate_messages_lisp.dir/build.make CMakeFiles/trajectory_msgs_generate_messages_lisp.dir/depend
make[2]: 进入目录“/home/idris/final_ws/build/sentry_chassis_controller”
cd /home/idris/final_ws/build/sentry_chassis_controller && /usr/bin/cmake -E cmake_depends "Unix Makefiles" /home/idris/final_ws/src/sentry_chassis_controller /home/idris/final_ws/src/sentry_chassis_controller /home/idris/final_ws/build/sentry_chassis_controller /home/idris/final_ws/build/sentry_chassis_controller /home/idris/final_ws/build/sentry_chassis_controller/CMakeFiles/trajectory_msgs_generate_messages_cpp.dir/DependInfo.cmake --color=
[  0%] Built target actionlib_msgs_generate_messages_cpp
make[2]: 离开目录“/home/idris/final_ws/build/sentry_chassis_controller”
make[2]: 进入目录“/home/idris/final_ws/build/sentry_chassis_controller”
cd /home/idris/final_ws/build/sentry_chassis_controller && /usr/bin/cmake -E cmake_depends "Unix Makefiles" /home/idris/final_ws/src/sentry_chassis_controller /home/idris/final_ws/src/sentry_chassis_controller /home/idris/final_ws/build/sentry_chassis_controller /home/idris/final_ws/build/sentry_chassis_controller /home/idris/final_ws/build/sentry_chassis_controller/CMakeFiles/control_toolbox_generate_messages_py.dir/DependInfo.cmake --color=
/usr/bin/make -f CMakeFiles/actionlib_msgs_generate_messages_lisp.dir/build.make CMakeFiles/actionlib_msgs_generate_messages_lisp.dir/build
make[2]: 进入目录“/home/idris/final_ws/build/sentry_chassis_controller”
cd /home/idris/final_ws/build/sentry_chassis_controller && /usr/bin/cmake -E cmake_depends "Unix Makefiles" /home/idris/final_ws/src/sentry_chassis_controller /home/idris/final_ws/src/sentry_chassis_controller /home/idris/final_ws/build/sentry_chassis_controller /home/idris/final_ws/build/sentry_chassis_controller /home/idris/final_ws/build/sentry_chassis_controller/CMakeFiles/trajectory_msgs_generate_messages_lisp.dir/DependInfo.cmake --color=
/usr/bin/make -f CMakeFiles/actionlib_generate_messages_eus.dir/build.make CMakeFiles/actionlib_generate_messages_eus.dir/depend
make[2]: 进入目录“/home/idris/final_ws/build/sentry_chassis_controller”
make[2]: 对“CMakeFiles/actionlib_msgs_generate_messages_lisp.dir/build”无需做任何事。
make[2]: 离开目录“/home/idris/final_ws/build/sentry_chassis_controller”
make[2]: 离开目录“/home/idris/final_ws/build/sentry_chassis_controller”
/usr/bin/make -f CMakeFiles/std_msgs_generate_messages_eus.dir/build.make CMakeFiles/std_msgs_generate_messages_eus.dir/build
make[2]: 离开目录“/home/idris/final_ws/build/sentry_chassis_controller”
make[2]: 进入目录“/home/idris/final_ws/build/sentry_chassis_controller”
cd /home/idris/final_ws/build/sentry_chassis_controller && /usr/bin/cmake -E cmake_depends "Unix Makefiles" /home/idris/final_ws/src/sentry_chassis_controller /home/idris/final_ws/src/sentry_chassis_controller /home/idris/final_ws/build/sentry_chassis_controller /home/idris/final_ws/build/sentry_chassis_controller /home/idris/final_ws/build/sentry_chassis_controller/CMakeFiles/actionlib_generate_messages_eus.dir/DependInfo.cmake --color=
/usr/bin/make -f CMakeFiles/actionlib_msgs_generate_messages_nodejs.dir/build.make CMakeFiles/actionlib_msgs_generate_messages_nodejs.dir/build
make[2]: 进入目录“/home/idris/final_ws/build/sentry_chassis_controller”
make[2]: 对“CMakeFiles/std_msgs_generate_messages_eus.dir/build”无需做任何事。
make[2]: 离开目录“/home/idris/final_ws/build/sentry_chassis_controller”
[  6%] Built target sentry_chassis_controller_gencfg
make[2]: 进入目录“/home/idris/final_ws/build/sentry_chassis_controller”
make[2]: 对“CMakeFiles/actionlib_msgs_generate_messages_nodejs.dir/build”无需做任何事。
make[2]: 离开目录“/home/idris/final_ws/build/sentry_chassis_controller”
/usr/bin/make -f CMakeFiles/rosgraph_msgs_generate_messages_cpp.dir/build.make CMakeFiles/rosgraph_msgs_generate_messages_cpp.dir/depend
make[2]: 进入目录“/home/idris/final_ws/build/sentry_chassis_controller”
cd /home/idris/final_ws/build/sentry_chassis_controller && /usr/bin/cmake -E cmake_depends "Unix Makefiles" /home/idris/final_ws/src/sentry_chassis_controller /home/idris/final_ws/src/sentry_chassis_controller /home/idris/final_ws/build/sentry_chassis_controller /home/idris/final_ws/build/sentry_chassis_controller /home/idris/final_ws/build/sentry_chassis_controller/CMakeFiles/rosgraph_msgs_generate_messages_cpp.dir/DependInfo.cmake --color=
make[2]: 离开目录“/home/idris/final_ws/build/sentry_chassis_controller”
/usr/bin/make -f CMakeFiles/trajectory_msgs_generate_messages_lisp.dir/build.make CMakeFiles/trajectory_msgs_generate_messages_lisp.dir/build
make[2]: 进入目录“/home/idris/final_ws/build/sentry_chassis_controller”
make[2]: 对“CMakeFiles/trajectory_msgs_generate_messages_lisp.dir/build”无需做任何事。
make[2]: 离开目录“/home/idris/final_ws/build/sentry_chassis_controller”
make[2]: 离开目录“/home/idris/final_ws/build/sentry_chassis_controller”
[  6%] Built target actionlib_msgs_generate_messages_nodejs
/usr/bin/make -f CMakeFiles/control_toolbox_generate_messages_py.dir/build.make CMakeFiles/control_toolbox_generate_messages_py.dir/build
make[2]: 离开目录“/home/idris/final_ws/build/sentry_chassis_controller”
/usr/bin/make -f CMakeFiles/trajectory_msgs_generate_messages_cpp.dir/build.make CMakeFiles/trajectory_msgs_generate_messages_cpp.dir/build
make[2]: 进入目录“/home/idris/final_ws/build/sentry_chassis_controller”
make[2]: 对“CMakeFiles/control_toolbox_generate_messages_py.dir/build”无需做任何事。
make[2]: 离开目录“/home/idris/final_ws/build/sentry_chassis_controller”
make[2]: 进入目录“/home/idris/final_ws/build/sentry_chassis_controller”
make[2]: 对“CMakeFiles/trajectory_msgs_generate_messages_cpp.dir/build”无需做任何事。
make[2]: 离开目录“/home/idris/final_ws/build/sentry_chassis_controller”
make[2]: 离开目录“/home/idris/final_ws/build/sentry_chassis_controller”
[  6%] Built target actionlib_msgs_generate_messages_lisp
make[2]: 离开目录“/home/idris/final_ws/build/sentry_chassis_controller”
/usr/bin/make -f CMakeFiles/actionlib_generate_messages_eus.dir/build.make CMakeFiles/actionlib_generate_messages_eus.dir/build
/usr/bin/make -f CMakeFiles/rosgraph_msgs_generate_messages_cpp.dir/build.make CMakeFiles/rosgraph_msgs_generate_messages_cpp.dir/build
[  6%] Built target trajectory_msgs_generate_messages_lisp
make[2]: 进入目录“/home/idris/final_ws/build/sentry_chassis_controller”
make[2]: 对“CMakeFiles/actionlib_generate_messages_eus.dir/build”无需做任何事。
make[2]: 离开目录“/home/idris/final_ws/build/sentry_chassis_controller”
make[2]: 进入目录“/home/idris/final_ws/build/sentry_chassis_controller”
make[2]: 对“CMakeFiles/rosgraph_msgs_generate_messages_cpp.dir/build”无需做任何事。
make[2]: 离开目录“/home/idris/final_ws/build/sentry_chassis_controller”
[  6%] Built target std_msgs_generate_messages_eus
/usr/bin/make -f CMakeFiles/trajectory_msgs_generate_messages_py.dir/build.make CMakeFiles/trajectory_msgs_generate_messages_py.dir/depend
[  6%] Built target control_toolbox_generate_messages_py
/usr/bin/make -f CMakeFiles/dynamic_reconfigure_generate_messages_cpp.dir/build.make CMakeFiles/dynamic_reconfigure_generate_messages_cpp.dir/depend
make[2]: 进入目录“/home/idris/final_ws/build/sentry_chassis_controller”
cd /home/idris/final_ws/build/sentry_chassis_controller && /usr/bin/cmake -E cmake_depends "Unix Makefiles" /home/idris/final_ws/src/sentry_chassis_controller /home/idris/final_ws/src/sentry_chassis_controller /home/idris/final_ws/build/sentry_chassis_controller /home/idris/final_ws/build/sentry_chassis_controller /home/idris/final_ws/build/sentry_chassis_controller/CMakeFiles/trajectory_msgs_generate_messages_py.dir/DependInfo.cmake --color=
[  6%] Built target actionlib_generate_messages_eus
/usr/bin/make -f CMakeFiles/gazebo_msgs_generate_messages_eus.dir/build.make CMakeFiles/gazebo_msgs_generate_messages_eus.dir/depend
/usr/bin/make -f CMakeFiles/geometry_msgs_generate_messages_nodejs.dir/build.make CMakeFiles/geometry_msgs_generate_messages_nodejs.dir/depend
make[2]: 进入目录“/home/idris/final_ws/build/sentry_chassis_controller”
cd /home/idris/final_ws/build/sentry_chassis_controller && /usr/bin/cmake -E cmake_depends "Unix Makefiles" /home/idris/final_ws/src/sentry_chassis_controller /home/idris/final_ws/src/sentry_chassis_controller /home/idris/final_ws/build/sentry_chassis_controller /home/idris/final_ws/build/sentry_chassis_controller /home/idris/final_ws/build/sentry_chassis_controller/CMakeFiles/dynamic_reconfigure_generate_messages_cpp.dir/DependInfo.cmake --color=
[  6%] Built target trajectory_msgs_generate_messages_cpp
/usr/bin/make -f CMakeFiles/dynamic_reconfigure_generate_messages_eus.dir/build.make CMakeFiles/dynamic_reconfigure_generate_messages_eus.dir/depend
[  6%] Built target rosgraph_msgs_generate_messages_cpp
make[2]: 进入目录“/home/idris/final_ws/build/sentry_chassis_controller”
make[2]: 进入目录“/home/idris/final_ws/build/sentry_chassis_controller”
cd /home/idris/final_ws/build/sentry_chassis_controller && /usr/bin/cmake -E cmake_depends "Unix Makefiles" /home/idris/final_ws/src/sentry_chassis_controller /home/idris/final_ws/src/sentry_chassis_controller /home/idris/final_ws/build/sentry_chassis_controller /home/idris/final_ws/build/sentry_chassis_controller /home/idris/final_ws/build/sentry_chassis_controller/CMakeFiles/gazebo_msgs_generate_messages_eus.dir/DependInfo.cmake --color=
cd /home/idris/final_ws/build/sentry_chassis_controller && /usr/bin/cmake -E cmake_depends "Unix Makefiles" /home/idris/final_ws/src/sentry_chassis_controller /home/idris/final_ws/src/sentry_chassis_controller /home/idris/final_ws/build/sentry_chassis_controller /home/idris/final_ws/build/sentry_chassis_controller /home/idris/final_ws/build/sentry_chassis_controller/CMakeFiles/geometry_msgs_generate_messages_nodejs.dir/DependInfo.cmake --color=
/usr/bin/make -f CMakeFiles/dynamic_reconfigure_gencfg.dir/build.make CMakeFiles/dynamic_reconfigure_gencfg.dir/depend
/usr/bin/make -f CMakeFiles/tf2_msgs_generate_messages_cpp.dir/build.make CMakeFiles/tf2_msgs_generate_messages_cpp.dir/depend
make[2]: 进入目录“/home/idris/final_ws/build/sentry_chassis_controller”
make[2]: 进入目录“/home/idris/final_ws/build/sentry_chassis_controller”
cd /home/idris/final_ws/build/sentry_chassis_controller && /usr/bin/cmake -E cmake_depends "Unix Makefiles" /home/idris/final_ws/src/sentry_chassis_controller /home/idris/final_ws/src/sentry_chassis_controller /home/idris/final_ws/build/sentry_chassis_controller /home/idris/final_ws/build/sentry_chassis_controller /home/idris/final_ws/build/sentry_chassis_controller/CMakeFiles/dynamic_reconfigure_generate_messages_eus.dir/DependInfo.cmake --color=
cd /home/idris/final_ws/build/sentry_chassis_controller && /usr/bin/cmake -E cmake_depends "Unix Makefiles" /home/idris/final_ws/src/sentry_chassis_controller /home/idris/final_ws/src/sentry_chassis_controller /home/idris/final_ws/build/sentry_chassis_controller /home/idris/final_ws/build/sentry_chassis_controller /home/idris/final_ws/build/sentry_chassis_controller/CMakeFiles/dynamic_reconfigure_gencfg.dir/DependInfo.cmake --color=
make[2]: 离开目录“/home/idris/final_ws/build/sentry_chassis_controller”
make[2]: 离开目录“/home/idris/final_ws/build/sentry_chassis_controller”
make[2]: 离开目录“/home/idris/final_ws/build/sentry_chassis_controller”
/usr/bin/make -f CMakeFiles/trajectory_msgs_generate_messages_py.dir/build.make CMakeFiles/trajectory_msgs_generate_messages_py.dir/build
make[2]: 进入目录“/home/idris/final_ws/build/sentry_chassis_controller”
cd /home/idris/final_ws/build/sentry_chassis_controller && /usr/bin/cmake -E cmake_depends "Unix Makefiles" /home/idris/final_ws/src/sentry_chassis_controller /home/idris/final_ws/src/sentry_chassis_controller /home/idris/final_ws/build/sentry_chassis_controller /home/idris/final_ws/build/sentry_chassis_controller /home/idris/final_ws/build/sentry_chassis_controller/CMakeFiles/tf2_msgs_generate_messages_cpp.dir/DependInfo.cmake --color=
make[2]: 离开目录“/home/idris/final_ws/build/sentry_chassis_controller”
make[2]: 离开目录“/home/idris/final_ws/build/sentry_chassis_controller”
/usr/bin/make -f CMakeFiles/dynamic_reconfigure_generate_messages_cpp.dir/build.make CMakeFiles/dynamic_reconfigure_generate_messages_cpp.dir/build
make[2]: 进入目录“/home/idris/final_ws/build/sentry_chassis_controller”
/usr/bin/make -f CMakeFiles/gazebo_msgs_generate_messages_eus.dir/build.make CMakeFiles/gazebo_msgs_generate_messages_eus.dir/build
make[2]: 对“CMakeFiles/trajectory_msgs_generate_messages_py.dir/build”无需做任何事。
make[2]: 离开目录“/home/idris/final_ws/build/sentry_chassis_controller”
make[2]: 进入目录“/home/idris/final_ws/build/sentry_chassis_controller”
make[2]: 对“CMakeFiles/dynamic_reconfigure_generate_messages_cpp.dir/build”无需做任何事。
make[2]: 离开目录“/home/idris/final_ws/build/sentry_chassis_controller”
make[2]: 进入目录“/home/idris/final_ws/build/sentry_chassis_controller”
make[2]: 对“CMakeFiles/gazebo_msgs_generate_messages_eus.dir/build”无需做任何事。
make[2]: 离开目录“/home/idris/final_ws/build/sentry_chassis_controller”
/usr/bin/make -f CMakeFiles/geometry_msgs_generate_messages_nodejs.dir/build.make CMakeFiles/geometry_msgs_generate_messages_nodejs.dir/build
make[2]: 进入目录“/home/idris/final_ws/build/sentry_chassis_controller”
make[2]: 对“CMakeFiles/geometry_msgs_generate_messages_nodejs.dir/build”无需做任何事。
make[2]: 离开目录“/home/idris/final_ws/build/sentry_chassis_controller”
/usr/bin/make -f CMakeFiles/dynamic_reconfigure_generate_messages_eus.dir/build.make CMakeFiles/dynamic_reconfigure_generate_messages_eus.dir/build
make[2]: 进入目录“/home/idris/final_ws/build/sentry_chassis_controller”
make[2]: 对“CMakeFiles/dynamic_reconfigure_generate_messages_eus.dir/build”无需做任何事。
make[2]: 离开目录“/home/idris/final_ws/build/sentry_chassis_controller”
make[2]: 离开目录“/home/idris/final_ws/build/sentry_chassis_controller”
/usr/bin/make -f CMakeFiles/dynamic_reconfigure_gencfg.dir/build.make CMakeFiles/dynamic_reconfigure_gencfg.dir/build
make[2]: 离开目录“/home/idris/final_ws/build/sentry_chassis_controller”
/usr/bin/make -f CMakeFiles/tf2_msgs_generate_messages_cpp.dir/build.make CMakeFiles/tf2_msgs_generate_messages_cpp.dir/build
make[2]: 进入目录“/home/idris/final_ws/build/sentry_chassis_controller”
make[2]: 进入目录“/home/idris/final_ws/build/sentry_chassis_controller”
make[2]: 对“CMakeFiles/tf2_msgs_generate_messages_cpp.dir/build”无需做任何事。
make[2]: 对“CMakeFiles/dynamic_reconfigure_gencfg.dir/build”无需做任何事。
make[2]: 离开目录“/home/idris/final_ws/build/sentry_chassis_controller”
make[2]: 离开目录“/home/idris/final_ws/build/sentry_chassis_controller”
[  6%] Built target trajectory_msgs_generate_messages_py
[  6%] Built target gazebo_msgs_generate_messages_eus
[  6%] Built target dynamic_reconfigure_generate_messages_cpp
[  6%] Built target geometry_msgs_generate_messages_nodejs
[  6%] Built target dynamic_reconfigure_generate_messages_eus
[  6%] Built target dynamic_reconfigure_gencfg
[  6%] Built target tf2_msgs_generate_messages_cpp
/usr/bin/make -f CMakeFiles/sentry_control_key_optimized.dir/build.make CMakeFiles/sentry_control_key_optimized.dir/depend
/usr/bin/make -f CMakeFiles/sentry_control_key.dir/build.make CMakeFiles/sentry_control_key.dir/depend
/usr/bin/make -f CMakeFiles/forward_kinematics.dir/build.make CMakeFiles/forward_kinematics.dir/depend
/usr/bin/make -f CMakeFiles/gazebo_odom_bridge.dir/build.make CMakeFiles/gazebo_odom_bridge.dir/depend
/usr/bin/make -f CMakeFiles/ik_test_publisher.dir/build.make CMakeFiles/ik_test_publisher.dir/depend
make[2]: 进入目录“/home/idris/final_ws/build/sentry_chassis_controller”
cd /home/idris/final_ws/build/sentry_chassis_controller && /usr/bin/cmake -E cmake_depends "Unix Makefiles" /home/idris/final_ws/src/sentry_chassis_controller /home/idris/final_ws/src/sentry_chassis_controller /home/idris/final_ws/build/sentry_chassis_controller /home/idris/final_ws/build/sentry_chassis_controller /home/idris/final_ws/build/sentry_chassis_controller/CMakeFiles/sentry_control_key_optimized.dir/DependInfo.cmake --color=
/usr/bin/make -f CMakeFiles/sentry_chassis_controller.dir/build.make CMakeFiles/sentry_chassis_controller.dir/depend
make[2]: 进入目录“/home/idris/final_ws/build/sentry_chassis_controller”
cd /home/idris/final_ws/build/sentry_chassis_controller && /usr/bin/cmake -E cmake_depends "Unix Makefiles" /home/idris/final_ws/src/sentry_chassis_controller /home/idris/final_ws/src/sentry_chassis_controller /home/idris/final_ws/build/sentry_chassis_controller /home/idris/final_ws/build/sentry_chassis_controller /home/idris/final_ws/build/sentry_chassis_controller/CMakeFiles/sentry_control_key.dir/DependInfo.cmake --color=
/usr/bin/make -f CMakeFiles/forward_kinematics_node.dir/build.make CMakeFiles/forward_kinematics_node.dir/depend
make[2]: 进入目录“/home/idris/final_ws/build/sentry_chassis_controller”
cd /home/idris/final_ws/build/sentry_chassis_controller && /usr/bin/cmake -E cmake_depends "Unix Makefiles" /home/idris/final_ws/src/sentry_chassis_controller /home/idris/final_ws/src/sentry_chassis_controller /home/idris/final_ws/build/sentry_chassis_controller /home/idris/final_ws/build/sentry_chassis_controller /home/idris/final_ws/build/sentry_chassis_controller/CMakeFiles/gazebo_odom_bridge.dir/DependInfo.cmake --color=
make[2]: 进入目录“/home/idris/final_ws/build/sentry_chassis_controller”
cd /home/idris/final_ws/build/sentry_chassis_controller && /usr/bin/cmake -E cmake_depends "Unix Makefiles" /home/idris/final_ws/src/sentry_chassis_controller /home/idris/final_ws/src/sentry_chassis_controller /home/idris/final_ws/build/sentry_chassis_controller /home/idris/final_ws/build/sentry_chassis_controller /home/idris/final_ws/build/sentry_chassis_controller/CMakeFiles/forward_kinematics.dir/DependInfo.cmake --color=
make[2]: 进入目录“/home/idris/final_ws/build/sentry_chassis_controller”
cd /home/idris/final_ws/build/sentry_chassis_controller && /usr/bin/cmake -E cmake_depends "Unix Makefiles" /home/idris/final_ws/src/sentry_chassis_controller /home/idris/final_ws/src/sentry_chassis_controller /home/idris/final_ws/build/sentry_chassis_controller /home/idris/final_ws/build/sentry_chassis_controller /home/idris/final_ws/build/sentry_chassis_controller/CMakeFiles/ik_test_publisher.dir/DependInfo.cmake --color=
make[2]: 进入目录“/home/idris/final_ws/build/sentry_chassis_controller”
cd /home/idris/final_ws/build/sentry_chassis_controller && /usr/bin/cmake -E cmake_depends "Unix Makefiles" /home/idris/final_ws/src/sentry_chassis_controller /home/idris/final_ws/src/sentry_chassis_controller /home/idris/final_ws/build/sentry_chassis_controller /home/idris/final_ws/build/sentry_chassis_controller /home/idris/final_ws/build/sentry_chassis_controller/CMakeFiles/sentry_chassis_controller.dir/DependInfo.cmake --color=
make[2]: 进入目录“/home/idris/final_ws/build/sentry_chassis_controller”
cd /home/idris/final_ws/build/sentry_chassis_controller && /usr/bin/cmake -E cmake_depends "Unix Makefiles" /home/idris/final_ws/src/sentry_chassis_controller /home/idris/final_ws/src/sentry_chassis_controller /home/idris/final_ws/build/sentry_chassis_controller /home/idris/final_ws/build/sentry_chassis_controller /home/idris/final_ws/build/sentry_chassis_controller/CMakeFiles/forward_kinematics_node.dir/DependInfo.cmake --color=
make[2]: 离开目录“/home/idris/final_ws/build/sentry_chassis_controller”
/usr/bin/make -f CMakeFiles/forward_kinematics.dir/build.make CMakeFiles/forward_kinematics.dir/build
make[2]: 离开目录“/home/idris/final_ws/build/sentry_chassis_controller”
/usr/bin/make -f CMakeFiles/gazebo_odom_bridge.dir/build.make CMakeFiles/gazebo_odom_bridge.dir/build
make[2]: 离开目录“/home/idris/final_ws/build/sentry_chassis_controller”
/usr/bin/make -f CMakeFiles/sentry_chassis_controller.dir/build.make CMakeFiles/sentry_chassis_controller.dir/build
make[2]: 离开目录“/home/idris/final_ws/build/sentry_chassis_controller”
/usr/bin/make -f CMakeFiles/sentry_control_key.dir/build.make CMakeFiles/sentry_control_key.dir/build
make[2]: 离开目录“/home/idris/final_ws/build/sentry_chassis_controller”
/usr/bin/make -f CMakeFiles/ik_test_publisher.dir/build.make CMakeFiles/ik_test_publisher.dir/build
make[2]: 进入目录“/home/idris/final_ws/build/sentry_chassis_controller”
make[2]: 离开目录“/home/idris/final_ws/build/sentry_chassis_controller”
/usr/bin/make -f CMakeFiles/sentry_control_key_optimized.dir/build.make CMakeFiles/sentry_control_key_optimized.dir/build
make[2]: 进入目录“/home/idris/final_ws/build/sentry_chassis_controller”
make[2]: 对“CMakeFiles/gazebo_odom_bridge.dir/build”无需做任何事。
make[2]: 离开目录“/home/idris/final_ws/build/sentry_chassis_controller”
make[2]: 进入目录“/home/idris/final_ws/build/sentry_chassis_controller”
make[2]: 对“CMakeFiles/sentry_chassis_controller.dir/build”无需做任何事。
make[2]: 离开目录“/home/idris/final_ws/build/sentry_chassis_controller”
make[2]: 进入目录“/home/idris/final_ws/build/sentry_chassis_controller”
make[2]: 对“CMakeFiles/forward_kinematics.dir/build”无需做任何事。
make[2]: 离开目录“/home/idris/final_ws/build/sentry_chassis_controller”
make[2]: 进入目录“/home/idris/final_ws/build/sentry_chassis_controller”
make[2]: 对“CMakeFiles/ik_test_publisher.dir/build”无需做任何事。
make[2]: 离开目录“/home/idris/final_ws/build/sentry_chassis_controller”
make[2]: 离开目录“/home/idris/final_ws/build/sentry_chassis_controller”
make[2]: 进入目录“/home/idris/final_ws/build/sentry_chassis_controller”
make[2]: 对“CMakeFiles/sentry_control_key_optimized.dir/build”无需做任何事。
make[2]: 离开目录“/home/idris/final_ws/build/sentry_chassis_controller”
/usr/bin/make -f CMakeFiles/forward_kinematics_node.dir/build.make CMakeFiles/forward_kinematics_node.dir/build
[ 18%] Built target gazebo_odom_bridge
[ 43%] Built target ik_test_publisher
[ 43%] Built target forward_kinematics
[ 62%] Built target sentry_chassis_controller
[ 68%] [32mBuilding CXX object CMakeFiles/sentry_control_key.dir/src/sentry_control_key.cpp.o[0m
make[2]: 进入目录“/home/idris/final_ws/build/sentry_chassis_controller”
make[2]: 对“CMakeFiles/forward_kinematics_node.dir/build”无需做任何事。
make[2]: 离开目录“/home/idris/final_ws/build/sentry_chassis_controller”
/usr/bin/c++  -DROSCONSOLE_BACKEND_LOG4CXX -DROS_BUILD_SHARED_LIBS=1 -DROS_PACKAGE_NAME=\"sentry_chassis_controller\" -I/home/idris/final_ws/devel/.private/sentry_chassis_controller/include -I/home/idris/final_ws/src/sentry_chassis_controller/include -I/opt/ros/noetic/include -I/opt/ros/noetic/share/xmlrpcpp/cmake/../../../include/xmlrpcpp -I/usr/include/eigen3  -O3 -DNDEBUG   -o CMakeFiles/sentry_control_key.dir/src/sentry_control_key.cpp.o -c /home/idris/final_ws/src/sentry_chassis_controller/src/sentry_control_key.cpp
[ 81%] Built target sentry_control_key_optimized
[ 93%] Built target forward_kinematics_node
[01m[K/home/idris/final_ws/src/sentry_chassis_controller/src/sentry_control_key.cpp:[m[K In member function ‘[01m[Kvoid TeleopTurtle::keyLoop()[m[K’:
[01m[K/home/idris/final_ws/src/sentry_chassis_controller/src/sentry_control_key.cpp:149:19:[m[K [01;31m[Kerror: [m[Kaggregate ‘[01m[KTeleopTurtle::keyLoop()::pollfd ufd[m[K’ has incomplete type and cannot be defined
  149 |     struct pollfd [01;31m[Kufd[m[K;
      |                   [01;31m[K^~~[m[K
[01m[K/home/idris/final_ws/src/sentry_chassis_controller/src/sentry_control_key.cpp:151:18:[m[K [01;31m[Kerror: [m[K‘[01m[KPOLLIN[m[K’ was not declared in this scope; did you mean ‘[01m[KPOLL_IN[m[K’?
  151 |     ufd.events = [01;31m[KPOLLIN[m[K; // 数据可读事件标志位
      |                  [01;31m[K^~~~~~[m[K
      |                  [32m[KPOLL_IN[m[K
[01m[K/home/idris/final_ws/src/sentry_chassis_controller/src/sentry_control_key.cpp:156:19:[m[K [01;31m[Kerror: [m[K‘[01m[Kpoll[m[K’ was not declared in this scope; did you mean ‘[01m[Kpowl[m[K’?
  156 |         int num = [01;31m[Kpoll[m[K(&ufd, 1, 1000 / hz);
      |                   [01;31m[K^~~~[m[K
      |                   [32m[Kpowl[m[K
[01m[K/home/idris/final_ws/src/sentry_chassis_controller/src/sentry_control_key.cpp:260:17:[m[K [01;31m[Kerror: [m[K‘[01m[Ktranslation_magnitude[m[K’ was not declared in this scope
  260 |                 [01;31m[Ktranslation_magnitude[m[K = std::hypot(cur_vx, cur_vy);
      |                 [01;31m[K^~~~~~~~~~~~~~~~~~~~~[m[K
[01m[K/home/idris/final_ws/src/sentry_chassis_controller/src/sentry_control_key.cpp:261:17:[m[K [01;31m[Kerror: [m[K‘[01m[Ktranslation_angle[m[K’ was not declared in this scope
  261 |                 [01;31m[Ktranslation_angle[m[K = std::atan2(cur_vy, cur_vx);
      |                 [01;31m[K^~~~~~~~~~~~~~~~~[m[K
[01m[K/home/idris/final_ws/src/sentry_chassis_controller/src/sentry_control_key.cpp:262:17:[m[K [01;31m[Kerror: [m[K‘[01m[Ktranslation_active[m[K’ was not declared in this scope
  262 |                 [01;31m[Ktranslation_active[m[K = (translation_magnitude > 0);
      |                 [01;31m[K^~~~~~~~~~~~~~~~~~[m[K
[01m[K/home/idris/final_ws/src/sentry_chassis_controller/src/sentry_control_key.cpp:269:33:[m[K [01;31m[Kerror: [m[K‘[01m[Ktranslation_magnitude[m[K’ was not declared in this scope
  269 |                 cur_lin_world = [01;31m[Ktranslation_magnitude[m[K * std::cos(translation_angle);
      |                                 [01;31m[K^~~~~~~~~~~~~~~~~~~~~[m[K
[01m[K/home/idris/final_ws/src/sentry_chassis_controller/src/sentry_control_key.cpp:269:66:[m[K [01;31m[Kerror: [m[K‘[01m[Ktranslation_angle[m[K’ was not declared in this scope
  269 |                 cur_lin_world = translation_magnitude * std::cos([01;31m[Ktranslation_angle[m[K);
      |                                                                  [01;31m[K^~~~~~~~~~~~~~~~~[m[K
[01m[K/home/idris/final_ws/src/sentry_chassis_controller/src/sentry_control_key.cpp:271:17:[m[K [01;31m[Kerror: [m[K‘[01m[Ktranslation_active[m[K’ was not declared in this scope
  271 |                 [01;31m[Ktranslation_active[m[K = false;
      |                 [01;31m[K^~~~~~~~~~~~~~~~~~[m[K
make[2]: *** [CMakeFiles/sentry_control_key.dir/build.make:63：CMakeFiles/sentry_control_key.dir/src/sentry_control_key.cpp.o] 错误 1
make[2]: 离开目录“/home/idris/final_ws/build/sentry_chassis_controller”
make[1]: 离开目录“/home/idris/final_ws/build/sentry_chassis_controller”
make[1]: *** [CMakeFiles/Makefile2:412：CMakeFiles/sentry_control_key.dir/all] 错误 2
make: *** [Makefile:141：all] 错误 2
