[  0%] Built target actionlib_generate_messages_cpp
[  0%] Built target std_srvs_generate_messages_lisp
[  0%] Built target std_srvs_generate_messages_nodejs
[  0%] Built target tf2_msgs_generate_messages_lisp
[  0%] Built target tf2_msgs_generate_messages_nodejs
[  0%] Built target actionlib_generate_messages_py
[  0%] Built target actionlib_generate_messages_nodejs
[  0%] Built target dynamic_reconfigure_generate_messages_lisp
[  0%] Built target std_srvs_generate_messages_eus
[  0%] Built target gazebo_msgs_generate_messages_py
[  0%] Built target gazebo_msgs_generate_messages_cpp
[  0%] Built target gazebo_msgs_generate_messages_nodejs
[  0%] Built target nav_msgs_generate_messages_py
[  0%] Built target nav_msgs_generate_messages_lisp
[  0%] Built target geometry_msgs_generate_messages_eus
[  0%] Built target std_msgs_generate_messages_nodejs
[  0%] Built target sensor_msgs_generate_messages_cpp
[  0%] Built target tf2_msgs_generate_messages_py
[  0%] Built target nav_msgs_generate_messages_nodejs
[  0%] Built target gazebo_msgs_generate_messages_lisp
[  0%] Built target dynamic_reconfigure_generate_messages_nodejs
[  0%] Built target rosgraph_msgs_generate_messages_nodejs
[  0%] Built target std_msgs_generate_messages_py
[  0%] Built target std_msgs_generate_messages_cpp
[  0%] Built target actionlib_generate_messages_lisp
[  0%] Built target actionlib_msgs_generate_messages_py
[  0%] Built target std_msgs_generate_messages_lisp
[  0%] Built target control_toolbox_gencfg
[  0%] Built target rosgraph_msgs_generate_messages_lisp
[  0%] Built target std_srvs_generate_messages_cpp
[  0%] Built target rosgraph_msgs_generate_messages_py
[  0%] Built target roscpp_generate_messages_cpp
[  0%] Built target sensor_msgs_generate_messages_nodejs
[  0%] Built target roscpp_generate_messages_eus
[  0%] Built target tf2_msgs_generate_messages_eus
[  0%] Built target geometry_msgs_generate_messages_cpp
[  0%] Built target control_msgs_generate_messages_py
[  0%] Built target sensor_msgs_generate_messages_py
[  0%] Built target geometry_msgs_generate_messages_py
[  0%] Built target geometry_msgs_generate_messages_lisp
[  0%] Built target roscpp_generate_messages_nodejs
[  0%] Built target std_srvs_generate_messages_py
[  0%] Built target rosgraph_msgs_generate_messages_eus
[  0%] Built target sensor_msgs_generate_messages_eus
[  0%] Built target control_msgs_generate_messages_lisp
[  0%] Built target sensor_msgs_generate_messages_lisp
[  0%] Built target control_toolbox_generate_messages_eus
[  0%] Built target nav_msgs_generate_messages_cpp
[  0%] Built target control_toolbox_generate_messages_lisp
[  0%] Built target roscpp_generate_messages_lisp
[  0%] Built target control_toolbox_generate_messages_nodejs
[  0%] Built target roscpp_generate_messages_py
[  0%] Built target control_msgs_generate_messages_eus
[  0%] Built target control_msgs_generate_messages_cpp
[  0%] Built target control_toolbox_generate_messages_cpp
[  0%] Built target trajectory_msgs_generate_messages_eus
[  0%] Built target trajectory_msgs_generate_messages_nodejs
[  0%] Built target dynamic_reconfigure_generate_messages_py
[  0%] Built target control_msgs_generate_messages_nodejs
[  0%] Built target actionlib_msgs_generate_messages_eus
[  0%] Built target actionlib_msgs_generate_messages_cpp
[  7%] Built target sentry_chassis_controller_gencfg
[  7%] Built target nav_msgs_generate_messages_eus
[  7%] Built target std_msgs_generate_messages_eus
[  7%] Built target actionlib_msgs_generate_messages_lisp
[  7%] Built target actionlib_msgs_generate_messages_nodejs
[  7%] Built target control_toolbox_generate_messages_py
[  7%] Built target trajectory_msgs_generate_messages_cpp
[  7%] Built target trajectory_msgs_generate_messages_lisp
[  7%] Built target actionlib_generate_messages_eus
[  7%] Built target dynamic_reconfigure_generate_messages_cpp
[  7%] Built target rosgraph_msgs_generate_messages_cpp
[  7%] Built target trajectory_msgs_generate_messages_py
[  7%] Built target gazebo_msgs_generate_messages_eus
[  7%] Built target geometry_msgs_generate_messages_nodejs
[  7%] Built target dynamic_reconfigure_generate_messages_eus
[  7%] Built target dynamic_reconfigure_gencfg
[  7%] Built target tf2_msgs_generate_messages_cpp
[35m[1mScanning dependencies of target forward_kinematics[0m
[ 21%] Built target ik_test_publisher
[ 50%] Built target forward_kinematics_node
[ 50%] Built target sentry_control_key
[ 71%] Built target sentry_chassis_controller
[ 85%] Built target gazebo_odom_bridge
[ 92%] [32mBuilding CXX object CMakeFiles/forward_kinematics.dir/src/forward_kinematics.cpp.o[0m
[100%] [32m[1mLinking CXX executable /home/idris/final_ws/devel/.private/sentry_chassis_controller/lib/sentry_chassis_controller/forward_kinematics[0m
[100%] Built target forward_kinematics
