[  0%] Built target tf2_msgs_generate_messages_lisp
[  0%] Built target tf2_msgs_generate_messages_nodejs
[  0%] Built target actionlib_generate_messages_py
[  0%] Built target actionlib_generate_messages_nodejs
[  0%] Built target actionlib_generate_messages_cpp
[  0%] Built target dynamic_reconfigure_generate_messages_lisp
[  0%] Built target std_srvs_generate_messages_nodejs
[  0%] Built target std_srvs_generate_messages_lisp
[  0%] Built target nav_msgs_generate_messages_py
[  0%] Built target gazebo_msgs_generate_messages_cpp
[  0%] Built target gazebo_msgs_generate_messages_nodejs
[  0%] Built target nav_msgs_generate_messages_lisp
[  0%] Built target std_srvs_generate_messages_eus
[  0%] Built target gazebo_msgs_generate_messages_py
[  0%] Built target geometry_msgs_generate_messages_eus
[  0%] Built target std_msgs_generate_messages_nodejs
[  0%] Built target sensor_msgs_generate_messages_cpp
[  0%] Built target nav_msgs_generate_messages_nodejs
[  0%] Built target gazebo_msgs_generate_messages_lisp
[  0%] Built target dynamic_reconfigure_generate_messages_nodejs
[  0%] Built target tf2_msgs_generate_messages_py
[  0%] Built target std_msgs_generate_messages_cpp
[  0%] Built target std_msgs_generate_messages_py
[  0%] Built target actionlib_msgs_generate_messages_py
[  0%] Built target std_msgs_generate_messages_lisp
[  0%] Built target rosgraph_msgs_generate_messages_nodejs
[  0%] Built target std_srvs_generate_messages_cpp
[  0%] Built target actionlib_generate_messages_lisp
[  0%] Built target rosgraph_msgs_generate_messages_py
[  0%] Built target geometry_msgs_generate_messages_cpp
[  0%] Built target control_toolbox_gencfg
[  0%] Built target rosgraph_msgs_generate_messages_lisp
[  0%] Built target roscpp_generate_messages_eus
[  0%] Built target roscpp_generate_messages_cpp
[  0%] Built target sensor_msgs_generate_messages_nodejs
[  0%] Built target control_msgs_generate_messages_py
[  0%] Built target tf2_msgs_generate_messages_eus
[  0%] Built target sensor_msgs_generate_messages_py
[  0%] Built target roscpp_generate_messages_nodejs
[  0%] Built target geometry_msgs_generate_messages_py
[  0%] Built target geometry_msgs_generate_messages_lisp
[  0%] Built target sensor_msgs_generate_messages_eus
[  0%] Built target rosgraph_msgs_generate_messages_eus
[  0%] Built target std_srvs_generate_messages_py
[  0%] Built target sensor_msgs_generate_messages_lisp
[  0%] Built target nav_msgs_generate_messages_cpp
[  0%] Built target control_toolbox_generate_messages_nodejs
[  0%] Built target control_msgs_generate_messages_lisp
[  0%] Built target control_toolbox_generate_messages_lisp
[  0%] Built target roscpp_generate_messages_lisp
[  0%] Built target control_toolbox_generate_messages_eus
[  0%] Built target control_msgs_generate_messages_cpp
[  0%] Built target control_msgs_generate_messages_eus
[  0%] Built target control_toolbox_generate_messages_cpp
[  0%] Built target trajectory_msgs_generate_messages_nodejs
[  0%] Built target trajectory_msgs_generate_messages_eus
[  0%] Built target roscpp_generate_messages_py
[  0%] Built target dynamic_reconfigure_generate_messages_py
[  0%] Built target actionlib_msgs_generate_messages_eus
[  0%] Built target control_msgs_generate_messages_nodejs
[  0%] Built target actionlib_msgs_generate_messages_cpp
[  0%] Built target std_msgs_generate_messages_eus
[  5%] Built target sentry_chassis_controller_gencfg
[  5%] Built target nav_msgs_generate_messages_eus
[  5%] Built target actionlib_msgs_generate_messages_lisp
[  5%] Built target actionlib_msgs_generate_messages_nodejs
[  5%] Built target control_toolbox_generate_messages_py
[  5%] Built target trajectory_msgs_generate_messages_lisp
[  5%] Built target trajectory_msgs_generate_messages_cpp
[  5%] Built target rosgraph_msgs_generate_messages_cpp
[  5%] Built target actionlib_generate_messages_eus
[  5%] Built target dynamic_reconfigure_generate_messages_cpp
[  5%] Built target gazebo_msgs_generate_messages_eus
[  5%] Built target trajectory_msgs_generate_messages_py
[  5%] Built target geometry_msgs_generate_messages_nodejs
[  5%] Built target dynamic_reconfigure_gencfg
[  5%] Built target tf2_msgs_generate_messages_cpp
[  5%] Built target dynamic_reconfigure_generate_messages_eus
[35m[1mScanning dependencies of target dual_mode_chassis_controller[0m
[ 16%] Built target sentry_control_key_optimized
[ 27%] Built target gazebo_odom_bridge
[ 50%] Built target forward_kinematics
[ 50%] Built target sentry_control_key
[ 55%] [32mBuilding CXX object CMakeFiles/dual_mode_chassis_controller.dir/src/dual_mode_chassis_controller.cpp.o[0m
[ 72%] Built target sentry_chassis_controller
[ 83%] Built target forward_kinematics_node
[ 94%] Built target ik_test_publisher
[01m[K/home/idris/final_ws/src/sentry_chassis_controller/src/dual_mode_chassis_controller.cpp:[m[K In function ‘[01m[Kint main(int, char**)[m[K’:
[01m[K/home/idris/final_ws/src/sentry_chassis_controller/src/dual_mode_chassis_controller.cpp:235:5:[m[K [01;35m[Kwarning: [m[Kexception of type ‘[01m[Kros::Exception[m[K’ will be caught
  235 |     [01;35m[Kcatch[m[K (ros::Exception &e)
      |     [01;35m[K^~~~~[m[K
[01m[K/home/idris/final_ws/src/sentry_chassis_controller/src/dual_mode_chassis_controller.cpp:230:5:[m[K [01;35m[Kwarning: [m[K   by earlier handler for ‘[01m[Kstd::exception[m[K’
  230 |     [01;35m[Kcatch[m[K (const std::exception &e)
      |     [01;35m[K^~~~~[m[K
[100%] [32m[1mLinking CXX executable /home/idris/final_ws/devel/.private/sentry_chassis_controller/lib/sentry_chassis_controller/dual_mode_chassis_controller[0m
[100%] Built target dual_mode_chassis_controller
