Linked: (/home/idris/final_ws/devel/.private/sentry_chassis_controller/lib/libsentry_chassis_controller.so, /home/idris/final_ws/devel/lib/libsentry_chassis_controller.so)
Linked: (/home/idris/final_ws/devel/.private/sentry_chassis_controller/lib/sentry_chassis_controller/chassis_controller, /home/idris/final_ws/devel/lib/sentry_chassis_controller/chassis_controller)
Linked: (/home/idris/final_ws/devel/.private/sentry_chassis_controller/lib/sentry_chassis_controller/forward_kinematics_node, /home/idris/final_ws/devel/lib/sentry_chassis_controller/forward_kinematics_node)
Linked: (/home/idris/final_ws/devel/.private/sentry_chassis_controller/lib/sentry_chassis_controller/sentry_control_key_optimized, /home/idris/final_ws/devel/lib/sentry_chassis_controller/sentry_control_key_optimized)
Linked: (/home/idris/final_ws/devel/.private/sentry_chassis_controller/lib/sentry_chassis_controller/ik_test_publisher, /home/idris/final_ws/devel/lib/sentry_chassis_controller/ik_test_publisher)
Linked: (/home/idris/final_ws/devel/.private/sentry_chassis_controller/lib/sentry_chassis_controller/gazebo_odom_bridge, /home/idris/final_ws/devel/lib/sentry_chassis_controller/gazebo_odom_bridge)
Linked: (/home/idris/final_ws/devel/.private/sentry_chassis_controller/lib/sentry_chassis_controller/forward_kinematics, /home/idris/final_ws/devel/lib/sentry_chassis_controller/forward_kinematics)
Linked: (/home/idris/final_ws/devel/.private/sentry_chassis_controller/lib/sentry_chassis_controller/sentry_control_key, /home/idris/final_ws/devel/lib/sentry_chassis_controller/sentry_control_key)
Linked: (/home/idris/final_ws/devel/.private/sentry_chassis_controller/lib/sentry_chassis_controller/dual_mode_chassis_controller, /home/idris/final_ws/devel/lib/sentry_chassis_controller/dual_mode_chassis_controller)
Symlinking /home/idris/final_ws/devel/lib/sentry_chassis_controller/yaw_publisher
Linked: (/home/idris/final_ws/devel/.private/sentry_chassis_controller/lib/python3/dist-packages/sentry_chassis_controller/__init__.py, /home/idris/final_ws/devel/lib/python3/dist-packages/sentry_chassis_controller/__init__.py)
Linked: (/home/idris/final_ws/devel/.private/sentry_chassis_controller/lib/python3/dist-packages/sentry_chassis_controller/cfg/__init__.py, /home/idris/final_ws/devel/lib/python3/dist-packages/sentry_chassis_controller/cfg/__init__.py)
Linked: (/home/idris/final_ws/devel/.private/sentry_chassis_controller/lib/python3/dist-packages/sentry_chassis_controller/cfg/WheelPidConfig.py, /home/idris/final_ws/devel/lib/python3/dist-packages/sentry_chassis_controller/cfg/WheelPidConfig.py)
Linked: (/home/idris/final_ws/devel/.private/sentry_chassis_controller/lib/pkgconfig/sentry_chassis_controller.pc, /home/idris/final_ws/devel/lib/pkgconfig/sentry_chassis_controller.pc)
Linked: (/home/idris/final_ws/devel/.private/sentry_chassis_controller/include/sentry_chassis_controller/WheelPidConfig.h, /home/idris/final_ws/devel/include/sentry_chassis_controller/WheelPidConfig.h)
Linked: (/home/idris/final_ws/devel/.private/sentry_chassis_controller/share/sentry_chassis_controller/cmake/sentry_chassis_controllerConfig-version.cmake, /home/idris/final_ws/devel/share/sentry_chassis_controller/cmake/sentry_chassis_controllerConfig-version.cmake)
Linked: (/home/idris/final_ws/devel/.private/sentry_chassis_controller/share/sentry_chassis_controller/cmake/sentry_chassis_controllerConfig.cmake, /home/idris/final_ws/devel/share/sentry_chassis_controller/cmake/sentry_chassis_controllerConfig.cmake)
Linked: (/home/idris/final_ws/devel/.private/sentry_chassis_controller/share/sentry_chassis_controller/docs/WheelPidConfig.wikidoc, /home/idris/final_ws/devel/share/sentry_chassis_controller/docs/WheelPidConfig.wikidoc)
Linked: (/home/idris/final_ws/devel/.private/sentry_chassis_controller/share/sentry_chassis_controller/docs/WheelPidConfig-usage.dox, /home/idris/final_ws/devel/share/sentry_chassis_controller/docs/WheelPidConfig-usage.dox)
Linked: (/home/idris/final_ws/devel/.private/sentry_chassis_controller/share/sentry_chassis_controller/docs/WheelPidConfig.dox, /home/idris/final_ws/devel/share/sentry_chassis_controller/docs/WheelPidConfig.dox)
