[36m--[0m Using CATKIN_DEVEL_PREFIX: /home/idris/final_ws/devel/.private/sentry_chassis_controller
[36m--[0m Using CMAKE_PREFIX_PATH: /home/idris/final_ws/devel;/opt/ros/noetic
[36m--[0m This workspace overlays: /home/idris/final_ws/devel;/opt/ros/noetic
[36m--[0m Found PythonInterp: /home/idris/miniconda3/bin/python3 (found suitable version "3.13.9", minimum required is "3")
[36m--[0m Using PYTHON_EXECUTABLE: /home/idris/miniconda3/bin/python3
[36m--[0m Using Debian Python package layout
[36m--[0m Using empy: /home/idris/.local/lib/python3.13/site-packages/em.py
[36m--[0m Using CATKIN_ENABLE_TESTING: ON
[36m--[0m Call enable_testing()
[36m--[0m Using CATKIN_TEST_RESULTS_DIR: /home/idris/final_ws/build/sentry_chassis_controller/test_results
[36m--[0m Forcing gtest/gmock from source, though one was otherwise available.
[36m--[0m Found gtest sources under '/usr/src/googletest': gtests will be built
[36m--[0m Found gmock sources under '/usr/src/googletest': gmock will be built
[36m--[0m Found PythonInterp: /home/idris/miniconda3/bin/python3 (found version "3.13.9")
[36m--[0m Using Python nosetests: /usr/bin/nosetests3
[36m--[0m catkin 0.8.12
[36m--[0m BUILD_SHARED_LIBS is on
[36m--[0m Using these message generators: gencpp;geneus;genlisp;gennodejs;genpy
[33mWARNING: package 'gazebo_msgs' is deprecated (This package has been deprecated as of January 2025 with Gazebo classic 11 reaching[0m
      end-of-life. Users are highly encouraged to migrate to the new Gazebo
      using our migration guides (https://gazebosim.org/docs/latest/gazebo_classic_migration))
[36m--[0m Configuring done
[31m[1mCMake Error[0m at /home/idris/final_ws/src/sentry_chassis_controller/CMakeLists.txt:181 (add_executable):
  Cannot find source file:

    src/dual_mode_chassis_controller.cpp

  Tried extensions .c .C .c++ .cc .cpp .cxx .cu .m .M .mm .h .hh .h++ .hm
  .hpp .hxx .in .txx


[31m[1mCMake Error[0m at /home/idris/final_ws/src/sentry_chassis_controller/CMakeLists.txt:155 (add_executable):
  Cannot find source file:

    src/forward_kinematics_node.cpp

  Tried extensions .c .C .c++ .cc .cpp .cxx .cu .m .M .mm .h .hh .h++ .hm
  .hpp .hxx .in .txx


[31m[1mCMake Error[0m at /home/idris/final_ws/src/sentry_chassis_controller/CMakeLists.txt:181 (add_executable):
  No SOURCES given to target: dual_mode_chassis_controller


[31m[1mCMake Error[0m at /home/idris/final_ws/src/sentry_chassis_controller/CMakeLists.txt:155 (add_executable):
  No SOURCES given to target: forward_kinematics_node


CMake Generate step failed.  Build files cannot be regenerated correctly.
make: *** [Makefile:1838：cmake_check_build_system] 错误 1
