[  0%] Built target std_msgs_generate_messages_py
[  0%] Built target dynamic_reconfigure_generate_messages_nodejs
[  0%] Built target std_msgs_generate_messages_cpp
[  0%] Built target sensor_msgs_generate_messages_cpp
[  0%] Built target dynamic_reconfigure_generate_messages_lisp
[  0%] Built target geometry_msgs_generate_messages_eus
[  0%] Built target std_msgs_generate_messages_nodejs
[  0%] Built target rosgraph_msgs_generate_messages_nodejs
[  0%] Built target actionlib_msgs_generate_messages_py
[  0%] Built target control_toolbox_gencfg
[  0%] Built target std_msgs_generate_messages_lisp
[  0%] Built target rosgraph_msgs_generate_messages_lisp
[  0%] Built target roscpp_generate_messages_cpp
[  0%] Built target rosgraph_msgs_generate_messages_py
[  0%] Built target roscpp_generate_messages_eus
[  0%] Built target sensor_msgs_generate_messages_nodejs
[  0%] Built target geometry_msgs_generate_messages_cpp
[  0%] Built target control_msgs_generate_messages_py
[  0%] Built target sensor_msgs_generate_messages_py
[  0%] Built target geometry_msgs_generate_messages_lisp
[  0%] Built target geometry_msgs_generate_messages_py
[  0%] Built target rosgraph_msgs_generate_messages_eus
[  0%] Built target sensor_msgs_generate_messages_eus
[  0%] Built target roscpp_generate_messages_nodejs
[  0%] Built target control_msgs_generate_messages_lisp
[  0%] Built target control_toolbox_generate_messages_lisp
[  0%] Built target roscpp_generate_messages_lisp
[  0%] Built target sensor_msgs_generate_messages_lisp
[  0%] Built target control_toolbox_generate_messages_eus
[  0%] Built target control_msgs_generate_messages_eus
[  0%] Built target control_toolbox_generate_messages_nodejs
[  0%] Built target control_msgs_generate_messages_cpp
[  0%] Built target control_toolbox_generate_messages_cpp
[  0%] Built target trajectory_msgs_generate_messages_eus
[  0%] Built target roscpp_generate_messages_py
[  0%] Built target trajectory_msgs_generate_messages_nodejs
[  0%] Built target dynamic_reconfigure_generate_messages_py
[  0%] Built target actionlib_msgs_generate_messages_eus
[  0%] Built target control_msgs_generate_messages_nodejs
[  0%] Built target actionlib_msgs_generate_messages_cpp
[  0%] Built target control_toolbox_generate_messages_py
[  0%] Built target trajectory_msgs_generate_messages_cpp
[  0%] Built target rosgraph_msgs_generate_messages_cpp
[  0%] Built target trajectory_msgs_generate_messages_py
[  0%] Built target dynamic_reconfigure_generate_messages_cpp
[  0%] Built target geometry_msgs_generate_messages_nodejs
[  0%] Built target trajectory_msgs_generate_messages_lisp
[  0%] Built target dynamic_reconfigure_generate_messages_eus
[  0%] Built target std_msgs_generate_messages_eus
[  0%] Built target dynamic_reconfigure_gencfg
[  0%] Built target actionlib_msgs_generate_messages_lisp
[  0%] Built target actionlib_msgs_generate_messages_nodejs
[ 33%] [34m[1mGenerating dynamic reconfigure files from cfg/WheelPid.cfg: /home/idris/final_ws/devel/.private/sentry_chassis_controller/include/sentry_chassis_controller/WheelPidConfig.h /home/idris/final_ws/devel/.private/sentry_chassis_controller/lib/python3/dist-packages/sentry_chassis_controller/cfg/WheelPidConfig.py[0m
[35m[1mScanning dependencies of target sentry_chassis_controller[0m
[ 66%] [32mBuilding CXX object CMakeFiles/sentry_chassis_controller.dir/src/wheel_pid_controller.cpp.o[0m
Generating reconfiguration files for WheelPid in sentry_chassis_controller
Wrote header file in /home/idris/final_ws/devel/.private/sentry_chassis_controller/include/sentry_chassis_controller/WheelPidConfig.h
[ 66%] Built target sentry_chassis_controller_gencfg
[100%] [32m[1mLinking CXX shared library /home/idris/final_ws/devel/.private/sentry_chassis_controller/lib/libsentry_chassis_controller.so[0m
[100%] Built target sentry_chassis_controller
