[  0%] Built target tf2_msgs_generate_messages_nodejs
[  0%] Built target tf2_msgs_generate_messages_lisp
[  0%] Built target std_srvs_generate_messages_nodejs
[  0%] Built target dynamic_reconfigure_generate_messages_lisp
[  0%] Built target actionlib_generate_messages_py
[  0%] Built target actionlib_generate_messages_cpp
[  0%] Built target actionlib_generate_messages_nodejs
[  0%] Built target std_srvs_generate_messages_lisp
[  0%] Built target gazebo_msgs_generate_messages_py
[  0%] Built target std_srvs_generate_messages_eus
[  0%] Built target gazebo_msgs_generate_messages_nodejs
[  0%] Built target gazebo_msgs_generate_messages_cpp
[  0%] Built target nav_msgs_generate_messages_py
[  0%] Built target geometry_msgs_generate_messages_eus
[  0%] Built target nav_msgs_generate_messages_lisp
[  0%] Built target std_msgs_generate_messages_nodejs
[  0%] Built target nav_msgs_generate_messages_nodejs
[  0%] Built target sensor_msgs_generate_messages_cpp
[  0%] Built target tf2_msgs_generate_messages_py
[  0%] Built target gazebo_msgs_generate_messages_lisp
[  0%] Built target std_msgs_generate_messages_py
[  0%] Built target dynamic_reconfigure_generate_messages_nodejs
[  0%] Built target std_msgs_generate_messages_cpp
[  0%] Built target actionlib_msgs_generate_messages_py
[  0%] Built target rosgraph_msgs_generate_messages_nodejs
[  0%] Built target std_srvs_generate_messages_cpp
[  0%] Built target std_msgs_generate_messages_lisp
[  0%] Built target actionlib_generate_messages_lisp
[  0%] Built target rosgraph_msgs_generate_messages_lisp
[  0%] Built target roscpp_generate_messages_cpp
[  0%] Built target rosgraph_msgs_generate_messages_py
[  0%] Built target control_toolbox_gencfg
[  0%] Built target tf2_msgs_generate_messages_eus
[  0%] Built target control_msgs_generate_messages_py
[  0%] Built target sensor_msgs_generate_messages_nodejs
[  0%] Built target roscpp_generate_messages_eus
[  0%] Built target geometry_msgs_generate_messages_cpp
[  0%] Built target geometry_msgs_generate_messages_py
[  0%] Built target sensor_msgs_generate_messages_py
[  0%] Built target geometry_msgs_generate_messages_lisp
[  0%] Built target std_srvs_generate_messages_py
[  0%] Built target roscpp_generate_messages_nodejs
[  0%] Built target rosgraph_msgs_generate_messages_eus
[  0%] Built target sensor_msgs_generate_messages_eus
[  0%] Built target control_msgs_generate_messages_lisp
[  0%] Built target nav_msgs_generate_messages_cpp
[  0%] Built target control_toolbox_generate_messages_eus
[  0%] Built target sensor_msgs_generate_messages_lisp
[  0%] Built target control_toolbox_generate_messages_lisp
[  0%] Built target roscpp_generate_messages_lisp
[  0%] Built target control_toolbox_generate_messages_nodejs
[  0%] Built target control_msgs_generate_messages_cpp
[  0%] Built target control_msgs_generate_messages_eus
[  0%] Built target trajectory_msgs_generate_messages_eus
[  0%] Built target roscpp_generate_messages_py
[  0%] Built target control_toolbox_generate_messages_cpp
[  0%] Built target trajectory_msgs_generate_messages_nodejs
[  0%] Built target dynamic_reconfigure_generate_messages_py
[  0%] Built target control_msgs_generate_messages_nodejs
[  0%] Built target actionlib_msgs_generate_messages_cpp
[  0%] Built target actionlib_msgs_generate_messages_eus
[  0%] Built target nav_msgs_generate_messages_eus
[  7%] Built target sentry_chassis_controller_gencfg
[  7%] Built target std_msgs_generate_messages_eus
[  7%] Built target actionlib_msgs_generate_messages_lisp
[  7%] Built target trajectory_msgs_generate_messages_lisp
[  7%] Built target control_toolbox_generate_messages_py
[  7%] Built target trajectory_msgs_generate_messages_cpp
[  7%] Built target actionlib_generate_messages_eus
[  7%] Built target rosgraph_msgs_generate_messages_cpp
[  7%] Built target actionlib_msgs_generate_messages_nodejs
[  7%] Built target trajectory_msgs_generate_messages_py
[  7%] Built target gazebo_msgs_generate_messages_eus
[  7%] Built target dynamic_reconfigure_generate_messages_eus
[  7%] Built target dynamic_reconfigure_generate_messages_cpp
[  7%] Built target tf2_msgs_generate_messages_cpp
[  7%] Built target geometry_msgs_generate_messages_nodejs
[  7%] Built target dynamic_reconfigure_gencfg
[35m[1mScanning dependencies of target forward_kinematics[0m
[35m[1mScanning dependencies of target sentry_chassis_controller[0m
[ 21%] Built target gazebo_odom_bridge
[ 35%] Built target sentry_control_key
[ 50%] Built target ik_test_publisher
[ 64%] Built target forward_kinematics_node
[ 71%] [32mBuilding CXX object CMakeFiles/sentry_chassis_controller.dir/src/wheel_pid_controller.cpp.o[0m
[ 78%] [32mBuilding CXX object CMakeFiles/sentry_chassis_controller.dir/src/inverse_kinematics.cpp.o[0m
[ 85%] [32mBuilding CXX object CMakeFiles/forward_kinematics.dir/src/forward_kinematics.cpp.o[0m
[01m[K/home/idris/final_ws/src/sentry_chassis_controller/src/forward_kinematics.cpp:11:10:[m[K [01;31m[Kfatal error: [m[Kmath: æ²¡æœ‰é‚£ä¸ªæ–‡ä»¶æˆ–ç›®å½•
   11 | #include [01;31m[K<math>[m[K
      |          [01;31m[K^~~~~~[m[K
compilation terminated.
make[2]: *** [CMakeFiles/forward_kinematics.dir/build.make:63ï¼šCMakeFiles/forward_kinematics.dir/src/forward_kinematics.cpp.o] é”™è¯¯ 1
make[1]: *** [CMakeFiles/Makefile2:410ï¼šCMakeFiles/forward_kinematics.dir/all] é”™è¯¯ 2
make[1]: *** æ­£åœ¨ç­‰å¾…æœªå®Œæˆçš„ä»»åŠ¡....
[ 92%] [32m[1mLinking CXX shared library /home/idris/final_ws/devel/.private/sentry_chassis_controller/lib/libsentry_chassis_controller.so[0m
[ 92%] Built target sentry_chassis_controller
make: *** [Makefile:141ï¼šall] é”™è¯¯ 2
