[  0%] Built target dynamic_reconfigure_generate_messages_lisp
[  0%] Built target geometry_msgs_generate_messages_eus
[  0%] Built target std_msgs_generate_messages_nodejs
[  0%] Built target sensor_msgs_generate_messages_cpp
[  0%] Built target dynamic_reconfigure_generate_messages_nodejs
[  0%] Built target std_msgs_generate_messages_py
[  0%] Built target std_msgs_generate_messages_cpp
[  0%] Built target rosgraph_msgs_generate_messages_nodejs
[  0%] Built target actionlib_msgs_generate_messages_py
[  0%] Built target std_msgs_generate_messages_lisp
[  0%] Built target rosgraph_msgs_generate_messages_lisp
[  0%] Built target rosgraph_msgs_generate_messages_py
[  0%] Built target roscpp_generate_messages_cpp
[  0%] Built target control_toolbox_gencfg
[  0%] Built target sensor_msgs_generate_messages_nodejs
[  0%] Built target roscpp_generate_messages_eus
[  0%] Built target geometry_msgs_generate_messages_cpp
[  0%] Built target control_msgs_generate_messages_py
[  0%] Built target sensor_msgs_generate_messages_py
[  0%] Built target geometry_msgs_generate_messages_py
[  0%] Built target geometry_msgs_generate_messages_lisp
[  0%] Built target roscpp_generate_messages_nodejs
[  0%] Built target rosgraph_msgs_generate_messages_eus
[  0%] Built target sensor_msgs_generate_messages_eus
[  0%] Built target sensor_msgs_generate_messages_lisp
[  0%] Built target control_msgs_generate_messages_lisp
[  0%] Built target control_toolbox_generate_messages_eus
[  0%] Built target control_toolbox_generate_messages_lisp
[  0%] Built target roscpp_generate_messages_lisp
[  0%] Built target control_toolbox_generate_messages_nodejs
[  0%] Built target control_msgs_generate_messages_cpp
[  0%] Built target control_msgs_generate_messages_eus
[  0%] Built target roscpp_generate_messages_py
[  0%] Built target control_toolbox_generate_messages_cpp
[  0%] Built target trajectory_msgs_generate_messages_eus
[  0%] Built target trajectory_msgs_generate_messages_nodejs
[  0%] Built target dynamic_reconfigure_generate_messages_py
[  0%] Built target actionlib_msgs_generate_messages_eus
[  0%] Built target control_msgs_generate_messages_nodejs
[  0%] Built target actionlib_msgs_generate_messages_cpp
[  0%] Built target control_toolbox_generate_messages_py
[  0%] Built target trajectory_msgs_generate_messages_cpp
[  0%] Built target trajectory_msgs_generate_messages_lisp
[  0%] Built target rosgraph_msgs_generate_messages_cpp
[  0%] Built target trajectory_msgs_generate_messages_py
[  0%] Built target dynamic_reconfigure_generate_messages_cpp
[  0%] Built target geometry_msgs_generate_messages_nodejs
[  0%] Built target dynamic_reconfigure_generate_messages_eus
[  0%] Built target dynamic_reconfigure_gencfg
[  0%] Built target std_msgs_generate_messages_eus
[  0%] Built target actionlib_msgs_generate_messages_lisp
[  0%] Built target actionlib_msgs_generate_messages_nodejs
[ 11%] Built target sentry_chassis_controller_gencfg
[ 55%] Built target sentry_chassis_controller
[35m[1mScanning dependencies of target gazebo_odom_bridge[0m
[ 66%] [32mBuilding CXX object CMakeFiles/gazebo_odom_bridge.dir/src/gazebo_odom_bridge.cpp.o[0m
[ 77%] [32m[1mLinking CXX executable /home/idris/final_ws/devel/.private/sentry_chassis_controller/lib/sentry_chassis_controller/gazebo_odom_bridge[0m
/usr/bin/ld: CMakeFiles/gazebo_odom_bridge.dir/src/gazebo_odom_bridge.cpp.o: in function `main::{lambda(boost::shared_ptr<gazebo_msgs::ModelStates_<std::allocator<void> > const> const&)#1}::operator()(boost::shared_ptr<gazebo_msgs::ModelStates_<std::allocator<void> > const> const&) const':
gazebo_odom_bridge.cpp:(.text+0x3d0): undefined reference to `tf2_ros::TransformBroadcaster::sendTransform(geometry_msgs::TransformStamped_<std::allocator<void> > const&)'
/usr/bin/ld: CMakeFiles/gazebo_odom_bridge.dir/src/gazebo_odom_bridge.cpp.o: in function `main':
gazebo_odom_bridge.cpp:(.text+0xa0c): undefined reference to `tf2_ros::TransformBroadcaster::TransformBroadcaster()'
collect2: error: ld returned 1 exit status
make[2]: *** [CMakeFiles/gazebo_odom_bridge.dir/build.make:113：/home/idris/final_ws/devel/.private/sentry_chassis_controller/lib/sentry_chassis_controller/gazebo_odom_bridge] 错误 1
make[1]: *** [CMakeFiles/Makefile2:250：CMakeFiles/gazebo_odom_bridge.dir/all] 错误 2
make: *** [Makefile:141：all] 错误 2
