[  0%] Built target tf2_msgs_generate_messages_nodejs
[  0%] Built target dynamic_reconfigure_generate_messages_lisp
[  0%] Built target tf2_msgs_generate_messages_lisp
[  0%] Built target actionlib_generate_messages_py
[  0%] Built target actionlib_generate_messages_cpp
[  0%] Built target actionlib_generate_messages_nodejs
[  0%] Built target std_srvs_generate_messages_lisp
[  0%] Built target std_srvs_generate_messages_nodejs
[  0%] Built target gazebo_msgs_generate_messages_py
[  0%] Built target std_srvs_generate_messages_eus
[  0%] Built target gazebo_msgs_generate_messages_nodejs
[  0%] Built target gazebo_msgs_generate_messages_cpp
[  0%] Built target nav_msgs_generate_messages_lisp
[  0%] Built target nav_msgs_generate_messages_py
[  0%] Built target std_msgs_generate_messages_nodejs
[  0%] Built target geometry_msgs_generate_messages_eus
[  0%] Built target sensor_msgs_generate_messages_cpp
[  0%] Built target nav_msgs_generate_messages_nodejs
[  0%] Built target tf2_msgs_generate_messages_py
[  0%] Built target gazebo_msgs_generate_messages_lisp
[  0%] Built target dynamic_reconfigure_generate_messages_nodejs
[  0%] Built target std_msgs_generate_messages_py
[  0%] Built target rosgraph_msgs_generate_messages_nodejs
[  0%] Built target std_msgs_generate_messages_cpp
[  0%] Built target actionlib_generate_messages_lisp
[  0%] Built target actionlib_msgs_generate_messages_py
[  0%] Built target std_msgs_generate_messages_lisp
[  0%] Built target std_srvs_generate_messages_cpp
[  0%] Built target rosgraph_msgs_generate_messages_lisp
[  0%] Built target rosgraph_msgs_generate_messages_py
[  0%] Built target roscpp_generate_messages_cpp
[  0%] Built target control_toolbox_gencfg
[  0%] Built target roscpp_generate_messages_eus
[  0%] Built target sensor_msgs_generate_messages_nodejs
[  0%] Built target control_msgs_generate_messages_py
[  0%] Built target geometry_msgs_generate_messages_cpp
[  0%] Built target sensor_msgs_generate_messages_py
[  0%] Built target tf2_msgs_generate_messages_eus
[  0%] Built target geometry_msgs_generate_messages_lisp
[  0%] Built target geometry_msgs_generate_messages_py
[  0%] Built target roscpp_generate_messages_nodejs
[  0%] Built target std_srvs_generate_messages_py
[  0%] Built target sensor_msgs_generate_messages_eus
[  0%] Built target rosgraph_msgs_generate_messages_eus
[  0%] Built target sensor_msgs_generate_messages_lisp
[  0%] Built target control_msgs_generate_messages_lisp
[  0%] Built target nav_msgs_generate_messages_cpp
[  0%] Built target control_toolbox_generate_messages_eus
[  0%] Built target control_toolbox_generate_messages_lisp
[  0%] Built target roscpp_generate_messages_lisp
[  0%] Built target control_toolbox_generate_messages_nodejs
[  0%] Built target control_msgs_generate_messages_cpp
[  0%] Built target roscpp_generate_messages_py
[  0%] Built target control_msgs_generate_messages_eus
[  0%] Built target control_toolbox_generate_messages_cpp
[  0%] Built target trajectory_msgs_generate_messages_eus
[  0%] Built target dynamic_reconfigure_generate_messages_py
[  0%] Built target trajectory_msgs_generate_messages_nodejs
[  0%] Built target actionlib_msgs_generate_messages_eus
[  0%] Built target control_msgs_generate_messages_nodejs
[  0%] Built target actionlib_msgs_generate_messages_cpp
[  0%] Built target nav_msgs_generate_messages_eus
[  4%] Built target sentry_chassis_controller_gencfg
[  4%] Built target std_msgs_generate_messages_eus
[  4%] Built target actionlib_msgs_generate_messages_lisp
[  4%] Built target actionlib_msgs_generate_messages_nodejs
[  4%] Built target control_toolbox_generate_messages_py
[  4%] Built target trajectory_msgs_generate_messages_cpp
[  4%] Built target trajectory_msgs_generate_messages_lisp
[  4%] Built target actionlib_generate_messages_eus
[  4%] Built target rosgraph_msgs_generate_messages_cpp
[  4%] Built target trajectory_msgs_generate_messages_py
[  4%] Built target dynamic_reconfigure_generate_messages_cpp
[  4%] Built target gazebo_msgs_generate_messages_eus
[  4%] Built target geometry_msgs_generate_messages_nodejs
[  4%] Built target dynamic_reconfigure_generate_messages_eus
[  4%] Built target dynamic_reconfigure_gencfg
[  4%] Built target tf2_msgs_generate_messages_cpp
[ 22%] Built target sentry_control_key_optimized
[ 22%] Built target chassis_controller
[35m[1mScanning dependencies of target sentry_control_key[0m
[ 31%] Built target forward_kinematics
[ 36%] [32mBuilding CXX object CMakeFiles/sentry_control_key.dir/src/sentry_control_key.cpp.o[0m
[ 45%] Built target gazebo_odom_bridge
[ 54%] Built target ik_test_publisher
[ 63%] Built target yaw_publisher
[ 77%] Built target sentry_chassis_controller
[ 86%] Built target dual_mode_chassis_controller
[ 95%] Built target forward_kinematics_node
[100%] [32m[1mLinking CXX executable /home/idris/final_ws/devel/.private/sentry_chassis_controller/lib/sentry_chassis_controller/sentry_control_key[0m
[100%] Built target sentry_control_key
