[  0%] Built target tf2_msgs_generate_messages_nodejs
[  0%] Built target dynamic_reconfigure_generate_messages_lisp
[  0%] Built target actionlib_generate_messages_nodejs
[  0%] Built target tf2_msgs_generate_messages_lisp
[  0%] Built target std_srvs_generate_messages_nodejs
[  0%] Built target actionlib_generate_messages_py
[  0%] Built target std_srvs_generate_messages_lisp
[  0%] Built target actionlib_generate_messages_cpp
[  0%] Built target gazebo_msgs_generate_messages_nodejs
[  0%] Built target nav_msgs_generate_messages_py
[  0%] Built target gazebo_msgs_generate_messages_cpp
[  0%] Built target std_srvs_generate_messages_eus
[  0%] Built target std_msgs_generate_messages_nodejs
[  0%] Built target nav_msgs_generate_messages_lisp
[  0%] Built target gazebo_msgs_generate_messages_py
[  0%] Built target geometry_msgs_generate_messages_eus
[  0%] Built target nav_msgs_generate_messages_nodejs
[  0%] Built target gazebo_msgs_generate_messages_lisp
[  0%] Built target sensor_msgs_generate_messages_cpp
[  0%] Built target tf2_msgs_generate_messages_py
[  0%] Built target dynamic_reconfigure_generate_messages_nodejs
[  0%] Built target std_msgs_generate_messages_py
[  0%] Built target std_msgs_generate_messages_cpp
[  0%] Built target rosgraph_msgs_generate_messages_nodejs
[  0%] Built target actionlib_generate_messages_lisp
[  0%] Built target rosgraph_msgs_generate_messages_lisp
[  0%] Built target std_srvs_generate_messages_cpp
[  0%] Built target actionlib_msgs_generate_messages_py
[  0%] Built target std_msgs_generate_messages_lisp
[  0%] Built target rosgraph_msgs_generate_messages_py
[  0%] Built target roscpp_generate_messages_cpp
[  0%] Built target control_toolbox_gencfg
[  0%] Built target geometry_msgs_generate_messages_cpp
[  0%] Built target roscpp_generate_messages_eus
[  0%] Built target control_msgs_generate_messages_py
[  0%] Built target sensor_msgs_generate_messages_nodejs
[  0%] Built target tf2_msgs_generate_messages_eus
[  0%] Built target sensor_msgs_generate_messages_py
[  0%] Built target geometry_msgs_generate_messages_lisp
[  0%] Built target geometry_msgs_generate_messages_py
[  0%] Built target std_srvs_generate_messages_py
[  0%] Built target rosgraph_msgs_generate_messages_eus
[  0%] Built target roscpp_generate_messages_nodejs
[  0%] Built target sensor_msgs_generate_messages_eus
[  0%] Built target control_msgs_generate_messages_lisp
[  0%] Built target nav_msgs_generate_messages_cpp
[  0%] Built target sensor_msgs_generate_messages_lisp
[  0%] Built target control_toolbox_generate_messages_eus
[  0%] Built target control_toolbox_generate_messages_lisp
[  0%] Built target control_toolbox_generate_messages_nodejs
[  0%] Built target roscpp_generate_messages_lisp
[  0%] Built target control_msgs_generate_messages_cpp
[  0%] Built target roscpp_generate_messages_py
[  0%] Built target control_msgs_generate_messages_eus
[  0%] Built target control_toolbox_generate_messages_cpp
[  0%] Built target trajectory_msgs_generate_messages_eus
[  0%] Built target trajectory_msgs_generate_messages_nodejs
[  0%] Built target actionlib_msgs_generate_messages_eus
[  0%] Built target nav_msgs_generate_messages_eus
[  0%] Built target dynamic_reconfigure_generate_messages_py
[  0%] Built target control_msgs_generate_messages_nodejs
[  0%] Built target actionlib_msgs_generate_messages_cpp
[  0%] Built target std_msgs_generate_messages_eus
[  6%] Built target sentry_chassis_controller_gencfg
[  6%] Built target actionlib_msgs_generate_messages_lisp
[  6%] Built target actionlib_msgs_generate_messages_nodejs
[  6%] Built target control_toolbox_generate_messages_py
[  6%] Built target trajectory_msgs_generate_messages_cpp
[  6%] Built target actionlib_generate_messages_eus
[  6%] Built target trajectory_msgs_generate_messages_lisp
[  6%] Built target rosgraph_msgs_generate_messages_cpp
[  6%] Built target trajectory_msgs_generate_messages_py
[  6%] Built target dynamic_reconfigure_generate_messages_cpp
[  6%] Built target gazebo_msgs_generate_messages_eus
[  6%] Built target tf2_msgs_generate_messages_cpp
[  6%] Built target dynamic_reconfigure_gencfg
[  6%] Built target dynamic_reconfigure_generate_messages_eus
[  6%] Built target geometry_msgs_generate_messages_nodejs
[ 37%] Built target sentry_chassis_controller
[ 37%] Built target ik_test_publisher
[ 56%] Built target sentry_control_key_optimized
[ 62%] Built target sentry_control_key
[ 75%] Built target gazebo_odom_bridge
[ 87%] Built target forward_kinematics
[100%] Built target forward_kinematics_node
