[36m--[0m Using CATKIN_DEVEL_PREFIX: /home/idris/final_ws/devel/.private/sentry_chassis_controller
[36m--[0m Using CMAKE_PREFIX_PATH: /home/idris/final_ws/devel;/opt/ros/noetic
[36m--[0m This workspace overlays: /home/idris/final_ws/devel;/opt/ros/noetic
[36m--[0m Found PythonInterp: /home/idris/miniconda3/bin/python3 (found suitable version "3.13.9", minimum required is "3")
[36m--[0m Using PYTHON_EXECUTABLE: /home/idris/miniconda3/bin/python3
[36m--[0m Using Debian Python package layout
[36m--[0m Using empy: /home/idris/.local/lib/python3.13/site-packages/em.py
[36m--[0m Using CATKIN_ENABLE_TESTING: ON
[36m--[0m Call enable_testing()
[36m--[0m Using CATKIN_TEST_RESULTS_DIR: /home/idris/final_ws/build/sentry_chassis_controller/test_results
[36m--[0m Forcing gtest/gmock from source, though one was otherwise available.
[36m--[0m Found gtest sources under '/usr/src/googletest': gtests will be built
[36m--[0m Found gmock sources under '/usr/src/googletest': gmock will be built
[36m--[0m Found PythonInterp: /home/idris/miniconda3/bin/python3 (found version "3.13.9")
[36m--[0m Using Python nosetests: /usr/bin/nosetests3
[36m--[0m catkin 0.8.12
[36m--[0m BUILD_SHARED_LIBS is on
[36m--[0m Using these message generators: gencpp;geneus;genlisp;gennodejs;genpy
[33mWARNING: package 'gazebo_msgs' is deprecated (This package has been deprecated as of January 2025 with Gazebo classic 11 reaching[0m
      end-of-life. Users are highly encouraged to migrate to the new Gazebo
      using our migration guides (https://gazebosim.org/docs/latest/gazebo_classic_migration))
[31m[1mCMake Error[0m at /opt/ros/noetic/share/catkin/cmake/catkin_package.cmake:196 (message):
  catkin_package() the catkin package 'nav_msgs' has been find_package()-ed
  but is not listed as a build dependency in the package.xml
[36mCall Stack (most recent call first):[0m
  /opt/ros/noetic/share/catkin/cmake/catkin_package.cmake:102 (_catkin_package)
  CMakeLists.txt:115 (catkin_package)


[36m--[0m Configuring incomplete, errors occurred!
See also "/home/idris/final_ws/build/sentry_chassis_controller/CMakeFiles/CMakeOutput.log".
See also "/home/idris/final_ws/build/sentry_chassis_controller/CMakeFiles/CMakeError.log".
make: *** [Makefile:1254：cmake_check_build_system] 错误 1
