[  0%] Built target actionlib_generate_messages_nodejs
[  0%] Built target std_srvs_generate_messages_nodejs
[  0%] Built target std_srvs_generate_messages_lisp
[  0%] Built target actionlib_generate_messages_py
[  0%] Built target tf2_msgs_generate_messages_lisp
[  0%] Built target dynamic_reconfigure_generate_messages_lisp
[  0%] Built target actionlib_generate_messages_cpp
[  0%] Built target tf2_msgs_generate_messages_nodejs
[  0%] Built target std_srvs_generate_messages_eus
[  0%] Built target gazebo_msgs_generate_messages_py
[  0%] Built target gazebo_msgs_generate_messages_nodejs
[  0%] Built target gazebo_msgs_generate_messages_cpp
[  0%] Built target nav_msgs_generate_messages_py
[  0%] Built target std_msgs_generate_messages_nodejs
[  0%] Built target geometry_msgs_generate_messages_eus
[  0%] Built target nav_msgs_generate_messages_nodejs
[  0%] Built target nav_msgs_generate_messages_lisp
[  0%] Built target sensor_msgs_generate_messages_cpp
[  0%] Built target tf2_msgs_generate_messages_py
[  0%] Built target dynamic_reconfigure_generate_messages_nodejs
[  0%] Built target std_msgs_generate_messages_py
[  0%] Built target std_msgs_generate_messages_cpp
[  0%] Built target gazebo_msgs_generate_messages_lisp
[  0%] Built target actionlib_msgs_generate_messages_py
[  0%] Built target rosgraph_msgs_generate_messages_nodejs
[  0%] Built target actionlib_generate_messages_lisp
[  0%] Built target std_msgs_generate_messages_lisp
[  0%] Built target rosgraph_msgs_generate_messages_py
[  0%] Built target rosgraph_msgs_generate_messages_lisp
[  0%] Built target roscpp_generate_messages_cpp
[  0%] Built target std_srvs_generate_messages_cpp
[  0%] Built target control_toolbox_gencfg
[  0%] Built target sensor_msgs_generate_messages_nodejs
[  0%] Built target roscpp_generate_messages_eus
[  0%] Built target control_msgs_generate_messages_py
[  0%] Built target sensor_msgs_generate_messages_py
[  0%] Built target geometry_msgs_generate_messages_cpp
[  0%] Built target geometry_msgs_generate_messages_py
[  0%] Built target geometry_msgs_generate_messages_lisp
[  0%] Built target tf2_msgs_generate_messages_eus
[  0%] Built target roscpp_generate_messages_nodejs
[  0%] Built target std_srvs_generate_messages_py
[  0%] Built target rosgraph_msgs_generate_messages_eus
[  0%] Built target control_msgs_generate_messages_lisp
[  0%] Built target sensor_msgs_generate_messages_eus
[  0%] Built target sensor_msgs_generate_messages_lisp
[  0%] Built target nav_msgs_generate_messages_cpp
[  0%] Built target control_toolbox_generate_messages_eus
[  0%] Built target control_toolbox_generate_messages_lisp
[  0%] Built target roscpp_generate_messages_lisp
[  0%] Built target control_toolbox_generate_messages_nodejs
[  0%] Built target control_msgs_generate_messages_cpp
[  0%] Built target control_msgs_generate_messages_eus
[  0%] Built target control_toolbox_generate_messages_cpp
[  0%] Built target roscpp_generate_messages_py
[  0%] Built target trajectory_msgs_generate_messages_eus
[  0%] Built target trajectory_msgs_generate_messages_nodejs
[  0%] Built target actionlib_msgs_generate_messages_eus
[  0%] Built target dynamic_reconfigure_generate_messages_py
[  0%] Built target control_msgs_generate_messages_nodejs
[  0%] Built target actionlib_msgs_generate_messages_lisp
[  0%] Built target nav_msgs_generate_messages_eus
[  0%] Built target actionlib_msgs_generate_messages_cpp
[  0%] Built target std_msgs_generate_messages_eus
[  4%] Built target sentry_chassis_controller_gencfg
[  4%] Built target actionlib_msgs_generate_messages_nodejs
[  4%] Built target trajectory_msgs_generate_messages_lisp
[  4%] Built target control_toolbox_generate_messages_py
[  4%] Built target actionlib_generate_messages_eus
[  4%] Built target trajectory_msgs_generate_messages_cpp
[  4%] Built target trajectory_msgs_generate_messages_py
[  4%] Built target rosgraph_msgs_generate_messages_cpp
[  4%] Built target dynamic_reconfigure_generate_messages_cpp
[  4%] Built target gazebo_msgs_generate_messages_eus
[  4%] Built target dynamic_reconfigure_gencfg
[  4%] Built target dynamic_reconfigure_generate_messages_eus
[  4%] Built target tf2_msgs_generate_messages_cpp
[  4%] Built target geometry_msgs_generate_messages_nodejs
[35m[1mScanning dependencies of target sentry_chassis_controller[0m
[  9%] [32mBuilding CXX object CMakeFiles/gazebo_odom_bridge.dir/src/gazebo_odom_bridge.cpp.o[0m
[ 13%] [32mBuilding CXX object CMakeFiles/ik_test_publisher.dir/src/ik_test_publisher.cpp.o[0m
[ 18%] [32mBuilding CXX object CMakeFiles/yaw_publisher.dir/src/yaw_publisher.cpp.o[0m
[ 22%] [32mBuilding CXX object CMakeFiles/sentry_control_key_optimized.dir/src/sentry_control_key_optimized.cpp.o[0m
[ 31%] [32mBuilding CXX object CMakeFiles/sentry_control_key.dir/src/sentry_control_key.cpp.o[0m
[ 31%] [32mBuilding CXX object CMakeFiles/chassis_controller.dir/src/chassis_controller.cpp.o[0m
[ 36%] [32mBuilding CXX object CMakeFiles/forward_kinematics.dir/src/forward_kinematics.cpp.o[0m
[ 40%] [32mBuilding CXX object CMakeFiles/sentry_chassis_controller.dir/src/wheel_pid_controller.cpp.o[0m
[ 45%] [32m[1mLinking CXX executable /home/idris/final_ws/devel/.private/sentry_chassis_controller/lib/sentry_chassis_controller/ik_test_publisher[0m
[ 45%] Built target ik_test_publisher
[ 50%] [32mBuilding CXX object CMakeFiles/dual_mode_chassis_controller.dir/src/dual_mode_chassis_controller.cpp.o[0m
[ 54%] [32m[1mLinking CXX executable /home/idris/final_ws/devel/.private/sentry_chassis_controller/lib/sentry_chassis_controller/yaw_publisher[0m
[ 54%] Built target yaw_publisher
[ 59%] [32mBuilding CXX object CMakeFiles/forward_kinematics_node.dir/src/forward_kinematics_node.cpp.o[0m
[ 63%] [32m[1mLinking CXX executable /home/idris/final_ws/devel/.private/sentry_chassis_controller/lib/sentry_chassis_controller/gazebo_odom_bridge[0m
[ 63%] Built target gazebo_odom_bridge
[ 68%] [32mBuilding CXX object CMakeFiles/sentry_chassis_controller.dir/src/inverse_kinematics.cpp.o[0m
[ 72%] [32m[1mLinking CXX executable /home/idris/final_ws/devel/.private/sentry_chassis_controller/lib/sentry_chassis_controller/sentry_control_key[0m
[ 72%] Built target sentry_control_key
[01m[K/home/idris/final_ws/src/sentry_chassis_controller/src/dual_mode_chassis_controller.cpp:[m[K In function ‘[01m[Kint main(int, char**)[m[K’:
[01m[K/home/idris/final_ws/src/sentry_chassis_controller/src/dual_mode_chassis_controller.cpp:235:5:[m[K [01;35m[Kwarning: [m[Kexception of type ‘[01m[Kros::Exception[m[K’ will be caught
  235 |     [01;35m[Kcatch[m[K (ros::Exception &e)
      |     [01;35m[K^~~~~[m[K
[01m[K/home/idris/final_ws/src/sentry_chassis_controller/src/dual_mode_chassis_controller.cpp:230:5:[m[K [01;35m[Kwarning: [m[K   by earlier handler for ‘[01m[Kstd::exception[m[K’
  230 |     [01;35m[Kcatch[m[K (const std::exception &e)
      |     [01;35m[K^~~~~[m[K
[ 77%] [32m[1mLinking CXX executable /home/idris/final_ws/devel/.private/sentry_chassis_controller/lib/sentry_chassis_controller/sentry_control_key_optimized[0m
[ 77%] Built target sentry_control_key_optimized
[ 81%] [32m[1mLinking CXX executable /home/idris/final_ws/devel/.private/sentry_chassis_controller/lib/sentry_chassis_controller/chassis_controller[0m
[ 81%] Built target chassis_controller
[ 86%] [32m[1mLinking CXX executable /home/idris/final_ws/devel/.private/sentry_chassis_controller/lib/sentry_chassis_controller/dual_mode_chassis_controller[0m
[ 86%] Built target dual_mode_chassis_controller
[ 90%] [32m[1mLinking CXX executable /home/idris/final_ws/devel/.private/sentry_chassis_controller/lib/sentry_chassis_controller/forward_kinematics[0m
[ 90%] Built target forward_kinematics
[ 95%] [32m[1mLinking CXX executable /home/idris/final_ws/devel/.private/sentry_chassis_controller/lib/sentry_chassis_controller/forward_kinematics_node[0m
[ 95%] Built target forward_kinematics_node
[100%] [32m[1mLinking CXX shared library /home/idris/final_ws/devel/.private/sentry_chassis_controller/lib/libsentry_chassis_controller.so[0m
[100%] Built target sentry_chassis_controller
