Not searching for unused variables given on the command line.
[36m--[0m Using CATKIN_DEVEL_PREFIX: /home/idris/final_ws/devel/.private/gpio_controller
[36m--[0m Using CMAKE_PREFIX_PATH: /home/idris/final_ws/devel;/opt/ros/noetic
[36m--[0m This workspace overlays: /home/idris/final_ws/devel;/opt/ros/noetic
[36m--[0m Found PythonInterp: /home/idris/miniconda3/bin/python3 (found suitable version "3.13.9", minimum required is "3")
[36m--[0m Using PYTHON_EXECUTABLE: /home/idris/miniconda3/bin/python3
[36m--[0m Using Debian Python package layout
[36m--[0m Using empy: /home/idris/.local/lib/python3.13/site-packages/em.py
[36m--[0m Using CATKIN_ENABLE_TESTING: ON
[36m--[0m Call enable_testing()
[36m--[0m Using CATKIN_TEST_RESULTS_DIR: /home/idris/final_ws/build/gpio_controller/test_results
[36m--[0m Forcing gtest/gmock from source, though one was otherwise available.
[36m--[0m Found gtest sources under '/usr/src/googletest': gtests will be built
[36m--[0m Found gmock sources under '/usr/src/googletest': gmock will be built
[36m--[0m Found PythonInterp: /home/idris/miniconda3/bin/python3 (found version "3.13.9")
[36m--[0m Using Python nosetests: /usr/bin/nosetests3
[36m--[0m catkin 0.8.12
[36m--[0m BUILD_SHARED_LIBS is on
[36m--[0m Could NOT find rm_common (missing: rm_common_DIR)
[36m--[0m Could not find the required component 'rm_common'. The following CMake error indicates that you either need to install the package with the same name or change your environment so that it can be found.
[31m[1mCMake Error[0m at /opt/ros/noetic/share/catkin/cmake/catkinConfig.cmake:83 (find_package):
  Could not find a package configuration file provided by "rm_common" with
  any of the following names:

    rm_commonConfig.cmake
    rm_common-config.cmake

  Add the installation prefix of "rm_common" to CMAKE_PREFIX_PATH or set
  "rm_common_DIR" to a directory containing one of the above files.  If
  "rm_common" provides a separate development package or SDK, be sure it has
  been installed.
[36mCall Stack (most recent call first):[0m
  CMakeLists.txt:4 (find_package)


[36m--[0m Configuring incomplete, errors occurred!
See also "/home/idris/final_ws/build/gpio_controller/CMakeFiles/CMakeOutput.log".
See also "/home/idris/final_ws/build/gpio_controller/CMakeFiles/CMakeError.log".
